<?xml version="1.0" encoding="UTF-8" ?>
<testsuite tests="1" failures="1" name="com.startup.musicstore.test.services.GetSalesCategoryListTest" time="2.369" errors="0" skipped="0">
  <properties>
    <property name="java.runtime.name" value="Java(TM) SE Runtime Environment"/>
    <property name="sun.boot.library.path" value="C:\Program Files\Java\jdk1.8.0\jre\bin"/>
    <property name="java.vm.version" value="25.0-b70"/>
    <property name="java.vm.vendor" value="Oracle Corporation"/>
    <property name="java.vendor.url" value="http://java.oracle.com/"/>
    <property name="path.separator" value=";"/>
    <property name="guice.disable.misplaced.annotation.check" value="true"/>
    <property name="java.vm.name" value="Java HotSpot(TM) 64-Bit Server VM"/>
    <property name="file.encoding.pkg" value="sun.io"/>
    <property name="user.script" value=""/>
    <property name="user.country" value="GB"/>
    <property name="sun.java.launcher" value="SUN_STANDARD"/>
    <property name="sun.os.patch.level" value=""/>
    <property name="test" value="com.startup.musicstore.test.services.GetSalesCategoryListTest"/>
    <property name="java.vm.specification.name" value="Java Virtual Machine Specification"/>
    <property name="user.dir" value="D:\Programming Projects\TPII\musicstore\musicstore\musicstore"/>
    <property name="java.runtime.version" value="1.8.0-b132"/>
    <property name="java.awt.graphicsenv" value="sun.awt.Win32GraphicsEnvironment"/>
    <property name="java.endorsed.dirs" value="C:\Program Files\Java\jdk1.8.0\jre\lib\endorsed"/>
    <property name="os.arch" value="amd64"/>
    <property name="java.io.tmpdir" value="C:\Users\KURVIN~1\AppData\Local\Temp\"/>
    <property name="line.separator" value="
"/>
    <property name="java.vm.specification.vendor" value="Oracle Corporation"/>
    <property name="user.variant" value=""/>
    <property name="os.name" value="Windows 8.1"/>
    <property name="maven.ext.class.path" value="D:\Program Files\NetBeans 8.0\java\maven-nblib\netbeans-eventspy.jar"/>
    <property name="classworlds.conf" value="D:\Program Files\NetBeans 8.0\java\maven\bin\m2.conf"/>
    <property name="netbeansProjectMappings" value=""/>
    <property name="sun.jnu.encoding" value="Cp1252"/>
    <property name="java.library.path" value="C:\Program Files\Java\jdk1.8.0\bin;C:\WINDOWS\Sun\Java\bin;C:\WINDOWS\system32;C:\WINDOWS;D:\app\KurvinHendricks\product\11.1.0\client_3;D:\app\KurvinHendricks\product\11.1.0\client_3\bin;D:\app\KurvinHendricks\product\11.1.0\client_1;D:\app\KurvinHendricks\product\11.1.0\client_1\bin;D:\oraclexe\app\oracle\product\10.2.0\server\bin;C:\Program Files (x86)\AMD APP\bin\x86_64;C:\Program Files (x86)\AMD APP\bin\x86;C:\Program Files (x86)\Intel\iCLS Client\;C:\Program Files\Intel\iCLS Client\;C:\WINDOWS\system32;C:\WINDOWS;C:\WINDOWS\System32\Wbem;C:\WINDOWS\System32\WindowsPowerShell\v1.0\;D:\Program Files\ATI.ACE\Core-Static;C:\Program Files (x86)\Microsoft SQL Server\100\Tools\Binn\;C:\Program Files\Microsoft SQL Server\100\Tools\Binn\;C:\Program Files\Microsoft SQL Server\100\DTS\Binn\;C:\Program Files (x86)\ATI Technologies\ATI.ACE\Core-Static;C:\Program Files (x86)\Windows Kits\8.1\Windows Performance Toolkit\;C:\Program Files\Microsoft SQL Server\110\Tools\Binn\;C:\Program Files\Intel\Intel(R) Management Engine Components\DAL;C:\Program Files\Intel\Intel(R) Management Engine Components\IPT;C:\Program Files (x86)\Intel\Intel(R) Management Engine Components\DAL;C:\Program Files (x86)\Intel\Intel(R) Management Engine Components\IPT;."/>
    <property name="java.specification.name" value="Java Platform API Specification"/>
    <property name="java.class.version" value="52.0"/>
    <property name="sun.management.compiler" value="HotSpot 64-Bit Tiered Compilers"/>
    <property name="os.version" value="6.3"/>
    <property name="user.home" value="C:\Users\Kurvin Hendricks"/>
    <property name="user.timezone" value="Africa/Cairo"/>
    <property name="java.awt.printerjob" value="sun.awt.windows.WPrinterJob"/>
    <property name="java.specification.version" value="1.8"/>
    <property name="file.encoding" value="UTF-8"/>
    <property name="user.name" value="Kurvin Hendricks"/>
    <property name="java.class.path" value="D:\Program Files\NetBeans 8.0\java\maven\boot\plexus-classworlds-2.4.jar"/>
    <property name="java.vm.specification.version" value="1.8"/>
    <property name="sun.arch.data.model" value="64"/>
    <property name="java.home" value="C:\Program Files\Java\jdk1.8.0\jre"/>
    <property name="sun.java.command" value="org.codehaus.plexus.classworlds.launcher.Launcher -Dtest=com.startup.musicstore.test.services.GetSalesCategoryListTest -DnetbeansProjectMappings= -Dmaven.ext.class.path=D:\Program Files\NetBeans 8.0\java\maven-nblib\netbeans-eventspy.jar -Dfile.encoding=UTF-8 surefire:test"/>
    <property name="java.specification.vendor" value="Oracle Corporation"/>
    <property name="user.language" value="en"/>
    <property name="awt.toolkit" value="sun.awt.windows.WToolkit"/>
    <property name="java.vm.info" value="mixed mode"/>
    <property name="java.version" value="1.8.0"/>
    <property name="java.ext.dirs" value="C:\Program Files\Java\jdk1.8.0\jre\lib\ext;C:\WINDOWS\Sun\Java\lib\ext"/>
    <property name="sun.boot.class.path" value="C:\Program Files\Java\jdk1.8.0\jre\lib\resources.jar;C:\Program Files\Java\jdk1.8.0\jre\lib\rt.jar;C:\Program Files\Java\jdk1.8.0\jre\lib\sunrsasign.jar;C:\Program Files\Java\jdk1.8.0\jre\lib\jsse.jar;C:\Program Files\Java\jdk1.8.0\jre\lib\jce.jar;C:\Program Files\Java\jdk1.8.0\jre\lib\charsets.jar;C:\Program Files\Java\jdk1.8.0\jre\lib\jfr.jar;C:\Program Files\Java\jdk1.8.0\jre\classes"/>
    <property name="java.vendor" value="Oracle Corporation"/>
    <property name="maven.home" value="D:\Program Files\NetBeans 8.0\java\maven"/>
    <property name="file.separator" value="\"/>
    <property name="java.vendor.url.bug" value="http://bugreport.sun.com/bugreport/"/>
    <property name="sun.cpu.endian" value="little"/>
    <property name="sun.io.unicode.encoding" value="UnicodeLittle"/>
    <property name="sun.desktop" value="windows"/>
    <property name="sun.cpu.isalist" value="amd64"/>
  </properties>
  <testcase classname="com.startup.musicstore.test.services.GetSalesCategoryListTest" name="hello" time="0.157">
    <failure type="java.lang.NullPointerException">java.lang.NullPointerException
	at com.startup.musicstore.services.Impl.GetSalesCategoryListImpl.getList(GetSalesCategoryListImpl.java:38)
	at com.startup.musicstore.test.services.GetSalesCategoryListTest.hello(GetSalesCategoryListTest.java:67)
</failure>
    <system-out>16:08:33.343 [main] DEBUG o.s.core.env.StandardEnvironment - Adding [systemProperties] PropertySource with lowest search precedence
16:08:33.347 [main] DEBUG o.s.core.env.StandardEnvironment - Adding [systemEnvironment] PropertySource with lowest search precedence
16:08:33.347 [main] DEBUG o.s.core.env.StandardEnvironment - Initialized StandardEnvironment with PropertySources [systemProperties,systemEnvironment]
16:08:33.369 [main] DEBUG o.s.c.a.ClassPathBeanDefinitionScanner - JSR-330 &apos;javax.inject.Named&apos; annotation found and supported for component scanning
16:08:33.402 [main] INFO  o.s.c.a.AnnotationConfigApplicationContext - Refreshing org.springframework.context.annotation.AnnotationConfigApplicationContext@7d70d1b1: startup date [Sat Aug 02 16:08:33 EET 2014]; root of context hierarchy
16:08:33.402 [main] DEBUG o.s.c.a.AnnotationConfigApplicationContext - Bean factory for org.springframework.context.annotation.AnnotationConfigApplicationContext@7d70d1b1: org.springframework.beans.factory.support.DefaultListableBeanFactory@37918c79: defining beans [org.springframework.context.annotation.internalConfigurationAnnotationProcessor,org.springframework.context.annotation.internalAutowiredAnnotationProcessor,org.springframework.context.annotation.internalRequiredAnnotationProcessor,org.springframework.context.annotation.internalCommonAnnotationProcessor,org.springframework.context.annotation.internalPersistenceAnnotationProcessor,connectionConfigTest]; root of factory hierarchy
16:08:33.410 [main] DEBUG o.s.b.f.s.DefaultListableBeanFactory - Creating shared instance of singleton bean &apos;org.springframework.context.annotation.internalConfigurationAnnotationProcessor&apos;
16:08:33.410 [main] DEBUG o.s.b.f.s.DefaultListableBeanFactory - Creating instance of bean &apos;org.springframework.context.annotation.internalConfigurationAnnotationProcessor&apos;
16:08:33.419 [main] DEBUG o.s.b.f.s.DefaultListableBeanFactory - Eagerly caching bean &apos;org.springframework.context.annotation.internalConfigurationAnnotationProcessor&apos; to allow for resolving potential circular references
16:08:33.420 [main] DEBUG o.s.b.f.s.DefaultListableBeanFactory - Finished creating instance of bean &apos;org.springframework.context.annotation.internalConfigurationAnnotationProcessor&apos;
16:08:33.432 [main] DEBUG o.s.core.env.StandardEnvironment - Adding [systemProperties] PropertySource with lowest search precedence
16:08:33.432 [main] DEBUG o.s.core.env.StandardEnvironment - Adding [systemEnvironment] PropertySource with lowest search precedence
16:08:33.432 [main] DEBUG o.s.core.env.StandardEnvironment - Initialized StandardEnvironment with PropertySources [systemProperties,systemEnvironment]
16:08:33.433 [main] DEBUG o.s.c.a.ClassPathBeanDefinitionScanner - JSR-330 &apos;javax.inject.Named&apos; annotation found and supported for component scanning
16:08:33.438 [main] DEBUG o.s.c.i.s.PathMatchingResourcePatternResolver - Looking for matching resources in directory tree [D:\Programming Projects\TPII\musicstore\musicstore\musicstore\target\test-classes\com\startup\musicstore]
16:08:33.438 [main] DEBUG o.s.c.i.s.PathMatchingResourcePatternResolver - Searching directory [D:\Programming Projects\TPII\musicstore\musicstore\musicstore\target\test-classes\com\startup\musicstore] for files matching pattern [D:/Programming Projects/TPII/musicstore/musicstore/musicstore/target/test-classes/com/startup/musicstore/**/*.class]
16:08:33.440 [main] DEBUG o.s.c.i.s.PathMatchingResourcePatternResolver - Searching directory [D:\Programming Projects\TPII\musicstore\musicstore\musicstore\target\test-classes\com\startup\musicstore\test] for files matching pattern [D:/Programming Projects/TPII/musicstore/musicstore/musicstore/target/test-classes/com/startup/musicstore/**/*.class]
16:08:33.440 [main] DEBUG o.s.c.i.s.PathMatchingResourcePatternResolver - Searching directory [D:\Programming Projects\TPII\musicstore\musicstore\musicstore\target\test-classes\com\startup\musicstore\test\repository] for files matching pattern [D:/Programming Projects/TPII/musicstore/musicstore/musicstore/target/test-classes/com/startup/musicstore/**/*.class]
16:08:33.441 [main] DEBUG o.s.c.i.s.PathMatchingResourcePatternResolver - Searching directory [D:\Programming Projects\TPII\musicstore\musicstore\musicstore\target\test-classes\com\startup\musicstore\test\services] for files matching pattern [D:/Programming Projects/TPII/musicstore/musicstore/musicstore/target/test-classes/com/startup/musicstore/**/*.class]
16:08:33.443 [main] DEBUG o.s.c.i.s.PathMatchingResourcePatternResolver - Looking for matching resources in directory tree [D:\Programming Projects\TPII\musicstore\musicstore\musicstore\target\classes\com\startup\musicstore]
16:08:33.443 [main] DEBUG o.s.c.i.s.PathMatchingResourcePatternResolver - Searching directory [D:\Programming Projects\TPII\musicstore\musicstore\musicstore\target\classes\com\startup\musicstore] for files matching pattern [D:/Programming Projects/TPII/musicstore/musicstore/musicstore/target/classes/com/startup/musicstore/**/*.class]
16:08:33.444 [main] DEBUG o.s.c.i.s.PathMatchingResourcePatternResolver - Searching directory [D:\Programming Projects\TPII\musicstore\musicstore\musicstore\target\classes\com\startup\musicstore\app] for files matching pattern [D:/Programming Projects/TPII/musicstore/musicstore/musicstore/target/classes/com/startup/musicstore/**/*.class]
16:08:33.444 [main] DEBUG o.s.c.i.s.PathMatchingResourcePatternResolver - Searching directory [D:\Programming Projects\TPII\musicstore\musicstore\musicstore\target\classes\com\startup\musicstore\app\conf] for files matching pattern [D:/Programming Projects/TPII/musicstore/musicstore/musicstore/target/classes/com/startup/musicstore/**/*.class]
16:08:33.444 [main] DEBUG o.s.c.i.s.PathMatchingResourcePatternResolver - Searching directory [D:\Programming Projects\TPII\musicstore\musicstore\musicstore\target\classes\com\startup\musicstore\app\exceptions] for files matching pattern [D:/Programming Projects/TPII/musicstore/musicstore/musicstore/target/classes/com/startup/musicstore/**/*.class]
16:08:33.445 [main] DEBUG o.s.c.i.s.PathMatchingResourcePatternResolver - Searching directory [D:\Programming Projects\TPII\musicstore\musicstore\musicstore\target\classes\com\startup\musicstore\domain] for files matching pattern [D:/Programming Projects/TPII/musicstore/musicstore/musicstore/target/classes/com/startup/musicstore/**/*.class]
16:08:33.447 [main] DEBUG o.s.c.i.s.PathMatchingResourcePatternResolver - Searching directory [D:\Programming Projects\TPII\musicstore\musicstore\musicstore\target\classes\com\startup\musicstore\respository] for files matching pattern [D:/Programming Projects/TPII/musicstore/musicstore/musicstore/target/classes/com/startup/musicstore/**/*.class]
16:08:33.449 [main] DEBUG o.s.c.i.s.PathMatchingResourcePatternResolver - Searching directory [D:\Programming Projects\TPII\musicstore\musicstore\musicstore\target\classes\com\startup\musicstore\services] for files matching pattern [D:/Programming Projects/TPII/musicstore/musicstore/musicstore/target/classes/com/startup/musicstore/**/*.class]
16:08:33.449 [main] DEBUG o.s.c.i.s.PathMatchingResourcePatternResolver - Searching directory [D:\Programming Projects\TPII\musicstore\musicstore\musicstore\target\classes\com\startup\musicstore\services\Impl] for files matching pattern [D:/Programming Projects/TPII/musicstore/musicstore/musicstore/target/classes/com/startup/musicstore/**/*.class]
16:08:33.452 [main] DEBUG o.s.c.i.s.PathMatchingResourcePatternResolver - Resolved location pattern [classpath*:com/startup/musicstore/**/*.class] to resources [file [D:\Programming Projects\TPII\musicstore\musicstore\musicstore\target\test-classes\com\startup\musicstore\test\ConnectionConfigTest.class], file [D:\Programming Projects\TPII\musicstore\musicstore\musicstore\target\test-classes\com\startup\musicstore\test\repository\AlbumCatergoryRepositoryTest.class], file [D:\Programming Projects\TPII\musicstore\musicstore\musicstore\target\test-classes\com\startup\musicstore\test\repository\AlbumsRepositoryTest.class], file [D:\Programming Projects\TPII\musicstore\musicstore\musicstore\target\test-classes\com\startup\musicstore\test\repository\CreditCardRepositoryTest.class], file [D:\Programming Projects\TPII\musicstore\musicstore\musicstore\target\test-classes\com\startup\musicstore\test\repository\CustomerRepositoryTest.class], file [D:\Programming Projects\TPII\musicstore\musicstore\musicstore\target\test-classes\com\startup\musicstore\test\repository\MarketingInformationRepositoryTest.class], file [D:\Programming Projects\TPII\musicstore\musicstore\musicstore\target\test-classes\com\startup\musicstore\test\repository\OrderItemsRepositoryTest.class], file [D:\Programming Projects\TPII\musicstore\musicstore\musicstore\target\test-classes\com\startup\musicstore\test\repository\OrderRepositoryTest.class], file [D:\Programming Projects\TPII\musicstore\musicstore\musicstore\target\test-classes\com\startup\musicstore\test\repository\TrackRepositoryTest.class], file [D:\Programming Projects\TPII\musicstore\musicstore\musicstore\target\test-classes\com\startup\musicstore\test\services\AlbumsServicesImplTest.class], file [D:\Programming Projects\TPII\musicstore\musicstore\musicstore\target\test-classes\com\startup\musicstore\test\services\CreditCardSampleServiceTest.class], file [D:\Programming Projects\TPII\musicstore\musicstore\musicstore\target\test-classes\com\startup\musicstore\test\services\getCustDeatilsTest.class], file [D:\Programming Projects\TPII\musicstore\musicstore\musicstore\target\test-classes\com\startup\musicstore\test\services\getGenderListTest.class], file [D:\Programming Projects\TPII\musicstore\musicstore\musicstore\target\test-classes\com\startup\musicstore\test\services\GetSalesCategoryListTest.class], file [D:\Programming Projects\TPII\musicstore\musicstore\musicstore\target\test-classes\com\startup\musicstore\test\services\IncrementSalesDecrementQuantityTest.class], file [D:\Programming Projects\TPII\musicstore\musicstore\musicstore\target\test-classes\com\startup\musicstore\test\services\ReturnURLTest.class], file [D:\Programming Projects\TPII\musicstore\musicstore\musicstore\target\classes\com\startup\musicstore\app\conf\ConnectionConfig.class], file [D:\Programming Projects\TPII\musicstore\musicstore\musicstore\target\classes\com\startup\musicstore\app\exceptions\CreditCardRejectionException.class], file [D:\Programming Projects\TPII\musicstore\musicstore\musicstore\target\classes\com\startup\musicstore\app\exceptions\MarketInformationPendingException.class], file [D:\Programming Projects\TPII\musicstore\musicstore\musicstore\target\classes\com\startup\musicstore\Application.class], file [D:\Programming Projects\TPII\musicstore\musicstore\musicstore\target\classes\com\startup\musicstore\domain\AlbumCategory$1.class], file [D:\Programming Projects\TPII\musicstore\musicstore\musicstore\target\classes\com\startup\musicstore\domain\AlbumCategory$Builder.class], file [D:\Programming Projects\TPII\musicstore\musicstore\musicstore\target\classes\com\startup\musicstore\domain\AlbumCategory.class], file [D:\Programming Projects\TPII\musicstore\musicstore\musicstore\target\classes\com\startup\musicstore\domain\Albums$1.class], file [D:\Programming Projects\TPII\musicstore\musicstore\musicstore\target\classes\com\startup\musicstore\domain\Albums$Builder.class], file [D:\Programming Projects\TPII\musicstore\musicstore\musicstore\target\classes\com\startup\musicstore\domain\Albums.class], file [D:\Programming Projects\TPII\musicstore\musicstore\musicstore\target\classes\com\startup\musicstore\domain\Artist.class], file [D:\Programming Projects\TPII\musicstore\musicstore\musicstore\target\classes\com\startup\musicstore\domain\ArtistInformation.class], file [D:\Programming Projects\TPII\musicstore\musicstore\musicstore\target\classes\com\startup\musicstore\domain\Contact$1.class], file [D:\Programming Projects\TPII\musicstore\musicstore\musicstore\target\classes\com\startup\musicstore\domain\Contact$Builder.class], file [D:\Programming Projects\TPII\musicstore\musicstore\musicstore\target\classes\com\startup\musicstore\domain\Contact.class], file [D:\Programming Projects\TPII\musicstore\musicstore\musicstore\target\classes\com\startup\musicstore\domain\CreditCard$1.class], file [D:\Programming Projects\TPII\musicstore\musicstore\musicstore\target\classes\com\startup\musicstore\domain\CreditCard$Builder.class], file [D:\Programming Projects\TPII\musicstore\musicstore\musicstore\target\classes\com\startup\musicstore\domain\CreditCard.class], file [D:\Programming Projects\TPII\musicstore\musicstore\musicstore\target\classes\com\startup\musicstore\domain\Customer$1.class], file [D:\Programming Projects\TPII\musicstore\musicstore\musicstore\target\classes\com\startup\musicstore\domain\Customer$Builder.class], file [D:\Programming Projects\TPII\musicstore\musicstore\musicstore\target\classes\com\startup\musicstore\domain\Customer.class], file [D:\Programming Projects\TPII\musicstore\musicstore\musicstore\target\classes\com\startup\musicstore\domain\CustomerAddress$1.class], file [D:\Programming Projects\TPII\musicstore\musicstore\musicstore\target\classes\com\startup\musicstore\domain\CustomerAddress$Builder.class], file [D:\Programming Projects\TPII\musicstore\musicstore\musicstore\target\classes\com\startup\musicstore\domain\CustomerAddress.class], file [D:\Programming Projects\TPII\musicstore\musicstore\musicstore\target\classes\com\startup\musicstore\domain\CustomerInvoice$1.class], file [D:\Programming Projects\TPII\musicstore\musicstore\musicstore\target\classes\com\startup\musicstore\domain\CustomerInvoice$Builder.class], file [D:\Programming Projects\TPII\musicstore\musicstore\musicstore\target\classes\com\startup\musicstore\domain\CustomerInvoice.class], file [D:\Programming Projects\TPII\musicstore\musicstore\musicstore\target\classes\com\startup\musicstore\domain\Demographic$1.class], file [D:\Programming Projects\TPII\musicstore\musicstore\musicstore\target\classes\com\startup\musicstore\domain\Demographic$Builder.class], file [D:\Programming Projects\TPII\musicstore\musicstore\musicstore\target\classes\com\startup\musicstore\domain\Demographic.class], file [D:\Programming Projects\TPII\musicstore\musicstore\musicstore\target\classes\com\startup\musicstore\domain\MarketingInformation$Builder.class], file [D:\Programming Projects\TPII\musicstore\musicstore\musicstore\target\classes\com\startup\musicstore\domain\MarketingInformation.class], file [D:\Programming Projects\TPII\musicstore\musicstore\musicstore\target\classes\com\startup\musicstore\domain\Name$1.class], file [D:\Programming Projects\TPII\musicstore\musicstore\musicstore\target\classes\com\startup\musicstore\domain\Name$Builder.class], file [D:\Programming Projects\TPII\musicstore\musicstore\musicstore\target\classes\com\startup\musicstore\domain\Name.class], file [D:\Programming Projects\TPII\musicstore\musicstore\musicstore\target\classes\com\startup\musicstore\domain\Order$1.class], file [D:\Programming Projects\TPII\musicstore\musicstore\musicstore\target\classes\com\startup\musicstore\domain\Order$Builder.class], file [D:\Programming Projects\TPII\musicstore\musicstore\musicstore\target\classes\com\startup\musicstore\domain\OrderData$1.class], file [D:\Programming Projects\TPII\musicstore\musicstore\musicstore\target\classes\com\startup\musicstore\domain\OrderData$Builder.class], file [D:\Programming Projects\TPII\musicstore\musicstore\musicstore\target\classes\com\startup\musicstore\domain\OrderData.class], file [D:\Programming Projects\TPII\musicstore\musicstore\musicstore\target\classes\com\startup\musicstore\domain\OrderItem$1.class], file [D:\Programming Projects\TPII\musicstore\musicstore\musicstore\target\classes\com\startup\musicstore\domain\OrderItem$Builder.class], file [D:\Programming Projects\TPII\musicstore\musicstore\musicstore\target\classes\com\startup\musicstore\domain\OrderItem.class], file [D:\Programming Projects\TPII\musicstore\musicstore\musicstore\target\classes\com\startup\musicstore\domain\Review$1.class], file [D:\Programming Projects\TPII\musicstore\musicstore\musicstore\target\classes\com\startup\musicstore\domain\Review$Builder.class], file [D:\Programming Projects\TPII\musicstore\musicstore\musicstore\target\classes\com\startup\musicstore\domain\Review.class], file [D:\Programming Projects\TPII\musicstore\musicstore\musicstore\target\classes\com\startup\musicstore\domain\SampleClip$1.class], file [D:\Programming Projects\TPII\musicstore\musicstore\musicstore\target\classes\com\startup\musicstore\domain\SampleClip$Builder.class], file [D:\Programming Projects\TPII\musicstore\musicstore\musicstore\target\classes\com\startup\musicstore\domain\SampleClip.class], file [D:\Programming Projects\TPII\musicstore\musicstore\musicstore\target\classes\com\startup\musicstore\domain\Track$1.class], file [D:\Programming Projects\TPII\musicstore\musicstore\musicstore\target\classes\com\startup\musicstore\domain\Track$Builder.class], file [D:\Programming Projects\TPII\musicstore\musicstore\musicstore\target\classes\com\startup\musicstore\domain\Track.class], file [D:\Programming Projects\TPII\musicstore\musicstore\musicstore\target\classes\com\startup\musicstore\respository\AlbumsCatergoryRepository.class], file [D:\Programming Projects\TPII\musicstore\musicstore\musicstore\target\classes\com\startup\musicstore\respository\AlbumsRepository.class], file [D:\Programming Projects\TPII\musicstore\musicstore\musicstore\target\classes\com\startup\musicstore\respository\CreditCardRepository.class], file [D:\Programming Projects\TPII\musicstore\musicstore\musicstore\target\classes\com\startup\musicstore\respository\CustomerRepository.class], file [D:\Programming Projects\TPII\musicstore\musicstore\musicstore\target\classes\com\startup\musicstore\respository\MarketingInformationRepository.class], file [D:\Programming Projects\TPII\musicstore\musicstore\musicstore\target\classes\com\startup\musicstore\respository\OrderItemsRepository.class], file [D:\Programming Projects\TPII\musicstore\musicstore\musicstore\target\classes\com\startup\musicstore\respository\OrderRepository.class], file [D:\Programming Projects\TPII\musicstore\musicstore\musicstore\target\classes\com\startup\musicstore\respository\TrackRepository.class], file [D:\Programming Projects\TPII\musicstore\musicstore\musicstore\target\classes\com\startup\musicstore\services\CreditCardService.class], file [D:\Programming Projects\TPII\musicstore\musicstore\musicstore\target\classes\com\startup\musicstore\services\GenderListService.class], file [D:\Programming Projects\TPII\musicstore\musicstore\musicstore\target\classes\com\startup\musicstore\services\GetCustDetails.class], file [D:\Programming Projects\TPII\musicstore\musicstore\musicstore\target\classes\com\startup\musicstore\services\GetSalesCategoryList.class], file [D:\Programming Projects\TPII\musicstore\musicstore\musicstore\target\classes\com\startup\musicstore\services\Impl\AlbumsServiceImpl.class], file [D:\Programming Projects\TPII\musicstore\musicstore\musicstore\target\classes\com\startup\musicstore\services\Impl\CreditCardServiceImpl.class], file [D:\Programming Projects\TPII\musicstore\musicstore\musicstore\target\classes\com\startup\musicstore\services\Impl\GenderListImpl.class], file [D:\Programming Projects\TPII\musicstore\musicstore\musicstore\target\classes\com\startup\musicstore\services\Impl\getCustDetailsImpl.class], file [D:\Programming Projects\TPII\musicstore\musicstore\musicstore\target\classes\com\startup\musicstore\services\Impl\GetSalesCategoryListImpl.class], file [D:\Programming Projects\TPII\musicstore\musicstore\musicstore\target\classes\com\startup\musicstore\services\Impl\IncrementSaleDecrementQuantityImpl.class], file [D:\Programming Projects\TPII\musicstore\musicstore\musicstore\target\classes\com\startup\musicstore\services\Impl\RateAlbumCorImpl$VoteEnum.class], file [D:\Programming Projects\TPII\musicstore\musicstore\musicstore\target\classes\com\startup\musicstore\services\Impl\RateAlbumCorImpl.class], file [D:\Programming Projects\TPII\musicstore\musicstore\musicstore\target\classes\com\startup\musicstore\services\Impl\ReturnURLImpl.class], file [D:\Programming Projects\TPII\musicstore\musicstore\musicstore\target\classes\com\startup\musicstore\services\IncrementSalesDecrementQuantity.class], file [D:\Programming Projects\TPII\musicstore\musicstore\musicstore\target\classes\com\startup\musicstore\services\RateAlbumCOR.class], file [D:\Programming Projects\TPII\musicstore\musicstore\musicstore\target\classes\com\startup\musicstore\services\Returnratings.class], file [D:\Programming Projects\TPII\musicstore\musicstore\musicstore\target\classes\com\startup\musicstore\services\ReturnURL.class], file [D:\Programming Projects\TPII\musicstore\musicstore\musicstore\target\classes\com\startup\musicstore\services\Services.class]]
16:08:33.490 [main] DEBUG o.s.c.a.ClassPathBeanDefinitionScanner - Identified candidate component class: file [D:\Programming Projects\TPII\musicstore\musicstore\musicstore\target\classes\com\startup\musicstore\services\Impl\AlbumsServiceImpl.class]
16:08:33.490 [main] DEBUG o.s.c.a.ClassPathBeanDefinitionScanner - Identified candidate component class: file [D:\Programming Projects\TPII\musicstore\musicstore\musicstore\target\classes\com\startup\musicstore\services\Impl\CreditCardServiceImpl.class]
16:08:33.491 [main] DEBUG o.s.c.a.ClassPathBeanDefinitionScanner - Identified candidate component class: file [D:\Programming Projects\TPII\musicstore\musicstore\musicstore\target\classes\com\startup\musicstore\services\Impl\GenderListImpl.class]
16:08:33.491 [main] DEBUG o.s.c.a.ClassPathBeanDefinitionScanner - Identified candidate component class: file [D:\Programming Projects\TPII\musicstore\musicstore\musicstore\target\classes\com\startup\musicstore\services\Impl\getCustDetailsImpl.class]
16:08:33.492 [main] DEBUG o.s.c.a.ClassPathBeanDefinitionScanner - Identified candidate component class: file [D:\Programming Projects\TPII\musicstore\musicstore\musicstore\target\classes\com\startup\musicstore\services\Impl\GetSalesCategoryListImpl.class]
16:08:33.492 [main] DEBUG o.s.c.a.ClassPathBeanDefinitionScanner - Identified candidate component class: file [D:\Programming Projects\TPII\musicstore\musicstore\musicstore\target\classes\com\startup\musicstore\services\Impl\IncrementSaleDecrementQuantityImpl.class]
16:08:33.492 [main] DEBUG o.s.c.a.ClassPathBeanDefinitionScanner - Identified candidate component class: file [D:\Programming Projects\TPII\musicstore\musicstore\musicstore\target\classes\com\startup\musicstore\services\Impl\RateAlbumCorImpl.class]
16:08:33.493 [main] DEBUG o.s.c.a.ClassPathBeanDefinitionScanner - Identified candidate component class: file [D:\Programming Projects\TPII\musicstore\musicstore\musicstore\target\classes\com\startup\musicstore\services\Impl\ReturnURLImpl.class]
16:08:33.516 [main] DEBUG o.s.c.a.ConfigurationClassBeanDefinitionReader - Registered bean definition for imported @Configuration class org.springframework.transaction.annotation.ProxyTransactionManagementConfiguration
16:08:33.517 [main] DEBUG o.s.c.a.ConfigurationClassBeanDefinitionReader - Registering bean definition for @Bean method org.springframework.transaction.annotation.ProxyTransactionManagementConfiguration.org.springframework.transaction.config.internalTransactionAdvisor()
16:08:33.518 [main] DEBUG o.s.c.a.ConfigurationClassBeanDefinitionReader - Registering bean definition for @Bean method org.springframework.transaction.annotation.ProxyTransactionManagementConfiguration.transactionAttributeSource()
16:08:33.518 [main] DEBUG o.s.c.a.ConfigurationClassBeanDefinitionReader - Registering bean definition for @Bean method org.springframework.transaction.annotation.ProxyTransactionManagementConfiguration.transactionInterceptor()
16:08:33.519 [main] DEBUG o.s.c.a.ConfigurationClassBeanDefinitionReader - Registering bean definition for @Bean method com.startup.musicstore.test.ConnectionConfigTest.transactionManager()
16:08:33.519 [main] DEBUG o.s.c.a.ConfigurationClassBeanDefinitionReader - Registering bean definition for @Bean method com.startup.musicstore.test.ConnectionConfigTest.entityManagerFactory()
16:08:33.519 [main] DEBUG o.s.c.a.ConfigurationClassBeanDefinitionReader - Registering bean definition for @Bean method com.startup.musicstore.test.ConnectionConfigTest.dataSource()
16:08:33.520 [main] DEBUG o.s.c.a.ConfigurationClassBeanDefinitionReader - Registering bean definition for @Bean method com.startup.musicstore.test.ConnectionConfigTest.jpaVendorAdapter()
16:08:33.528 [main] DEBUG o.s.core.env.StandardEnvironment - Adding [systemProperties] PropertySource with lowest search precedence
16:08:33.528 [main] DEBUG o.s.core.env.StandardEnvironment - Adding [systemEnvironment] PropertySource with lowest search precedence
16:08:33.528 [main] DEBUG o.s.core.env.StandardEnvironment - Initialized StandardEnvironment with PropertySources [systemProperties,systemEnvironment]
16:08:33.530 [main] DEBUG o.s.c.i.s.PathMatchingResourcePatternResolver - Looking for matching resources in directory tree [D:\Programming Projects\TPII\musicstore\musicstore\musicstore\target\classes\com\startup\musicstore\respository]
16:08:33.530 [main] DEBUG o.s.c.i.s.PathMatchingResourcePatternResolver - Searching directory [D:\Programming Projects\TPII\musicstore\musicstore\musicstore\target\classes\com\startup\musicstore\respository] for files matching pattern [D:/Programming Projects/TPII/musicstore/musicstore/musicstore/target/classes/com/startup/musicstore/respository/**/*.class]
16:08:33.530 [main] DEBUG o.s.c.i.s.PathMatchingResourcePatternResolver - Resolved location pattern [classpath*:com/startup/musicstore/respository/**/*.class] to resources [file [D:\Programming Projects\TPII\musicstore\musicstore\musicstore\target\classes\com\startup\musicstore\respository\AlbumsCatergoryRepository.class], file [D:\Programming Projects\TPII\musicstore\musicstore\musicstore\target\classes\com\startup\musicstore\respository\AlbumsRepository.class], file [D:\Programming Projects\TPII\musicstore\musicstore\musicstore\target\classes\com\startup\musicstore\respository\CreditCardRepository.class], file [D:\Programming Projects\TPII\musicstore\musicstore\musicstore\target\classes\com\startup\musicstore\respository\CustomerRepository.class], file [D:\Programming Projects\TPII\musicstore\musicstore\musicstore\target\classes\com\startup\musicstore\respository\MarketingInformationRepository.class], file [D:\Programming Projects\TPII\musicstore\musicstore\musicstore\target\classes\com\startup\musicstore\respository\OrderItemsRepository.class], file [D:\Programming Projects\TPII\musicstore\musicstore\musicstore\target\classes\com\startup\musicstore\respository\OrderRepository.class], file [D:\Programming Projects\TPII\musicstore\musicstore\musicstore\target\classes\com\startup\musicstore\respository\TrackRepository.class]]
16:08:33.532 [main] DEBUG o.s.d.r.c.RepositoryComponentProvider - Identified candidate component class: file [D:\Programming Projects\TPII\musicstore\musicstore\musicstore\target\classes\com\startup\musicstore\respository\AlbumsCatergoryRepository.class]
16:08:33.533 [main] DEBUG o.s.d.r.c.RepositoryComponentProvider - Identified candidate component class: file [D:\Programming Projects\TPII\musicstore\musicstore\musicstore\target\classes\com\startup\musicstore\respository\AlbumsRepository.class]
16:08:33.533 [main] DEBUG o.s.d.r.c.RepositoryComponentProvider - Identified candidate component class: file [D:\Programming Projects\TPII\musicstore\musicstore\musicstore\target\classes\com\startup\musicstore\respository\CreditCardRepository.class]
16:08:33.533 [main] DEBUG o.s.d.r.c.RepositoryComponentProvider - Identified candidate component class: file [D:\Programming Projects\TPII\musicstore\musicstore\musicstore\target\classes\com\startup\musicstore\respository\CustomerRepository.class]
16:08:33.533 [main] DEBUG o.s.d.r.c.RepositoryComponentProvider - Identified candidate component class: file [D:\Programming Projects\TPII\musicstore\musicstore\musicstore\target\classes\com\startup\musicstore\respository\MarketingInformationRepository.class]
16:08:33.534 [main] DEBUG o.s.d.r.c.RepositoryComponentProvider - Identified candidate component class: file [D:\Programming Projects\TPII\musicstore\musicstore\musicstore\target\classes\com\startup\musicstore\respository\OrderItemsRepository.class]
16:08:33.534 [main] DEBUG o.s.d.r.c.RepositoryComponentProvider - Identified candidate component class: file [D:\Programming Projects\TPII\musicstore\musicstore\musicstore\target\classes\com\startup\musicstore\respository\OrderRepository.class]
16:08:33.534 [main] DEBUG o.s.d.r.c.RepositoryComponentProvider - Identified candidate component class: file [D:\Programming Projects\TPII\musicstore\musicstore\musicstore\target\classes\com\startup\musicstore\respository\TrackRepository.class]
16:08:33.536 [main] DEBUG o.s.core.env.StandardEnvironment - Adding [systemProperties] PropertySource with lowest search precedence
16:08:33.536 [main] DEBUG o.s.core.env.StandardEnvironment - Adding [systemEnvironment] PropertySource with lowest search precedence
16:08:33.537 [main] DEBUG o.s.core.env.StandardEnvironment - Initialized StandardEnvironment with PropertySources [systemProperties,systemEnvironment]
16:08:33.537 [main] DEBUG o.s.c.i.s.PathMatchingResourcePatternResolver - Looking for matching resources in directory tree [D:\Programming Projects\TPII\musicstore\musicstore\musicstore\target\classes\com\startup\musicstore\respository]
16:08:33.538 [main] DEBUG o.s.c.i.s.PathMatchingResourcePatternResolver - Searching directory [D:\Programming Projects\TPII\musicstore\musicstore\musicstore\target\classes\com\startup\musicstore\respository] for files matching pattern [D:/Programming Projects/TPII/musicstore/musicstore/musicstore/target/classes/com/startup/musicstore/respository/**/*OrderRepositoryImpl.class]
16:08:33.538 [main] DEBUG o.s.c.i.s.PathMatchingResourcePatternResolver - Resolved location pattern [classpath*:com/startup/musicstore/respository/**/*OrderRepositoryImpl.class] to resources []
16:08:33.539 [main] DEBUG o.s.d.r.c.RepositoryConfigurationDelegate - Registering repository: orderRepository - Interface: com.startup.musicstore.respository.OrderRepository - Factory: org.springframework.data.jpa.repository.support.JpaRepositoryFactoryBean
16:08:33.540 [main] DEBUG o.s.core.env.StandardEnvironment - Adding [systemProperties] PropertySource with lowest search precedence
16:08:33.540 [main] DEBUG o.s.core.env.StandardEnvironment - Adding [systemEnvironment] PropertySource with lowest search precedence
16:08:33.540 [main] DEBUG o.s.core.env.StandardEnvironment - Initialized StandardEnvironment with PropertySources [systemProperties,systemEnvironment]
16:08:33.541 [main] DEBUG o.s.c.i.s.PathMatchingResourcePatternResolver - Looking for matching resources in directory tree [D:\Programming Projects\TPII\musicstore\musicstore\musicstore\target\classes\com\startup\musicstore\respository]
16:08:33.541 [main] DEBUG o.s.c.i.s.PathMatchingResourcePatternResolver - Searching directory [D:\Programming Projects\TPII\musicstore\musicstore\musicstore\target\classes\com\startup\musicstore\respository] for files matching pattern [D:/Programming Projects/TPII/musicstore/musicstore/musicstore/target/classes/com/startup/musicstore/respository/**/*OrderItemsRepositoryImpl.class]
16:08:33.541 [main] DEBUG o.s.c.i.s.PathMatchingResourcePatternResolver - Resolved location pattern [classpath*:com/startup/musicstore/respository/**/*OrderItemsRepositoryImpl.class] to resources []
16:08:33.542 [main] DEBUG o.s.d.r.c.RepositoryConfigurationDelegate - Registering repository: orderItemsRepository - Interface: com.startup.musicstore.respository.OrderItemsRepository - Factory: org.springframework.data.jpa.repository.support.JpaRepositoryFactoryBean
16:08:33.542 [main] DEBUG o.s.core.env.StandardEnvironment - Adding [systemProperties] PropertySource with lowest search precedence
16:08:33.543 [main] DEBUG o.s.core.env.StandardEnvironment - Adding [systemEnvironment] PropertySource with lowest search precedence
16:08:33.543 [main] DEBUG o.s.core.env.StandardEnvironment - Initialized StandardEnvironment with PropertySources [systemProperties,systemEnvironment]
16:08:33.543 [main] DEBUG o.s.c.i.s.PathMatchingResourcePatternResolver - Looking for matching resources in directory tree [D:\Programming Projects\TPII\musicstore\musicstore\musicstore\target\classes\com\startup\musicstore\respository]
16:08:33.543 [main] DEBUG o.s.c.i.s.PathMatchingResourcePatternResolver - Searching directory [D:\Programming Projects\TPII\musicstore\musicstore\musicstore\target\classes\com\startup\musicstore\respository] for files matching pattern [D:/Programming Projects/TPII/musicstore/musicstore/musicstore/target/classes/com/startup/musicstore/respository/**/*MarketingInformationRepositoryImpl.class]
16:08:33.544 [main] DEBUG o.s.c.i.s.PathMatchingResourcePatternResolver - Resolved location pattern [classpath*:com/startup/musicstore/respository/**/*MarketingInformationRepositoryImpl.class] to resources []
16:08:33.544 [main] DEBUG o.s.d.r.c.RepositoryConfigurationDelegate - Registering repository: marketingInformationRepository - Interface: com.startup.musicstore.respository.MarketingInformationRepository - Factory: org.springframework.data.jpa.repository.support.JpaRepositoryFactoryBean
16:08:33.545 [main] DEBUG o.s.core.env.StandardEnvironment - Adding [systemProperties] PropertySource with lowest search precedence
16:08:33.545 [main] DEBUG o.s.core.env.StandardEnvironment - Adding [systemEnvironment] PropertySource with lowest search precedence
16:08:33.545 [main] DEBUG o.s.core.env.StandardEnvironment - Initialized StandardEnvironment with PropertySources [systemProperties,systemEnvironment]
16:08:33.545 [main] DEBUG o.s.c.i.s.PathMatchingResourcePatternResolver - Looking for matching resources in directory tree [D:\Programming Projects\TPII\musicstore\musicstore\musicstore\target\classes\com\startup\musicstore\respository]
16:08:33.545 [main] DEBUG o.s.c.i.s.PathMatchingResourcePatternResolver - Searching directory [D:\Programming Projects\TPII\musicstore\musicstore\musicstore\target\classes\com\startup\musicstore\respository] for files matching pattern [D:/Programming Projects/TPII/musicstore/musicstore/musicstore/target/classes/com/startup/musicstore/respository/**/*CustomerRepositoryImpl.class]
16:08:33.546 [main] DEBUG o.s.c.i.s.PathMatchingResourcePatternResolver - Resolved location pattern [classpath*:com/startup/musicstore/respository/**/*CustomerRepositoryImpl.class] to resources []
16:08:33.546 [main] DEBUG o.s.d.r.c.RepositoryConfigurationDelegate - Registering repository: customerRepository - Interface: com.startup.musicstore.respository.CustomerRepository - Factory: org.springframework.data.jpa.repository.support.JpaRepositoryFactoryBean
16:08:33.547 [main] DEBUG o.s.core.env.StandardEnvironment - Adding [systemProperties] PropertySource with lowest search precedence
16:08:33.547 [main] DEBUG o.s.core.env.StandardEnvironment - Adding [systemEnvironment] PropertySource with lowest search precedence
16:08:33.547 [main] DEBUG o.s.core.env.StandardEnvironment - Initialized StandardEnvironment with PropertySources [systemProperties,systemEnvironment]
16:08:33.547 [main] DEBUG o.s.c.i.s.PathMatchingResourcePatternResolver - Looking for matching resources in directory tree [D:\Programming Projects\TPII\musicstore\musicstore\musicstore\target\classes\com\startup\musicstore\respository]
16:08:33.547 [main] DEBUG o.s.c.i.s.PathMatchingResourcePatternResolver - Searching directory [D:\Programming Projects\TPII\musicstore\musicstore\musicstore\target\classes\com\startup\musicstore\respository] for files matching pattern [D:/Programming Projects/TPII/musicstore/musicstore/musicstore/target/classes/com/startup/musicstore/respository/**/*CreditCardRepositoryImpl.class]
16:08:33.548 [main] DEBUG o.s.c.i.s.PathMatchingResourcePatternResolver - Resolved location pattern [classpath*:com/startup/musicstore/respository/**/*CreditCardRepositoryImpl.class] to resources []
16:08:33.549 [main] DEBUG o.s.d.r.c.RepositoryConfigurationDelegate - Registering repository: creditCardRepository - Interface: com.startup.musicstore.respository.CreditCardRepository - Factory: org.springframework.data.jpa.repository.support.JpaRepositoryFactoryBean
16:08:33.549 [main] DEBUG o.s.core.env.StandardEnvironment - Adding [systemProperties] PropertySource with lowest search precedence
16:08:33.550 [main] DEBUG o.s.core.env.StandardEnvironment - Adding [systemEnvironment] PropertySource with lowest search precedence
16:08:33.550 [main] DEBUG o.s.core.env.StandardEnvironment - Initialized StandardEnvironment with PropertySources [systemProperties,systemEnvironment]
16:08:33.551 [main] DEBUG o.s.c.i.s.PathMatchingResourcePatternResolver - Looking for matching resources in directory tree [D:\Programming Projects\TPII\musicstore\musicstore\musicstore\target\classes\com\startup\musicstore\respository]
16:08:33.551 [main] DEBUG o.s.c.i.s.PathMatchingResourcePatternResolver - Searching directory [D:\Programming Projects\TPII\musicstore\musicstore\musicstore\target\classes\com\startup\musicstore\respository] for files matching pattern [D:/Programming Projects/TPII/musicstore/musicstore/musicstore/target/classes/com/startup/musicstore/respository/**/*TrackRepositoryImpl.class]
16:08:33.551 [main] DEBUG o.s.c.i.s.PathMatchingResourcePatternResolver - Resolved location pattern [classpath*:com/startup/musicstore/respository/**/*TrackRepositoryImpl.class] to resources []
16:08:33.552 [main] DEBUG o.s.d.r.c.RepositoryConfigurationDelegate - Registering repository: trackRepository - Interface: com.startup.musicstore.respository.TrackRepository - Factory: org.springframework.data.jpa.repository.support.JpaRepositoryFactoryBean
16:08:33.555 [main] DEBUG o.s.core.env.StandardEnvironment - Adding [systemProperties] PropertySource with lowest search precedence
16:08:33.555 [main] DEBUG o.s.core.env.StandardEnvironment - Adding [systemEnvironment] PropertySource with lowest search precedence
16:08:33.556 [main] DEBUG o.s.core.env.StandardEnvironment - Initialized StandardEnvironment with PropertySources [systemProperties,systemEnvironment]
16:08:33.557 [main] DEBUG o.s.c.i.s.PathMatchingResourcePatternResolver - Looking for matching resources in directory tree [D:\Programming Projects\TPII\musicstore\musicstore\musicstore\target\classes\com\startup\musicstore\respository]
16:08:33.557 [main] DEBUG o.s.c.i.s.PathMatchingResourcePatternResolver - Searching directory [D:\Programming Projects\TPII\musicstore\musicstore\musicstore\target\classes\com\startup\musicstore\respository] for files matching pattern [D:/Programming Projects/TPII/musicstore/musicstore/musicstore/target/classes/com/startup/musicstore/respository/**/*AlbumsCatergoryRepositoryImpl.class]
16:08:33.558 [main] DEBUG o.s.c.i.s.PathMatchingResourcePatternResolver - Resolved location pattern [classpath*:com/startup/musicstore/respository/**/*AlbumsCatergoryRepositoryImpl.class] to resources []
16:08:33.559 [main] DEBUG o.s.d.r.c.RepositoryConfigurationDelegate - Registering repository: albumsCatergoryRepository - Interface: com.startup.musicstore.respository.AlbumsCatergoryRepository - Factory: org.springframework.data.jpa.repository.support.JpaRepositoryFactoryBean
16:08:33.560 [main] DEBUG o.s.core.env.StandardEnvironment - Adding [systemProperties] PropertySource with lowest search precedence
16:08:33.560 [main] DEBUG o.s.core.env.StandardEnvironment - Adding [systemEnvironment] PropertySource with lowest search precedence
16:08:33.561 [main] DEBUG o.s.core.env.StandardEnvironment - Initialized StandardEnvironment with PropertySources [systemProperties,systemEnvironment]
16:08:33.562 [main] DEBUG o.s.c.i.s.PathMatchingResourcePatternResolver - Looking for matching resources in directory tree [D:\Programming Projects\TPII\musicstore\musicstore\musicstore\target\classes\com\startup\musicstore\respository]
16:08:33.562 [main] DEBUG o.s.c.i.s.PathMatchingResourcePatternResolver - Searching directory [D:\Programming Projects\TPII\musicstore\musicstore\musicstore\target\classes\com\startup\musicstore\respository] for files matching pattern [D:/Programming Projects/TPII/musicstore/musicstore/musicstore/target/classes/com/startup/musicstore/respository/**/*AlbumsRepositoryImpl.class]
16:08:33.563 [main] DEBUG o.s.c.i.s.PathMatchingResourcePatternResolver - Resolved location pattern [classpath*:com/startup/musicstore/respository/**/*AlbumsRepositoryImpl.class] to resources []
16:08:33.563 [main] DEBUG o.s.d.r.c.RepositoryConfigurationDelegate - Registering repository: albumsRepository - Interface: com.startup.musicstore.respository.AlbumsRepository - Factory: org.springframework.data.jpa.repository.support.JpaRepositoryFactoryBean
16:08:33.615 [main] DEBUG o.s.c.a.ConfigurationClassEnhancer - Successfully enhanced com.startup.musicstore.test.ConnectionConfigTest; enhanced class name is: com.startup.musicstore.test.ConnectionConfigTest$$EnhancerBySpringCGLIB$$82b8f4d6
16:08:33.615 [main] DEBUG o.s.c.a.ConfigurationClassPostProcessor - Replacing bean definition &apos;connectionConfigTest&apos; existing class name &apos;com.startup.musicstore.test.ConnectionConfigTest&apos; with enhanced class name &apos;com.startup.musicstore.test.ConnectionConfigTest$$EnhancerBySpringCGLIB$$82b8f4d6&apos;
16:08:33.618 [main] DEBUG o.s.c.a.ConfigurationClassEnhancer - Successfully enhanced org.springframework.transaction.annotation.ProxyTransactionManagementConfiguration; enhanced class name is: org.springframework.transaction.annotation.ProxyTransactionManagementConfiguration$$EnhancerBySpringCGLIB$$133bd977
16:08:33.618 [main] DEBUG o.s.c.a.ConfigurationClassPostProcessor - Replacing bean definition &apos;org.springframework.transaction.annotation.ProxyTransactionManagementConfiguration&apos; existing class name &apos;org.springframework.transaction.annotation.ProxyTransactionManagementConfiguration&apos; with enhanced class name &apos;org.springframework.transaction.annotation.ProxyTransactionManagementConfiguration$$EnhancerBySpringCGLIB$$133bd977&apos;
16:08:33.620 [main] DEBUG o.s.b.f.s.DefaultListableBeanFactory - Creating shared instance of singleton bean &apos;org.springframework.data.jpa.repository.support.EntityManagerBeanDefinitionRegistrarPostProcessor#0&apos;
16:08:33.621 [main] DEBUG o.s.b.f.s.DefaultListableBeanFactory - Creating instance of bean &apos;org.springframework.data.jpa.repository.support.EntityManagerBeanDefinitionRegistrarPostProcessor#0&apos;
16:08:33.621 [main] DEBUG o.s.b.f.s.DefaultListableBeanFactory - Eagerly caching bean &apos;org.springframework.data.jpa.repository.support.EntityManagerBeanDefinitionRegistrarPostProcessor#0&apos; to allow for resolving potential circular references
16:08:33.621 [main] DEBUG o.s.b.f.s.DefaultListableBeanFactory - Finished creating instance of bean &apos;org.springframework.data.jpa.repository.support.EntityManagerBeanDefinitionRegistrarPostProcessor#0&apos;
16:08:33.629 [main] DEBUG o.s.b.f.s.DefaultListableBeanFactory - Creating shared instance of singleton bean &apos;org.springframework.context.annotation.internalAutowiredAnnotationProcessor&apos;
16:08:33.629 [main] DEBUG o.s.b.f.s.DefaultListableBeanFactory - Creating instance of bean &apos;org.springframework.context.annotation.internalAutowiredAnnotationProcessor&apos;
16:08:33.630 [main] INFO  o.s.b.f.a.AutowiredAnnotationBeanPostProcessor - JSR-330 &apos;javax.inject.Inject&apos; annotation found and supported for autowiring
16:08:33.630 [main] DEBUG o.s.b.f.s.DefaultListableBeanFactory - Eagerly caching bean &apos;org.springframework.context.annotation.internalAutowiredAnnotationProcessor&apos; to allow for resolving potential circular references
16:08:33.630 [main] DEBUG o.s.b.f.s.DefaultListableBeanFactory - Finished creating instance of bean &apos;org.springframework.context.annotation.internalAutowiredAnnotationProcessor&apos;
16:08:33.630 [main] DEBUG o.s.b.f.s.DefaultListableBeanFactory - Creating shared instance of singleton bean &apos;org.springframework.context.annotation.internalRequiredAnnotationProcessor&apos;
16:08:33.630 [main] DEBUG o.s.b.f.s.DefaultListableBeanFactory - Creating instance of bean &apos;org.springframework.context.annotation.internalRequiredAnnotationProcessor&apos;
16:08:33.630 [main] DEBUG o.s.b.f.s.DefaultListableBeanFactory - Eagerly caching bean &apos;org.springframework.context.annotation.internalRequiredAnnotationProcessor&apos; to allow for resolving potential circular references
16:08:33.631 [main] DEBUG o.s.b.f.s.DefaultListableBeanFactory - Finished creating instance of bean &apos;org.springframework.context.annotation.internalRequiredAnnotationProcessor&apos;
16:08:33.633 [main] DEBUG o.s.b.f.s.DefaultListableBeanFactory - Creating shared instance of singleton bean &apos;org.springframework.context.annotation.internalCommonAnnotationProcessor&apos;
16:08:33.633 [main] DEBUG o.s.b.f.s.DefaultListableBeanFactory - Creating instance of bean &apos;org.springframework.context.annotation.internalCommonAnnotationProcessor&apos;
16:08:33.636 [main] DEBUG o.s.b.f.s.DefaultListableBeanFactory - Eagerly caching bean &apos;org.springframework.context.annotation.internalCommonAnnotationProcessor&apos; to allow for resolving potential circular references
16:08:33.637 [main] DEBUG o.s.b.f.s.DefaultListableBeanFactory - Finished creating instance of bean &apos;org.springframework.context.annotation.internalCommonAnnotationProcessor&apos;
16:08:33.637 [main] DEBUG o.s.b.f.s.DefaultListableBeanFactory - Creating shared instance of singleton bean &apos;org.springframework.context.annotation.internalPersistenceAnnotationProcessor&apos;
16:08:33.637 [main] DEBUG o.s.b.f.s.DefaultListableBeanFactory - Creating instance of bean &apos;org.springframework.context.annotation.internalPersistenceAnnotationProcessor&apos;
16:08:33.638 [main] DEBUG o.s.b.f.s.DefaultListableBeanFactory - Eagerly caching bean &apos;org.springframework.context.annotation.internalPersistenceAnnotationProcessor&apos; to allow for resolving potential circular references
16:08:33.639 [main] DEBUG o.s.b.f.s.DefaultListableBeanFactory - Finished creating instance of bean &apos;org.springframework.context.annotation.internalPersistenceAnnotationProcessor&apos;
16:08:33.639 [main] DEBUG o.s.b.f.s.DefaultListableBeanFactory - Creating shared instance of singleton bean &apos;org.springframework.context.annotation.ConfigurationClassPostProcessor.importAwareProcessor&apos;
16:08:33.639 [main] DEBUG o.s.b.f.s.DefaultListableBeanFactory - Creating instance of bean &apos;org.springframework.context.annotation.ConfigurationClassPostProcessor.importAwareProcessor&apos;
16:08:33.639 [main] DEBUG o.s.b.f.s.DefaultListableBeanFactory - Eagerly caching bean &apos;org.springframework.context.annotation.ConfigurationClassPostProcessor.importAwareProcessor&apos; to allow for resolving potential circular references
16:08:33.639 [main] DEBUG o.s.b.f.s.DefaultListableBeanFactory - Finished creating instance of bean &apos;org.springframework.context.annotation.ConfigurationClassPostProcessor.importAwareProcessor&apos;
16:08:33.639 [main] DEBUG o.s.b.f.s.DefaultListableBeanFactory - Creating shared instance of singleton bean &apos;org.springframework.context.annotation.ConfigurationClassPostProcessor.enhancedConfigurationProcessor&apos;
16:08:33.639 [main] DEBUG o.s.b.f.s.DefaultListableBeanFactory - Creating instance of bean &apos;org.springframework.context.annotation.ConfigurationClassPostProcessor.enhancedConfigurationProcessor&apos;
16:08:33.639 [main] DEBUG o.s.b.f.s.DefaultListableBeanFactory - Eagerly caching bean &apos;org.springframework.context.annotation.ConfigurationClassPostProcessor.enhancedConfigurationProcessor&apos; to allow for resolving potential circular references
16:08:33.639 [main] DEBUG o.s.b.f.s.DefaultListableBeanFactory - Finished creating instance of bean &apos;org.springframework.context.annotation.ConfigurationClassPostProcessor.enhancedConfigurationProcessor&apos;
16:08:33.640 [main] DEBUG o.s.b.f.s.DefaultListableBeanFactory - Creating shared instance of singleton bean &apos;org.springframework.data.repository.core.support.RepositoryInterfaceAwareBeanPostProcessor#0&apos;
16:08:33.640 [main] DEBUG o.s.b.f.s.DefaultListableBeanFactory - Creating instance of bean &apos;org.springframework.data.repository.core.support.RepositoryInterfaceAwareBeanPostProcessor#0&apos;
16:08:33.640 [main] DEBUG o.s.b.f.s.DefaultListableBeanFactory - Eagerly caching bean &apos;org.springframework.data.repository.core.support.RepositoryInterfaceAwareBeanPostProcessor#0&apos; to allow for resolving potential circular references
16:08:33.640 [main] DEBUG o.s.b.f.s.DefaultListableBeanFactory - Finished creating instance of bean &apos;org.springframework.data.repository.core.support.RepositoryInterfaceAwareBeanPostProcessor#0&apos;
16:08:33.640 [main] DEBUG o.s.b.f.s.DefaultListableBeanFactory - Creating shared instance of singleton bean &apos;org.springframework.aop.config.internalAutoProxyCreator&apos;
16:08:33.640 [main] DEBUG o.s.b.f.s.DefaultListableBeanFactory - Creating instance of bean &apos;org.springframework.aop.config.internalAutoProxyCreator&apos;
16:08:33.647 [main] DEBUG o.s.b.f.s.DefaultListableBeanFactory - Eagerly caching bean &apos;org.springframework.aop.config.internalAutoProxyCreator&apos; to allow for resolving potential circular references
16:08:33.665 [main] DEBUG o.s.b.f.s.DefaultListableBeanFactory - Finished creating instance of bean &apos;org.springframework.aop.config.internalAutoProxyCreator&apos;
16:08:33.667 [main] DEBUG o.s.c.a.AnnotationConfigApplicationContext - Unable to locate MessageSource with name &apos;messageSource&apos;: using default [org.springframework.context.support.DelegatingMessageSource@662b4c69]
16:08:33.669 [main] DEBUG o.s.c.a.AnnotationConfigApplicationContext - Unable to locate ApplicationEventMulticaster with name &apos;applicationEventMulticaster&apos;: using default [org.springframework.context.event.SimpleApplicationEventMulticaster@156b88f5]
16:08:33.673 [main] DEBUG o.s.b.f.s.DefaultListableBeanFactory - Creating shared instance of singleton bean &apos;entityManagerFactory&apos;
16:08:33.673 [main] DEBUG o.s.b.f.s.DefaultListableBeanFactory - Creating instance of bean &apos;entityManagerFactory&apos;
16:08:33.675 [main] DEBUG o.s.b.f.s.DefaultListableBeanFactory - Creating shared instance of singleton bean &apos;connectionConfigTest&apos;
16:08:33.675 [main] DEBUG o.s.b.f.s.DefaultListableBeanFactory - Creating instance of bean &apos;connectionConfigTest&apos;
16:08:33.676 [main] DEBUG o.s.b.f.s.DefaultListableBeanFactory - Eagerly caching bean &apos;connectionConfigTest&apos; to allow for resolving potential circular references
16:08:33.680 [main] DEBUG o.s.b.f.s.DefaultListableBeanFactory - Creating shared instance of singleton bean &apos;org.springframework.transaction.config.internalTransactionAdvisor&apos;
16:08:33.680 [main] DEBUG o.s.b.f.s.DefaultListableBeanFactory - Creating instance of bean &apos;org.springframework.transaction.config.internalTransactionAdvisor&apos;
16:08:33.680 [main] DEBUG o.s.b.f.s.DefaultListableBeanFactory - Creating shared instance of singleton bean &apos;org.springframework.transaction.annotation.ProxyTransactionManagementConfiguration&apos;
16:08:33.680 [main] DEBUG o.s.b.f.s.DefaultListableBeanFactory - Creating instance of bean &apos;org.springframework.transaction.annotation.ProxyTransactionManagementConfiguration&apos;
16:08:33.683 [main] DEBUG o.s.b.f.annotation.InjectionMetadata - Registered injected element on class [org.springframework.transaction.annotation.ProxyTransactionManagementConfiguration$$EnhancerBySpringCGLIB$$133bd977]: AutowiredMethodElement for void org.springframework.transaction.annotation.AbstractTransactionManagementConfiguration.setConfigurers(java.util.Collection)
16:08:33.683 [main] DEBUG o.s.b.f.s.DefaultListableBeanFactory - Eagerly caching bean &apos;org.springframework.transaction.annotation.ProxyTransactionManagementConfiguration&apos; to allow for resolving potential circular references
16:08:33.685 [main] DEBUG o.s.b.f.annotation.InjectionMetadata - Processing injected method of bean &apos;org.springframework.transaction.annotation.ProxyTransactionManagementConfiguration&apos;: AutowiredMethodElement for void org.springframework.transaction.annotation.AbstractTransactionManagementConfiguration.setConfigurers(java.util.Collection)
16:08:33.693 [main] DEBUG o.s.b.f.s.DefaultListableBeanFactory - Returning cached instance of singleton bean &apos;org.springframework.context.annotation.ConfigurationClassPostProcessor.importRegistry&apos;
16:08:33.694 [main] DEBUG o.s.a.f.a.BeanFactoryAdvisorRetrievalHelper - Skipping currently created advisor &apos;org.springframework.transaction.config.internalTransactionAdvisor&apos;
16:08:33.695 [main] DEBUG o.s.b.f.s.DefaultListableBeanFactory - Finished creating instance of bean &apos;org.springframework.transaction.annotation.ProxyTransactionManagementConfiguration&apos;
16:08:33.708 [main] DEBUG o.s.b.f.s.DefaultListableBeanFactory - Creating shared instance of singleton bean &apos;transactionAttributeSource&apos;
16:08:33.708 [main] DEBUG o.s.b.f.s.DefaultListableBeanFactory - Creating instance of bean &apos;transactionAttributeSource&apos;
16:08:33.708 [main] DEBUG o.s.b.f.s.DefaultListableBeanFactory - Returning cached instance of singleton bean &apos;org.springframework.transaction.annotation.ProxyTransactionManagementConfiguration&apos;
16:08:33.713 [main] DEBUG o.s.b.f.s.DefaultListableBeanFactory - Eagerly caching bean &apos;transactionAttributeSource&apos; to allow for resolving potential circular references
16:08:33.715 [main] DEBUG o.s.a.f.a.BeanFactoryAdvisorRetrievalHelper - Skipping currently created advisor &apos;org.springframework.transaction.config.internalTransactionAdvisor&apos;
16:08:33.715 [main] DEBUG o.s.b.f.s.DefaultListableBeanFactory - Finished creating instance of bean &apos;transactionAttributeSource&apos;
16:08:33.716 [main] DEBUG o.s.b.f.s.DefaultListableBeanFactory - Creating shared instance of singleton bean &apos;transactionInterceptor&apos;
16:08:33.716 [main] DEBUG o.s.b.f.s.DefaultListableBeanFactory - Creating instance of bean &apos;transactionInterceptor&apos;
16:08:33.716 [main] DEBUG o.s.b.f.s.DefaultListableBeanFactory - Returning cached instance of singleton bean &apos;org.springframework.transaction.annotation.ProxyTransactionManagementConfiguration&apos;
16:08:33.718 [main] DEBUG o.s.b.f.s.DefaultListableBeanFactory - Returning cached instance of singleton bean &apos;transactionAttributeSource&apos;
16:08:33.721 [main] DEBUG o.s.b.f.s.DefaultListableBeanFactory - Eagerly caching bean &apos;transactionInterceptor&apos; to allow for resolving potential circular references
16:08:33.726 [main] DEBUG o.s.b.f.s.DefaultListableBeanFactory - Invoking afterPropertiesSet() on bean with name &apos;transactionInterceptor&apos;
16:08:33.726 [main] DEBUG o.s.b.f.s.DefaultListableBeanFactory - Finished creating instance of bean &apos;transactionInterceptor&apos;
16:08:33.727 [main] DEBUG o.s.b.f.s.DefaultListableBeanFactory - Eagerly caching bean &apos;org.springframework.transaction.config.internalTransactionAdvisor&apos; to allow for resolving potential circular references
16:08:33.730 [main] DEBUG o.s.b.f.s.DefaultListableBeanFactory - Finished creating instance of bean &apos;org.springframework.transaction.config.internalTransactionAdvisor&apos;
16:08:33.732 [main] DEBUG o.s.b.f.s.DefaultListableBeanFactory - Finished creating instance of bean &apos;connectionConfigTest&apos;
16:08:33.735 [main] DEBUG o.s.b.f.s.DefaultListableBeanFactory - Creating shared instance of singleton bean &apos;dataSource&apos;
16:08:33.735 [main] DEBUG o.s.b.f.s.DefaultListableBeanFactory - Creating instance of bean &apos;dataSource&apos;
16:08:33.735 [main] DEBUG o.s.b.f.s.DefaultListableBeanFactory - Returning cached instance of singleton bean &apos;connectionConfigTest&apos;
16:08:33.767 [main] DEBUG o.s.b.f.s.DefaultListableBeanFactory - Eagerly caching bean &apos;dataSource&apos; to allow for resolving potential circular references
16:08:33.773 [main] DEBUG o.s.b.f.s.DefaultListableBeanFactory - Returning cached instance of singleton bean &apos;org.springframework.transaction.config.internalTransactionAdvisor&apos;
16:08:33.776 [main] DEBUG o.s.b.f.s.DefaultListableBeanFactory - Finished creating instance of bean &apos;dataSource&apos;
16:08:33.777 [main] DEBUG o.s.b.f.s.DefaultListableBeanFactory - Creating shared instance of singleton bean &apos;jpaVendorAdapter&apos;
16:08:33.777 [main] DEBUG o.s.b.f.s.DefaultListableBeanFactory - Creating instance of bean &apos;jpaVendorAdapter&apos;
16:08:33.777 [main] DEBUG o.s.b.f.s.DefaultListableBeanFactory - Returning cached instance of singleton bean &apos;connectionConfigTest&apos;
16:08:33.801 [main] DEBUG org.jboss.logging - Logging Provider: org.jboss.logging.Slf4jLoggerProvider
16:08:33.804 [main] DEBUG o.s.b.f.s.DefaultListableBeanFactory - Eagerly caching bean &apos;jpaVendorAdapter&apos; to allow for resolving potential circular references
16:08:33.807 [main] DEBUG o.s.b.f.s.DefaultListableBeanFactory - Returning cached instance of singleton bean &apos;org.springframework.transaction.config.internalTransactionAdvisor&apos;
16:08:33.808 [main] DEBUG o.s.b.f.s.DefaultListableBeanFactory - Finished creating instance of bean &apos;jpaVendorAdapter&apos;
16:08:33.808 [main] DEBUG o.s.b.f.s.DefaultListableBeanFactory - Autowiring by type from bean name &apos;entityManagerFactory&apos; via factory method to bean named &apos;dataSource&apos;
16:08:33.808 [main] DEBUG o.s.b.f.s.DefaultListableBeanFactory - Autowiring by type from bean name &apos;entityManagerFactory&apos; via factory method to bean named &apos;jpaVendorAdapter&apos;
16:08:33.814 [main] DEBUG o.s.b.f.s.DefaultListableBeanFactory - Eagerly caching bean &apos;entityManagerFactory&apos; to allow for resolving potential circular references
16:08:33.820 [main] DEBUG o.s.b.f.s.DefaultListableBeanFactory - Invoking afterPropertiesSet() on bean with name &apos;entityManagerFactory&apos;
16:08:33.826 [main] DEBUG o.s.c.i.s.PathMatchingResourcePatternResolver - Looking for matching resources in directory tree [D:\Programming Projects\TPII\musicstore\musicstore\musicstore\target\classes\com\startup\musicstore\domain]
16:08:33.826 [main] DEBUG o.s.c.i.s.PathMatchingResourcePatternResolver - Searching directory [D:\Programming Projects\TPII\musicstore\musicstore\musicstore\target\classes\com\startup\musicstore\domain] for files matching pattern [D:/Programming Projects/TPII/musicstore/musicstore/musicstore/target/classes/com/startup/musicstore/domain/**/*.class]
16:08:33.829 [main] DEBUG o.s.c.i.s.PathMatchingResourcePatternResolver - Resolved location pattern [classpath*:com/startup/musicstore/domain/**/*.class] to resources [file [D:\Programming Projects\TPII\musicstore\musicstore\musicstore\target\classes\com\startup\musicstore\domain\AlbumCategory$1.class], file [D:\Programming Projects\TPII\musicstore\musicstore\musicstore\target\classes\com\startup\musicstore\domain\AlbumCategory$Builder.class], file [D:\Programming Projects\TPII\musicstore\musicstore\musicstore\target\classes\com\startup\musicstore\domain\AlbumCategory.class], file [D:\Programming Projects\TPII\musicstore\musicstore\musicstore\target\classes\com\startup\musicstore\domain\Albums$1.class], file [D:\Programming Projects\TPII\musicstore\musicstore\musicstore\target\classes\com\startup\musicstore\domain\Albums$Builder.class], file [D:\Programming Projects\TPII\musicstore\musicstore\musicstore\target\classes\com\startup\musicstore\domain\Albums.class], file [D:\Programming Projects\TPII\musicstore\musicstore\musicstore\target\classes\com\startup\musicstore\domain\Artist.class], file [D:\Programming Projects\TPII\musicstore\musicstore\musicstore\target\classes\com\startup\musicstore\domain\ArtistInformation.class], file [D:\Programming Projects\TPII\musicstore\musicstore\musicstore\target\classes\com\startup\musicstore\domain\Contact$1.class], file [D:\Programming Projects\TPII\musicstore\musicstore\musicstore\target\classes\com\startup\musicstore\domain\Contact$Builder.class], file [D:\Programming Projects\TPII\musicstore\musicstore\musicstore\target\classes\com\startup\musicstore\domain\Contact.class], file [D:\Programming Projects\TPII\musicstore\musicstore\musicstore\target\classes\com\startup\musicstore\domain\CreditCard$1.class], file [D:\Programming Projects\TPII\musicstore\musicstore\musicstore\target\classes\com\startup\musicstore\domain\CreditCard$Builder.class], file [D:\Programming Projects\TPII\musicstore\musicstore\musicstore\target\classes\com\startup\musicstore\domain\CreditCard.class], file [D:\Programming Projects\TPII\musicstore\musicstore\musicstore\target\classes\com\startup\musicstore\domain\Customer$1.class], file [D:\Programming Projects\TPII\musicstore\musicstore\musicstore\target\classes\com\startup\musicstore\domain\Customer$Builder.class], file [D:\Programming Projects\TPII\musicstore\musicstore\musicstore\target\classes\com\startup\musicstore\domain\Customer.class], file [D:\Programming Projects\TPII\musicstore\musicstore\musicstore\target\classes\com\startup\musicstore\domain\CustomerAddress$1.class], file [D:\Programming Projects\TPII\musicstore\musicstore\musicstore\target\classes\com\startup\musicstore\domain\CustomerAddress$Builder.class], file [D:\Programming Projects\TPII\musicstore\musicstore\musicstore\target\classes\com\startup\musicstore\domain\CustomerAddress.class], file [D:\Programming Projects\TPII\musicstore\musicstore\musicstore\target\classes\com\startup\musicstore\domain\CustomerInvoice$1.class], file [D:\Programming Projects\TPII\musicstore\musicstore\musicstore\target\classes\com\startup\musicstore\domain\CustomerInvoice$Builder.class], file [D:\Programming Projects\TPII\musicstore\musicstore\musicstore\target\classes\com\startup\musicstore\domain\CustomerInvoice.class], file [D:\Programming Projects\TPII\musicstore\musicstore\musicstore\target\classes\com\startup\musicstore\domain\Demographic$1.class], file [D:\Programming Projects\TPII\musicstore\musicstore\musicstore\target\classes\com\startup\musicstore\domain\Demographic$Builder.class], file [D:\Programming Projects\TPII\musicstore\musicstore\musicstore\target\classes\com\startup\musicstore\domain\Demographic.class], file [D:\Programming Projects\TPII\musicstore\musicstore\musicstore\target\classes\com\startup\musicstore\domain\MarketingInformation$Builder.class], file [D:\Programming Projects\TPII\musicstore\musicstore\musicstore\target\classes\com\startup\musicstore\domain\MarketingInformation.class], file [D:\Programming Projects\TPII\musicstore\musicstore\musicstore\target\classes\com\startup\musicstore\domain\Name$1.class], file [D:\Programming Projects\TPII\musicstore\musicstore\musicstore\target\classes\com\startup\musicstore\domain\Name$Builder.class], file [D:\Programming Projects\TPII\musicstore\musicstore\musicstore\target\classes\com\startup\musicstore\domain\Name.class], file [D:\Programming Projects\TPII\musicstore\musicstore\musicstore\target\classes\com\startup\musicstore\domain\Order$1.class], file [D:\Programming Projects\TPII\musicstore\musicstore\musicstore\target\classes\com\startup\musicstore\domain\Order$Builder.class], file [D:\Programming Projects\TPII\musicstore\musicstore\musicstore\target\classes\com\startup\musicstore\domain\OrderData$1.class], file [D:\Programming Projects\TPII\musicstore\musicstore\musicstore\target\classes\com\startup\musicstore\domain\OrderData$Builder.class], file [D:\Programming Projects\TPII\musicstore\musicstore\musicstore\target\classes\com\startup\musicstore\domain\OrderData.class], file [D:\Programming Projects\TPII\musicstore\musicstore\musicstore\target\classes\com\startup\musicstore\domain\OrderItem$1.class], file [D:\Programming Projects\TPII\musicstore\musicstore\musicstore\target\classes\com\startup\musicstore\domain\OrderItem$Builder.class], file [D:\Programming Projects\TPII\musicstore\musicstore\musicstore\target\classes\com\startup\musicstore\domain\OrderItem.class], file [D:\Programming Projects\TPII\musicstore\musicstore\musicstore\target\classes\com\startup\musicstore\domain\Review$1.class], file [D:\Programming Projects\TPII\musicstore\musicstore\musicstore\target\classes\com\startup\musicstore\domain\Review$Builder.class], file [D:\Programming Projects\TPII\musicstore\musicstore\musicstore\target\classes\com\startup\musicstore\domain\Review.class], file [D:\Programming Projects\TPII\musicstore\musicstore\musicstore\target\classes\com\startup\musicstore\domain\SampleClip$1.class], file [D:\Programming Projects\TPII\musicstore\musicstore\musicstore\target\classes\com\startup\musicstore\domain\SampleClip$Builder.class], file [D:\Programming Projects\TPII\musicstore\musicstore\musicstore\target\classes\com\startup\musicstore\domain\SampleClip.class], file [D:\Programming Projects\TPII\musicstore\musicstore\musicstore\target\classes\com\startup\musicstore\domain\Track$1.class], file [D:\Programming Projects\TPII\musicstore\musicstore\musicstore\target\classes\com\startup\musicstore\domain\Track$Builder.class], file [D:\Programming Projects\TPII\musicstore\musicstore\musicstore\target\classes\com\startup\musicstore\domain\Track.class]]
16:08:33.838 [main] INFO  o.s.o.j.LocalContainerEntityManagerFactoryBean - Building JPA container EntityManagerFactory for persistence unit &apos;default&apos;
16:08:33.853 [main] DEBUG o.h.jpa.internal.util.LogHelper - PersistenceUnitInfo [
	name: default
	persistence provider classname: null
	classloader: sun.misc.Launcher$AppClassLoader@6bc7c054
	excludeUnlistedClasses: true
	JTA datasource: null
	Non JTA datasource: org.apache.commons.dbcp.BasicDataSource@3e0e1046
	Transaction type: RESOURCE_LOCAL
	PU root URL: file:/D:/Programming%20Projects/TPII/musicstore/musicstore/musicstore/target/test-classes/
	Shared Cache Mode: UNSPECIFIED
	Validation Mode: AUTO
	Jar files URLs []
	Managed classes names [
		com.startup.musicstore.domain.AlbumCategory
		com.startup.musicstore.domain.Albums
		com.startup.musicstore.domain.Artist
		com.startup.musicstore.domain.ArtistInformation
		com.startup.musicstore.domain.Contact
		com.startup.musicstore.domain.CreditCard
		com.startup.musicstore.domain.Customer
		com.startup.musicstore.domain.CustomerAddress
		com.startup.musicstore.domain.CustomerInvoice
		com.startup.musicstore.domain.Demographic
		com.startup.musicstore.domain.MarketingInformation
		com.startup.musicstore.domain.Name
		com.startup.musicstore.domain.OrderData
		com.startup.musicstore.domain.OrderItem
		com.startup.musicstore.domain.Review
		com.startup.musicstore.domain.SampleClip
		com.startup.musicstore.domain.Track]
	Mapping files names []
	Properties []
16:08:33.863 [main] DEBUG o.h.i.internal.IntegratorServiceImpl - Adding Integrator [org.hibernate.cfg.beanvalidation.BeanValidationIntegrator].
16:08:33.865 [main] DEBUG o.h.i.internal.IntegratorServiceImpl - Adding Integrator [org.hibernate.secure.spi.JaccIntegrator].
16:08:33.865 [main] DEBUG o.h.i.internal.IntegratorServiceImpl - Adding Integrator [org.hibernate.cache.internal.CollectionCacheInvalidator].
16:08:33.866 [main] DEBUG o.h.i.internal.IntegratorServiceImpl - Adding Integrator [org.hibernate.jpa.event.spi.JpaIntegrator].
16:08:33.873 [main] DEBUG o.h.b.r.s.i.StrategySelectorImpl - Registering named strategy selector [org.hibernate.dialect.Dialect] : [MySQL5] -&gt; [org.hibernate.dialect.MySQL5Dialect] (replacing [org.hibernate.dialect.MySQL5Dialect])
16:08:33.873 [main] DEBUG o.h.b.r.s.i.StrategySelectorImpl - Registering named strategy selector [org.hibernate.dialect.Dialect] : [MySQL5InnoDB] -&gt; [org.hibernate.dialect.MySQL5InnoDBDialect] (replacing [org.hibernate.dialect.MySQL5InnoDBDialect])
16:08:33.897 [main] INFO  org.hibernate.Version - HHH000412: Hibernate Core {4.3.5.Final}
16:08:33.898 [main] INFO  org.hibernate.cfg.Environment - HHH000206: hibernate.properties not found
16:08:33.899 [main] INFO  org.hibernate.cfg.Environment - HHH000021: Bytecode provider name : javassist
16:08:33.965 [main] DEBUG o.h.service.spi.ServiceBinding - Overriding existing service binding [org.hibernate.secure.spi.JaccService]
16:08:33.982 [main] DEBUG org.hibernate.type.BasicTypeRegistry - Adding type registration boolean -&gt; org.hibernate.type.BooleanType@bcef303
16:08:33.982 [main] DEBUG org.hibernate.type.BasicTypeRegistry - Adding type registration boolean -&gt; org.hibernate.type.BooleanType@bcef303
16:08:33.982 [main] DEBUG org.hibernate.type.BasicTypeRegistry - Adding type registration java.lang.Boolean -&gt; org.hibernate.type.BooleanType@bcef303
16:08:33.983 [main] DEBUG org.hibernate.type.BasicTypeRegistry - Adding type registration numeric_boolean -&gt; org.hibernate.type.NumericBooleanType@a87f8ec
16:08:33.984 [main] DEBUG org.hibernate.type.BasicTypeRegistry - Adding type registration true_false -&gt; org.hibernate.type.TrueFalseType@39655d3e
16:08:33.984 [main] DEBUG org.hibernate.type.BasicTypeRegistry - Adding type registration yes_no -&gt; org.hibernate.type.YesNoType@7dda48d9
16:08:33.985 [main] DEBUG org.hibernate.type.BasicTypeRegistry - Adding type registration byte -&gt; org.hibernate.type.ByteType@2a62b5bc
16:08:33.985 [main] DEBUG org.hibernate.type.BasicTypeRegistry - Adding type registration byte -&gt; org.hibernate.type.ByteType@2a62b5bc
16:08:33.985 [main] DEBUG org.hibernate.type.BasicTypeRegistry - Adding type registration java.lang.Byte -&gt; org.hibernate.type.ByteType@2a62b5bc
16:08:33.986 [main] DEBUG org.hibernate.type.BasicTypeRegistry - Adding type registration character -&gt; org.hibernate.type.CharacterType@4ce1d6d0
16:08:33.986 [main] DEBUG org.hibernate.type.BasicTypeRegistry - Adding type registration char -&gt; org.hibernate.type.CharacterType@4ce1d6d0
16:08:33.986 [main] DEBUG org.hibernate.type.BasicTypeRegistry - Adding type registration java.lang.Character -&gt; org.hibernate.type.CharacterType@4ce1d6d0
16:08:33.987 [main] DEBUG org.hibernate.type.BasicTypeRegistry - Adding type registration short -&gt; org.hibernate.type.ShortType@7b94089b
16:08:33.987 [main] DEBUG org.hibernate.type.BasicTypeRegistry - Adding type registration short -&gt; org.hibernate.type.ShortType@7b94089b
16:08:33.987 [main] DEBUG org.hibernate.type.BasicTypeRegistry - Adding type registration java.lang.Short -&gt; org.hibernate.type.ShortType@7b94089b
16:08:33.988 [main] DEBUG org.hibernate.type.BasicTypeRegistry - Adding type registration integer -&gt; org.hibernate.type.IntegerType@561868a0
16:08:33.988 [main] DEBUG org.hibernate.type.BasicTypeRegistry - Adding type registration int -&gt; org.hibernate.type.IntegerType@561868a0
16:08:33.988 [main] DEBUG org.hibernate.type.BasicTypeRegistry - Adding type registration java.lang.Integer -&gt; org.hibernate.type.IntegerType@561868a0
16:08:33.989 [main] DEBUG org.hibernate.type.BasicTypeRegistry - Adding type registration long -&gt; org.hibernate.type.LongType@42bc14c1
16:08:33.989 [main] DEBUG org.hibernate.type.BasicTypeRegistry - Adding type registration long -&gt; org.hibernate.type.LongType@42bc14c1
16:08:33.989 [main] DEBUG org.hibernate.type.BasicTypeRegistry - Adding type registration java.lang.Long -&gt; org.hibernate.type.LongType@42bc14c1
16:08:33.990 [main] DEBUG org.hibernate.type.BasicTypeRegistry - Adding type registration float -&gt; org.hibernate.type.FloatType@1afdd473
16:08:33.990 [main] DEBUG org.hibernate.type.BasicTypeRegistry - Adding type registration float -&gt; org.hibernate.type.FloatType@1afdd473
16:08:33.990 [main] DEBUG org.hibernate.type.BasicTypeRegistry - Adding type registration java.lang.Float -&gt; org.hibernate.type.FloatType@1afdd473
16:08:33.991 [main] DEBUG org.hibernate.type.BasicTypeRegistry - Adding type registration double -&gt; org.hibernate.type.DoubleType@2f1de2d6
16:08:33.991 [main] DEBUG org.hibernate.type.BasicTypeRegistry - Adding type registration double -&gt; org.hibernate.type.DoubleType@2f1de2d6
16:08:33.991 [main] DEBUG org.hibernate.type.BasicTypeRegistry - Adding type registration java.lang.Double -&gt; org.hibernate.type.DoubleType@2f1de2d6
16:08:33.992 [main] DEBUG org.hibernate.type.BasicTypeRegistry - Adding type registration big_decimal -&gt; org.hibernate.type.BigDecimalType@4c51cf28
16:08:33.992 [main] DEBUG org.hibernate.type.BasicTypeRegistry - Adding type registration java.math.BigDecimal -&gt; org.hibernate.type.BigDecimalType@4c51cf28
16:08:33.993 [main] DEBUG org.hibernate.type.BasicTypeRegistry - Adding type registration big_integer -&gt; org.hibernate.type.BigIntegerType@3e7dd664
16:08:33.993 [main] DEBUG org.hibernate.type.BasicTypeRegistry - Adding type registration java.math.BigInteger -&gt; org.hibernate.type.BigIntegerType@3e7dd664
16:08:33.994 [main] DEBUG org.hibernate.type.BasicTypeRegistry - Adding type registration string -&gt; org.hibernate.type.StringType@3549bca9
16:08:33.994 [main] DEBUG org.hibernate.type.BasicTypeRegistry - Adding type registration java.lang.String -&gt; org.hibernate.type.StringType@3549bca9
16:08:33.995 [main] DEBUG org.hibernate.type.BasicTypeRegistry - Adding type registration nstring -&gt; org.hibernate.type.StringNVarcharType@74bada02
16:08:33.995 [main] DEBUG org.hibernate.type.BasicTypeRegistry - Adding type registration ncharacter -&gt; org.hibernate.type.CharacterNCharType@6ad3381f
16:08:33.996 [main] DEBUG org.hibernate.type.BasicTypeRegistry - Adding type registration url -&gt; org.hibernate.type.UrlType@4b14918a
16:08:33.996 [main] DEBUG org.hibernate.type.BasicTypeRegistry - Adding type registration java.net.URL -&gt; org.hibernate.type.UrlType@4b14918a
16:08:33.997 [main] DEBUG org.hibernate.type.BasicTypeRegistry - Adding type registration date -&gt; org.hibernate.type.DateType@134d26af
16:08:33.997 [main] DEBUG org.hibernate.type.BasicTypeRegistry - Adding type registration java.sql.Date -&gt; org.hibernate.type.DateType@134d26af
16:08:33.998 [main] DEBUG org.hibernate.type.BasicTypeRegistry - Adding type registration time -&gt; org.hibernate.type.TimeType@7862f56
16:08:33.998 [main] DEBUG org.hibernate.type.BasicTypeRegistry - Adding type registration java.sql.Time -&gt; org.hibernate.type.TimeType@7862f56
16:08:33.999 [main] DEBUG org.hibernate.type.BasicTypeRegistry - Adding type registration timestamp -&gt; org.hibernate.type.TimestampType@33fe57a9
16:08:33.999 [main] DEBUG org.hibernate.type.BasicTypeRegistry - Adding type registration java.sql.Timestamp -&gt; org.hibernate.type.TimestampType@33fe57a9
16:08:33.999 [main] DEBUG org.hibernate.type.BasicTypeRegistry - Adding type registration java.util.Date -&gt; org.hibernate.type.TimestampType@33fe57a9
16:08:34.000 [main] DEBUG org.hibernate.type.BasicTypeRegistry - Adding type registration dbtimestamp -&gt; org.hibernate.type.DbTimestampType@4f1bfe23
16:08:34.000 [main] DEBUG org.hibernate.type.BasicTypeRegistry - Adding type registration calendar -&gt; org.hibernate.type.CalendarType@22295ec4
16:08:34.000 [main] DEBUG org.hibernate.type.BasicTypeRegistry - Adding type registration java.util.Calendar -&gt; org.hibernate.type.CalendarType@22295ec4
16:08:34.000 [main] DEBUG org.hibernate.type.BasicTypeRegistry - Adding type registration java.util.GregorianCalendar -&gt; org.hibernate.type.CalendarType@22295ec4
16:08:34.001 [main] DEBUG org.hibernate.type.BasicTypeRegistry - Adding type registration calendar_date -&gt; org.hibernate.type.CalendarDateType@1a760689
16:08:34.001 [main] DEBUG org.hibernate.type.BasicTypeRegistry - Adding type registration locale -&gt; org.hibernate.type.LocaleType@2250b9f2
16:08:34.001 [main] DEBUG org.hibernate.type.BasicTypeRegistry - Adding type registration java.util.Locale -&gt; org.hibernate.type.LocaleType@2250b9f2
16:08:34.002 [main] DEBUG org.hibernate.type.BasicTypeRegistry - Adding type registration currency -&gt; org.hibernate.type.CurrencyType@8dbfffb
16:08:34.002 [main] DEBUG org.hibernate.type.BasicTypeRegistry - Adding type registration java.util.Currency -&gt; org.hibernate.type.CurrencyType@8dbfffb
16:08:34.003 [main] DEBUG org.hibernate.type.BasicTypeRegistry - Adding type registration timezone -&gt; org.hibernate.type.TimeZoneType@59b38691
16:08:34.003 [main] DEBUG org.hibernate.type.BasicTypeRegistry - Adding type registration java.util.TimeZone -&gt; org.hibernate.type.TimeZoneType@59b38691
16:08:34.003 [main] DEBUG org.hibernate.type.BasicTypeRegistry - Adding type registration class -&gt; org.hibernate.type.ClassType@7502291e
16:08:34.003 [main] DEBUG org.hibernate.type.BasicTypeRegistry - Adding type registration java.lang.Class -&gt; org.hibernate.type.ClassType@7502291e
16:08:34.004 [main] DEBUG org.hibernate.type.BasicTypeRegistry - Adding type registration uuid-binary -&gt; org.hibernate.type.UUIDBinaryType@79c7532f
16:08:34.004 [main] DEBUG org.hibernate.type.BasicTypeRegistry - Adding type registration java.util.UUID -&gt; org.hibernate.type.UUIDBinaryType@79c7532f
16:08:34.004 [main] DEBUG org.hibernate.type.BasicTypeRegistry - Adding type registration uuid-char -&gt; org.hibernate.type.UUIDCharType@43f82e78
16:08:34.005 [main] DEBUG org.hibernate.type.BasicTypeRegistry - Adding type registration pg-uuid -&gt; org.hibernate.type.PostgresUUIDType@517566b
16:08:34.005 [main] DEBUG org.hibernate.type.BasicTypeRegistry - Adding type registration binary -&gt; org.hibernate.type.BinaryType@4ff4357f
16:08:34.005 [main] DEBUG org.hibernate.type.BasicTypeRegistry - Adding type registration byte[] -&gt; org.hibernate.type.BinaryType@4ff4357f
16:08:34.005 [main] DEBUG org.hibernate.type.BasicTypeRegistry - Adding type registration [B -&gt; org.hibernate.type.BinaryType@4ff4357f
16:08:34.006 [main] DEBUG org.hibernate.type.BasicTypeRegistry - Adding type registration wrapper-binary -&gt; org.hibernate.type.WrapperBinaryType@146587a2
16:08:34.006 [main] DEBUG org.hibernate.type.BasicTypeRegistry - Adding type registration Byte[] -&gt; org.hibernate.type.WrapperBinaryType@146587a2
16:08:34.006 [main] DEBUG org.hibernate.type.BasicTypeRegistry - Adding type registration [Ljava.lang.Byte; -&gt; org.hibernate.type.WrapperBinaryType@146587a2
16:08:34.007 [main] DEBUG org.hibernate.type.BasicTypeRegistry - Adding type registration image -&gt; org.hibernate.type.ImageType@16c63f5
16:08:34.007 [main] DEBUG org.hibernate.type.BasicTypeRegistry - Adding type registration characters -&gt; org.hibernate.type.CharArrayType@4879dfad
16:08:34.007 [main] DEBUG org.hibernate.type.BasicTypeRegistry - Adding type registration char[] -&gt; org.hibernate.type.CharArrayType@4879dfad
16:08:34.007 [main] DEBUG org.hibernate.type.BasicTypeRegistry - Adding type registration [C -&gt; org.hibernate.type.CharArrayType@4879dfad
16:08:34.008 [main] DEBUG org.hibernate.type.BasicTypeRegistry - Adding type registration wrapper-characters -&gt; org.hibernate.type.CharacterArrayType@5629510
16:08:34.008 [main] DEBUG org.hibernate.type.BasicTypeRegistry - Adding type registration [Ljava.lang.Character; -&gt; org.hibernate.type.CharacterArrayType@5629510
16:08:34.008 [main] DEBUG org.hibernate.type.BasicTypeRegistry - Adding type registration Character[] -&gt; org.hibernate.type.CharacterArrayType@5629510
16:08:34.009 [main] DEBUG org.hibernate.type.BasicTypeRegistry - Adding type registration text -&gt; org.hibernate.type.TextType@62727399
16:08:34.009 [main] DEBUG org.hibernate.type.BasicTypeRegistry - Adding type registration ntext -&gt; org.hibernate.type.NTextType@687ef2e0
16:08:34.012 [main] DEBUG org.hibernate.type.BasicTypeRegistry - Adding type registration blob -&gt; org.hibernate.type.BlobType@2a76840c
16:08:34.012 [main] DEBUG org.hibernate.type.BasicTypeRegistry - Adding type registration java.sql.Blob -&gt; org.hibernate.type.BlobType@2a76840c
16:08:34.013 [main] DEBUG org.hibernate.type.BasicTypeRegistry - Adding type registration materialized_blob -&gt; org.hibernate.type.MaterializedBlobType@7cf6a5f9
16:08:34.015 [main] DEBUG org.hibernate.type.BasicTypeRegistry - Adding type registration clob -&gt; org.hibernate.type.ClobType@3ed242a4
16:08:34.015 [main] DEBUG org.hibernate.type.BasicTypeRegistry - Adding type registration java.sql.Clob -&gt; org.hibernate.type.ClobType@3ed242a4
16:08:34.018 [main] DEBUG org.hibernate.type.BasicTypeRegistry - Adding type registration nclob -&gt; org.hibernate.type.NClobType@57abad67
16:08:34.018 [main] DEBUG org.hibernate.type.BasicTypeRegistry - Adding type registration java.sql.NClob -&gt; org.hibernate.type.NClobType@57abad67
16:08:34.018 [main] DEBUG org.hibernate.type.BasicTypeRegistry - Adding type registration materialized_clob -&gt; org.hibernate.type.MaterializedClobType@52851b44
16:08:34.021 [main] DEBUG org.hibernate.type.BasicTypeRegistry - Adding type registration materialized_nclob -&gt; org.hibernate.type.MaterializedNClobType@576f63f6
16:08:34.022 [main] DEBUG org.hibernate.type.BasicTypeRegistry - Adding type registration serializable -&gt; org.hibernate.type.SerializableType@5ef6ae06
16:08:34.024 [main] DEBUG org.hibernate.type.BasicTypeRegistry - Adding type registration object -&gt; org.hibernate.type.ObjectType@363042d7
16:08:34.024 [main] DEBUG org.hibernate.type.BasicTypeRegistry - Adding type registration java.lang.Object -&gt; org.hibernate.type.ObjectType@363042d7
16:08:34.024 [main] DEBUG org.hibernate.type.BasicTypeRegistry - Adding type registration imm_date -&gt; org.hibernate.type.AdaptedImmutableType@56f0cc85
16:08:34.024 [main] DEBUG org.hibernate.type.BasicTypeRegistry - Adding type registration imm_time -&gt; org.hibernate.type.AdaptedImmutableType@62e20a76
16:08:34.025 [main] DEBUG org.hibernate.type.BasicTypeRegistry - Adding type registration imm_timestamp -&gt; org.hibernate.type.AdaptedImmutableType@2cc44ad
16:08:34.025 [main] DEBUG org.hibernate.type.BasicTypeRegistry - Adding type registration imm_dbtimestamp -&gt; org.hibernate.type.AdaptedImmutableType@44b3606b
16:08:34.025 [main] DEBUG org.hibernate.type.BasicTypeRegistry - Adding type registration imm_calendar -&gt; org.hibernate.type.AdaptedImmutableType@1477089c
16:08:34.025 [main] DEBUG org.hibernate.type.BasicTypeRegistry - Adding type registration imm_calendar_date -&gt; org.hibernate.type.AdaptedImmutableType@663411de
16:08:34.025 [main] DEBUG org.hibernate.type.BasicTypeRegistry - Adding type registration imm_binary -&gt; org.hibernate.type.AdaptedImmutableType@63dd899
16:08:34.025 [main] DEBUG org.hibernate.type.BasicTypeRegistry - Adding type registration imm_serializable -&gt; org.hibernate.type.AdaptedImmutableType@59d2400d
16:08:34.036 [main] INFO  o.h.annotations.common.Version - HCANN000001: Hibernate Commons Annotations {4.0.4.Final}
16:08:34.044 [main] DEBUG o.h.i.f.i.DefaultIdentifierGeneratorFactory - Registering IdentifierGenerator strategy [uuid2] -&gt; [org.hibernate.id.UUIDGenerator]
16:08:34.044 [main] DEBUG o.h.i.f.i.DefaultIdentifierGeneratorFactory - Registering IdentifierGenerator strategy [guid] -&gt; [org.hibernate.id.GUIDGenerator]
16:08:34.044 [main] DEBUG o.h.i.f.i.DefaultIdentifierGeneratorFactory - Registering IdentifierGenerator strategy [uuid] -&gt; [org.hibernate.id.UUIDHexGenerator]
16:08:34.044 [main] DEBUG o.h.i.f.i.DefaultIdentifierGeneratorFactory - Registering IdentifierGenerator strategy [uuid.hex] -&gt; [org.hibernate.id.UUIDHexGenerator]
16:08:34.045 [main] DEBUG o.h.i.f.i.DefaultIdentifierGeneratorFactory - Registering IdentifierGenerator strategy [hilo] -&gt; [org.hibernate.id.TableHiLoGenerator]
16:08:34.046 [main] DEBUG o.h.i.f.i.DefaultIdentifierGeneratorFactory - Registering IdentifierGenerator strategy [assigned] -&gt; [org.hibernate.id.Assigned]
16:08:34.046 [main] DEBUG o.h.i.f.i.DefaultIdentifierGeneratorFactory - Registering IdentifierGenerator strategy [identity] -&gt; [org.hibernate.id.IdentityGenerator]
16:08:34.047 [main] DEBUG o.h.i.f.i.DefaultIdentifierGeneratorFactory - Registering IdentifierGenerator strategy [select] -&gt; [org.hibernate.id.SelectGenerator]
16:08:34.047 [main] DEBUG o.h.i.f.i.DefaultIdentifierGeneratorFactory - Registering IdentifierGenerator strategy [sequence] -&gt; [org.hibernate.id.SequenceGenerator]
16:08:34.047 [main] DEBUG o.h.i.f.i.DefaultIdentifierGeneratorFactory - Registering IdentifierGenerator strategy [seqhilo] -&gt; [org.hibernate.id.SequenceHiLoGenerator]
16:08:34.047 [main] DEBUG o.h.i.f.i.DefaultIdentifierGeneratorFactory - Registering IdentifierGenerator strategy [increment] -&gt; [org.hibernate.id.IncrementGenerator]
16:08:34.048 [main] DEBUG o.h.i.f.i.DefaultIdentifierGeneratorFactory - Registering IdentifierGenerator strategy [foreign] -&gt; [org.hibernate.id.ForeignGenerator]
16:08:34.048 [main] DEBUG o.h.i.f.i.DefaultIdentifierGeneratorFactory - Registering IdentifierGenerator strategy [sequence-identity] -&gt; [org.hibernate.id.SequenceIdentityGenerator]
16:08:34.048 [main] DEBUG o.h.i.f.i.DefaultIdentifierGeneratorFactory - Registering IdentifierGenerator strategy [enhanced-sequence] -&gt; [org.hibernate.id.enhanced.SequenceStyleGenerator]
16:08:34.049 [main] DEBUG o.h.i.f.i.DefaultIdentifierGeneratorFactory - Registering IdentifierGenerator strategy [enhanced-table] -&gt; [org.hibernate.id.enhanced.TableGenerator]
16:08:34.056 [main] DEBUG org.hibernate.cfg.Configuration - Preparing to build session factory with filters : {}
16:08:34.175 [main] DEBUG o.h.e.jdbc.internal.JdbcServicesImpl - Database -&gt;
       name : Apache Derby
    version : 10.10.1.2 - (1495037)
      major : 10
      minor : 10
16:08:34.175 [main] DEBUG o.h.e.jdbc.internal.JdbcServicesImpl - Driver -&gt;
       name : Apache Derby Network Client JDBC Driver
    version : 10.10.1.1 - (1458268)
      major : 10
      minor : 10
16:08:34.175 [main] DEBUG o.h.e.jdbc.internal.JdbcServicesImpl - JDBC version : 4.1
16:08:34.176 [main] DEBUG o.h.e.j.c.i.StandardRefCursorSupport - Unexpected error trying to gauge level of JDBC REF_CURSOR support : null
16:08:34.205 [main] INFO  org.hibernate.dialect.Dialect - HHH000400: Using dialect: org.hibernate.dialect.DerbyDialect
16:08:34.210 [main] WARN  org.hibernate.dialect.DerbyDialect - HHH000430: The DerbyDialect dialect has been deprecated; use one of the version-specific dialects instead
16:08:34.239 [main] DEBUG org.hibernate.cfg.Configuration - Processing hbm.xml files
16:08:34.239 [main] DEBUG org.hibernate.cfg.Configuration - Process annotated classes
16:08:34.241 [main] DEBUG org.hibernate.cfg.AnnotationBinder - Binding entity from annotated class: com.startup.musicstore.domain.CreditCard
16:08:34.283 [main] DEBUG org.hibernate.cfg.Ejb3Column - Binding column: Ejb3DiscriminatorColumn{logicalColumnName&apos;DTYPE&apos;, discriminatorTypeName=&apos;string&apos;}
16:08:34.288 [main] DEBUG o.h.cfg.annotations.EntityBinder - Import with entity name CreditCard
16:08:34.290 [main] DEBUG o.h.cfg.annotations.EntityBinder - Bind entity com.startup.musicstore.domain.CreditCard on table CreditCard
16:08:34.302 [main] DEBUG org.hibernate.cfg.Ejb3Column - Binding column: Ejb3Column{table=org.hibernate.mapping.Table(CreditCard), mappingColumn=id, insertable=true, updatable=true, unique=false}
16:08:34.304 [main] DEBUG o.h.cfg.annotations.PropertyBinder - MetadataSourceProcessor property id with lazy=false
16:08:34.305 [main] DEBUG o.h.cfg.AbstractPropertyHolder - Attempting to locate auto-apply AttributeConverter for property [com.startup.musicstore.domain.CreditCard:id]
16:08:34.306 [main] DEBUG o.h.c.annotations.SimpleValueBinder - building SimpleValue for id
16:08:34.307 [main] DEBUG o.h.cfg.annotations.PropertyBinder - Building property id
16:08:34.309 [main] DEBUG org.hibernate.cfg.Ejb3Column - Binding column: Ejb3Column{table=org.hibernate.mapping.Table(CreditCard), mappingColumn=balance, insertable=true, updatable=true, unique=false}
16:08:34.309 [main] DEBUG o.h.cfg.annotations.PropertyBinder - MetadataSourceProcessor property balance with lazy=false
16:08:34.310 [main] DEBUG o.h.cfg.AbstractPropertyHolder - Attempting to locate auto-apply AttributeConverter for property [com.startup.musicstore.domain.CreditCard:balance]
16:08:34.310 [main] DEBUG o.h.c.annotations.SimpleValueBinder - building SimpleValue for balance
16:08:34.310 [main] DEBUG o.h.cfg.annotations.PropertyBinder - Building property balance
16:08:34.310 [main] DEBUG org.hibernate.cfg.Ejb3Column - Binding column: Ejb3Column{table=org.hibernate.mapping.Table(CreditCard), mappingColumn=creditNumber, insertable=true, updatable=true, unique=false}
16:08:34.310 [main] DEBUG o.h.cfg.annotations.PropertyBinder - MetadataSourceProcessor property creditNumber with lazy=false
16:08:34.310 [main] DEBUG o.h.cfg.AbstractPropertyHolder - Attempting to locate auto-apply AttributeConverter for property [com.startup.musicstore.domain.CreditCard:creditNumber]
16:08:34.310 [main] DEBUG o.h.c.annotations.SimpleValueBinder - building SimpleValue for creditNumber
16:08:34.310 [main] DEBUG o.h.cfg.annotations.PropertyBinder - Building property creditNumber
16:08:34.311 [main] DEBUG org.hibernate.cfg.Ejb3Column - Binding column: Ejb3Column{table=org.hibernate.mapping.Table(CreditCard), mappingColumn=expiryDate, insertable=true, updatable=true, unique=false}
16:08:34.312 [main] DEBUG o.h.cfg.annotations.PropertyBinder - MetadataSourceProcessor property expiryDate with lazy=false
16:08:34.312 [main] DEBUG o.h.cfg.AbstractPropertyHolder - Attempting to locate auto-apply AttributeConverter for property [com.startup.musicstore.domain.CreditCard:expiryDate]
16:08:34.313 [main] DEBUG o.h.c.annotations.SimpleValueBinder - building SimpleValue for expiryDate
16:08:34.313 [main] DEBUG o.h.cfg.annotations.PropertyBinder - Building property expiryDate
16:08:34.314 [main] DEBUG org.hibernate.cfg.Ejb3Column - Binding column: Ejb3Column{table=org.hibernate.mapping.Table(CreditCard), mappingColumn=nameOnCreditCard, insertable=true, updatable=true, unique=false}
16:08:34.314 [main] DEBUG o.h.cfg.annotations.PropertyBinder - MetadataSourceProcessor property nameOnCreditCard with lazy=false
16:08:34.314 [main] DEBUG o.h.cfg.AbstractPropertyHolder - Attempting to locate auto-apply AttributeConverter for property [com.startup.musicstore.domain.CreditCard:nameOnCreditCard]
16:08:34.314 [main] DEBUG o.h.c.annotations.SimpleValueBinder - building SimpleValue for nameOnCreditCard
16:08:34.314 [main] DEBUG o.h.cfg.annotations.PropertyBinder - Building property nameOnCreditCard
16:08:34.315 [main] DEBUG org.hibernate.cfg.AnnotationBinder - Binding entity from annotated class: com.startup.musicstore.domain.MarketingInformation
16:08:34.315 [main] DEBUG org.hibernate.cfg.Ejb3Column - Binding column: Ejb3DiscriminatorColumn{logicalColumnName&apos;DTYPE&apos;, discriminatorTypeName=&apos;string&apos;}
16:08:34.315 [main] DEBUG o.h.cfg.annotations.EntityBinder - Import with entity name MarketingInformation
16:08:34.315 [main] DEBUG o.h.cfg.annotations.EntityBinder - Bind entity com.startup.musicstore.domain.MarketingInformation on table MarketingInformation
16:08:34.316 [main] DEBUG org.hibernate.cfg.Ejb3Column - Binding column: Ejb3Column{table=org.hibernate.mapping.Table(MarketingInformation), mappingColumn=id, insertable=true, updatable=true, unique=false}
16:08:34.317 [main] DEBUG o.h.cfg.annotations.PropertyBinder - MetadataSourceProcessor property id with lazy=false
16:08:34.317 [main] DEBUG o.h.cfg.AbstractPropertyHolder - Attempting to locate auto-apply AttributeConverter for property [com.startup.musicstore.domain.MarketingInformation:id]
16:08:34.318 [main] DEBUG o.h.c.annotations.SimpleValueBinder - building SimpleValue for id
16:08:34.318 [main] DEBUG o.h.cfg.annotations.PropertyBinder - Building property id
16:08:34.318 [main] DEBUG org.hibernate.cfg.Ejb3Column - Binding column: Ejb3Column{table=org.hibernate.mapping.Table(MarketingInformation), mappingColumn=artist, insertable=true, updatable=true, unique=false}
16:08:34.321 [main] DEBUG org.hibernate.cfg.Ejb3Column - Binding column: Ejb3Column{table=org.hibernate.mapping.Table(MarketingInformation), mappingColumn=firstName, insertable=true, updatable=true, unique=false}
16:08:34.321 [main] DEBUG o.h.cfg.annotations.PropertyBinder - MetadataSourceProcessor property firstName with lazy=false
16:08:34.321 [main] DEBUG o.h.cfg.AbstractPropertyHolder - Attempting to locate auto-apply AttributeConverter for property [com.startup.musicstore.domain.MarketingInformation.artist:firstName]
16:08:34.321 [main] DEBUG o.h.c.annotations.SimpleValueBinder - building SimpleValue for firstName
16:08:34.322 [main] DEBUG o.h.cfg.annotations.PropertyBinder - Building property firstName
16:08:34.322 [main] DEBUG org.hibernate.cfg.Ejb3Column - Binding column: Ejb3Column{table=org.hibernate.mapping.Table(MarketingInformation), mappingColumn=lastName, insertable=true, updatable=true, unique=false}
16:08:34.322 [main] DEBUG o.h.cfg.annotations.PropertyBinder - MetadataSourceProcessor property lastName with lazy=false
16:08:34.322 [main] DEBUG o.h.cfg.AbstractPropertyHolder - Attempting to locate auto-apply AttributeConverter for property [com.startup.musicstore.domain.MarketingInformation.artist:lastName]
16:08:34.322 [main] DEBUG o.h.c.annotations.SimpleValueBinder - building SimpleValue for lastName
16:08:34.322 [main] DEBUG o.h.cfg.annotations.PropertyBinder - Building property lastName
16:08:34.322 [main] DEBUG o.h.cfg.annotations.PropertyBinder - Building property artist
16:08:34.323 [main] DEBUG org.hibernate.cfg.Ejb3Column - Binding column: Ejb3Column{table=org.hibernate.mapping.Table(MarketingInformation), mappingColumn=review, insertable=true, updatable=true, unique=false}
16:08:34.323 [main] DEBUG org.hibernate.cfg.Ejb3Column - Binding column: Ejb3Column{table=org.hibernate.mapping.Table(MarketingInformation), mappingColumn=description, insertable=true, updatable=true, unique=false}
16:08:34.323 [main] DEBUG o.h.cfg.annotations.PropertyBinder - MetadataSourceProcessor property description with lazy=false
16:08:34.323 [main] DEBUG o.h.cfg.AbstractPropertyHolder - Attempting to locate auto-apply AttributeConverter for property [com.startup.musicstore.domain.MarketingInformation.review:description]
16:08:34.323 [main] DEBUG o.h.c.annotations.SimpleValueBinder - building SimpleValue for description
16:08:34.324 [main] DEBUG o.h.cfg.annotations.PropertyBinder - Building property description
16:08:34.324 [main] DEBUG org.hibernate.cfg.Ejb3Column - Binding column: Ejb3Column{table=org.hibernate.mapping.Table(MarketingInformation), mappingColumn=rating, insertable=true, updatable=true, unique=false}
16:08:34.324 [main] DEBUG o.h.cfg.annotations.PropertyBinder - MetadataSourceProcessor property rating with lazy=false
16:08:34.324 [main] DEBUG o.h.cfg.AbstractPropertyHolder - Attempting to locate auto-apply AttributeConverter for property [com.startup.musicstore.domain.MarketingInformation.review:rating]
16:08:34.324 [main] DEBUG o.h.c.annotations.SimpleValueBinder - building SimpleValue for rating
16:08:34.324 [main] DEBUG o.h.cfg.annotations.PropertyBinder - Building property rating
16:08:34.324 [main] DEBUG o.h.cfg.annotations.PropertyBinder - Building property review
16:08:34.324 [main] DEBUG org.hibernate.cfg.Ejb3Column - Binding column: Ejb3Column{table=org.hibernate.mapping.Table(MarketingInformation), mappingColumn=statusOfInformation, insertable=true, updatable=true, unique=false}
16:08:34.324 [main] DEBUG o.h.cfg.annotations.PropertyBinder - MetadataSourceProcessor property statusOfInformation with lazy=false
16:08:34.324 [main] DEBUG o.h.cfg.AbstractPropertyHolder - Attempting to locate auto-apply AttributeConverter for property [com.startup.musicstore.domain.MarketingInformation:statusOfInformation]
16:08:34.324 [main] DEBUG o.h.c.annotations.SimpleValueBinder - building SimpleValue for statusOfInformation
16:08:34.324 [main] DEBUG o.h.cfg.annotations.PropertyBinder - Building property statusOfInformation
16:08:34.325 [main] DEBUG org.hibernate.cfg.AnnotationBinder - Binding entity from annotated class: com.startup.musicstore.domain.Albums
16:08:34.325 [main] DEBUG org.hibernate.cfg.Ejb3Column - Binding column: Ejb3DiscriminatorColumn{logicalColumnName&apos;DTYPE&apos;, discriminatorTypeName=&apos;string&apos;}
16:08:34.325 [main] DEBUG o.h.cfg.annotations.EntityBinder - Import with entity name Albums
16:08:34.325 [main] DEBUG o.h.cfg.annotations.EntityBinder - Bind entity com.startup.musicstore.domain.Albums on table Albums
16:08:34.329 [main] DEBUG org.hibernate.cfg.Ejb3Column - Binding column: Ejb3Column{table=org.hibernate.mapping.Table(Albums), mappingColumn=id, insertable=true, updatable=true, unique=false}
16:08:34.329 [main] DEBUG o.h.cfg.annotations.PropertyBinder - MetadataSourceProcessor property id with lazy=false
16:08:34.330 [main] DEBUG o.h.cfg.AbstractPropertyHolder - Attempting to locate auto-apply AttributeConverter for property [com.startup.musicstore.domain.Albums:id]
16:08:34.330 [main] DEBUG o.h.c.annotations.SimpleValueBinder - building SimpleValue for id
16:08:34.330 [main] DEBUG o.h.cfg.annotations.PropertyBinder - Building property id
16:08:34.330 [main] DEBUG org.hibernate.cfg.Ejb3Column - Binding column: Ejb3Column{table=org.hibernate.mapping.Table(Albums), mappingColumn=albumTitle, insertable=true, updatable=true, unique=false}
16:08:34.330 [main] DEBUG o.h.cfg.annotations.PropertyBinder - MetadataSourceProcessor property albumTitle with lazy=false
16:08:34.330 [main] DEBUG o.h.cfg.AbstractPropertyHolder - Attempting to locate auto-apply AttributeConverter for property [com.startup.musicstore.domain.Albums:albumTitle]
16:08:34.330 [main] DEBUG o.h.c.annotations.SimpleValueBinder - building SimpleValue for albumTitle
16:08:34.330 [main] DEBUG o.h.cfg.annotations.PropertyBinder - Building property albumTitle
16:08:34.331 [main] DEBUG org.hibernate.cfg.Ejb3Column - Binding column: Ejb3JoinColumn{logicalColumnName=&apos;category&apos;, referencedColumn=&apos;&apos;, mappedBy=&apos;&apos;}
16:08:34.331 [main] DEBUG org.hibernate.cfg.Ejb3Column - Binding column: Ejb3Column{table=org.hibernate.mapping.Table(Albums), mappingColumn=category, insertable=true, updatable=true, unique=false}
16:08:34.333 [main] DEBUG o.h.cfg.annotations.PropertyBinder - Building property category
16:08:34.333 [main] DEBUG org.hibernate.cfg.Ejb3Column - Binding column: Ejb3JoinColumn{logicalColumnName=&apos;marketing&apos;, referencedColumn=&apos;&apos;, mappedBy=&apos;&apos;}
16:08:34.333 [main] DEBUG org.hibernate.cfg.Ejb3Column - Binding column: Ejb3Column{table=org.hibernate.mapping.Table(Albums), mappingColumn=info, insertable=true, updatable=true, unique=false}
16:08:34.333 [main] DEBUG o.h.cfg.annotations.PropertyBinder - Building property info
16:08:34.333 [main] DEBUG org.hibernate.cfg.Ejb3Column - Binding column: Ejb3Column{table=org.hibernate.mapping.Table(Albums), mappingColumn=inventory, insertable=true, updatable=true, unique=false}
16:08:34.333 [main] DEBUG o.h.cfg.annotations.PropertyBinder - MetadataSourceProcessor property inventory with lazy=false
16:08:34.333 [main] DEBUG o.h.cfg.AbstractPropertyHolder - Attempting to locate auto-apply AttributeConverter for property [com.startup.musicstore.domain.Albums:inventory]
16:08:34.334 [main] DEBUG o.h.c.annotations.SimpleValueBinder - building SimpleValue for inventory
16:08:34.334 [main] DEBUG o.h.cfg.annotations.PropertyBinder - Building property inventory
16:08:34.334 [main] DEBUG org.hibernate.cfg.Ejb3Column - Binding column: Ejb3Column{table=org.hibernate.mapping.Table(Albums), mappingColumn=sales, insertable=true, updatable=true, unique=false}
16:08:34.334 [main] DEBUG o.h.cfg.annotations.PropertyBinder - MetadataSourceProcessor property sales with lazy=false
16:08:34.334 [main] DEBUG o.h.cfg.AbstractPropertyHolder - Attempting to locate auto-apply AttributeConverter for property [com.startup.musicstore.domain.Albums:sales]
16:08:34.334 [main] DEBUG o.h.c.annotations.SimpleValueBinder - building SimpleValue for sales
16:08:34.334 [main] DEBUG o.h.cfg.annotations.PropertyBinder - Building property sales
16:08:34.334 [main] DEBUG org.hibernate.cfg.Ejb3Column - Binding column: Ejb3JoinColumn{logicalColumnName=&apos;tracks&apos;, referencedColumn=&apos;&apos;, mappedBy=&apos;&apos;}
16:08:34.335 [main] DEBUG org.hibernate.cfg.Ejb3Column - Binding column: Ejb3Column{table=org.hibernate.mapping.Table(Albums), mappingColumn=tracks, insertable=true, updatable=true, unique=false}
16:08:34.335 [main] DEBUG org.hibernate.cfg.Ejb3Column - Binding column: Ejb3Column{table=org.hibernate.mapping.Table(Albums), mappingColumn=null, insertable=true, updatable=true, unique=false}
16:08:34.341 [main] DEBUG org.hibernate.cfg.Ejb3Column - Binding column: Ejb3Column{table=org.hibernate.mapping.Table(Albums), mappingColumn=element, insertable=true, updatable=true, unique=false}
16:08:34.341 [main] DEBUG org.hibernate.cfg.Ejb3Column - Binding column: Ejb3Column{table=org.hibernate.mapping.Table(Albums), mappingColumn=tracks_KEY, insertable=true, updatable=true, unique=false}
16:08:34.341 [main] DEBUG org.hibernate.cfg.Ejb3Column - Binding column: Ejb3JoinColumn{logicalColumnName=&apos;tracks_KEY&apos;, referencedColumn=&apos;null&apos;, mappedBy=&apos;null&apos;}
16:08:34.341 [main] DEBUG org.hibernate.cfg.Ejb3Column - Binding column: Ejb3JoinColumn{logicalColumnName=&apos;null&apos;, referencedColumn=&apos;null&apos;, mappedBy=&apos;&apos;}
16:08:34.341 [main] DEBUG org.hibernate.cfg.Ejb3Column - Binding column: Ejb3JoinColumn{logicalColumnName=&apos;null&apos;, referencedColumn=&apos;null&apos;, mappedBy=&apos;&apos;}
16:08:34.342 [main] DEBUG o.h.cfg.annotations.CollectionBinder - Collection role: com.startup.musicstore.domain.Albums.tracks
16:08:34.343 [main] DEBUG o.h.cfg.annotations.PropertyBinder - Building property tracks
16:08:34.343 [main] DEBUG org.hibernate.cfg.Ejb3Column - Binding column: Ejb3Column{table=org.hibernate.mapping.Table(Albums), mappingColumn=unitPrice, insertable=true, updatable=true, unique=false}
16:08:34.343 [main] DEBUG o.h.cfg.annotations.PropertyBinder - MetadataSourceProcessor property unitPrice with lazy=false
16:08:34.343 [main] DEBUG o.h.cfg.AbstractPropertyHolder - Attempting to locate auto-apply AttributeConverter for property [com.startup.musicstore.domain.Albums:unitPrice]
16:08:34.344 [main] DEBUG o.h.c.annotations.SimpleValueBinder - building SimpleValue for unitPrice
16:08:34.344 [main] DEBUG o.h.cfg.annotations.PropertyBinder - Building property unitPrice
16:08:34.344 [main] DEBUG org.hibernate.cfg.AnnotationBinder - Binding entity from annotated class: com.startup.musicstore.domain.OrderItem
16:08:34.344 [main] DEBUG org.hibernate.cfg.Ejb3Column - Binding column: Ejb3DiscriminatorColumn{logicalColumnName&apos;DTYPE&apos;, discriminatorTypeName=&apos;string&apos;}
16:08:34.344 [main] DEBUG o.h.cfg.annotations.EntityBinder - Import with entity name OrderItem
16:08:34.344 [main] DEBUG o.h.cfg.annotations.EntityBinder - Bind entity com.startup.musicstore.domain.OrderItem on table OrderItem
16:08:34.344 [main] DEBUG org.hibernate.cfg.Ejb3Column - Binding column: Ejb3Column{table=org.hibernate.mapping.Table(OrderItem), mappingColumn=id, insertable=true, updatable=true, unique=false}
16:08:34.344 [main] DEBUG o.h.cfg.annotations.PropertyBinder - MetadataSourceProcessor property id with lazy=false
16:08:34.345 [main] DEBUG o.h.cfg.AbstractPropertyHolder - Attempting to locate auto-apply AttributeConverter for property [com.startup.musicstore.domain.OrderItem:id]
16:08:34.345 [main] DEBUG o.h.c.annotations.SimpleValueBinder - building SimpleValue for id
16:08:34.345 [main] DEBUG o.h.cfg.annotations.PropertyBinder - Building property id
16:08:34.345 [main] DEBUG org.hibernate.cfg.Ejb3Column - Binding column: Ejb3JoinColumn{logicalColumnName=&apos;tracks&apos;, referencedColumn=&apos;&apos;, mappedBy=&apos;&apos;}
16:08:34.345 [main] DEBUG org.hibernate.cfg.Ejb3Column - Binding column: Ejb3Column{table=org.hibernate.mapping.Table(OrderItem), mappingColumn=albums, insertable=true, updatable=true, unique=false}
16:08:34.345 [main] DEBUG org.hibernate.cfg.Ejb3Column - Binding column: Ejb3Column{table=org.hibernate.mapping.Table(OrderItem), mappingColumn=null, insertable=true, updatable=true, unique=false}
16:08:34.345 [main] DEBUG org.hibernate.cfg.Ejb3Column - Binding column: Ejb3Column{table=org.hibernate.mapping.Table(OrderItem), mappingColumn=element, insertable=true, updatable=true, unique=false}
16:08:34.345 [main] DEBUG org.hibernate.cfg.Ejb3Column - Binding column: Ejb3Column{table=org.hibernate.mapping.Table(OrderItem), mappingColumn=albums_KEY, insertable=true, updatable=true, unique=false}
16:08:34.345 [main] DEBUG org.hibernate.cfg.Ejb3Column - Binding column: Ejb3JoinColumn{logicalColumnName=&apos;albums_KEY&apos;, referencedColumn=&apos;null&apos;, mappedBy=&apos;null&apos;}
16:08:34.345 [main] DEBUG org.hibernate.cfg.Ejb3Column - Binding column: Ejb3JoinColumn{logicalColumnName=&apos;null&apos;, referencedColumn=&apos;null&apos;, mappedBy=&apos;&apos;}
16:08:34.345 [main] DEBUG org.hibernate.cfg.Ejb3Column - Binding column: Ejb3JoinColumn{logicalColumnName=&apos;null&apos;, referencedColumn=&apos;null&apos;, mappedBy=&apos;&apos;}
16:08:34.345 [main] DEBUG o.h.cfg.annotations.CollectionBinder - Collection role: com.startup.musicstore.domain.OrderItem.albums
16:08:34.345 [main] DEBUG o.h.cfg.annotations.PropertyBinder - Building property albums
16:08:34.346 [main] DEBUG org.hibernate.cfg.Ejb3Column - Binding column: Ejb3Column{table=org.hibernate.mapping.Table(OrderItem), mappingColumn=quantity, insertable=true, updatable=true, unique=false}
16:08:34.346 [main] DEBUG o.h.cfg.annotations.PropertyBinder - MetadataSourceProcessor property quantity with lazy=false
16:08:34.346 [main] DEBUG o.h.cfg.AbstractPropertyHolder - Attempting to locate auto-apply AttributeConverter for property [com.startup.musicstore.domain.OrderItem:quantity]
16:08:34.346 [main] DEBUG o.h.c.annotations.SimpleValueBinder - building SimpleValue for quantity
16:08:34.346 [main] DEBUG o.h.cfg.annotations.PropertyBinder - Building property quantity
16:08:34.346 [main] DEBUG org.hibernate.cfg.AnnotationBinder - Binding entity from annotated class: com.startup.musicstore.domain.Track
16:08:34.346 [main] DEBUG org.hibernate.cfg.Ejb3Column - Binding column: Ejb3DiscriminatorColumn{logicalColumnName&apos;DTYPE&apos;, discriminatorTypeName=&apos;string&apos;}
16:08:34.346 [main] DEBUG o.h.cfg.annotations.EntityBinder - Import with entity name Track
16:08:34.346 [main] DEBUG o.h.cfg.annotations.EntityBinder - Bind entity com.startup.musicstore.domain.Track on table Track
16:08:34.347 [main] DEBUG org.hibernate.cfg.Ejb3Column - Binding column: Ejb3Column{table=org.hibernate.mapping.Table(Track), mappingColumn=id, insertable=true, updatable=true, unique=false}
16:08:34.347 [main] DEBUG o.h.cfg.annotations.PropertyBinder - MetadataSourceProcessor property id with lazy=false
16:08:34.347 [main] DEBUG o.h.cfg.AbstractPropertyHolder - Attempting to locate auto-apply AttributeConverter for property [com.startup.musicstore.domain.Track:id]
16:08:34.347 [main] DEBUG o.h.c.annotations.SimpleValueBinder - building SimpleValue for id
16:08:34.347 [main] DEBUG o.h.cfg.annotations.PropertyBinder - Building property id
16:08:34.347 [main] DEBUG org.hibernate.cfg.Ejb3Column - Binding column: Ejb3JoinColumn{logicalColumnName=&apos;URL&apos;, referencedColumn=&apos;&apos;, mappedBy=&apos;&apos;}
16:08:34.347 [main] DEBUG org.hibernate.cfg.Ejb3Column - Binding column: Ejb3Column{table=org.hibernate.mapping.Table(Track), mappingColumn=sample, insertable=true, updatable=true, unique=false}
16:08:34.350 [main] DEBUG org.hibernate.cfg.Ejb3Column - Binding column: Ejb3Column{table=org.hibernate.mapping.Table(Track), mappingColumn=sampleURL, insertable=true, updatable=true, unique=false}
16:08:34.350 [main] DEBUG o.h.cfg.annotations.PropertyBinder - MetadataSourceProcessor property sampleURL with lazy=false
16:08:34.350 [main] DEBUG o.h.cfg.AbstractPropertyHolder - Attempting to locate auto-apply AttributeConverter for property [com.startup.musicstore.domain.Track.sample:sampleURL]
16:08:34.350 [main] DEBUG o.h.c.annotations.SimpleValueBinder - building SimpleValue for sampleURL
16:08:34.350 [main] DEBUG o.h.cfg.annotations.PropertyBinder - Building property sampleURL
16:08:34.350 [main] DEBUG o.h.cfg.annotations.PropertyBinder - Building property sample
16:08:34.350 [main] DEBUG org.hibernate.cfg.Ejb3Column - Binding column: Ejb3Column{table=org.hibernate.mapping.Table(Track), mappingColumn=trackTitle, insertable=true, updatable=true, unique=false}
16:08:34.350 [main] DEBUG o.h.cfg.annotations.PropertyBinder - MetadataSourceProcessor property trackTitle with lazy=false
16:08:34.350 [main] DEBUG o.h.cfg.AbstractPropertyHolder - Attempting to locate auto-apply AttributeConverter for property [com.startup.musicstore.domain.Track:trackTitle]
16:08:34.350 [main] DEBUG o.h.c.annotations.SimpleValueBinder - building SimpleValue for trackTitle
16:08:34.350 [main] DEBUG o.h.cfg.annotations.PropertyBinder - Building property trackTitle
16:08:34.350 [main] DEBUG org.hibernate.cfg.Ejb3Column - Binding column: Ejb3Column{table=org.hibernate.mapping.Table(Track), mappingColumn=tracknumber, insertable=true, updatable=true, unique=false}
16:08:34.351 [main] DEBUG o.h.cfg.annotations.PropertyBinder - MetadataSourceProcessor property tracknumber with lazy=false
16:08:34.351 [main] DEBUG o.h.cfg.AbstractPropertyHolder - Attempting to locate auto-apply AttributeConverter for property [com.startup.musicstore.domain.Track:tracknumber]
16:08:34.351 [main] DEBUG o.h.c.annotations.SimpleValueBinder - building SimpleValue for tracknumber
16:08:34.351 [main] DEBUG o.h.cfg.annotations.PropertyBinder - Building property tracknumber
16:08:34.351 [main] DEBUG org.hibernate.cfg.AnnotationBinder - Binding entity from annotated class: com.startup.musicstore.domain.AlbumCategory
16:08:34.351 [main] DEBUG org.hibernate.cfg.Ejb3Column - Binding column: Ejb3DiscriminatorColumn{logicalColumnName&apos;DTYPE&apos;, discriminatorTypeName=&apos;string&apos;}
16:08:34.351 [main] DEBUG o.h.cfg.annotations.EntityBinder - Import with entity name AlbumCategory
16:08:34.351 [main] DEBUG o.h.cfg.annotations.EntityBinder - Bind entity com.startup.musicstore.domain.AlbumCategory on table AlbumCategory
16:08:34.351 [main] DEBUG org.hibernate.cfg.Ejb3Column - Binding column: Ejb3Column{table=org.hibernate.mapping.Table(AlbumCategory), mappingColumn=id, insertable=true, updatable=true, unique=false}
16:08:34.351 [main] DEBUG o.h.cfg.annotations.PropertyBinder - MetadataSourceProcessor property id with lazy=false
16:08:34.352 [main] DEBUG o.h.cfg.AbstractPropertyHolder - Attempting to locate auto-apply AttributeConverter for property [com.startup.musicstore.domain.AlbumCategory:id]
16:08:34.352 [main] DEBUG o.h.c.annotations.SimpleValueBinder - building SimpleValue for id
16:08:34.352 [main] DEBUG o.h.cfg.annotations.PropertyBinder - Building property id
16:08:34.352 [main] DEBUG org.hibernate.cfg.Ejb3Column - Binding column: Ejb3Column{table=org.hibernate.mapping.Table(AlbumCategory), mappingColumn=categoryName, insertable=true, updatable=true, unique=false}
16:08:34.352 [main] DEBUG o.h.cfg.annotations.PropertyBinder - MetadataSourceProcessor property categoryName with lazy=false
16:08:34.352 [main] DEBUG o.h.cfg.AbstractPropertyHolder - Attempting to locate auto-apply AttributeConverter for property [com.startup.musicstore.domain.AlbumCategory:categoryName]
16:08:34.352 [main] DEBUG o.h.c.annotations.SimpleValueBinder - building SimpleValue for categoryName
16:08:34.352 [main] DEBUG o.h.cfg.annotations.PropertyBinder - Building property categoryName
16:08:34.352 [main] DEBUG org.hibernate.cfg.AnnotationBinder - Binding entity from annotated class: com.startup.musicstore.domain.Customer
16:08:34.352 [main] DEBUG org.hibernate.cfg.Ejb3Column - Binding column: Ejb3DiscriminatorColumn{logicalColumnName&apos;DTYPE&apos;, discriminatorTypeName=&apos;string&apos;}
16:08:34.352 [main] DEBUG o.h.cfg.annotations.EntityBinder - Import with entity name Customer
16:08:34.353 [main] DEBUG o.h.cfg.annotations.EntityBinder - Bind entity com.startup.musicstore.domain.Customer on table Customer
16:08:34.353 [main] DEBUG org.hibernate.cfg.Ejb3Column - Binding column: Ejb3Column{table=org.hibernate.mapping.Table(Customer), mappingColumn=id, insertable=true, updatable=true, unique=false}
16:08:34.354 [main] DEBUG o.h.cfg.annotations.PropertyBinder - MetadataSourceProcessor property id with lazy=false
16:08:34.354 [main] DEBUG o.h.cfg.AbstractPropertyHolder - Attempting to locate auto-apply AttributeConverter for property [com.startup.musicstore.domain.Customer:id]
16:08:34.355 [main] DEBUG o.h.c.annotations.SimpleValueBinder - building SimpleValue for id
16:08:34.355 [main] DEBUG o.h.cfg.annotations.PropertyBinder - Building property id
16:08:34.355 [main] DEBUG org.hibernate.cfg.Ejb3Column - Binding column: Ejb3JoinColumn{logicalColumnName=&apos;contact&apos;, referencedColumn=&apos;&apos;, mappedBy=&apos;&apos;}
16:08:34.355 [main] DEBUG org.hibernate.cfg.Ejb3Column - Binding column: Ejb3Column{table=org.hibernate.mapping.Table(Customer), mappingColumn=contact, insertable=true, updatable=true, unique=false}
16:08:34.356 [main] DEBUG org.hibernate.cfg.Ejb3Column - Binding column: Ejb3Column{table=org.hibernate.mapping.Table(Customer), mappingColumn=cellNumber, insertable=true, updatable=true, unique=false}
16:08:34.356 [main] DEBUG o.h.cfg.annotations.PropertyBinder - MetadataSourceProcessor property cellNumber with lazy=false
16:08:34.356 [main] DEBUG o.h.cfg.AbstractPropertyHolder - Attempting to locate auto-apply AttributeConverter for property [com.startup.musicstore.domain.Customer.contact:cellNumber]
16:08:34.356 [main] DEBUG o.h.c.annotations.SimpleValueBinder - building SimpleValue for cellNumber
16:08:34.356 [main] DEBUG o.h.cfg.annotations.PropertyBinder - Building property cellNumber
16:08:34.356 [main] DEBUG org.hibernate.cfg.Ejb3Column - Binding column: Ejb3Column{table=org.hibernate.mapping.Table(Customer), mappingColumn=phonenumber, insertable=true, updatable=true, unique=false}
16:08:34.356 [main] DEBUG o.h.cfg.annotations.PropertyBinder - MetadataSourceProcessor property phonenumber with lazy=false
16:08:34.356 [main] DEBUG o.h.cfg.AbstractPropertyHolder - Attempting to locate auto-apply AttributeConverter for property [com.startup.musicstore.domain.Customer.contact:phonenumber]
16:08:34.356 [main] DEBUG o.h.c.annotations.SimpleValueBinder - building SimpleValue for phonenumber
16:08:34.356 [main] DEBUG o.h.cfg.annotations.PropertyBinder - Building property phonenumber
16:08:34.356 [main] DEBUG o.h.cfg.annotations.PropertyBinder - Building property contact
16:08:34.357 [main] DEBUG org.hibernate.cfg.Ejb3Column - Binding column: Ejb3JoinColumn{logicalColumnName=&apos;CreditCard&apos;, referencedColumn=&apos;&apos;, mappedBy=&apos;&apos;}
16:08:34.357 [main] DEBUG org.hibernate.cfg.Ejb3Column - Binding column: Ejb3Column{table=org.hibernate.mapping.Table(Customer), mappingColumn=creditCards, insertable=true, updatable=true, unique=false}
16:08:34.357 [main] DEBUG org.hibernate.cfg.Ejb3Column - Binding column: Ejb3Column{table=org.hibernate.mapping.Table(Customer), mappingColumn=null, insertable=true, updatable=true, unique=false}
16:08:34.357 [main] DEBUG org.hibernate.cfg.Ejb3Column - Binding column: Ejb3Column{table=org.hibernate.mapping.Table(Customer), mappingColumn=element, insertable=true, updatable=true, unique=false}
16:08:34.357 [main] DEBUG org.hibernate.cfg.Ejb3Column - Binding column: Ejb3Column{table=org.hibernate.mapping.Table(Customer), mappingColumn=creditCards_KEY, insertable=true, updatable=true, unique=false}
16:08:34.357 [main] DEBUG org.hibernate.cfg.Ejb3Column - Binding column: Ejb3JoinColumn{logicalColumnName=&apos;creditCards_KEY&apos;, referencedColumn=&apos;null&apos;, mappedBy=&apos;null&apos;}
16:08:34.357 [main] DEBUG org.hibernate.cfg.Ejb3Column - Binding column: Ejb3JoinColumn{logicalColumnName=&apos;null&apos;, referencedColumn=&apos;null&apos;, mappedBy=&apos;&apos;}
16:08:34.357 [main] DEBUG org.hibernate.cfg.Ejb3Column - Binding column: Ejb3JoinColumn{logicalColumnName=&apos;null&apos;, referencedColumn=&apos;null&apos;, mappedBy=&apos;&apos;}
16:08:34.357 [main] DEBUG o.h.cfg.annotations.CollectionBinder - Collection role: com.startup.musicstore.domain.Customer.creditCards
16:08:34.357 [main] DEBUG o.h.cfg.annotations.PropertyBinder - Building property creditCards
16:08:34.357 [main] DEBUG org.hibernate.cfg.Ejb3Column - Binding column: Ejb3JoinColumn{logicalColumnName=&apos;CustomerAddress&apos;, referencedColumn=&apos;&apos;, mappedBy=&apos;&apos;}
16:08:34.358 [main] DEBUG org.hibernate.cfg.Ejb3Column - Binding column: Ejb3Column{table=org.hibernate.mapping.Table(Customer), mappingColumn=customerAddress, insertable=true, updatable=true, unique=false}
16:08:34.358 [main] DEBUG org.hibernate.cfg.Ejb3Column - Binding column: Ejb3Column{table=org.hibernate.mapping.Table(Customer), mappingColumn=postalAddress, insertable=true, updatable=true, unique=false}
16:08:34.358 [main] DEBUG o.h.cfg.annotations.PropertyBinder - MetadataSourceProcessor property postalAddress with lazy=false
16:08:34.358 [main] DEBUG o.h.cfg.AbstractPropertyHolder - Attempting to locate auto-apply AttributeConverter for property [com.startup.musicstore.domain.Customer.customerAddress:postalAddress]
16:08:34.358 [main] DEBUG o.h.c.annotations.SimpleValueBinder - building SimpleValue for postalAddress
16:08:34.358 [main] DEBUG o.h.cfg.annotations.PropertyBinder - Building property postalAddress
16:08:34.359 [main] DEBUG org.hibernate.cfg.Ejb3Column - Binding column: Ejb3Column{table=org.hibernate.mapping.Table(Customer), mappingColumn=streetAddress, insertable=true, updatable=true, unique=false}
16:08:34.359 [main] DEBUG o.h.cfg.annotations.PropertyBinder - MetadataSourceProcessor property streetAddress with lazy=false
16:08:34.359 [main] DEBUG o.h.cfg.AbstractPropertyHolder - Attempting to locate auto-apply AttributeConverter for property [com.startup.musicstore.domain.Customer.customerAddress:streetAddress]
16:08:34.359 [main] DEBUG o.h.c.annotations.SimpleValueBinder - building SimpleValue for streetAddress
16:08:34.359 [main] DEBUG o.h.cfg.annotations.PropertyBinder - Building property streetAddress
16:08:34.359 [main] DEBUG o.h.cfg.annotations.PropertyBinder - Building property customerAddress
16:08:34.359 [main] DEBUG org.hibernate.cfg.Ejb3Column - Binding column: Ejb3Column{table=org.hibernate.mapping.Table(Customer), mappingColumn=customerNumber, insertable=true, updatable=true, unique=false}
16:08:34.359 [main] DEBUG o.h.cfg.annotations.PropertyBinder - MetadataSourceProcessor property customerNumber with lazy=false
16:08:34.359 [main] DEBUG o.h.cfg.AbstractPropertyHolder - Attempting to locate auto-apply AttributeConverter for property [com.startup.musicstore.domain.Customer:customerNumber]
16:08:34.359 [main] DEBUG o.h.c.annotations.SimpleValueBinder - building SimpleValue for customerNumber
16:08:34.360 [main] DEBUG o.h.cfg.annotations.PropertyBinder - Building property customerNumber
16:08:34.360 [main] DEBUG org.hibernate.cfg.Ejb3Column - Binding column: Ejb3JoinColumn{logicalColumnName=&apos;Demographic&apos;, referencedColumn=&apos;&apos;, mappedBy=&apos;&apos;}
16:08:34.360 [main] DEBUG org.hibernate.cfg.Ejb3Column - Binding column: Ejb3Column{table=org.hibernate.mapping.Table(Customer), mappingColumn=demographic, insertable=true, updatable=true, unique=false}
16:08:34.360 [main] DEBUG org.hibernate.cfg.Ejb3Column - Binding column: Ejb3Column{table=org.hibernate.mapping.Table(Customer), mappingColumn=dateOfBirth, insertable=true, updatable=true, unique=false}
16:08:34.360 [main] DEBUG o.h.cfg.annotations.PropertyBinder - MetadataSourceProcessor property dateOfBirth with lazy=false
16:08:34.360 [main] DEBUG o.h.cfg.AbstractPropertyHolder - Attempting to locate auto-apply AttributeConverter for property [com.startup.musicstore.domain.Customer.demographic:dateOfBirth]
16:08:34.360 [main] DEBUG o.h.c.annotations.SimpleValueBinder - building SimpleValue for dateOfBirth
16:08:34.360 [main] DEBUG o.h.cfg.annotations.PropertyBinder - Building property dateOfBirth
16:08:34.361 [main] DEBUG org.hibernate.cfg.Ejb3Column - Binding column: Ejb3Column{table=org.hibernate.mapping.Table(Customer), mappingColumn=gender, insertable=true, updatable=true, unique=false}
16:08:34.361 [main] DEBUG o.h.cfg.annotations.PropertyBinder - MetadataSourceProcessor property gender with lazy=false
16:08:34.361 [main] DEBUG o.h.cfg.AbstractPropertyHolder - Attempting to locate auto-apply AttributeConverter for property [com.startup.musicstore.domain.Customer.demographic:gender]
16:08:34.361 [main] DEBUG o.h.c.annotations.SimpleValueBinder - building SimpleValue for gender
16:08:34.361 [main] DEBUG o.h.cfg.annotations.PropertyBinder - Building property gender
16:08:34.361 [main] DEBUG org.hibernate.cfg.Ejb3Column - Binding column: Ejb3Column{table=org.hibernate.mapping.Table(Customer), mappingColumn=race, insertable=true, updatable=true, unique=false}
16:08:34.361 [main] DEBUG o.h.cfg.annotations.PropertyBinder - MetadataSourceProcessor property race with lazy=false
16:08:34.361 [main] DEBUG o.h.cfg.AbstractPropertyHolder - Attempting to locate auto-apply AttributeConverter for property [com.startup.musicstore.domain.Customer.demographic:race]
16:08:34.361 [main] DEBUG o.h.c.annotations.SimpleValueBinder - building SimpleValue for race
16:08:34.361 [main] DEBUG o.h.cfg.annotations.PropertyBinder - Building property race
16:08:34.361 [main] DEBUG o.h.cfg.annotations.PropertyBinder - Building property demographic
16:08:34.362 [main] DEBUG org.hibernate.cfg.Ejb3Column - Binding column: Ejb3JoinColumn{logicalColumnName=&apos;name&apos;, referencedColumn=&apos;&apos;, mappedBy=&apos;&apos;}
16:08:34.362 [main] DEBUG org.hibernate.cfg.Ejb3Column - Binding column: Ejb3Column{table=org.hibernate.mapping.Table(Customer), mappingColumn=name, insertable=true, updatable=true, unique=false}
16:08:34.362 [main] DEBUG org.hibernate.cfg.Ejb3Column - Binding column: Ejb3Column{table=org.hibernate.mapping.Table(Customer), mappingColumn=firstName, insertable=true, updatable=true, unique=false}
16:08:34.362 [main] DEBUG o.h.cfg.annotations.PropertyBinder - MetadataSourceProcessor property firstName with lazy=false
16:08:34.363 [main] DEBUG o.h.cfg.AbstractPropertyHolder - Attempting to locate auto-apply AttributeConverter for property [com.startup.musicstore.domain.Customer.name:firstName]
16:08:34.363 [main] DEBUG o.h.c.annotations.SimpleValueBinder - building SimpleValue for firstName
16:08:34.363 [main] DEBUG o.h.cfg.annotations.PropertyBinder - Building property firstName
16:08:34.363 [main] DEBUG org.hibernate.cfg.Ejb3Column - Binding column: Ejb3Column{table=org.hibernate.mapping.Table(Customer), mappingColumn=lastName, insertable=true, updatable=true, unique=false}
16:08:34.363 [main] DEBUG o.h.cfg.annotations.PropertyBinder - MetadataSourceProcessor property lastName with lazy=false
16:08:34.363 [main] DEBUG o.h.cfg.AbstractPropertyHolder - Attempting to locate auto-apply AttributeConverter for property [com.startup.musicstore.domain.Customer.name:lastName]
16:08:34.363 [main] DEBUG o.h.c.annotations.SimpleValueBinder - building SimpleValue for lastName
16:08:34.363 [main] DEBUG o.h.cfg.annotations.PropertyBinder - Building property lastName
16:08:34.363 [main] DEBUG o.h.cfg.annotations.PropertyBinder - Building property name
16:08:34.363 [main] DEBUG org.hibernate.cfg.Ejb3Column - Binding column: Ejb3JoinColumn{logicalColumnName=&apos;Orders&apos;, referencedColumn=&apos;&apos;, mappedBy=&apos;&apos;}
16:08:34.363 [main] DEBUG org.hibernate.cfg.Ejb3Column - Binding column: Ejb3Column{table=org.hibernate.mapping.Table(Customer), mappingColumn=orders, insertable=true, updatable=true, unique=false}
16:08:34.364 [main] DEBUG org.hibernate.cfg.Ejb3Column - Binding column: Ejb3Column{table=org.hibernate.mapping.Table(Customer), mappingColumn=null, insertable=true, updatable=true, unique=false}
16:08:34.364 [main] DEBUG org.hibernate.cfg.Ejb3Column - Binding column: Ejb3Column{table=org.hibernate.mapping.Table(Customer), mappingColumn=element, insertable=true, updatable=true, unique=false}
16:08:34.364 [main] DEBUG org.hibernate.cfg.Ejb3Column - Binding column: Ejb3Column{table=org.hibernate.mapping.Table(Customer), mappingColumn=orders_KEY, insertable=true, updatable=true, unique=false}
16:08:34.364 [main] DEBUG org.hibernate.cfg.Ejb3Column - Binding column: Ejb3JoinColumn{logicalColumnName=&apos;orders_KEY&apos;, referencedColumn=&apos;null&apos;, mappedBy=&apos;null&apos;}
16:08:34.364 [main] DEBUG org.hibernate.cfg.Ejb3Column - Binding column: Ejb3JoinColumn{logicalColumnName=&apos;null&apos;, referencedColumn=&apos;null&apos;, mappedBy=&apos;&apos;}
16:08:34.364 [main] DEBUG org.hibernate.cfg.Ejb3Column - Binding column: Ejb3JoinColumn{logicalColumnName=&apos;null&apos;, referencedColumn=&apos;null&apos;, mappedBy=&apos;&apos;}
16:08:34.364 [main] DEBUG o.h.cfg.annotations.CollectionBinder - Collection role: com.startup.musicstore.domain.Customer.orders
16:08:34.364 [main] DEBUG o.h.cfg.annotations.PropertyBinder - Building property orders
16:08:34.365 [main] DEBUG org.hibernate.cfg.AnnotationBinder - Binding entity from annotated class: com.startup.musicstore.domain.OrderData
16:08:34.365 [main] DEBUG org.hibernate.cfg.Ejb3Column - Binding column: Ejb3DiscriminatorColumn{logicalColumnName&apos;DTYPE&apos;, discriminatorTypeName=&apos;string&apos;}
16:08:34.365 [main] DEBUG o.h.cfg.annotations.EntityBinder - Import with entity name OrderData
16:08:34.365 [main] DEBUG o.h.cfg.annotations.EntityBinder - Bind entity com.startup.musicstore.domain.OrderData on table OrderData
16:08:34.366 [main] DEBUG org.hibernate.cfg.Ejb3Column - Binding column: Ejb3Column{table=org.hibernate.mapping.Table(OrderData), mappingColumn=id, insertable=true, updatable=true, unique=false}
16:08:34.367 [main] DEBUG o.h.cfg.annotations.PropertyBinder - MetadataSourceProcessor property id with lazy=false
16:08:34.367 [main] DEBUG o.h.cfg.AbstractPropertyHolder - Attempting to locate auto-apply AttributeConverter for property [com.startup.musicstore.domain.OrderData:id]
16:08:34.367 [main] DEBUG o.h.c.annotations.SimpleValueBinder - building SimpleValue for id
16:08:34.367 [main] DEBUG o.h.cfg.annotations.PropertyBinder - Building property id
16:08:34.367 [main] DEBUG org.hibernate.cfg.Ejb3Column - Binding column: Ejb3Column{table=org.hibernate.mapping.Table(OrderData), mappingColumn=Q, insertable=true, updatable=true, unique=false}
16:08:34.367 [main] DEBUG o.h.cfg.annotations.PropertyBinder - MetadataSourceProcessor property Q with lazy=false
16:08:34.367 [main] DEBUG o.h.cfg.AbstractPropertyHolder - Attempting to locate auto-apply AttributeConverter for property [com.startup.musicstore.domain.OrderData:Q]
16:08:34.367 [main] DEBUG o.h.c.annotations.SimpleValueBinder - building SimpleValue for Q
16:08:34.367 [main] DEBUG o.h.cfg.annotations.PropertyBinder - Building property Q
16:08:34.367 [main] DEBUG org.hibernate.cfg.Ejb3Column - Binding column: Ejb3Column{table=org.hibernate.mapping.Table(OrderData), mappingColumn=date, insertable=true, updatable=true, unique=false}
16:08:34.367 [main] DEBUG o.h.cfg.annotations.PropertyBinder - MetadataSourceProcessor property date with lazy=false
16:08:34.367 [main] DEBUG o.h.cfg.AbstractPropertyHolder - Attempting to locate auto-apply AttributeConverter for property [com.startup.musicstore.domain.OrderData:date]
16:08:34.368 [main] DEBUG o.h.c.annotations.SimpleValueBinder - building SimpleValue for date
16:08:34.368 [main] DEBUG o.h.cfg.annotations.PropertyBinder - Building property date
16:08:34.368 [main] DEBUG org.hibernate.cfg.Ejb3Column - Binding column: Ejb3JoinColumn{logicalColumnName=&apos;invoices&apos;, referencedColumn=&apos;&apos;, mappedBy=&apos;&apos;}
16:08:34.368 [main] DEBUG org.hibernate.cfg.Ejb3Column - Binding column: Ejb3Column{table=org.hibernate.mapping.Table(OrderData), mappingColumn=invoice, insertable=true, updatable=true, unique=false}
16:08:34.368 [main] DEBUG org.hibernate.cfg.Ejb3Column - Binding column: Ejb3Column{table=org.hibernate.mapping.Table(OrderData), mappingColumn=invoiceStatus, insertable=true, updatable=true, unique=false}
16:08:34.368 [main] DEBUG o.h.cfg.annotations.PropertyBinder - MetadataSourceProcessor property invoiceStatus with lazy=false
16:08:34.368 [main] DEBUG o.h.cfg.AbstractPropertyHolder - Attempting to locate auto-apply AttributeConverter for property [com.startup.musicstore.domain.OrderData.invoice:invoiceStatus]
16:08:34.369 [main] DEBUG o.h.c.annotations.SimpleValueBinder - building SimpleValue for invoiceStatus
16:08:34.369 [main] DEBUG o.h.cfg.annotations.PropertyBinder - Building property invoiceStatus
16:08:34.369 [main] DEBUG org.hibernate.cfg.Ejb3Column - Binding column: Ejb3Column{table=org.hibernate.mapping.Table(OrderData), mappingColumn=invoicedate, insertable=true, updatable=true, unique=false}
16:08:34.369 [main] DEBUG o.h.cfg.annotations.PropertyBinder - MetadataSourceProcessor property invoicedate with lazy=false
16:08:34.369 [main] DEBUG o.h.cfg.AbstractPropertyHolder - Attempting to locate auto-apply AttributeConverter for property [com.startup.musicstore.domain.OrderData.invoice:invoicedate]
16:08:34.369 [main] DEBUG o.h.c.annotations.SimpleValueBinder - building SimpleValue for invoicedate
16:08:34.370 [main] DEBUG o.h.cfg.annotations.PropertyBinder - Building property invoicedate
16:08:34.370 [main] DEBUG org.hibernate.cfg.Ejb3Column - Binding column: Ejb3Column{table=org.hibernate.mapping.Table(OrderData), mappingColumn=orderAmount, insertable=true, updatable=true, unique=false}
16:08:34.370 [main] DEBUG o.h.cfg.annotations.PropertyBinder - MetadataSourceProcessor property orderAmount with lazy=false
16:08:34.370 [main] DEBUG o.h.cfg.AbstractPropertyHolder - Attempting to locate auto-apply AttributeConverter for property [com.startup.musicstore.domain.OrderData.invoice:orderAmount]
16:08:34.370 [main] DEBUG o.h.c.annotations.SimpleValueBinder - building SimpleValue for orderAmount
16:08:34.370 [main] DEBUG o.h.cfg.annotations.PropertyBinder - Building property orderAmount
16:08:34.370 [main] DEBUG o.h.cfg.annotations.PropertyBinder - Building property invoice
16:08:34.370 [main] DEBUG org.hibernate.cfg.Ejb3Column - Binding column: Ejb3JoinColumn{logicalColumnName=&apos;items&apos;, referencedColumn=&apos;&apos;, mappedBy=&apos;&apos;}
16:08:34.371 [main] DEBUG org.hibernate.cfg.Ejb3Column - Binding column: Ejb3Column{table=org.hibernate.mapping.Table(OrderData), mappingColumn=items, insertable=true, updatable=true, unique=false}
16:08:34.371 [main] DEBUG org.hibernate.cfg.Ejb3Column - Binding column: Ejb3Column{table=org.hibernate.mapping.Table(OrderData), mappingColumn=null, insertable=true, updatable=true, unique=false}
16:08:34.371 [main] DEBUG org.hibernate.cfg.Ejb3Column - Binding column: Ejb3Column{table=org.hibernate.mapping.Table(OrderData), mappingColumn=element, insertable=true, updatable=true, unique=false}
16:08:34.371 [main] DEBUG org.hibernate.cfg.Ejb3Column - Binding column: Ejb3Column{table=org.hibernate.mapping.Table(OrderData), mappingColumn=items_KEY, insertable=true, updatable=true, unique=false}
16:08:34.371 [main] DEBUG org.hibernate.cfg.Ejb3Column - Binding column: Ejb3JoinColumn{logicalColumnName=&apos;items_KEY&apos;, referencedColumn=&apos;null&apos;, mappedBy=&apos;null&apos;}
16:08:34.371 [main] DEBUG org.hibernate.cfg.Ejb3Column - Binding column: Ejb3JoinColumn{logicalColumnName=&apos;null&apos;, referencedColumn=&apos;null&apos;, mappedBy=&apos;&apos;}
16:08:34.371 [main] DEBUG org.hibernate.cfg.Ejb3Column - Binding column: Ejb3JoinColumn{logicalColumnName=&apos;null&apos;, referencedColumn=&apos;null&apos;, mappedBy=&apos;&apos;}
16:08:34.371 [main] DEBUG o.h.cfg.annotations.CollectionBinder - Collection role: com.startup.musicstore.domain.OrderData.items
16:08:34.371 [main] DEBUG o.h.cfg.annotations.PropertyBinder - Building property items
16:08:34.372 [main] DEBUG o.h.c.annotations.SimpleValueBinder - Starting fillSimpleValue for id
16:08:34.372 [main] DEBUG o.h.c.annotations.SimpleValueBinder - Starting fillSimpleValue for balance
16:08:34.372 [main] DEBUG o.h.c.annotations.SimpleValueBinder - Starting fillSimpleValue for creditNumber
16:08:34.372 [main] DEBUG o.h.c.annotations.SimpleValueBinder - Starting fillSimpleValue for expiryDate
16:08:34.372 [main] DEBUG o.h.c.annotations.SimpleValueBinder - Starting fillSimpleValue for nameOnCreditCard
16:08:34.372 [main] DEBUG o.h.c.annotations.SimpleValueBinder - Starting fillSimpleValue for id
16:08:34.372 [main] DEBUG o.h.c.annotations.SimpleValueBinder - Starting fillSimpleValue for firstName
16:08:34.372 [main] DEBUG o.h.c.annotations.SimpleValueBinder - Starting fillSimpleValue for lastName
16:08:34.372 [main] DEBUG o.h.c.annotations.SimpleValueBinder - Starting fillSimpleValue for description
16:08:34.372 [main] DEBUG o.h.c.annotations.SimpleValueBinder - Starting fillSimpleValue for rating
16:08:34.372 [main] DEBUG o.h.c.annotations.SimpleValueBinder - Starting fillSimpleValue for statusOfInformation
16:08:34.373 [main] DEBUG o.h.c.annotations.SimpleValueBinder - Starting fillSimpleValue for id
16:08:34.373 [main] DEBUG o.h.c.annotations.SimpleValueBinder - Starting fillSimpleValue for albumTitle
16:08:34.373 [main] DEBUG o.h.c.annotations.SimpleValueBinder - Starting fillSimpleValue for inventory
16:08:34.373 [main] DEBUG o.h.c.annotations.SimpleValueBinder - Starting fillSimpleValue for sales
16:08:34.373 [main] DEBUG o.h.c.annotations.SimpleValueBinder - Starting fillSimpleValue for unitPrice
16:08:34.373 [main] DEBUG o.h.c.annotations.SimpleValueBinder - Starting fillSimpleValue for id
16:08:34.373 [main] DEBUG o.h.c.annotations.SimpleValueBinder - Starting fillSimpleValue for quantity
16:08:34.373 [main] DEBUG o.h.c.annotations.SimpleValueBinder - Starting fillSimpleValue for id
16:08:34.373 [main] DEBUG o.h.c.annotations.SimpleValueBinder - Starting fillSimpleValue for sampleURL
16:08:34.373 [main] DEBUG o.h.c.annotations.SimpleValueBinder - Starting fillSimpleValue for trackTitle
16:08:34.373 [main] DEBUG o.h.c.annotations.SimpleValueBinder - Starting fillSimpleValue for tracknumber
16:08:34.373 [main] DEBUG o.h.c.annotations.SimpleValueBinder - Starting fillSimpleValue for id
16:08:34.373 [main] DEBUG o.h.c.annotations.SimpleValueBinder - Starting fillSimpleValue for categoryName
16:08:34.373 [main] DEBUG o.h.c.annotations.SimpleValueBinder - Starting fillSimpleValue for id
16:08:34.373 [main] DEBUG o.h.c.annotations.SimpleValueBinder - Starting fillSimpleValue for cellNumber
16:08:34.373 [main] DEBUG o.h.c.annotations.SimpleValueBinder - Starting fillSimpleValue for phonenumber
16:08:34.373 [main] DEBUG o.h.c.annotations.SimpleValueBinder - Starting fillSimpleValue for postalAddress
16:08:34.373 [main] DEBUG o.h.c.annotations.SimpleValueBinder - Starting fillSimpleValue for streetAddress
16:08:34.374 [main] DEBUG o.h.c.annotations.SimpleValueBinder - Starting fillSimpleValue for customerNumber
16:08:34.374 [main] DEBUG o.h.c.annotations.SimpleValueBinder - Starting fillSimpleValue for dateOfBirth
16:08:34.374 [main] DEBUG o.h.c.annotations.SimpleValueBinder - Starting fillSimpleValue for gender
16:08:34.374 [main] DEBUG o.h.c.annotations.SimpleValueBinder - Starting fillSimpleValue for race
16:08:34.374 [main] DEBUG o.h.c.annotations.SimpleValueBinder - Starting fillSimpleValue for firstName
16:08:34.374 [main] DEBUG o.h.c.annotations.SimpleValueBinder - Starting fillSimpleValue for lastName
16:08:34.374 [main] DEBUG o.h.c.annotations.SimpleValueBinder - Starting fillSimpleValue for id
16:08:34.374 [main] DEBUG o.h.c.annotations.SimpleValueBinder - Starting fillSimpleValue for Q
16:08:34.374 [main] DEBUG o.h.c.annotations.SimpleValueBinder - Starting fillSimpleValue for date
16:08:34.374 [main] DEBUG o.h.c.annotations.SimpleValueBinder - Starting fillSimpleValue for invoiceStatus
16:08:34.374 [main] DEBUG o.h.c.annotations.SimpleValueBinder - Starting fillSimpleValue for invoicedate
16:08:34.374 [main] DEBUG o.h.c.annotations.SimpleValueBinder - Starting fillSimpleValue for orderAmount
16:08:34.375 [main] DEBUG org.hibernate.cfg.Configuration - Processing fk mappings (*ToOne and JoinedSubclass)
16:08:34.378 [main] DEBUG org.hibernate.cfg.Configuration - Processing extends queue
16:08:34.378 [main] DEBUG org.hibernate.cfg.Configuration - Processing extends queue
16:08:34.378 [main] DEBUG org.hibernate.cfg.Configuration - Processing collection mappings
16:08:34.379 [main] DEBUG o.hibernate.cfg.CollectionSecondPass - Second pass for collection: com.startup.musicstore.domain.OrderData.items
16:08:34.379 [main] DEBUG o.h.cfg.annotations.CollectionBinder - Binding a OneToMany: com.startup.musicstore.domain.OrderData.items through a foreign key
16:08:34.380 [main] DEBUG o.h.cfg.annotations.CollectionBinder - Mapping collection: com.startup.musicstore.domain.OrderData.items -&gt; OrderItem
16:08:34.380 [main] DEBUG o.hibernate.cfg.CollectionSecondPass - Mapped collection key: items, one-to-many: com.startup.musicstore.domain.OrderItem
16:08:34.380 [main] DEBUG o.hibernate.cfg.CollectionSecondPass - Second pass for collection: com.startup.musicstore.domain.Customer.orders
16:08:34.380 [main] DEBUG o.h.cfg.annotations.CollectionBinder - Binding a OneToMany: com.startup.musicstore.domain.Customer.orders through a foreign key
16:08:34.380 [main] DEBUG o.h.cfg.annotations.CollectionBinder - Mapping collection: com.startup.musicstore.domain.Customer.orders -&gt; OrderData
16:08:34.381 [main] DEBUG o.hibernate.cfg.CollectionSecondPass - Mapped collection key: Orders, one-to-many: com.startup.musicstore.domain.OrderData
16:08:34.381 [main] DEBUG o.hibernate.cfg.CollectionSecondPass - Second pass for collection: com.startup.musicstore.domain.Customer.creditCards
16:08:34.381 [main] DEBUG o.h.cfg.annotations.CollectionBinder - Binding a OneToMany: com.startup.musicstore.domain.Customer.creditCards through a foreign key
16:08:34.381 [main] DEBUG o.h.cfg.annotations.CollectionBinder - Mapping collection: com.startup.musicstore.domain.Customer.creditCards -&gt; CreditCard
16:08:34.381 [main] DEBUG o.hibernate.cfg.CollectionSecondPass - Mapped collection key: CreditCard, one-to-many: com.startup.musicstore.domain.CreditCard
16:08:34.381 [main] DEBUG o.hibernate.cfg.CollectionSecondPass - Second pass for collection: com.startup.musicstore.domain.OrderItem.albums
16:08:34.381 [main] DEBUG o.h.cfg.annotations.CollectionBinder - Binding a OneToMany: com.startup.musicstore.domain.OrderItem.albums through a foreign key
16:08:34.381 [main] DEBUG o.h.cfg.annotations.CollectionBinder - Mapping collection: com.startup.musicstore.domain.OrderItem.albums -&gt; Albums
16:08:34.381 [main] DEBUG o.hibernate.cfg.CollectionSecondPass - Mapped collection key: tracks, one-to-many: com.startup.musicstore.domain.Albums
16:08:34.381 [main] DEBUG o.hibernate.cfg.CollectionSecondPass - Second pass for collection: com.startup.musicstore.domain.Albums.tracks
16:08:34.381 [main] DEBUG o.h.cfg.annotations.CollectionBinder - Binding a OneToMany: com.startup.musicstore.domain.Albums.tracks through a foreign key
16:08:34.381 [main] DEBUG o.h.cfg.annotations.CollectionBinder - Mapping collection: com.startup.musicstore.domain.Albums.tracks -&gt; Track
16:08:34.381 [main] DEBUG o.hibernate.cfg.CollectionSecondPass - Mapped collection key: tracks, one-to-many: com.startup.musicstore.domain.Track
16:08:34.381 [main] DEBUG org.hibernate.cfg.Configuration - Processing native query and ResultSetMapping mappings
16:08:34.381 [main] DEBUG org.hibernate.cfg.Configuration - Processing association property references
16:08:34.381 [main] DEBUG org.hibernate.cfg.Configuration - Creating tables&apos; unique integer identifiers
16:08:34.381 [main] DEBUG org.hibernate.cfg.Configuration - Processing foreign key constraints
16:08:34.382 [main] DEBUG org.hibernate.cfg.Configuration - Resolving reference to class: com.startup.musicstore.domain.AlbumCategory
16:08:34.382 [main] DEBUG org.hibernate.cfg.Configuration - Resolving reference to class: com.startup.musicstore.domain.MarketingInformation
16:08:34.382 [main] DEBUG org.hibernate.cfg.Configuration - Resolving reference to class: com.startup.musicstore.domain.OrderItem
16:08:34.382 [main] DEBUG org.hibernate.cfg.Configuration - Resolving reference to class: com.startup.musicstore.domain.Customer
16:08:34.382 [main] DEBUG org.hibernate.cfg.Configuration - Resolving reference to class: com.startup.musicstore.domain.Customer
16:08:34.382 [main] DEBUG org.hibernate.cfg.Configuration - Resolving reference to class: com.startup.musicstore.domain.OrderData
16:08:34.382 [main] DEBUG org.hibernate.cfg.Configuration - Resolving reference to class: com.startup.musicstore.domain.Albums
16:08:34.398 [main] INFO  org.hibernate.tuple.PojoInstantiator - HHH000182: No default (no-argument) constructor for class: com.startup.musicstore.domain.CustomerInvoice (class must be instantiated by Interceptor)
16:08:34.399 [main] DEBUG o.h.e.t.j.p.i.JtaPlatformInitiator - No JtaPlatform was specified, checking resolver
16:08:34.400 [main] DEBUG o.h.e.t.j.p.i.JtaPlatformResolverInitiator - No JtaPlatformResolver was specified, using default [org.hibernate.engine.transaction.jta.platform.internal.StandardJtaPlatformResolver]
16:08:34.402 [main] DEBUG o.h.e.t.j.p.i.StandardJtaPlatformResolver - Could not resolve JtaPlatform, using default [org.hibernate.engine.transaction.jta.platform.internal.NoJtaPlatform]
16:08:34.405 [main] DEBUG org.hibernate.cfg.SettingsFactory - Automatic flush during beforeCompletion(): disabled
16:08:34.407 [main] DEBUG org.hibernate.cfg.SettingsFactory - Automatic session close at end of transaction: disabled
16:08:34.407 [main] DEBUG org.hibernate.cfg.SettingsFactory - Scrollable result sets: enabled
16:08:34.408 [main] DEBUG org.hibernate.cfg.SettingsFactory - Wrap result sets: disabled
16:08:34.408 [main] DEBUG org.hibernate.cfg.SettingsFactory - JDBC3 getGeneratedKeys(): disabled
16:08:34.408 [main] DEBUG org.hibernate.cfg.SettingsFactory - multi-tenancy strategy : NONE
16:08:34.408 [main] DEBUG org.hibernate.cfg.SettingsFactory - Connection release mode: auto
16:08:34.413 [main] DEBUG org.hibernate.cfg.SettingsFactory - Using BatchFetchStyle : LEGACY
16:08:34.413 [main] DEBUG org.hibernate.cfg.SettingsFactory - Default batch fetch size: 1
16:08:34.414 [main] DEBUG org.hibernate.cfg.SettingsFactory - Generate SQL with comments: disabled
16:08:34.414 [main] DEBUG org.hibernate.cfg.SettingsFactory - Order SQL updates by primary key: disabled
16:08:34.414 [main] DEBUG org.hibernate.cfg.SettingsFactory - Order SQL inserts for batching: disabled
16:08:34.414 [main] DEBUG org.hibernate.cfg.SettingsFactory - Default null ordering: none
16:08:34.414 [main] DEBUG org.hibernate.cfg.SettingsFactory - Query translator: org.hibernate.hql.internal.ast.ASTQueryTranslatorFactory
16:08:34.415 [main] INFO  o.h.h.i.a.ASTQueryTranslatorFactory - HHH000397: Using ASTQueryTranslatorFactory
16:08:34.415 [main] DEBUG org.hibernate.cfg.SettingsFactory - Query language substitutions: {}
16:08:34.415 [main] DEBUG org.hibernate.cfg.SettingsFactory - JPA-QL strict compliance: disabled
16:08:34.415 [main] DEBUG org.hibernate.cfg.SettingsFactory - Second-level cache: enabled
16:08:34.415 [main] DEBUG org.hibernate.cfg.SettingsFactory - Query cache: disabled
16:08:34.416 [main] DEBUG o.h.c.i.RegionFactoryInitiator - Cache region factory : org.hibernate.cache.internal.NoCachingRegionFactory
16:08:34.418 [main] DEBUG org.hibernate.cfg.SettingsFactory - Optimize cache for minimal puts: disabled
16:08:34.418 [main] DEBUG org.hibernate.cfg.SettingsFactory - Structured second-level cache entries: disabled
16:08:34.418 [main] DEBUG org.hibernate.cfg.SettingsFactory - Second-level cache direct-reference entries: disabled
16:08:34.418 [main] DEBUG org.hibernate.cfg.SettingsFactory - Automatic eviction of collection cache: disabled
16:08:34.418 [main] DEBUG org.hibernate.cfg.SettingsFactory - Statistics: disabled
16:08:34.418 [main] DEBUG org.hibernate.cfg.SettingsFactory - Deleted entity synthetic identifier rollback: disabled
16:08:34.418 [main] DEBUG org.hibernate.cfg.SettingsFactory - Default entity-mode: pojo
16:08:34.418 [main] DEBUG org.hibernate.cfg.SettingsFactory - Named query checking : enabled
16:08:34.418 [main] DEBUG org.hibernate.cfg.SettingsFactory - Check Nullability in Core (should be disabled when Bean Validation is on): enabled
16:08:34.418 [main] DEBUG org.hibernate.cfg.SettingsFactory - Allow initialization of lazy state outside session : : disabled
16:08:34.419 [main] DEBUG org.hibernate.cfg.SettingsFactory - JTA Track by Thread: enabled
16:08:34.425 [main] DEBUG o.h.internal.SessionFactoryImpl - Building session factory
16:08:34.435 [main] DEBUG o.h.internal.SessionFactoryImpl - Session factory constructed with filter configurations : {}
16:08:34.435 [main] DEBUG o.h.internal.SessionFactoryImpl - Instantiating session factory with properties: {java.runtime.name=Java(TM) SE Runtime Environment, sun.boot.library.path=C:\Program Files\Java\jdk1.8.0\jre\bin, java.vm.version=25.0-b70, java.vm.vendor=Oracle Corporation, java.vendor.url=http://java.oracle.com/, path.separator=;, java.vm.name=Java HotSpot(TM) 64-Bit Server VM, file.encoding.pkg=sun.io, user.script=, user.country=GB, sun.java.launcher=SUN_STANDARD, sun.os.patch.level=, test=com.startup.musicstore.test.services.GetSalesCategoryListTest, java.vm.specification.name=Java Virtual Machine Specification, user.dir=D:\Programming Projects\TPII\musicstore\musicstore\musicstore, javax.persistence.sharedCache.mode=UNSPECIFIED, java.runtime.version=1.8.0-b132, java.awt.graphicsenv=sun.awt.Win32GraphicsEnvironment, basedir=D:\Programming Projects\TPII\musicstore\musicstore\musicstore, java.endorsed.dirs=C:\Program Files\Java\jdk1.8.0\jre\lib\endorsed, os.arch=amd64, surefire.real.class.path=D:\Programming Projects\TPII\musicstore\musicstore\musicstore\target\surefire\surefirebooter3765817825557707300.jar, java.io.tmpdir=C:\Users\KURVIN~1\AppData\Local\Temp\, line.separator=
, java.vm.specification.vendor=Oracle Corporation, user.variant=, os.name=Windows 8.1, maven.ext.class.path=D:\Program Files\NetBeans 8.0\java\maven-nblib\netbeans-eventspy.jar, netbeansProjectMappings=, sun.jnu.encoding=Cp1252, java.library.path=C:\Program Files\Java\jdk1.8.0\jre\bin;C:\WINDOWS\Sun\Java\bin;C:\WINDOWS\system32;C:\WINDOWS;D:\app\KurvinHendricks\product\11.1.0\client_3;D:\app\KurvinHendricks\product\11.1.0\client_3\bin;D:\app\KurvinHendricks\product\11.1.0\client_1;D:\app\KurvinHendricks\product\11.1.0\client_1\bin;D:\oraclexe\app\oracle\product\10.2.0\server\bin;C:\Program Files (x86)\AMD APP\bin\x86_64;C:\Program Files (x86)\AMD APP\bin\x86;C:\Program Files (x86)\Intel\iCLS Client\;C:\Program Files\Intel\iCLS Client\;C:\WINDOWS\system32;C:\WINDOWS;C:\WINDOWS\System32\Wbem;C:\WINDOWS\System32\WindowsPowerShell\v1.0\;D:\Program Files\ATI.ACE\Core-Static;C:\Program Files (x86)\Microsoft SQL Server\100\Tools\Binn\;C:\Program Files\Microsoft SQL Server\100\Tools\Binn\;C:\Program Files\Microsoft SQL Server\100\DTS\Binn\;C:\Program Files (x86)\ATI Technologies\ATI.ACE\Core-Static;C:\Program Files (x86)\Windows Kits\8.1\Windows Performance Toolkit\;C:\Program Files\Microsoft SQL Server\110\Tools\Binn\;C:\Program Files\Intel\Intel(R) Management Engine Components\DAL;C:\Program Files\Intel\Intel(R) Management Engine Components\IPT;C:\Program Files (x86)\Intel\Intel(R) Management Engine Components\DAL;C:\Program Files (x86)\Intel\Intel(R) Management Engine Components\IPT;., surefire.test.class.path=D:\Programming Projects\TPII\musicstore\musicstore\musicstore\target\test-classes;D:\Programming Projects\TPII\musicstore\musicstore\musicstore\target\classes;C:\Users\Kurvin Hendricks\.m2\repository\org\testng\testng\6.8.8\testng-6.8.8.jar;C:\Users\Kurvin Hendricks\.m2\repository\org\beanshell\bsh\2.0b4\bsh-2.0b4.jar;C:\Users\Kurvin Hendricks\.m2\repository\com\beust\jcommander\1.27\jcommander-1.27.jar;C:\Users\Kurvin Hendricks\.m2\repository\org\mockito\mockito-core\1.9.5\mockito-core-1.9.5.jar;C:\Users\Kurvin Hendricks\.m2\repository\org\hamcrest\hamcrest-core\1.1\hamcrest-core-1.1.jar;C:\Users\Kurvin Hendricks\.m2\repository\org\objenesis\objenesis\1.0\objenesis-1.0.jar;C:\Users\Kurvin Hendricks\.m2\repository\org\springframework\spring-test\4.0.5.RELEASE\spring-test-4.0.5.RELEASE.jar;C:\Users\Kurvin Hendricks\.m2\repository\org\springframework\spring-context\4.0.5.RELEASE\spring-context-4.0.5.RELEASE.jar;C:\Users\Kurvin Hendricks\.m2\repository\org\springframework\spring-aop\4.0.5.RELEASE\spring-aop-4.0.5.RELEASE.jar;C:\Users\Kurvin Hendricks\.m2\repository\aopalliance\aopalliance\1.0\aopalliance-1.0.jar;C:\Users\Kurvin Hendricks\.m2\repository\org\springframework\spring-beans\4.0.5.RELEASE\spring-beans-4.0.5.RELEASE.jar;C:\Users\Kurvin Hendricks\.m2\repository\org\springframework\spring-expression\4.0.5.RELEASE\spring-expression-4.0.5.RELEASE.jar;C:\Users\Kurvin Hendricks\.m2\repository\org\springframework\spring-core\4.0.5.RELEASE\spring-core-4.0.5.RELEASE.jar;C:\Users\Kurvin Hendricks\.m2\repository\org\springframework\spring-jdbc\4.0.5.RELEASE\spring-jdbc-4.0.5.RELEASE.jar;C:\Users\Kurvin Hendricks\.m2\repository\org\springframework\spring-tx\4.0.5.RELEASE\spring-tx-4.0.5.RELEASE.jar;C:\Users\Kurvin Hendricks\.m2\repository\org\springframework\spring-orm\4.0.5.RELEASE\spring-orm-4.0.5.RELEASE.jar;C:\Users\Kurvin Hendricks\.m2\repository\org\hibernate\hibernate-entitymanager\4.3.5.Final\hibernate-entitymanager-4.3.5.Final.jar;C:\Users\Kurvin Hendricks\.m2\repository\org\jboss\logging\jboss-logging\3.1.3.GA\jboss-logging-3.1.3.GA.jar;C:\Users\Kurvin Hendricks\.m2\repository\org\jboss\logging\jboss-logging-annotations\1.2.0.Beta1\jboss-logging-annotations-1.2.0.Beta1.jar;C:\Users\Kurvin Hendricks\.m2\repository\org\hibernate\hibernate-core\4.3.5.Final\hibernate-core-4.3.5.Final.jar;C:\Users\Kurvin Hendricks\.m2\repository\antlr\antlr\2.7.7\antlr-2.7.7.jar;C:\Users\Kurvin Hendricks\.m2\repository\org\jboss\jandex\1.1.0.Final\jandex-1.1.0.Final.jar;C:\Users\Kurvin Hendricks\.m2\repository\dom4j\dom4j\1.6.1\dom4j-1.6.1.jar;C:\Users\Kurvin Hendricks\.m2\repository\xml-apis\xml-apis\1.0.b2\xml-apis-1.0.b2.jar;C:\Users\Kurvin Hendricks\.m2\repository\org\hibernate\common\hibernate-commons-annotations\4.0.4.Final\hibernate-commons-annotations-4.0.4.Final.jar;C:\Users\Kurvin Hendricks\.m2\repository\org\hibernate\javax\persistence\hibernate-jpa-2.1-api\1.0.0.Final\hibernate-jpa-2.1-api-1.0.0.Final.jar;C:\Users\Kurvin Hendricks\.m2\repository\org\jboss\spec\javax\transaction\jboss-transaction-api_1.2_spec\1.0.0.Final\jboss-transaction-api_1.2_spec-1.0.0.Final.jar;C:\Users\Kurvin Hendricks\.m2\repository\org\javassist\javassist\3.18.1-GA\javassist-3.18.1-GA.jar;C:\Users\Kurvin Hendricks\.m2\repository\commons-dbcp\commons-dbcp\1.4\commons-dbcp-1.4.jar;C:\Users\Kurvin Hendricks\.m2\repository\commons-pool\commons-pool\1.5.4\commons-pool-1.5.4.jar;C:\Users\Kurvin Hendricks\.m2\repository\org\springframework\data\spring-data-jpa\1.6.0.RELEASE\spring-data-jpa-1.6.0.RELEASE.jar;C:\Users\Kurvin Hendricks\.m2\repository\org\springframework\data\spring-data-commons\1.8.0.RELEASE\spring-data-commons-1.8.0.RELEASE.jar;C:\Users\Kurvin Hendricks\.m2\repository\org\apache\derby\derby\10.10.1.1\derby-10.10.1.1.jar;C:\Users\Kurvin Hendricks\.m2\repository\org\apache\derby\derbyclient\10.10.1.1\derbyclient-10.10.1.1.jar;C:\Users\Kurvin Hendricks\.m2\repository\javax\validation\validation-api\1.0.0.GA\validation-api-1.0.0.GA.jar;C:\Users\Kurvin Hendricks\.m2\repository\org\hibernate\hibernate-validator\4.3.0.Final\hibernate-validator-4.3.0.Final.jar;C:\Users\Kurvin Hendricks\.m2\repository\org\aspectj\aspectjrt\1.7.4\aspectjrt-1.7.4.jar;C:\Users\Kurvin Hendricks\.m2\repository\org\slf4j\slf4j-api\1.7.5\slf4j-api-1.7.5.jar;C:\Users\Kurvin Hendricks\.m2\repository\org\slf4j\jcl-over-slf4j\1.7.5\jcl-over-slf4j-1.7.5.jar;C:\Users\Kurvin Hendricks\.m2\repository\ch\qos\logback\logback-classic\1.0.13\logback-classic-1.0.13.jar;C:\Users\Kurvin Hendricks\.m2\repository\ch\qos\logback\logback-core\1.0.13\logback-core-1.0.13.jar;C:\Users\Kurvin Hendricks\.m2\repository\javax\inject\javax.inject\1\javax.inject-1.jar;C:\Users\Kurvin Hendricks\.m2\repository\org\apache\geronimo\specs\geronimo-servlet_3.0_spec\1.0\geronimo-servlet_3.0_spec-1.0.jar;C:\Users\Kurvin Hendricks\.m2\repository\org\assertj\assertj-core\1.5.0\assertj-core-1.5.0.jar;C:\Users\Kurvin Hendricks\.m2\repository\joda-time\joda-time\2.3\joda-time-2.3.jar;C:\Users\Kurvin Hendricks\.m2\repository\org\apache\maven\surefire\surefire-testng-utils\2.10\surefire-testng-utils-2.10.jar;, hibernate.ejb.persistenceUnitName=default, java.specification.name=Java Platform API Specification, java.class.version=52.0, sun.management.compiler=HotSpot 64-Bit Tiered Compilers, os.version=6.3, user.home=C:\Users\Kurvin Hendricks, user.timezone=Africa/Cairo, java.awt.printerjob=sun.awt.windows.WPrinterJob, java.specification.version=1.8, file.encoding=UTF-8, javax.persistence.nonJtaDataSource=org.apache.commons.dbcp.BasicDataSource@3e0e1046, user.name=Kurvin Hendricks, java.class.path=D:\Programming Projects\TPII\musicstore\musicstore\musicstore\target\test-classes;D:\Programming Projects\TPII\musicstore\musicstore\musicstore\target\classes;C:\Users\Kurvin Hendricks\.m2\repository\org\testng\testng\6.8.8\testng-6.8.8.jar;C:\Users\Kurvin Hendricks\.m2\repository\org\beanshell\bsh\2.0b4\bsh-2.0b4.jar;C:\Users\Kurvin Hendricks\.m2\repository\com\beust\jcommander\1.27\jcommander-1.27.jar;C:\Users\Kurvin Hendricks\.m2\repository\org\mockito\mockito-core\1.9.5\mockito-core-1.9.5.jar;C:\Users\Kurvin Hendricks\.m2\repository\org\hamcrest\hamcrest-core\1.1\hamcrest-core-1.1.jar;C:\Users\Kurvin Hendricks\.m2\repository\org\objenesis\objenesis\1.0\objenesis-1.0.jar;C:\Users\Kurvin Hendricks\.m2\repository\org\springframework\spring-test\4.0.5.RELEASE\spring-test-4.0.5.RELEASE.jar;C:\Users\Kurvin Hendricks\.m2\repository\org\springframework\spring-context\4.0.5.RELEASE\spring-context-4.0.5.RELEASE.jar;C:\Users\Kurvin Hendricks\.m2\repository\org\springframework\spring-aop\4.0.5.RELEASE\spring-aop-4.0.5.RELEASE.jar;C:\Users\Kurvin Hendricks\.m2\repository\aopalliance\aopalliance\1.0\aopalliance-1.0.jar;C:\Users\Kurvin Hendricks\.m2\repository\org\springframework\spring-beans\4.0.5.RELEASE\spring-beans-4.0.5.RELEASE.jar;C:\Users\Kurvin Hendricks\.m2\repository\org\springframework\spring-expression\4.0.5.RELEASE\spring-expression-4.0.5.RELEASE.jar;C:\Users\Kurvin Hendricks\.m2\repository\org\springframework\spring-core\4.0.5.RELEASE\spring-core-4.0.5.RELEASE.jar;C:\Users\Kurvin Hendricks\.m2\repository\org\springframework\spring-jdbc\4.0.5.RELEASE\spring-jdbc-4.0.5.RELEASE.jar;C:\Users\Kurvin Hendricks\.m2\repository\org\springframework\spring-tx\4.0.5.RELEASE\spring-tx-4.0.5.RELEASE.jar;C:\Users\Kurvin Hendricks\.m2\repository\org\springframework\spring-orm\4.0.5.RELEASE\spring-orm-4.0.5.RELEASE.jar;C:\Users\Kurvin Hendricks\.m2\repository\org\hibernate\hibernate-entitymanager\4.3.5.Final\hibernate-entitymanager-4.3.5.Final.jar;C:\Users\Kurvin Hendricks\.m2\repository\org\jboss\logging\jboss-logging\3.1.3.GA\jboss-logging-3.1.3.GA.jar;C:\Users\Kurvin Hendricks\.m2\repository\org\jboss\logging\jboss-logging-annotations\1.2.0.Beta1\jboss-logging-annotations-1.2.0.Beta1.jar;C:\Users\Kurvin Hendricks\.m2\repository\org\hibernate\hibernate-core\4.3.5.Final\hibernate-core-4.3.5.Final.jar;C:\Users\Kurvin Hendricks\.m2\repository\antlr\antlr\2.7.7\antlr-2.7.7.jar;C:\Users\Kurvin Hendricks\.m2\repository\org\jboss\jandex\1.1.0.Final\jandex-1.1.0.Final.jar;C:\Users\Kurvin Hendricks\.m2\repository\dom4j\dom4j\1.6.1\dom4j-1.6.1.jar;C:\Users\Kurvin Hendricks\.m2\repository\xml-apis\xml-apis\1.0.b2\xml-apis-1.0.b2.jar;C:\Users\Kurvin Hendricks\.m2\repository\org\hibernate\common\hibernate-commons-annotations\4.0.4.Final\hibernate-commons-annotations-4.0.4.Final.jar;C:\Users\Kurvin Hendricks\.m2\repository\org\hibernate\javax\persistence\hibernate-jpa-2.1-api\1.0.0.Final\hibernate-jpa-2.1-api-1.0.0.Final.jar;C:\Users\Kurvin Hendricks\.m2\repository\org\jboss\spec\javax\transaction\jboss-transaction-api_1.2_spec\1.0.0.Final\jboss-transaction-api_1.2_spec-1.0.0.Final.jar;C:\Users\Kurvin Hendricks\.m2\repository\org\javassist\javassist\3.18.1-GA\javassist-3.18.1-GA.jar;C:\Users\Kurvin Hendricks\.m2\repository\commons-dbcp\commons-dbcp\1.4\commons-dbcp-1.4.jar;C:\Users\Kurvin Hendricks\.m2\repository\commons-pool\commons-pool\1.5.4\commons-pool-1.5.4.jar;C:\Users\Kurvin Hendricks\.m2\repository\org\springframework\data\spring-data-jpa\1.6.0.RELEASE\spring-data-jpa-1.6.0.RELEASE.jar;C:\Users\Kurvin Hendricks\.m2\repository\org\springframework\data\spring-data-commons\1.8.0.RELEASE\spring-data-commons-1.8.0.RELEASE.jar;C:\Users\Kurvin Hendricks\.m2\repository\org\apache\derby\derby\10.10.1.1\derby-10.10.1.1.jar;C:\Users\Kurvin Hendricks\.m2\repository\org\apache\derby\derbyclient\10.10.1.1\derbyclient-10.10.1.1.jar;C:\Users\Kurvin Hendricks\.m2\repository\javax\validation\validation-api\1.0.0.GA\validation-api-1.0.0.GA.jar;C:\Users\Kurvin Hendricks\.m2\repository\org\hibernate\hibernate-validator\4.3.0.Final\hibernate-validator-4.3.0.Final.jar;C:\Users\Kurvin Hendricks\.m2\repository\org\aspectj\aspectjrt\1.7.4\aspectjrt-1.7.4.jar;C:\Users\Kurvin Hendricks\.m2\repository\org\slf4j\slf4j-api\1.7.5\slf4j-api-1.7.5.jar;C:\Users\Kurvin Hendricks\.m2\repository\org\slf4j\jcl-over-slf4j\1.7.5\jcl-over-slf4j-1.7.5.jar;C:\Users\Kurvin Hendricks\.m2\repository\ch\qos\logback\logback-classic\1.0.13\logback-classic-1.0.13.jar;C:\Users\Kurvin Hendricks\.m2\repository\ch\qos\logback\logback-core\1.0.13\logback-core-1.0.13.jar;C:\Users\Kurvin Hendricks\.m2\repository\javax\inject\javax.inject\1\javax.inject-1.jar;C:\Users\Kurvin Hendricks\.m2\repository\org\apache\geronimo\specs\geronimo-servlet_3.0_spec\1.0\geronimo-servlet_3.0_spec-1.0.jar;C:\Users\Kurvin Hendricks\.m2\repository\org\assertj\assertj-core\1.5.0\assertj-core-1.5.0.jar;C:\Users\Kurvin Hendricks\.m2\repository\joda-time\joda-time\2.3\joda-time-2.3.jar;C:\Users\Kurvin Hendricks\.m2\repository\org\apache\maven\surefire\surefire-testng-utils\2.10\surefire-testng-utils-2.10.jar;, hibernate.bytecode.use_reflection_optimizer=false, javax.persistence.validation.mode=AUTO, java.vm.specification.version=1.8, sun.arch.data.model=64, java.home=C:\Program Files\Java\jdk1.8.0\jre, sun.java.command=D:\Programming Projects\TPII\musicstore\musicstore\musicstore\target\surefire\surefirebooter3765817825557707300.jar D:\Programming Projects\TPII\musicstore\musicstore\musicstore\target\surefire\surefire483763330691402944tmp D:\Programming Projects\TPII\musicstore\musicstore\musicstore\target\surefire\surefire5952735130385385457tmp, hibernate.dialect=org.hibernate.dialect.DerbyDialect, java.specification.vendor=Oracle Corporation, user.language=en, awt.toolkit=sun.awt.windows.WToolkit, java.vm.info=mixed mode, java.version=1.8.0, java.ext.dirs=C:\Program Files\Java\jdk1.8.0\jre\lib\ext;C:\WINDOWS\Sun\Java\lib\ext, sun.boot.class.path=C:\Program Files\Java\jdk1.8.0\jre\lib\resources.jar;C:\Program Files\Java\jdk1.8.0\jre\lib\rt.jar;C:\Program Files\Java\jdk1.8.0\jre\lib\sunrsasign.jar;C:\Program Files\Java\jdk1.8.0\jre\lib\jsse.jar;C:\Program Files\Java\jdk1.8.0\jre\lib\jce.jar;C:\Program Files\Java\jdk1.8.0\jre\lib\charsets.jar;C:\Program Files\Java\jdk1.8.0\jre\lib\jfr.jar;C:\Program Files\Java\jdk1.8.0\jre\classes, java.vendor=Oracle Corporation, localRepository=C:\Users\Kurvin Hendricks\.m2\repository, file.separator=\, java.vendor.url.bug=http://bugreport.sun.com/bugreport/, hibernate.hbm2ddl.auto=update, sun.cpu.endian=little, sun.io.unicode.encoding=UnicodeLittle, sun.desktop=windows, sun.cpu.isalist=amd64}
16:08:34.455 [main] INFO  o.h.validator.internal.util.Version - HV000001: Hibernate Validator 4.3.0.Final
16:08:34.462 [main] DEBUG o.h.v.i.e.r.DefaultTraversableResolver - Found javax.persistence.Persistence on classpath containing &apos;getPersistenceUtil&apos;. Assuming JPA 2 environment. Trying to instantiate JPA aware TraversableResolver
16:08:34.462 [main] DEBUG o.h.v.i.e.r.DefaultTraversableResolver - Instantiated JPA aware TraversableResolver of type org.hibernate.validator.internal.engine.resolver.JPATraversableResolver.
16:08:34.464 [main] DEBUG o.h.v.i.xml.ValidationXmlParser - Trying to load META-INF/validation.xml for XML based Validator configuration.
16:08:34.467 [main] DEBUG o.h.v.i.xml.ValidationXmlParser - No META-INF/validation.xml found. Using annotation based configuration only.
16:08:34.543 [main] DEBUG o.h.secure.spi.JaccIntegrator - Skipping JACC integration as it was not enabled
16:08:34.543 [main] DEBUG o.hibernate.engine.spi.CascadeStyles - External cascade style regsitration [persist : STYLE_PERSIST_SKIPLAZY] overrode base registration [STYLE_PERSIST]
16:08:34.554 [main] DEBUG o.h.i.f.i.DefaultIdentifierGeneratorFactory - Setting dialect [org.hibernate.dialect.DerbyDialect]
16:08:34.555 [main] DEBUG o.h.i.f.i.DefaultIdentifierGeneratorFactory - Setting dialect [org.hibernate.dialect.DerbyDialect]
16:08:34.561 [main] DEBUG o.h.i.f.i.DefaultIdentifierGeneratorFactory - Setting dialect [org.hibernate.dialect.DerbyDialect]
16:08:34.561 [main] DEBUG o.h.i.f.i.DefaultIdentifierGeneratorFactory - Setting dialect [org.hibernate.dialect.DerbyDialect]
16:08:34.562 [main] DEBUG o.h.i.f.i.DefaultIdentifierGeneratorFactory - Setting dialect [org.hibernate.dialect.DerbyDialect]
16:08:34.562 [main] DEBUG o.h.i.f.i.DefaultIdentifierGeneratorFactory - Setting dialect [org.hibernate.dialect.DerbyDialect]
16:08:34.562 [main] DEBUG o.h.i.f.i.DefaultIdentifierGeneratorFactory - Setting dialect [org.hibernate.dialect.DerbyDialect]
16:08:34.562 [main] DEBUG o.h.i.f.i.DefaultIdentifierGeneratorFactory - Setting dialect [org.hibernate.dialect.DerbyDialect]
16:08:34.638 [main] INFO  org.hibernate.tuple.PojoInstantiator - HHH000182: No default (no-argument) constructor for class: com.startup.musicstore.domain.CustomerInvoice (class must be instantiated by Interceptor)
16:08:34.638 [main] INFO  org.hibernate.tuple.PojoInstantiator - HHH000182: No default (no-argument) constructor for class: com.startup.musicstore.domain.CustomerInvoice (class must be instantiated by Interceptor)
16:08:34.640 [main] INFO  org.hibernate.tuple.PojoInstantiator - HHH000182: No default (no-argument) constructor for class: com.startup.musicstore.domain.CustomerInvoice (class must be instantiated by Interceptor)
16:08:34.640 [main] INFO  org.hibernate.tuple.PojoInstantiator - HHH000182: No default (no-argument) constructor for class: com.startup.musicstore.domain.CustomerInvoice (class must be instantiated by Interceptor)
16:08:34.648 [main] DEBUG o.h.p.c.AbstractCollectionPersister - Static SQL for collection: com.startup.musicstore.domain.OrderItem.albums
16:08:34.648 [main] DEBUG o.h.p.c.AbstractCollectionPersister -  Row insert: update Albums set tracks=? where id=?
16:08:34.648 [main] DEBUG o.h.p.c.AbstractCollectionPersister -  Row update: update Albums set  where id=?
16:08:34.648 [main] DEBUG o.h.p.c.AbstractCollectionPersister -  Row delete: update Albums set tracks=null where tracks=? and id=?
16:08:34.648 [main] DEBUG o.h.p.c.AbstractCollectionPersister -  One-shot delete: update Albums set tracks=null where tracks=?
16:08:34.648 [main] DEBUG o.h.p.c.AbstractCollectionPersister - Static SQL for collection: com.startup.musicstore.domain.Customer.orders
16:08:34.648 [main] DEBUG o.h.p.c.AbstractCollectionPersister -  Row insert: update OrderData set Orders=? where id=?
16:08:34.648 [main] DEBUG o.h.p.c.AbstractCollectionPersister -  Row update: update OrderData set  where id=?
16:08:34.648 [main] DEBUG o.h.p.c.AbstractCollectionPersister -  Row delete: update OrderData set Orders=null where Orders=? and id=?
16:08:34.648 [main] DEBUG o.h.p.c.AbstractCollectionPersister -  One-shot delete: update OrderData set Orders=null where Orders=?
16:08:34.648 [main] DEBUG o.h.p.c.AbstractCollectionPersister - Static SQL for collection: com.startup.musicstore.domain.Albums.tracks
16:08:34.648 [main] DEBUG o.h.p.c.AbstractCollectionPersister -  Row insert: update Track set tracks=? where id=?
16:08:34.648 [main] DEBUG o.h.p.c.AbstractCollectionPersister -  Row update: update Track set  where id=?
16:08:34.648 [main] DEBUG o.h.p.c.AbstractCollectionPersister -  Row delete: update Track set tracks=null where tracks=? and id=?
16:08:34.648 [main] DEBUG o.h.p.c.AbstractCollectionPersister -  One-shot delete: update Track set tracks=null where tracks=?
16:08:34.648 [main] DEBUG o.h.p.c.AbstractCollectionPersister - Static SQL for collection: com.startup.musicstore.domain.Customer.creditCards
16:08:34.648 [main] DEBUG o.h.p.c.AbstractCollectionPersister -  Row insert: update CreditCard set CreditCard=? where id=?
16:08:34.648 [main] DEBUG o.h.p.c.AbstractCollectionPersister -  Row update: update CreditCard set  where id=?
16:08:34.648 [main] DEBUG o.h.p.c.AbstractCollectionPersister -  Row delete: update CreditCard set CreditCard=null where CreditCard=? and id=?
16:08:34.648 [main] DEBUG o.h.p.c.AbstractCollectionPersister -  One-shot delete: update CreditCard set CreditCard=null where CreditCard=?
16:08:34.648 [main] DEBUG o.h.p.c.AbstractCollectionPersister - Static SQL for collection: com.startup.musicstore.domain.OrderData.items
16:08:34.649 [main] DEBUG o.h.p.c.AbstractCollectionPersister -  Row insert: update OrderItem set items=? where id=?
16:08:34.649 [main] DEBUG o.h.p.c.AbstractCollectionPersister -  Row update: update OrderItem set  where id=?
16:08:34.649 [main] DEBUG o.h.p.c.AbstractCollectionPersister -  Row delete: update OrderItem set items=null where items=? and id=?
16:08:34.649 [main] DEBUG o.h.p.c.AbstractCollectionPersister -  One-shot delete: update OrderItem set items=null where items=?
16:08:34.652 [main] DEBUG o.h.p.entity.AbstractEntityPersister - Static SQL for entity: com.startup.musicstore.domain.CreditCard
16:08:34.652 [main] DEBUG o.h.p.entity.AbstractEntityPersister -  Version select: select id from CreditCard where id =?
16:08:34.652 [main] DEBUG o.h.p.entity.AbstractEntityPersister -  Snapshot select: select creditcard_.id, creditcard_.balance as balance2_2_, creditcard_.creditNumber as creditNu3_2_, creditcard_.expiryDate as expiryDa4_2_, creditcard_.nameOnCreditCard as nameOnCr5_2_ from CreditCard creditcard_ where creditcard_.id=?
16:08:34.652 [main] DEBUG o.h.p.entity.AbstractEntityPersister -  Insert 0: insert into CreditCard (balance, creditNumber, expiryDate, nameOnCreditCard, id) values (?, ?, ?, ?, ?)
16:08:34.652 [main] DEBUG o.h.p.entity.AbstractEntityPersister -  Update 0: update CreditCard set balance=?, creditNumber=?, expiryDate=?, nameOnCreditCard=? where id=?
16:08:34.652 [main] DEBUG o.h.p.entity.AbstractEntityPersister -  Delete 0: delete from CreditCard where id=?
16:08:34.652 [main] DEBUG o.h.p.entity.AbstractEntityPersister -  Identity insert: insert into CreditCard (id, balance, creditNumber, expiryDate, nameOnCreditCard) values (default, ?, ?, ?, ?)
16:08:34.667 [main] DEBUG o.h.l.p.b.i.spaces.QuerySpacesImpl - Adding QuerySpace : uid = &lt;gen:0&gt; -&gt; org.hibernate.loader.plan.build.internal.spaces.EntityQuerySpaceImpl@59712875]
16:08:34.667 [main] DEBUG o.h.p.w.spi.MetamodelGraphWalker - Visiting attribute path : balance
16:08:34.667 [main] DEBUG o.h.p.w.spi.MetamodelGraphWalker - Visiting attribute path : creditNumber
16:08:34.667 [main] DEBUG o.h.p.w.spi.MetamodelGraphWalker - Visiting attribute path : expiryDate
16:08:34.667 [main] DEBUG o.h.p.w.spi.MetamodelGraphWalker - Visiting attribute path : nameOnCreditCard
16:08:34.667 [main] DEBUG o.h.l.p.b.i.FetchStyleLoadPlanBuildingAssociationVisitationStrategy - Building LoadPlan...
16:08:34.677 [main] DEBUG o.h.l.p.e.i.LoadQueryJoinAndFetchProcessor - processing queryspace &lt;gen:0&gt;
16:08:34.680 [main] DEBUG o.h.l.p.b.spi.LoadPlanTreePrinter - LoadPlan(entity=com.startup.musicstore.domain.CreditCard)
    - Returns
       - EntityReturnImpl(entity=com.startup.musicstore.domain.CreditCard, querySpaceUid=&lt;gen:0&gt;, path=com.startup.musicstore.domain.CreditCard)
    - QuerySpaces
       - EntityQuerySpaceImpl(uid=&lt;gen:0&gt;, entity=com.startup.musicstore.domain.CreditCard)
          - SQL table alias mapping - creditcard0_
          - alias suffix - 0_
          - suffixed key columns - {id1_2_0_}

16:08:34.681 [main] DEBUG o.h.loader.entity.plan.EntityLoader - Static select for entity com.startup.musicstore.domain.CreditCard [NONE]: select creditcard0_.id as id1_2_0_, creditcard0_.balance as balance2_2_0_, creditcard0_.creditNumber as creditNu3_2_0_, creditcard0_.expiryDate as expiryDa4_2_0_, creditcard0_.nameOnCreditCard as nameOnCr5_2_0_ from CreditCard creditcard0_ where creditcard0_.id=?
16:08:34.681 [main] DEBUG o.h.l.p.b.i.spaces.QuerySpacesImpl - Adding QuerySpace : uid = &lt;gen:0&gt; -&gt; org.hibernate.loader.plan.build.internal.spaces.EntityQuerySpaceImpl@31e32ea2]
16:08:34.682 [main] DEBUG o.h.p.w.spi.MetamodelGraphWalker - Visiting attribute path : balance
16:08:34.682 [main] DEBUG o.h.p.w.spi.MetamodelGraphWalker - Visiting attribute path : creditNumber
16:08:34.682 [main] DEBUG o.h.p.w.spi.MetamodelGraphWalker - Visiting attribute path : expiryDate
16:08:34.682 [main] DEBUG o.h.p.w.spi.MetamodelGraphWalker - Visiting attribute path : nameOnCreditCard
16:08:34.682 [main] DEBUG o.h.l.p.b.i.FetchStyleLoadPlanBuildingAssociationVisitationStrategy - Building LoadPlan...
16:08:34.682 [main] DEBUG o.h.l.p.e.i.LoadQueryJoinAndFetchProcessor - processing queryspace &lt;gen:0&gt;
16:08:34.682 [main] DEBUG o.h.l.p.b.spi.LoadPlanTreePrinter - LoadPlan(entity=com.startup.musicstore.domain.CreditCard)
    - Returns
       - EntityReturnImpl(entity=com.startup.musicstore.domain.CreditCard, querySpaceUid=&lt;gen:0&gt;, path=com.startup.musicstore.domain.CreditCard)
    - QuerySpaces
       - EntityQuerySpaceImpl(uid=&lt;gen:0&gt;, entity=com.startup.musicstore.domain.CreditCard)
          - SQL table alias mapping - creditcard0_
          - alias suffix - 0_
          - suffixed key columns - {id1_2_0_}

16:08:34.682 [main] DEBUG o.h.loader.entity.plan.EntityLoader - Static select for entity com.startup.musicstore.domain.CreditCard [READ]: select creditcard0_.id as id1_2_0_, creditcard0_.balance as balance2_2_0_, creditcard0_.creditNumber as creditNu3_2_0_, creditcard0_.expiryDate as expiryDa4_2_0_, creditcard0_.nameOnCreditCard as nameOnCr5_2_0_ from CreditCard creditcard0_ where creditcard0_.id=?
16:08:34.682 [main] DEBUG o.h.l.p.b.i.spaces.QuerySpacesImpl - Adding QuerySpace : uid = &lt;gen:0&gt; -&gt; org.hibernate.loader.plan.build.internal.spaces.EntityQuerySpaceImpl@5b5c0057]
16:08:34.682 [main] DEBUG o.h.p.w.spi.MetamodelGraphWalker - Visiting attribute path : balance
16:08:34.682 [main] DEBUG o.h.p.w.spi.MetamodelGraphWalker - Visiting attribute path : creditNumber
16:08:34.682 [main] DEBUG o.h.p.w.spi.MetamodelGraphWalker - Visiting attribute path : expiryDate
16:08:34.682 [main] DEBUG o.h.p.w.spi.MetamodelGraphWalker - Visiting attribute path : nameOnCreditCard
16:08:34.682 [main] DEBUG o.h.l.p.b.i.FetchStyleLoadPlanBuildingAssociationVisitationStrategy - Building LoadPlan...
16:08:34.683 [main] DEBUG o.h.l.p.e.i.LoadQueryJoinAndFetchProcessor - processing queryspace &lt;gen:0&gt;
16:08:34.683 [main] DEBUG o.h.l.p.b.spi.LoadPlanTreePrinter - LoadPlan(entity=com.startup.musicstore.domain.CreditCard)
    - Returns
       - EntityReturnImpl(entity=com.startup.musicstore.domain.CreditCard, querySpaceUid=&lt;gen:0&gt;, path=com.startup.musicstore.domain.CreditCard)
    - QuerySpaces
       - EntityQuerySpaceImpl(uid=&lt;gen:0&gt;, entity=com.startup.musicstore.domain.CreditCard)
          - SQL table alias mapping - creditcard0_
          - alias suffix - 0_
          - suffixed key columns - {id1_2_0_}

16:08:34.683 [main] DEBUG o.h.loader.entity.plan.EntityLoader - Static select for entity com.startup.musicstore.domain.CreditCard [UPGRADE]: select creditcard0_.id as id1_2_0_, creditcard0_.balance as balance2_2_0_, creditcard0_.creditNumber as creditNu3_2_0_, creditcard0_.expiryDate as expiryDa4_2_0_, creditcard0_.nameOnCreditCard as nameOnCr5_2_0_ from CreditCard creditcard0_ where creditcard0_.id=? for update with rs
16:08:34.683 [main] DEBUG o.h.l.p.b.i.spaces.QuerySpacesImpl - Adding QuerySpace : uid = &lt;gen:0&gt; -&gt; org.hibernate.loader.plan.build.internal.spaces.EntityQuerySpaceImpl@5ca1f591]
16:08:34.683 [main] DEBUG o.h.p.w.spi.MetamodelGraphWalker - Visiting attribute path : balance
16:08:34.683 [main] DEBUG o.h.p.w.spi.MetamodelGraphWalker - Visiting attribute path : creditNumber
16:08:34.683 [main] DEBUG o.h.p.w.spi.MetamodelGraphWalker - Visiting attribute path : expiryDate
16:08:34.683 [main] DEBUG o.h.p.w.spi.MetamodelGraphWalker - Visiting attribute path : nameOnCreditCard
16:08:34.683 [main] DEBUG o.h.l.p.b.i.FetchStyleLoadPlanBuildingAssociationVisitationStrategy - Building LoadPlan...
16:08:34.683 [main] DEBUG o.h.l.p.e.i.LoadQueryJoinAndFetchProcessor - processing queryspace &lt;gen:0&gt;
16:08:34.684 [main] DEBUG o.h.l.p.b.spi.LoadPlanTreePrinter - LoadPlan(entity=com.startup.musicstore.domain.CreditCard)
    - Returns
       - EntityReturnImpl(entity=com.startup.musicstore.domain.CreditCard, querySpaceUid=&lt;gen:0&gt;, path=com.startup.musicstore.domain.CreditCard)
    - QuerySpaces
       - EntityQuerySpaceImpl(uid=&lt;gen:0&gt;, entity=com.startup.musicstore.domain.CreditCard)
          - SQL table alias mapping - creditcard0_
          - alias suffix - 0_
          - suffixed key columns - {id1_2_0_}

16:08:34.684 [main] DEBUG o.h.loader.entity.plan.EntityLoader - Static select for entity com.startup.musicstore.domain.CreditCard [UPGRADE_NOWAIT]: select creditcard0_.id as id1_2_0_, creditcard0_.balance as balance2_2_0_, creditcard0_.creditNumber as creditNu3_2_0_, creditcard0_.expiryDate as expiryDa4_2_0_, creditcard0_.nameOnCreditCard as nameOnCr5_2_0_ from CreditCard creditcard0_ where creditcard0_.id=? for update with rs
16:08:34.684 [main] DEBUG o.h.l.p.b.i.spaces.QuerySpacesImpl - Adding QuerySpace : uid = &lt;gen:0&gt; -&gt; org.hibernate.loader.plan.build.internal.spaces.EntityQuerySpaceImpl@6ef81f31]
16:08:34.684 [main] DEBUG o.h.p.w.spi.MetamodelGraphWalker - Visiting attribute path : balance
16:08:34.684 [main] DEBUG o.h.p.w.spi.MetamodelGraphWalker - Visiting attribute path : creditNumber
16:08:34.684 [main] DEBUG o.h.p.w.spi.MetamodelGraphWalker - Visiting attribute path : expiryDate
16:08:34.684 [main] DEBUG o.h.p.w.spi.MetamodelGraphWalker - Visiting attribute path : nameOnCreditCard
16:08:34.684 [main] DEBUG o.h.l.p.b.i.FetchStyleLoadPlanBuildingAssociationVisitationStrategy - Building LoadPlan...
16:08:34.685 [main] DEBUG o.h.l.p.e.i.LoadQueryJoinAndFetchProcessor - processing queryspace &lt;gen:0&gt;
16:08:34.685 [main] DEBUG o.h.l.p.b.spi.LoadPlanTreePrinter - LoadPlan(entity=com.startup.musicstore.domain.CreditCard)
    - Returns
       - EntityReturnImpl(entity=com.startup.musicstore.domain.CreditCard, querySpaceUid=&lt;gen:0&gt;, path=com.startup.musicstore.domain.CreditCard)
    - QuerySpaces
       - EntityQuerySpaceImpl(uid=&lt;gen:0&gt;, entity=com.startup.musicstore.domain.CreditCard)
          - SQL table alias mapping - creditcard0_
          - alias suffix - 0_
          - suffixed key columns - {id1_2_0_}

16:08:34.685 [main] DEBUG o.h.loader.entity.plan.EntityLoader - Static select for entity com.startup.musicstore.domain.CreditCard [UPGRADE_SKIPLOCKED]: select creditcard0_.id as id1_2_0_, creditcard0_.balance as balance2_2_0_, creditcard0_.creditNumber as creditNu3_2_0_, creditcard0_.expiryDate as expiryDa4_2_0_, creditcard0_.nameOnCreditCard as nameOnCr5_2_0_ from CreditCard creditcard0_ where creditcard0_.id=? for update with rs
16:08:34.685 [main] DEBUG o.h.l.p.b.i.spaces.QuerySpacesImpl - Adding QuerySpace : uid = &lt;gen:0&gt; -&gt; org.hibernate.loader.plan.build.internal.spaces.EntityQuerySpaceImpl@33abde31]
16:08:34.685 [main] DEBUG o.h.p.w.spi.MetamodelGraphWalker - Visiting attribute path : balance
16:08:34.685 [main] DEBUG o.h.p.w.spi.MetamodelGraphWalker - Visiting attribute path : creditNumber
16:08:34.685 [main] DEBUG o.h.p.w.spi.MetamodelGraphWalker - Visiting attribute path : expiryDate
16:08:34.685 [main] DEBUG o.h.p.w.spi.MetamodelGraphWalker - Visiting attribute path : nameOnCreditCard
16:08:34.685 [main] DEBUG o.h.l.p.b.i.FetchStyleLoadPlanBuildingAssociationVisitationStrategy - Building LoadPlan...
16:08:34.685 [main] DEBUG o.h.l.p.e.i.LoadQueryJoinAndFetchProcessor - processing queryspace &lt;gen:0&gt;
16:08:34.686 [main] DEBUG o.h.l.p.b.spi.LoadPlanTreePrinter - LoadPlan(entity=com.startup.musicstore.domain.CreditCard)
    - Returns
       - EntityReturnImpl(entity=com.startup.musicstore.domain.CreditCard, querySpaceUid=&lt;gen:0&gt;, path=com.startup.musicstore.domain.CreditCard)
    - QuerySpaces
       - EntityQuerySpaceImpl(uid=&lt;gen:0&gt;, entity=com.startup.musicstore.domain.CreditCard)
          - SQL table alias mapping - creditcard0_
          - alias suffix - 0_
          - suffixed key columns - {id1_2_0_}

16:08:34.686 [main] DEBUG o.h.loader.entity.plan.EntityLoader - Static select for entity com.startup.musicstore.domain.CreditCard [FORCE]: select creditcard0_.id as id1_2_0_, creditcard0_.balance as balance2_2_0_, creditcard0_.creditNumber as creditNu3_2_0_, creditcard0_.expiryDate as expiryDa4_2_0_, creditcard0_.nameOnCreditCard as nameOnCr5_2_0_ from CreditCard creditcard0_ where creditcard0_.id=? for update with rs
16:08:34.686 [main] DEBUG o.h.l.p.b.i.spaces.QuerySpacesImpl - Adding QuerySpace : uid = &lt;gen:0&gt; -&gt; org.hibernate.loader.plan.build.internal.spaces.EntityQuerySpaceImpl@273842a6]
16:08:34.686 [main] DEBUG o.h.p.w.spi.MetamodelGraphWalker - Visiting attribute path : balance
16:08:34.686 [main] DEBUG o.h.p.w.spi.MetamodelGraphWalker - Visiting attribute path : creditNumber
16:08:34.686 [main] DEBUG o.h.p.w.spi.MetamodelGraphWalker - Visiting attribute path : expiryDate
16:08:34.686 [main] DEBUG o.h.p.w.spi.MetamodelGraphWalker - Visiting attribute path : nameOnCreditCard
16:08:34.686 [main] DEBUG o.h.l.p.b.i.FetchStyleLoadPlanBuildingAssociationVisitationStrategy - Building LoadPlan...
16:08:34.686 [main] DEBUG o.h.l.p.e.i.LoadQueryJoinAndFetchProcessor - processing queryspace &lt;gen:0&gt;
16:08:34.687 [main] DEBUG o.h.l.p.b.spi.LoadPlanTreePrinter - LoadPlan(entity=com.startup.musicstore.domain.CreditCard)
    - Returns
       - EntityReturnImpl(entity=com.startup.musicstore.domain.CreditCard, querySpaceUid=&lt;gen:0&gt;, path=com.startup.musicstore.domain.CreditCard)
    - QuerySpaces
       - EntityQuerySpaceImpl(uid=&lt;gen:0&gt;, entity=com.startup.musicstore.domain.CreditCard)
          - SQL table alias mapping - creditcard0_
          - alias suffix - 0_
          - suffixed key columns - {id1_2_0_}

16:08:34.687 [main] DEBUG o.h.loader.entity.plan.EntityLoader - Static select for entity com.startup.musicstore.domain.CreditCard [PESSIMISTIC_READ]: select creditcard0_.id as id1_2_0_, creditcard0_.balance as balance2_2_0_, creditcard0_.creditNumber as creditNu3_2_0_, creditcard0_.expiryDate as expiryDa4_2_0_, creditcard0_.nameOnCreditCard as nameOnCr5_2_0_ from CreditCard creditcard0_ where creditcard0_.id=? for read only with rs
16:08:34.687 [main] DEBUG o.h.l.p.b.i.spaces.QuerySpacesImpl - Adding QuerySpace : uid = &lt;gen:0&gt; -&gt; org.hibernate.loader.plan.build.internal.spaces.EntityQuerySpaceImpl@7a18e8d]
16:08:34.687 [main] DEBUG o.h.p.w.spi.MetamodelGraphWalker - Visiting attribute path : balance
16:08:34.687 [main] DEBUG o.h.p.w.spi.MetamodelGraphWalker - Visiting attribute path : creditNumber
16:08:34.687 [main] DEBUG o.h.p.w.spi.MetamodelGraphWalker - Visiting attribute path : expiryDate
16:08:34.687 [main] DEBUG o.h.p.w.spi.MetamodelGraphWalker - Visiting attribute path : nameOnCreditCard
16:08:34.687 [main] DEBUG o.h.l.p.b.i.FetchStyleLoadPlanBuildingAssociationVisitationStrategy - Building LoadPlan...
16:08:34.687 [main] DEBUG o.h.l.p.e.i.LoadQueryJoinAndFetchProcessor - processing queryspace &lt;gen:0&gt;
16:08:34.687 [main] DEBUG o.h.l.p.b.spi.LoadPlanTreePrinter - LoadPlan(entity=com.startup.musicstore.domain.CreditCard)
    - Returns
       - EntityReturnImpl(entity=com.startup.musicstore.domain.CreditCard, querySpaceUid=&lt;gen:0&gt;, path=com.startup.musicstore.domain.CreditCard)
    - QuerySpaces
       - EntityQuerySpaceImpl(uid=&lt;gen:0&gt;, entity=com.startup.musicstore.domain.CreditCard)
          - SQL table alias mapping - creditcard0_
          - alias suffix - 0_
          - suffixed key columns - {id1_2_0_}

16:08:34.687 [main] DEBUG o.h.loader.entity.plan.EntityLoader - Static select for entity com.startup.musicstore.domain.CreditCard [PESSIMISTIC_WRITE]: select creditcard0_.id as id1_2_0_, creditcard0_.balance as balance2_2_0_, creditcard0_.creditNumber as creditNu3_2_0_, creditcard0_.expiryDate as expiryDa4_2_0_, creditcard0_.nameOnCreditCard as nameOnCr5_2_0_ from CreditCard creditcard0_ where creditcard0_.id=? for update with rs
16:08:34.688 [main] DEBUG o.h.l.p.b.i.spaces.QuerySpacesImpl - Adding QuerySpace : uid = &lt;gen:0&gt; -&gt; org.hibernate.loader.plan.build.internal.spaces.EntityQuerySpaceImpl@5560bcdf]
16:08:34.688 [main] DEBUG o.h.p.w.spi.MetamodelGraphWalker - Visiting attribute path : balance
16:08:34.688 [main] DEBUG o.h.p.w.spi.MetamodelGraphWalker - Visiting attribute path : creditNumber
16:08:34.688 [main] DEBUG o.h.p.w.spi.MetamodelGraphWalker - Visiting attribute path : expiryDate
16:08:34.688 [main] DEBUG o.h.p.w.spi.MetamodelGraphWalker - Visiting attribute path : nameOnCreditCard
16:08:34.688 [main] DEBUG o.h.l.p.b.i.FetchStyleLoadPlanBuildingAssociationVisitationStrategy - Building LoadPlan...
16:08:34.688 [main] DEBUG o.h.l.p.e.i.LoadQueryJoinAndFetchProcessor - processing queryspace &lt;gen:0&gt;
16:08:34.688 [main] DEBUG o.h.l.p.b.spi.LoadPlanTreePrinter - LoadPlan(entity=com.startup.musicstore.domain.CreditCard)
    - Returns
       - EntityReturnImpl(entity=com.startup.musicstore.domain.CreditCard, querySpaceUid=&lt;gen:0&gt;, path=com.startup.musicstore.domain.CreditCard)
    - QuerySpaces
       - EntityQuerySpaceImpl(uid=&lt;gen:0&gt;, entity=com.startup.musicstore.domain.CreditCard)
          - SQL table alias mapping - creditcard0_
          - alias suffix - 0_
          - suffixed key columns - {id1_2_0_}

16:08:34.688 [main] DEBUG o.h.loader.entity.plan.EntityLoader - Static select for entity com.startup.musicstore.domain.CreditCard [PESSIMISTIC_FORCE_INCREMENT]: select creditcard0_.id as id1_2_0_, creditcard0_.balance as balance2_2_0_, creditcard0_.creditNumber as creditNu3_2_0_, creditcard0_.expiryDate as expiryDa4_2_0_, creditcard0_.nameOnCreditCard as nameOnCr5_2_0_ from CreditCard creditcard0_ where creditcard0_.id=? for update with rs
16:08:34.688 [main] DEBUG o.h.l.p.b.i.spaces.QuerySpacesImpl - Adding QuerySpace : uid = &lt;gen:0&gt; -&gt; org.hibernate.loader.plan.build.internal.spaces.EntityQuerySpaceImpl@bb095]
16:08:34.688 [main] DEBUG o.h.p.w.spi.MetamodelGraphWalker - Visiting attribute path : balance
16:08:34.689 [main] DEBUG o.h.p.w.spi.MetamodelGraphWalker - Visiting attribute path : creditNumber
16:08:34.689 [main] DEBUG o.h.p.w.spi.MetamodelGraphWalker - Visiting attribute path : expiryDate
16:08:34.689 [main] DEBUG o.h.p.w.spi.MetamodelGraphWalker - Visiting attribute path : nameOnCreditCard
16:08:34.689 [main] DEBUG o.h.l.p.b.i.FetchStyleLoadPlanBuildingAssociationVisitationStrategy - Building LoadPlan...
16:08:34.689 [main] DEBUG o.h.l.p.e.i.LoadQueryJoinAndFetchProcessor - processing queryspace &lt;gen:0&gt;
16:08:34.689 [main] DEBUG o.h.l.p.b.spi.LoadPlanTreePrinter - LoadPlan(entity=com.startup.musicstore.domain.CreditCard)
    - Returns
       - EntityReturnImpl(entity=com.startup.musicstore.domain.CreditCard, querySpaceUid=&lt;gen:0&gt;, path=com.startup.musicstore.domain.CreditCard)
    - QuerySpaces
       - EntityQuerySpaceImpl(uid=&lt;gen:0&gt;, entity=com.startup.musicstore.domain.CreditCard)
          - SQL table alias mapping - creditcard0_
          - alias suffix - 0_
          - suffixed key columns - {id1_2_0_}

16:08:34.689 [main] DEBUG o.h.loader.entity.plan.EntityLoader - Static select for entity com.startup.musicstore.domain.CreditCard [OPTIMISTIC]: select creditcard0_.id as id1_2_0_, creditcard0_.balance as balance2_2_0_, creditcard0_.creditNumber as creditNu3_2_0_, creditcard0_.expiryDate as expiryDa4_2_0_, creditcard0_.nameOnCreditCard as nameOnCr5_2_0_ from CreditCard creditcard0_ where creditcard0_.id=?
16:08:34.689 [main] DEBUG o.h.l.p.b.i.spaces.QuerySpacesImpl - Adding QuerySpace : uid = &lt;gen:0&gt; -&gt; org.hibernate.loader.plan.build.internal.spaces.EntityQuerySpaceImpl@27aae97b]
16:08:34.689 [main] DEBUG o.h.p.w.spi.MetamodelGraphWalker - Visiting attribute path : balance
16:08:34.689 [main] DEBUG o.h.p.w.spi.MetamodelGraphWalker - Visiting attribute path : creditNumber
16:08:34.689 [main] DEBUG o.h.p.w.spi.MetamodelGraphWalker - Visiting attribute path : expiryDate
16:08:34.689 [main] DEBUG o.h.p.w.spi.MetamodelGraphWalker - Visiting attribute path : nameOnCreditCard
16:08:34.689 [main] DEBUG o.h.l.p.b.i.FetchStyleLoadPlanBuildingAssociationVisitationStrategy - Building LoadPlan...
16:08:34.690 [main] DEBUG o.h.l.p.e.i.LoadQueryJoinAndFetchProcessor - processing queryspace &lt;gen:0&gt;
16:08:34.690 [main] DEBUG o.h.l.p.b.spi.LoadPlanTreePrinter - LoadPlan(entity=com.startup.musicstore.domain.CreditCard)
    - Returns
       - EntityReturnImpl(entity=com.startup.musicstore.domain.CreditCard, querySpaceUid=&lt;gen:0&gt;, path=com.startup.musicstore.domain.CreditCard)
    - QuerySpaces
       - EntityQuerySpaceImpl(uid=&lt;gen:0&gt;, entity=com.startup.musicstore.domain.CreditCard)
          - SQL table alias mapping - creditcard0_
          - alias suffix - 0_
          - suffixed key columns - {id1_2_0_}

16:08:34.690 [main] DEBUG o.h.loader.entity.plan.EntityLoader - Static select for entity com.startup.musicstore.domain.CreditCard [OPTIMISTIC_FORCE_INCREMENT]: select creditcard0_.id as id1_2_0_, creditcard0_.balance as balance2_2_0_, creditcard0_.creditNumber as creditNu3_2_0_, creditcard0_.expiryDate as expiryDa4_2_0_, creditcard0_.nameOnCreditCard as nameOnCr5_2_0_ from CreditCard creditcard0_ where creditcard0_.id=?
16:08:34.701 [main] DEBUG org.hibernate.loader.Loader - Static select for action ACTION_MERGE on entity com.startup.musicstore.domain.CreditCard: select creditcard0_.id as id1_2_0_, creditcard0_.balance as balance2_2_0_, creditcard0_.creditNumber as creditNu3_2_0_, creditcard0_.expiryDate as expiryDa4_2_0_, creditcard0_.nameOnCreditCard as nameOnCr5_2_0_ from CreditCard creditcard0_ where creditcard0_.id=?
16:08:34.701 [main] DEBUG org.hibernate.loader.Loader - Static select for action ACTION_REFRESH on entity com.startup.musicstore.domain.CreditCard: select creditcard0_.id as id1_2_0_, creditcard0_.balance as balance2_2_0_, creditcard0_.creditNumber as creditNu3_2_0_, creditcard0_.expiryDate as expiryDa4_2_0_, creditcard0_.nameOnCreditCard as nameOnCr5_2_0_ from CreditCard creditcard0_ where creditcard0_.id=?
16:08:34.701 [main] DEBUG o.h.p.entity.AbstractEntityPersister - Static SQL for entity: com.startup.musicstore.domain.MarketingInformation
16:08:34.701 [main] DEBUG o.h.p.entity.AbstractEntityPersister -  Version select: select id from MarketingInformation where id =?
16:08:34.701 [main] DEBUG o.h.p.entity.AbstractEntityPersister -  Snapshot select: select marketingi_.id, marketingi_.firstName as firstNam2_4_, marketingi_.lastName as lastName3_4_, marketingi_.description as descript4_4_, marketingi_.rating as rating5_4_, marketingi_.statusOfInformation as statusOf6_4_ from MarketingInformation marketingi_ where marketingi_.id=?
16:08:34.701 [main] DEBUG o.h.p.entity.AbstractEntityPersister -  Insert 0: insert into MarketingInformation (firstName, lastName, description, rating, statusOfInformation, id) values (?, ?, ?, ?, ?, ?)
16:08:34.701 [main] DEBUG o.h.p.entity.AbstractEntityPersister -  Update 0: update MarketingInformation set firstName=?, lastName=?, description=?, rating=?, statusOfInformation=? where id=?
16:08:34.701 [main] DEBUG o.h.p.entity.AbstractEntityPersister -  Delete 0: delete from MarketingInformation where id=?
16:08:34.701 [main] DEBUG o.h.p.entity.AbstractEntityPersister -  Identity insert: insert into MarketingInformation (id, firstName, lastName, description, rating, statusOfInformation) values (default, ?, ?, ?, ?, ?)
16:08:34.701 [main] DEBUG o.h.l.p.b.i.spaces.QuerySpacesImpl - Adding QuerySpace : uid = &lt;gen:0&gt; -&gt; org.hibernate.loader.plan.build.internal.spaces.EntityQuerySpaceImpl@3af356f]
16:08:34.701 [main] DEBUG o.h.p.w.spi.MetamodelGraphWalker - Visiting attribute path : artist
16:08:34.703 [main] DEBUG o.h.l.p.b.i.spaces.QuerySpacesImpl - Adding QuerySpace : uid = &lt;gen:1&gt; -&gt; org.hibernate.loader.plan.build.internal.spaces.CompositeQuerySpaceImpl@1bcb79c2]
16:08:34.705 [main] DEBUG o.h.p.w.spi.MetamodelGraphWalker - Visiting attribute path : artist.firstName
16:08:34.705 [main] DEBUG o.h.p.w.spi.MetamodelGraphWalker - Visiting attribute path : artist.lastName
16:08:34.705 [main] DEBUG o.h.p.w.spi.MetamodelGraphWalker - Visiting attribute path : review
16:08:34.705 [main] DEBUG o.h.l.p.b.i.spaces.QuerySpacesImpl - Adding QuerySpace : uid = &lt;gen:2&gt; -&gt; org.hibernate.loader.plan.build.internal.spaces.CompositeQuerySpaceImpl@5aae8eb5]
16:08:34.706 [main] DEBUG o.h.p.w.spi.MetamodelGraphWalker - Visiting attribute path : review.description
16:08:34.706 [main] DEBUG o.h.p.w.spi.MetamodelGraphWalker - Visiting attribute path : review.rating
16:08:34.706 [main] DEBUG o.h.p.w.spi.MetamodelGraphWalker - Visiting attribute path : statusOfInformation
16:08:34.706 [main] DEBUG o.h.l.p.b.i.FetchStyleLoadPlanBuildingAssociationVisitationStrategy - Building LoadPlan...
16:08:34.706 [main] DEBUG o.h.l.p.e.i.LoadQueryJoinAndFetchProcessor - processing queryspace &lt;gen:0&gt;
16:08:34.707 [main] DEBUG o.h.l.p.b.spi.LoadPlanTreePrinter - LoadPlan(entity=com.startup.musicstore.domain.MarketingInformation)
    - Returns
       - EntityReturnImpl(entity=com.startup.musicstore.domain.MarketingInformation, querySpaceUid=&lt;gen:0&gt;, path=com.startup.musicstore.domain.MarketingInformation)
          - CompositeAttributeFetchImpl(composite=com.startup.musicstore.domain.Artist, querySpaceUid=&lt;gen:1&gt;, path=com.startup.musicstore.domain.MarketingInformation.artist)
          - CompositeAttributeFetchImpl(composite=com.startup.musicstore.domain.Review, querySpaceUid=&lt;gen:2&gt;, path=com.startup.musicstore.domain.MarketingInformation.review)
    - QuerySpaces
       - EntityQuerySpaceImpl(uid=&lt;gen:0&gt;, entity=com.startup.musicstore.domain.MarketingInformation)
          - SQL table alias mapping - marketingi0_
          - alias suffix - 0_
          - suffixed key columns - {id1_4_0_}
          - JOIN (JoinDefinedByMetadata(artist)) : &lt;gen:0&gt; -&gt; &lt;gen:1&gt;
             - CompositeQuerySpaceImpl(uid=&lt;gen:1&gt;)
                - SQL table alias mapping - marketingi0_
          - JOIN (JoinDefinedByMetadata(review)) : &lt;gen:0&gt; -&gt; &lt;gen:2&gt;
             - CompositeQuerySpaceImpl(uid=&lt;gen:2&gt;)
                - SQL table alias mapping - marketingi0_

16:08:34.707 [main] DEBUG o.h.loader.entity.plan.EntityLoader - Static select for entity com.startup.musicstore.domain.MarketingInformation [NONE]: select marketingi0_.id as id1_4_0_, marketingi0_.firstName as firstNam2_4_0_, marketingi0_.lastName as lastName3_4_0_, marketingi0_.description as descript4_4_0_, marketingi0_.rating as rating5_4_0_, marketingi0_.statusOfInformation as statusOf6_4_0_ from MarketingInformation marketingi0_ where marketingi0_.id=?
16:08:34.707 [main] DEBUG o.h.l.p.b.i.spaces.QuerySpacesImpl - Adding QuerySpace : uid = &lt;gen:0&gt; -&gt; org.hibernate.loader.plan.build.internal.spaces.EntityQuerySpaceImpl@27f74733]
16:08:34.707 [main] DEBUG o.h.p.w.spi.MetamodelGraphWalker - Visiting attribute path : artist
16:08:34.707 [main] DEBUG o.h.l.p.b.i.spaces.QuerySpacesImpl - Adding QuerySpace : uid = &lt;gen:1&gt; -&gt; org.hibernate.loader.plan.build.internal.spaces.CompositeQuerySpaceImpl@4bb8855f]
16:08:34.707 [main] DEBUG o.h.p.w.spi.MetamodelGraphWalker - Visiting attribute path : artist.firstName
16:08:34.707 [main] DEBUG o.h.p.w.spi.MetamodelGraphWalker - Visiting attribute path : artist.lastName
16:08:34.707 [main] DEBUG o.h.p.w.spi.MetamodelGraphWalker - Visiting attribute path : review
16:08:34.707 [main] DEBUG o.h.l.p.b.i.spaces.QuerySpacesImpl - Adding QuerySpace : uid = &lt;gen:2&gt; -&gt; org.hibernate.loader.plan.build.internal.spaces.CompositeQuerySpaceImpl@4a29f290]
16:08:34.707 [main] DEBUG o.h.p.w.spi.MetamodelGraphWalker - Visiting attribute path : review.description
16:08:34.707 [main] DEBUG o.h.p.w.spi.MetamodelGraphWalker - Visiting attribute path : review.rating
16:08:34.707 [main] DEBUG o.h.p.w.spi.MetamodelGraphWalker - Visiting attribute path : statusOfInformation
16:08:34.707 [main] DEBUG o.h.l.p.b.i.FetchStyleLoadPlanBuildingAssociationVisitationStrategy - Building LoadPlan...
16:08:34.707 [main] DEBUG o.h.l.p.e.i.LoadQueryJoinAndFetchProcessor - processing queryspace &lt;gen:0&gt;
16:08:34.708 [main] DEBUG o.h.l.p.b.spi.LoadPlanTreePrinter - LoadPlan(entity=com.startup.musicstore.domain.MarketingInformation)
    - Returns
       - EntityReturnImpl(entity=com.startup.musicstore.domain.MarketingInformation, querySpaceUid=&lt;gen:0&gt;, path=com.startup.musicstore.domain.MarketingInformation)
          - CompositeAttributeFetchImpl(composite=com.startup.musicstore.domain.Artist, querySpaceUid=&lt;gen:1&gt;, path=com.startup.musicstore.domain.MarketingInformation.artist)
          - CompositeAttributeFetchImpl(composite=com.startup.musicstore.domain.Review, querySpaceUid=&lt;gen:2&gt;, path=com.startup.musicstore.domain.MarketingInformation.review)
    - QuerySpaces
       - EntityQuerySpaceImpl(uid=&lt;gen:0&gt;, entity=com.startup.musicstore.domain.MarketingInformation)
          - SQL table alias mapping - marketingi0_
          - alias suffix - 0_
          - suffixed key columns - {id1_4_0_}
          - JOIN (JoinDefinedByMetadata(artist)) : &lt;gen:0&gt; -&gt; &lt;gen:1&gt;
             - CompositeQuerySpaceImpl(uid=&lt;gen:1&gt;)
                - SQL table alias mapping - marketingi0_
          - JOIN (JoinDefinedByMetadata(review)) : &lt;gen:0&gt; -&gt; &lt;gen:2&gt;
             - CompositeQuerySpaceImpl(uid=&lt;gen:2&gt;)
                - SQL table alias mapping - marketingi0_

16:08:34.708 [main] DEBUG o.h.loader.entity.plan.EntityLoader - Static select for entity com.startup.musicstore.domain.MarketingInformation [READ]: select marketingi0_.id as id1_4_0_, marketingi0_.firstName as firstNam2_4_0_, marketingi0_.lastName as lastName3_4_0_, marketingi0_.description as descript4_4_0_, marketingi0_.rating as rating5_4_0_, marketingi0_.statusOfInformation as statusOf6_4_0_ from MarketingInformation marketingi0_ where marketingi0_.id=?
16:08:34.708 [main] DEBUG o.h.l.p.b.i.spaces.QuerySpacesImpl - Adding QuerySpace : uid = &lt;gen:0&gt; -&gt; org.hibernate.loader.plan.build.internal.spaces.EntityQuerySpaceImpl@44f3fe83]
16:08:34.708 [main] DEBUG o.h.p.w.spi.MetamodelGraphWalker - Visiting attribute path : artist
16:08:34.708 [main] DEBUG o.h.l.p.b.i.spaces.QuerySpacesImpl - Adding QuerySpace : uid = &lt;gen:1&gt; -&gt; org.hibernate.loader.plan.build.internal.spaces.CompositeQuerySpaceImpl@417d6615]
16:08:34.708 [main] DEBUG o.h.p.w.spi.MetamodelGraphWalker - Visiting attribute path : artist.firstName
16:08:34.708 [main] DEBUG o.h.p.w.spi.MetamodelGraphWalker - Visiting attribute path : artist.lastName
16:08:34.708 [main] DEBUG o.h.p.w.spi.MetamodelGraphWalker - Visiting attribute path : review
16:08:34.708 [main] DEBUG o.h.l.p.b.i.spaces.QuerySpacesImpl - Adding QuerySpace : uid = &lt;gen:2&gt; -&gt; org.hibernate.loader.plan.build.internal.spaces.CompositeQuerySpaceImpl@21325036]
16:08:34.708 [main] DEBUG o.h.p.w.spi.MetamodelGraphWalker - Visiting attribute path : review.description
16:08:34.708 [main] DEBUG o.h.p.w.spi.MetamodelGraphWalker - Visiting attribute path : review.rating
16:08:34.708 [main] DEBUG o.h.p.w.spi.MetamodelGraphWalker - Visiting attribute path : statusOfInformation
16:08:34.708 [main] DEBUG o.h.l.p.b.i.FetchStyleLoadPlanBuildingAssociationVisitationStrategy - Building LoadPlan...
16:08:34.708 [main] DEBUG o.h.l.p.e.i.LoadQueryJoinAndFetchProcessor - processing queryspace &lt;gen:0&gt;
16:08:34.708 [main] DEBUG o.h.l.p.b.spi.LoadPlanTreePrinter - LoadPlan(entity=com.startup.musicstore.domain.MarketingInformation)
    - Returns
       - EntityReturnImpl(entity=com.startup.musicstore.domain.MarketingInformation, querySpaceUid=&lt;gen:0&gt;, path=com.startup.musicstore.domain.MarketingInformation)
          - CompositeAttributeFetchImpl(composite=com.startup.musicstore.domain.Artist, querySpaceUid=&lt;gen:1&gt;, path=com.startup.musicstore.domain.MarketingInformation.artist)
          - CompositeAttributeFetchImpl(composite=com.startup.musicstore.domain.Review, querySpaceUid=&lt;gen:2&gt;, path=com.startup.musicstore.domain.MarketingInformation.review)
    - QuerySpaces
       - EntityQuerySpaceImpl(uid=&lt;gen:0&gt;, entity=com.startup.musicstore.domain.MarketingInformation)
          - SQL table alias mapping - marketingi0_
          - alias suffix - 0_
          - suffixed key columns - {id1_4_0_}
          - JOIN (JoinDefinedByMetadata(artist)) : &lt;gen:0&gt; -&gt; &lt;gen:1&gt;
             - CompositeQuerySpaceImpl(uid=&lt;gen:1&gt;)
                - SQL table alias mapping - marketingi0_
          - JOIN (JoinDefinedByMetadata(review)) : &lt;gen:0&gt; -&gt; &lt;gen:2&gt;
             - CompositeQuerySpaceImpl(uid=&lt;gen:2&gt;)
                - SQL table alias mapping - marketingi0_

16:08:34.708 [main] DEBUG o.h.loader.entity.plan.EntityLoader - Static select for entity com.startup.musicstore.domain.MarketingInformation [UPGRADE]: select marketingi0_.id as id1_4_0_, marketingi0_.firstName as firstNam2_4_0_, marketingi0_.lastName as lastName3_4_0_, marketingi0_.description as descript4_4_0_, marketingi0_.rating as rating5_4_0_, marketingi0_.statusOfInformation as statusOf6_4_0_ from MarketingInformation marketingi0_ where marketingi0_.id=? for update with rs
16:08:34.708 [main] DEBUG o.h.l.p.b.i.spaces.QuerySpacesImpl - Adding QuerySpace : uid = &lt;gen:0&gt; -&gt; org.hibernate.loader.plan.build.internal.spaces.EntityQuerySpaceImpl@6272c96f]
16:08:34.708 [main] DEBUG o.h.p.w.spi.MetamodelGraphWalker - Visiting attribute path : artist
16:08:34.708 [main] DEBUG o.h.l.p.b.i.spaces.QuerySpacesImpl - Adding QuerySpace : uid = &lt;gen:1&gt; -&gt; org.hibernate.loader.plan.build.internal.spaces.CompositeQuerySpaceImpl@5ee34b1b]
16:08:34.708 [main] DEBUG o.h.p.w.spi.MetamodelGraphWalker - Visiting attribute path : artist.firstName
16:08:34.708 [main] DEBUG o.h.p.w.spi.MetamodelGraphWalker - Visiting attribute path : artist.lastName
16:08:34.708 [main] DEBUG o.h.p.w.spi.MetamodelGraphWalker - Visiting attribute path : review
16:08:34.708 [main] DEBUG o.h.l.p.b.i.spaces.QuerySpacesImpl - Adding QuerySpace : uid = &lt;gen:2&gt; -&gt; org.hibernate.loader.plan.build.internal.spaces.CompositeQuerySpaceImpl@48c4245d]
16:08:34.708 [main] DEBUG o.h.p.w.spi.MetamodelGraphWalker - Visiting attribute path : review.description
16:08:34.709 [main] DEBUG o.h.p.w.spi.MetamodelGraphWalker - Visiting attribute path : review.rating
16:08:34.709 [main] DEBUG o.h.p.w.spi.MetamodelGraphWalker - Visiting attribute path : statusOfInformation
16:08:34.709 [main] DEBUG o.h.l.p.b.i.FetchStyleLoadPlanBuildingAssociationVisitationStrategy - Building LoadPlan...
16:08:34.709 [main] DEBUG o.h.l.p.e.i.LoadQueryJoinAndFetchProcessor - processing queryspace &lt;gen:0&gt;
16:08:34.709 [main] DEBUG o.h.l.p.b.spi.LoadPlanTreePrinter - LoadPlan(entity=com.startup.musicstore.domain.MarketingInformation)
    - Returns
       - EntityReturnImpl(entity=com.startup.musicstore.domain.MarketingInformation, querySpaceUid=&lt;gen:0&gt;, path=com.startup.musicstore.domain.MarketingInformation)
          - CompositeAttributeFetchImpl(composite=com.startup.musicstore.domain.Artist, querySpaceUid=&lt;gen:1&gt;, path=com.startup.musicstore.domain.MarketingInformation.artist)
          - CompositeAttributeFetchImpl(composite=com.startup.musicstore.domain.Review, querySpaceUid=&lt;gen:2&gt;, path=com.startup.musicstore.domain.MarketingInformation.review)
    - QuerySpaces
       - EntityQuerySpaceImpl(uid=&lt;gen:0&gt;, entity=com.startup.musicstore.domain.MarketingInformation)
          - SQL table alias mapping - marketingi0_
          - alias suffix - 0_
          - suffixed key columns - {id1_4_0_}
          - JOIN (JoinDefinedByMetadata(artist)) : &lt;gen:0&gt; -&gt; &lt;gen:1&gt;
             - CompositeQuerySpaceImpl(uid=&lt;gen:1&gt;)
                - SQL table alias mapping - marketingi0_
          - JOIN (JoinDefinedByMetadata(review)) : &lt;gen:0&gt; -&gt; &lt;gen:2&gt;
             - CompositeQuerySpaceImpl(uid=&lt;gen:2&gt;)
                - SQL table alias mapping - marketingi0_

16:08:34.709 [main] DEBUG o.h.loader.entity.plan.EntityLoader - Static select for entity com.startup.musicstore.domain.MarketingInformation [UPGRADE_NOWAIT]: select marketingi0_.id as id1_4_0_, marketingi0_.firstName as firstNam2_4_0_, marketingi0_.lastName as lastName3_4_0_, marketingi0_.description as descript4_4_0_, marketingi0_.rating as rating5_4_0_, marketingi0_.statusOfInformation as statusOf6_4_0_ from MarketingInformation marketingi0_ where marketingi0_.id=? for update with rs
16:08:34.709 [main] DEBUG o.h.l.p.b.i.spaces.QuerySpacesImpl - Adding QuerySpace : uid = &lt;gen:0&gt; -&gt; org.hibernate.loader.plan.build.internal.spaces.EntityQuerySpaceImpl@7906578e]
16:08:34.709 [main] DEBUG o.h.p.w.spi.MetamodelGraphWalker - Visiting attribute path : artist
16:08:34.709 [main] DEBUG o.h.l.p.b.i.spaces.QuerySpacesImpl - Adding QuerySpace : uid = &lt;gen:1&gt; -&gt; org.hibernate.loader.plan.build.internal.spaces.CompositeQuerySpaceImpl@61a91912]
16:08:34.709 [main] DEBUG o.h.p.w.spi.MetamodelGraphWalker - Visiting attribute path : artist.firstName
16:08:34.709 [main] DEBUG o.h.p.w.spi.MetamodelGraphWalker - Visiting attribute path : artist.lastName
16:08:34.709 [main] DEBUG o.h.p.w.spi.MetamodelGraphWalker - Visiting attribute path : review
16:08:34.709 [main] DEBUG o.h.l.p.b.i.spaces.QuerySpacesImpl - Adding QuerySpace : uid = &lt;gen:2&gt; -&gt; org.hibernate.loader.plan.build.internal.spaces.CompositeQuerySpaceImpl@5c92166b]
16:08:34.709 [main] DEBUG o.h.p.w.spi.MetamodelGraphWalker - Visiting attribute path : review.description
16:08:34.709 [main] DEBUG o.h.p.w.spi.MetamodelGraphWalker - Visiting attribute path : review.rating
16:08:34.709 [main] DEBUG o.h.p.w.spi.MetamodelGraphWalker - Visiting attribute path : statusOfInformation
16:08:34.709 [main] DEBUG o.h.l.p.b.i.FetchStyleLoadPlanBuildingAssociationVisitationStrategy - Building LoadPlan...
16:08:34.709 [main] DEBUG o.h.l.p.e.i.LoadQueryJoinAndFetchProcessor - processing queryspace &lt;gen:0&gt;
16:08:34.710 [main] DEBUG o.h.l.p.b.spi.LoadPlanTreePrinter - LoadPlan(entity=com.startup.musicstore.domain.MarketingInformation)
    - Returns
       - EntityReturnImpl(entity=com.startup.musicstore.domain.MarketingInformation, querySpaceUid=&lt;gen:0&gt;, path=com.startup.musicstore.domain.MarketingInformation)
          - CompositeAttributeFetchImpl(composite=com.startup.musicstore.domain.Artist, querySpaceUid=&lt;gen:1&gt;, path=com.startup.musicstore.domain.MarketingInformation.artist)
          - CompositeAttributeFetchImpl(composite=com.startup.musicstore.domain.Review, querySpaceUid=&lt;gen:2&gt;, path=com.startup.musicstore.domain.MarketingInformation.review)
    - QuerySpaces
       - EntityQuerySpaceImpl(uid=&lt;gen:0&gt;, entity=com.startup.musicstore.domain.MarketingInformation)
          - SQL table alias mapping - marketingi0_
          - alias suffix - 0_
          - suffixed key columns - {id1_4_0_}
          - JOIN (JoinDefinedByMetadata(artist)) : &lt;gen:0&gt; -&gt; &lt;gen:1&gt;
             - CompositeQuerySpaceImpl(uid=&lt;gen:1&gt;)
                - SQL table alias mapping - marketingi0_
          - JOIN (JoinDefinedByMetadata(review)) : &lt;gen:0&gt; -&gt; &lt;gen:2&gt;
             - CompositeQuerySpaceImpl(uid=&lt;gen:2&gt;)
                - SQL table alias mapping - marketingi0_

16:08:34.710 [main] DEBUG o.h.loader.entity.plan.EntityLoader - Static select for entity com.startup.musicstore.domain.MarketingInformation [UPGRADE_SKIPLOCKED]: select marketingi0_.id as id1_4_0_, marketingi0_.firstName as firstNam2_4_0_, marketingi0_.lastName as lastName3_4_0_, marketingi0_.description as descript4_4_0_, marketingi0_.rating as rating5_4_0_, marketingi0_.statusOfInformation as statusOf6_4_0_ from MarketingInformation marketingi0_ where marketingi0_.id=? for update with rs
16:08:34.710 [main] DEBUG o.h.l.p.b.i.spaces.QuerySpacesImpl - Adding QuerySpace : uid = &lt;gen:0&gt; -&gt; org.hibernate.loader.plan.build.internal.spaces.EntityQuerySpaceImpl@4cd1c1dc]
16:08:34.710 [main] DEBUG o.h.p.w.spi.MetamodelGraphWalker - Visiting attribute path : artist
16:08:34.710 [main] DEBUG o.h.l.p.b.i.spaces.QuerySpacesImpl - Adding QuerySpace : uid = &lt;gen:1&gt; -&gt; org.hibernate.loader.plan.build.internal.spaces.CompositeQuerySpaceImpl@b9dfc5a]
16:08:34.710 [main] DEBUG o.h.p.w.spi.MetamodelGraphWalker - Visiting attribute path : artist.firstName
16:08:34.710 [main] DEBUG o.h.p.w.spi.MetamodelGraphWalker - Visiting attribute path : artist.lastName
16:08:34.710 [main] DEBUG o.h.p.w.spi.MetamodelGraphWalker - Visiting attribute path : review
16:08:34.710 [main] DEBUG o.h.l.p.b.i.spaces.QuerySpacesImpl - Adding QuerySpace : uid = &lt;gen:2&gt; -&gt; org.hibernate.loader.plan.build.internal.spaces.CompositeQuerySpaceImpl@659a2455]
16:08:34.710 [main] DEBUG o.h.p.w.spi.MetamodelGraphWalker - Visiting attribute path : review.description
16:08:34.710 [main] DEBUG o.h.p.w.spi.MetamodelGraphWalker - Visiting attribute path : review.rating
16:08:34.710 [main] DEBUG o.h.p.w.spi.MetamodelGraphWalker - Visiting attribute path : statusOfInformation
16:08:34.710 [main] DEBUG o.h.l.p.b.i.FetchStyleLoadPlanBuildingAssociationVisitationStrategy - Building LoadPlan...
16:08:34.710 [main] DEBUG o.h.l.p.e.i.LoadQueryJoinAndFetchProcessor - processing queryspace &lt;gen:0&gt;
16:08:34.711 [main] DEBUG o.h.l.p.b.spi.LoadPlanTreePrinter - LoadPlan(entity=com.startup.musicstore.domain.MarketingInformation)
    - Returns
       - EntityReturnImpl(entity=com.startup.musicstore.domain.MarketingInformation, querySpaceUid=&lt;gen:0&gt;, path=com.startup.musicstore.domain.MarketingInformation)
          - CompositeAttributeFetchImpl(composite=com.startup.musicstore.domain.Artist, querySpaceUid=&lt;gen:1&gt;, path=com.startup.musicstore.domain.MarketingInformation.artist)
          - CompositeAttributeFetchImpl(composite=com.startup.musicstore.domain.Review, querySpaceUid=&lt;gen:2&gt;, path=com.startup.musicstore.domain.MarketingInformation.review)
    - QuerySpaces
       - EntityQuerySpaceImpl(uid=&lt;gen:0&gt;, entity=com.startup.musicstore.domain.MarketingInformation)
          - SQL table alias mapping - marketingi0_
          - alias suffix - 0_
          - suffixed key columns - {id1_4_0_}
          - JOIN (JoinDefinedByMetadata(artist)) : &lt;gen:0&gt; -&gt; &lt;gen:1&gt;
             - CompositeQuerySpaceImpl(uid=&lt;gen:1&gt;)
                - SQL table alias mapping - marketingi0_
          - JOIN (JoinDefinedByMetadata(review)) : &lt;gen:0&gt; -&gt; &lt;gen:2&gt;
             - CompositeQuerySpaceImpl(uid=&lt;gen:2&gt;)
                - SQL table alias mapping - marketingi0_

16:08:34.711 [main] DEBUG o.h.loader.entity.plan.EntityLoader - Static select for entity com.startup.musicstore.domain.MarketingInformation [FORCE]: select marketingi0_.id as id1_4_0_, marketingi0_.firstName as firstNam2_4_0_, marketingi0_.lastName as lastName3_4_0_, marketingi0_.description as descript4_4_0_, marketingi0_.rating as rating5_4_0_, marketingi0_.statusOfInformation as statusOf6_4_0_ from MarketingInformation marketingi0_ where marketingi0_.id=? for update with rs
16:08:34.711 [main] DEBUG o.h.l.p.b.i.spaces.QuerySpacesImpl - Adding QuerySpace : uid = &lt;gen:0&gt; -&gt; org.hibernate.loader.plan.build.internal.spaces.EntityQuerySpaceImpl@426e505c]
16:08:34.711 [main] DEBUG o.h.p.w.spi.MetamodelGraphWalker - Visiting attribute path : artist
16:08:34.711 [main] DEBUG o.h.l.p.b.i.spaces.QuerySpacesImpl - Adding QuerySpace : uid = &lt;gen:1&gt; -&gt; org.hibernate.loader.plan.build.internal.spaces.CompositeQuerySpaceImpl@6f8e0cee]
16:08:34.711 [main] DEBUG o.h.p.w.spi.MetamodelGraphWalker - Visiting attribute path : artist.firstName
16:08:34.711 [main] DEBUG o.h.p.w.spi.MetamodelGraphWalker - Visiting attribute path : artist.lastName
16:08:34.711 [main] DEBUG o.h.p.w.spi.MetamodelGraphWalker - Visiting attribute path : review
16:08:34.711 [main] DEBUG o.h.l.p.b.i.spaces.QuerySpacesImpl - Adding QuerySpace : uid = &lt;gen:2&gt; -&gt; org.hibernate.loader.plan.build.internal.spaces.CompositeQuerySpaceImpl@5116ac09]
16:08:34.711 [main] DEBUG o.h.p.w.spi.MetamodelGraphWalker - Visiting attribute path : review.description
16:08:34.711 [main] DEBUG o.h.p.w.spi.MetamodelGraphWalker - Visiting attribute path : review.rating
16:08:34.711 [main] DEBUG o.h.p.w.spi.MetamodelGraphWalker - Visiting attribute path : statusOfInformation
16:08:34.711 [main] DEBUG o.h.l.p.b.i.FetchStyleLoadPlanBuildingAssociationVisitationStrategy - Building LoadPlan...
16:08:34.711 [main] DEBUG o.h.l.p.e.i.LoadQueryJoinAndFetchProcessor - processing queryspace &lt;gen:0&gt;
16:08:34.712 [main] DEBUG o.h.l.p.b.spi.LoadPlanTreePrinter - LoadPlan(entity=com.startup.musicstore.domain.MarketingInformation)
    - Returns
       - EntityReturnImpl(entity=com.startup.musicstore.domain.MarketingInformation, querySpaceUid=&lt;gen:0&gt;, path=com.startup.musicstore.domain.MarketingInformation)
          - CompositeAttributeFetchImpl(composite=com.startup.musicstore.domain.Artist, querySpaceUid=&lt;gen:1&gt;, path=com.startup.musicstore.domain.MarketingInformation.artist)
          - CompositeAttributeFetchImpl(composite=com.startup.musicstore.domain.Review, querySpaceUid=&lt;gen:2&gt;, path=com.startup.musicstore.domain.MarketingInformation.review)
    - QuerySpaces
       - EntityQuerySpaceImpl(uid=&lt;gen:0&gt;, entity=com.startup.musicstore.domain.MarketingInformation)
          - SQL table alias mapping - marketingi0_
          - alias suffix - 0_
          - suffixed key columns - {id1_4_0_}
          - JOIN (JoinDefinedByMetadata(artist)) : &lt;gen:0&gt; -&gt; &lt;gen:1&gt;
             - CompositeQuerySpaceImpl(uid=&lt;gen:1&gt;)
                - SQL table alias mapping - marketingi0_
          - JOIN (JoinDefinedByMetadata(review)) : &lt;gen:0&gt; -&gt; &lt;gen:2&gt;
             - CompositeQuerySpaceImpl(uid=&lt;gen:2&gt;)
                - SQL table alias mapping - marketingi0_

16:08:34.712 [main] DEBUG o.h.loader.entity.plan.EntityLoader - Static select for entity com.startup.musicstore.domain.MarketingInformation [PESSIMISTIC_READ]: select marketingi0_.id as id1_4_0_, marketingi0_.firstName as firstNam2_4_0_, marketingi0_.lastName as lastName3_4_0_, marketingi0_.description as descript4_4_0_, marketingi0_.rating as rating5_4_0_, marketingi0_.statusOfInformation as statusOf6_4_0_ from MarketingInformation marketingi0_ where marketingi0_.id=? for read only with rs
16:08:34.712 [main] DEBUG o.h.l.p.b.i.spaces.QuerySpacesImpl - Adding QuerySpace : uid = &lt;gen:0&gt; -&gt; org.hibernate.loader.plan.build.internal.spaces.EntityQuerySpaceImpl@4b2a30d]
16:08:34.712 [main] DEBUG o.h.p.w.spi.MetamodelGraphWalker - Visiting attribute path : artist
16:08:34.712 [main] DEBUG o.h.l.p.b.i.spaces.QuerySpacesImpl - Adding QuerySpace : uid = &lt;gen:1&gt; -&gt; org.hibernate.loader.plan.build.internal.spaces.CompositeQuerySpaceImpl@56ba8773]
16:08:34.712 [main] DEBUG o.h.p.w.spi.MetamodelGraphWalker - Visiting attribute path : artist.firstName
16:08:34.712 [main] DEBUG o.h.p.w.spi.MetamodelGraphWalker - Visiting attribute path : artist.lastName
16:08:34.712 [main] DEBUG o.h.p.w.spi.MetamodelGraphWalker - Visiting attribute path : review
16:08:34.712 [main] DEBUG o.h.l.p.b.i.spaces.QuerySpacesImpl - Adding QuerySpace : uid = &lt;gen:2&gt; -&gt; org.hibernate.loader.plan.build.internal.spaces.CompositeQuerySpaceImpl@7dd00705]
16:08:34.712 [main] DEBUG o.h.p.w.spi.MetamodelGraphWalker - Visiting attribute path : review.description
16:08:34.712 [main] DEBUG o.h.p.w.spi.MetamodelGraphWalker - Visiting attribute path : review.rating
16:08:34.712 [main] DEBUG o.h.p.w.spi.MetamodelGraphWalker - Visiting attribute path : statusOfInformation
16:08:34.712 [main] DEBUG o.h.l.p.b.i.FetchStyleLoadPlanBuildingAssociationVisitationStrategy - Building LoadPlan...
16:08:34.712 [main] DEBUG o.h.l.p.e.i.LoadQueryJoinAndFetchProcessor - processing queryspace &lt;gen:0&gt;
16:08:34.713 [main] DEBUG o.h.l.p.b.spi.LoadPlanTreePrinter - LoadPlan(entity=com.startup.musicstore.domain.MarketingInformation)
    - Returns
       - EntityReturnImpl(entity=com.startup.musicstore.domain.MarketingInformation, querySpaceUid=&lt;gen:0&gt;, path=com.startup.musicstore.domain.MarketingInformation)
          - CompositeAttributeFetchImpl(composite=com.startup.musicstore.domain.Artist, querySpaceUid=&lt;gen:1&gt;, path=com.startup.musicstore.domain.MarketingInformation.artist)
          - CompositeAttributeFetchImpl(composite=com.startup.musicstore.domain.Review, querySpaceUid=&lt;gen:2&gt;, path=com.startup.musicstore.domain.MarketingInformation.review)
    - QuerySpaces
       - EntityQuerySpaceImpl(uid=&lt;gen:0&gt;, entity=com.startup.musicstore.domain.MarketingInformation)
          - SQL table alias mapping - marketingi0_
          - alias suffix - 0_
          - suffixed key columns - {id1_4_0_}
          - JOIN (JoinDefinedByMetadata(artist)) : &lt;gen:0&gt; -&gt; &lt;gen:1&gt;
             - CompositeQuerySpaceImpl(uid=&lt;gen:1&gt;)
                - SQL table alias mapping - marketingi0_
          - JOIN (JoinDefinedByMetadata(review)) : &lt;gen:0&gt; -&gt; &lt;gen:2&gt;
             - CompositeQuerySpaceImpl(uid=&lt;gen:2&gt;)
                - SQL table alias mapping - marketingi0_

16:08:34.713 [main] DEBUG o.h.loader.entity.plan.EntityLoader - Static select for entity com.startup.musicstore.domain.MarketingInformation [PESSIMISTIC_WRITE]: select marketingi0_.id as id1_4_0_, marketingi0_.firstName as firstNam2_4_0_, marketingi0_.lastName as lastName3_4_0_, marketingi0_.description as descript4_4_0_, marketingi0_.rating as rating5_4_0_, marketingi0_.statusOfInformation as statusOf6_4_0_ from MarketingInformation marketingi0_ where marketingi0_.id=? for update with rs
16:08:34.713 [main] DEBUG o.h.l.p.b.i.spaces.QuerySpacesImpl - Adding QuerySpace : uid = &lt;gen:0&gt; -&gt; org.hibernate.loader.plan.build.internal.spaces.EntityQuerySpaceImpl@d176a31]
16:08:34.713 [main] DEBUG o.h.p.w.spi.MetamodelGraphWalker - Visiting attribute path : artist
16:08:34.713 [main] DEBUG o.h.l.p.b.i.spaces.QuerySpacesImpl - Adding QuerySpace : uid = &lt;gen:1&gt; -&gt; org.hibernate.loader.plan.build.internal.spaces.CompositeQuerySpaceImpl@4784013e]
16:08:34.713 [main] DEBUG o.h.p.w.spi.MetamodelGraphWalker - Visiting attribute path : artist.firstName
16:08:34.713 [main] DEBUG o.h.p.w.spi.MetamodelGraphWalker - Visiting attribute path : artist.lastName
16:08:34.713 [main] DEBUG o.h.p.w.spi.MetamodelGraphWalker - Visiting attribute path : review
16:08:34.713 [main] DEBUG o.h.l.p.b.i.spaces.QuerySpacesImpl - Adding QuerySpace : uid = &lt;gen:2&gt; -&gt; org.hibernate.loader.plan.build.internal.spaces.CompositeQuerySpaceImpl@5965844d]
16:08:34.713 [main] DEBUG o.h.p.w.spi.MetamodelGraphWalker - Visiting attribute path : review.description
16:08:34.713 [main] DEBUG o.h.p.w.spi.MetamodelGraphWalker - Visiting attribute path : review.rating
16:08:34.713 [main] DEBUG o.h.p.w.spi.MetamodelGraphWalker - Visiting attribute path : statusOfInformation
16:08:34.713 [main] DEBUG o.h.l.p.b.i.FetchStyleLoadPlanBuildingAssociationVisitationStrategy - Building LoadPlan...
16:08:34.713 [main] DEBUG o.h.l.p.e.i.LoadQueryJoinAndFetchProcessor - processing queryspace &lt;gen:0&gt;
16:08:34.713 [main] DEBUG o.h.l.p.b.spi.LoadPlanTreePrinter - LoadPlan(entity=com.startup.musicstore.domain.MarketingInformation)
    - Returns
       - EntityReturnImpl(entity=com.startup.musicstore.domain.MarketingInformation, querySpaceUid=&lt;gen:0&gt;, path=com.startup.musicstore.domain.MarketingInformation)
          - CompositeAttributeFetchImpl(composite=com.startup.musicstore.domain.Artist, querySpaceUid=&lt;gen:1&gt;, path=com.startup.musicstore.domain.MarketingInformation.artist)
          - CompositeAttributeFetchImpl(composite=com.startup.musicstore.domain.Review, querySpaceUid=&lt;gen:2&gt;, path=com.startup.musicstore.domain.MarketingInformation.review)
    - QuerySpaces
       - EntityQuerySpaceImpl(uid=&lt;gen:0&gt;, entity=com.startup.musicstore.domain.MarketingInformation)
          - SQL table alias mapping - marketingi0_
          - alias suffix - 0_
          - suffixed key columns - {id1_4_0_}
          - JOIN (JoinDefinedByMetadata(artist)) : &lt;gen:0&gt; -&gt; &lt;gen:1&gt;
             - CompositeQuerySpaceImpl(uid=&lt;gen:1&gt;)
                - SQL table alias mapping - marketingi0_
          - JOIN (JoinDefinedByMetadata(review)) : &lt;gen:0&gt; -&gt; &lt;gen:2&gt;
             - CompositeQuerySpaceImpl(uid=&lt;gen:2&gt;)
                - SQL table alias mapping - marketingi0_

16:08:34.713 [main] DEBUG o.h.loader.entity.plan.EntityLoader - Static select for entity com.startup.musicstore.domain.MarketingInformation [PESSIMISTIC_FORCE_INCREMENT]: select marketingi0_.id as id1_4_0_, marketingi0_.firstName as firstNam2_4_0_, marketingi0_.lastName as lastName3_4_0_, marketingi0_.description as descript4_4_0_, marketingi0_.rating as rating5_4_0_, marketingi0_.statusOfInformation as statusOf6_4_0_ from MarketingInformation marketingi0_ where marketingi0_.id=? for update with rs
16:08:34.713 [main] DEBUG o.h.l.p.b.i.spaces.QuerySpacesImpl - Adding QuerySpace : uid = &lt;gen:0&gt; -&gt; org.hibernate.loader.plan.build.internal.spaces.EntityQuerySpaceImpl@aa004a0]
16:08:34.713 [main] DEBUG o.h.p.w.spi.MetamodelGraphWalker - Visiting attribute path : artist
16:08:34.714 [main] DEBUG o.h.l.p.b.i.spaces.QuerySpacesImpl - Adding QuerySpace : uid = &lt;gen:1&gt; -&gt; org.hibernate.loader.plan.build.internal.spaces.CompositeQuerySpaceImpl@392a04e7]
16:08:34.714 [main] DEBUG o.h.p.w.spi.MetamodelGraphWalker - Visiting attribute path : artist.firstName
16:08:34.714 [main] DEBUG o.h.p.w.spi.MetamodelGraphWalker - Visiting attribute path : artist.lastName
16:08:34.714 [main] DEBUG o.h.p.w.spi.MetamodelGraphWalker - Visiting attribute path : review
16:08:34.714 [main] DEBUG o.h.l.p.b.i.spaces.QuerySpacesImpl - Adding QuerySpace : uid = &lt;gen:2&gt; -&gt; org.hibernate.loader.plan.build.internal.spaces.CompositeQuerySpaceImpl@dffa30b]
16:08:34.714 [main] DEBUG o.h.p.w.spi.MetamodelGraphWalker - Visiting attribute path : review.description
16:08:34.714 [main] DEBUG o.h.p.w.spi.MetamodelGraphWalker - Visiting attribute path : review.rating
16:08:34.714 [main] DEBUG o.h.p.w.spi.MetamodelGraphWalker - Visiting attribute path : statusOfInformation
16:08:34.714 [main] DEBUG o.h.l.p.b.i.FetchStyleLoadPlanBuildingAssociationVisitationStrategy - Building LoadPlan...
16:08:34.714 [main] DEBUG o.h.l.p.e.i.LoadQueryJoinAndFetchProcessor - processing queryspace &lt;gen:0&gt;
16:08:34.714 [main] DEBUG o.h.l.p.b.spi.LoadPlanTreePrinter - LoadPlan(entity=com.startup.musicstore.domain.MarketingInformation)
    - Returns
       - EntityReturnImpl(entity=com.startup.musicstore.domain.MarketingInformation, querySpaceUid=&lt;gen:0&gt;, path=com.startup.musicstore.domain.MarketingInformation)
          - CompositeAttributeFetchImpl(composite=com.startup.musicstore.domain.Artist, querySpaceUid=&lt;gen:1&gt;, path=com.startup.musicstore.domain.MarketingInformation.artist)
          - CompositeAttributeFetchImpl(composite=com.startup.musicstore.domain.Review, querySpaceUid=&lt;gen:2&gt;, path=com.startup.musicstore.domain.MarketingInformation.review)
    - QuerySpaces
       - EntityQuerySpaceImpl(uid=&lt;gen:0&gt;, entity=com.startup.musicstore.domain.MarketingInformation)
          - SQL table alias mapping - marketingi0_
          - alias suffix - 0_
          - suffixed key columns - {id1_4_0_}
          - JOIN (JoinDefinedByMetadata(artist)) : &lt;gen:0&gt; -&gt; &lt;gen:1&gt;
             - CompositeQuerySpaceImpl(uid=&lt;gen:1&gt;)
                - SQL table alias mapping - marketingi0_
          - JOIN (JoinDefinedByMetadata(review)) : &lt;gen:0&gt; -&gt; &lt;gen:2&gt;
             - CompositeQuerySpaceImpl(uid=&lt;gen:2&gt;)
                - SQL table alias mapping - marketingi0_

16:08:34.714 [main] DEBUG o.h.loader.entity.plan.EntityLoader - Static select for entity com.startup.musicstore.domain.MarketingInformation [OPTIMISTIC]: select marketingi0_.id as id1_4_0_, marketingi0_.firstName as firstNam2_4_0_, marketingi0_.lastName as lastName3_4_0_, marketingi0_.description as descript4_4_0_, marketingi0_.rating as rating5_4_0_, marketingi0_.statusOfInformation as statusOf6_4_0_ from MarketingInformation marketingi0_ where marketingi0_.id=?
16:08:34.714 [main] DEBUG o.h.l.p.b.i.spaces.QuerySpacesImpl - Adding QuerySpace : uid = &lt;gen:0&gt; -&gt; org.hibernate.loader.plan.build.internal.spaces.EntityQuerySpaceImpl@6d3c232f]
16:08:34.714 [main] DEBUG o.h.p.w.spi.MetamodelGraphWalker - Visiting attribute path : artist
16:08:34.715 [main] DEBUG o.h.l.p.b.i.spaces.QuerySpacesImpl - Adding QuerySpace : uid = &lt;gen:1&gt; -&gt; org.hibernate.loader.plan.build.internal.spaces.CompositeQuerySpaceImpl@1bcf67e8]
16:08:34.715 [main] DEBUG o.h.p.w.spi.MetamodelGraphWalker - Visiting attribute path : artist.firstName
16:08:34.715 [main] DEBUG o.h.p.w.spi.MetamodelGraphWalker - Visiting attribute path : artist.lastName
16:08:34.715 [main] DEBUG o.h.p.w.spi.MetamodelGraphWalker - Visiting attribute path : review
16:08:34.715 [main] DEBUG o.h.l.p.b.i.spaces.QuerySpacesImpl - Adding QuerySpace : uid = &lt;gen:2&gt; -&gt; org.hibernate.loader.plan.build.internal.spaces.CompositeQuerySpaceImpl@53692008]
16:08:34.715 [main] DEBUG o.h.p.w.spi.MetamodelGraphWalker - Visiting attribute path : review.description
16:08:34.715 [main] DEBUG o.h.p.w.spi.MetamodelGraphWalker - Visiting attribute path : review.rating
16:08:34.715 [main] DEBUG o.h.p.w.spi.MetamodelGraphWalker - Visiting attribute path : statusOfInformation
16:08:34.715 [main] DEBUG o.h.l.p.b.i.FetchStyleLoadPlanBuildingAssociationVisitationStrategy - Building LoadPlan...
16:08:34.715 [main] DEBUG o.h.l.p.e.i.LoadQueryJoinAndFetchProcessor - processing queryspace &lt;gen:0&gt;
16:08:34.715 [main] DEBUG o.h.l.p.b.spi.LoadPlanTreePrinter - LoadPlan(entity=com.startup.musicstore.domain.MarketingInformation)
    - Returns
       - EntityReturnImpl(entity=com.startup.musicstore.domain.MarketingInformation, querySpaceUid=&lt;gen:0&gt;, path=com.startup.musicstore.domain.MarketingInformation)
          - CompositeAttributeFetchImpl(composite=com.startup.musicstore.domain.Artist, querySpaceUid=&lt;gen:1&gt;, path=com.startup.musicstore.domain.MarketingInformation.artist)
          - CompositeAttributeFetchImpl(composite=com.startup.musicstore.domain.Review, querySpaceUid=&lt;gen:2&gt;, path=com.startup.musicstore.domain.MarketingInformation.review)
    - QuerySpaces
       - EntityQuerySpaceImpl(uid=&lt;gen:0&gt;, entity=com.startup.musicstore.domain.MarketingInformation)
          - SQL table alias mapping - marketingi0_
          - alias suffix - 0_
          - suffixed key columns - {id1_4_0_}
          - JOIN (JoinDefinedByMetadata(artist)) : &lt;gen:0&gt; -&gt; &lt;gen:1&gt;
             - CompositeQuerySpaceImpl(uid=&lt;gen:1&gt;)
                - SQL table alias mapping - marketingi0_
          - JOIN (JoinDefinedByMetadata(review)) : &lt;gen:0&gt; -&gt; &lt;gen:2&gt;
             - CompositeQuerySpaceImpl(uid=&lt;gen:2&gt;)
                - SQL table alias mapping - marketingi0_

16:08:34.715 [main] DEBUG o.h.loader.entity.plan.EntityLoader - Static select for entity com.startup.musicstore.domain.MarketingInformation [OPTIMISTIC_FORCE_INCREMENT]: select marketingi0_.id as id1_4_0_, marketingi0_.firstName as firstNam2_4_0_, marketingi0_.lastName as lastName3_4_0_, marketingi0_.description as descript4_4_0_, marketingi0_.rating as rating5_4_0_, marketingi0_.statusOfInformation as statusOf6_4_0_ from MarketingInformation marketingi0_ where marketingi0_.id=?
16:08:34.716 [main] DEBUG org.hibernate.loader.Loader - Static select for action ACTION_MERGE on entity com.startup.musicstore.domain.MarketingInformation: select marketingi0_.id as id1_4_0_, marketingi0_.firstName as firstNam2_4_0_, marketingi0_.lastName as lastName3_4_0_, marketingi0_.description as descript4_4_0_, marketingi0_.rating as rating5_4_0_, marketingi0_.statusOfInformation as statusOf6_4_0_ from MarketingInformation marketingi0_ where marketingi0_.id=?
16:08:34.716 [main] DEBUG org.hibernate.loader.Loader - Static select for action ACTION_REFRESH on entity com.startup.musicstore.domain.MarketingInformation: select marketingi0_.id as id1_4_0_, marketingi0_.firstName as firstNam2_4_0_, marketingi0_.lastName as lastName3_4_0_, marketingi0_.description as descript4_4_0_, marketingi0_.rating as rating5_4_0_, marketingi0_.statusOfInformation as statusOf6_4_0_ from MarketingInformation marketingi0_ where marketingi0_.id=?
16:08:34.716 [main] DEBUG o.h.p.entity.AbstractEntityPersister - Static SQL for entity: com.startup.musicstore.domain.Albums
16:08:34.716 [main] DEBUG o.h.p.entity.AbstractEntityPersister -  Version select: select id from Albums where id =?
16:08:34.716 [main] DEBUG o.h.p.entity.AbstractEntityPersister -  Snapshot select: select albums_.id, albums_.albumTitle as albumTit2_1_, albums_.category as category6_1_, albums_.marketing as marketin7_1_, albums_.inventory as inventor3_1_, albums_.sales as sales4_1_, albums_.unitPrice as unitPric5_1_ from Albums albums_ where albums_.id=?
16:08:34.716 [main] DEBUG o.h.p.entity.AbstractEntityPersister -  Insert 0: insert into Albums (albumTitle, category, marketing, inventory, sales, unitPrice, id) values (?, ?, ?, ?, ?, ?, ?)
16:08:34.716 [main] DEBUG o.h.p.entity.AbstractEntityPersister -  Update 0: update Albums set albumTitle=?, category=?, marketing=?, inventory=?, sales=?, unitPrice=? where id=?
16:08:34.716 [main] DEBUG o.h.p.entity.AbstractEntityPersister -  Delete 0: delete from Albums where id=?
16:08:34.716 [main] DEBUG o.h.p.entity.AbstractEntityPersister -  Identity insert: insert into Albums (id, albumTitle, category, marketing, inventory, sales, unitPrice) values (default, ?, ?, ?, ?, ?, ?)
16:08:34.716 [main] DEBUG o.h.l.p.b.i.spaces.QuerySpacesImpl - Adding QuerySpace : uid = &lt;gen:0&gt; -&gt; org.hibernate.loader.plan.build.internal.spaces.EntityQuerySpaceImpl@1bbae752]
16:08:34.716 [main] DEBUG o.h.p.w.spi.MetamodelGraphWalker - Visiting attribute path : albumTitle
16:08:34.716 [main] DEBUG o.h.p.w.spi.MetamodelGraphWalker - Visiting attribute path : category
16:08:34.718 [main] DEBUG o.h.l.p.b.i.spaces.QuerySpacesImpl - Adding QuerySpace : uid = &lt;gen:1&gt; -&gt; org.hibernate.loader.plan.build.internal.spaces.EntityQuerySpaceImpl@29fc1a2b]
16:08:34.718 [main] DEBUG o.h.p.w.spi.MetamodelGraphWalker - Visiting attribute path : category.categoryName
16:08:34.718 [main] DEBUG o.h.p.w.spi.MetamodelGraphWalker - Visiting attribute path : info
16:08:34.719 [main] DEBUG o.h.l.p.b.i.spaces.QuerySpacesImpl - Adding QuerySpace : uid = &lt;gen:2&gt; -&gt; org.hibernate.loader.plan.build.internal.spaces.EntityQuerySpaceImpl@25d3cfc8]
16:08:34.719 [main] DEBUG o.h.p.w.spi.MetamodelGraphWalker - Visiting attribute path : info.artist
16:08:34.719 [main] DEBUG o.h.l.p.b.i.spaces.QuerySpacesImpl - Adding QuerySpace : uid = &lt;gen:3&gt; -&gt; org.hibernate.loader.plan.build.internal.spaces.CompositeQuerySpaceImpl@2571066a]
16:08:34.719 [main] DEBUG o.h.p.w.spi.MetamodelGraphWalker - Visiting attribute path : info.artist.firstName
16:08:34.719 [main] DEBUG o.h.p.w.spi.MetamodelGraphWalker - Visiting attribute path : info.artist.lastName
16:08:34.719 [main] DEBUG o.h.p.w.spi.MetamodelGraphWalker - Visiting attribute path : info.review
16:08:34.719 [main] DEBUG o.h.l.p.b.i.spaces.QuerySpacesImpl - Adding QuerySpace : uid = &lt;gen:4&gt; -&gt; org.hibernate.loader.plan.build.internal.spaces.CompositeQuerySpaceImpl@4fe875be]
16:08:34.719 [main] DEBUG o.h.p.w.spi.MetamodelGraphWalker - Visiting attribute path : info.review.description
16:08:34.719 [main] DEBUG o.h.p.w.spi.MetamodelGraphWalker - Visiting attribute path : info.review.rating
16:08:34.719 [main] DEBUG o.h.p.w.spi.MetamodelGraphWalker - Visiting attribute path : info.statusOfInformation
16:08:34.719 [main] DEBUG o.h.p.w.spi.MetamodelGraphWalker - Visiting attribute path : inventory
16:08:34.719 [main] DEBUG o.h.p.w.spi.MetamodelGraphWalker - Visiting attribute path : sales
16:08:34.719 [main] DEBUG o.h.p.w.spi.MetamodelGraphWalker - Visiting attribute path : tracks
16:08:34.720 [main] DEBUG o.h.l.p.b.i.spaces.QuerySpacesImpl - Adding QuerySpace : uid = &lt;gen:5&gt; -&gt; org.hibernate.loader.plan.build.internal.spaces.CollectionQuerySpaceImpl@15923407]
16:08:34.720 [main] DEBUG o.h.l.p.b.i.spaces.QuerySpacesImpl - Adding QuerySpace : uid = &lt;gen:6&gt; -&gt; org.hibernate.loader.plan.build.internal.spaces.EntityQuerySpaceImpl@3adbe50f]
16:08:34.721 [main] DEBUG o.h.p.w.spi.MetamodelGraphWalker - Visiting attribute path : tracks.sample
16:08:34.721 [main] DEBUG o.h.l.p.b.i.spaces.QuerySpacesImpl - Adding QuerySpace : uid = &lt;gen:7&gt; -&gt; org.hibernate.loader.plan.build.internal.spaces.CompositeQuerySpaceImpl@31cb96e1]
16:08:34.721 [main] DEBUG o.h.p.w.spi.MetamodelGraphWalker - Visiting attribute path : tracks.sample.sampleURL
16:08:34.721 [main] DEBUG o.h.p.w.spi.MetamodelGraphWalker - Visiting attribute path : tracks.trackTitle
16:08:34.721 [main] DEBUG o.h.p.w.spi.MetamodelGraphWalker - Visiting attribute path : tracks.tracknumber
16:08:34.721 [main] DEBUG o.h.p.w.spi.MetamodelGraphWalker - Visiting attribute path : unitPrice
16:08:34.722 [main] DEBUG o.h.l.p.b.i.FetchStyleLoadPlanBuildingAssociationVisitationStrategy - Building LoadPlan...
16:08:34.722 [main] DEBUG o.h.l.p.e.i.LoadQueryJoinAndFetchProcessor - processing queryspace &lt;gen:0&gt;
16:08:34.724 [main] DEBUG o.h.l.p.b.spi.LoadPlanTreePrinter - LoadPlan(entity=com.startup.musicstore.domain.Albums)
    - Returns
       - EntityReturnImpl(entity=com.startup.musicstore.domain.Albums, querySpaceUid=&lt;gen:0&gt;, path=com.startup.musicstore.domain.Albums)
          - EntityAttributeFetchImpl(entity=com.startup.musicstore.domain.AlbumCategory, querySpaceUid=&lt;gen:1&gt;, path=com.startup.musicstore.domain.Albums.category)
          - EntityAttributeFetchImpl(entity=com.startup.musicstore.domain.MarketingInformation, querySpaceUid=&lt;gen:2&gt;, path=com.startup.musicstore.domain.Albums.info)
             - CompositeAttributeFetchImpl(composite=com.startup.musicstore.domain.Artist, querySpaceUid=&lt;gen:3&gt;, path=com.startup.musicstore.domain.Albums.info.artist)
             - CompositeAttributeFetchImpl(composite=com.startup.musicstore.domain.Review, querySpaceUid=&lt;gen:4&gt;, path=com.startup.musicstore.domain.Albums.info.review)
          - CollectionAttributeFetchImpl(collection=com.startup.musicstore.domain.Albums.tracks, querySpaceUid=&lt;gen:5&gt;, path=com.startup.musicstore.domain.Albums.tracks)
             - (collection element) CollectionFetchableElementEntityGraph(entity=com.startup.musicstore.domain.Track, querySpaceUid=&lt;gen:6&gt;, path=com.startup.musicstore.domain.Albums.tracks.&lt;elements&gt;)
                - CompositeAttributeFetchImpl(composite=com.startup.musicstore.domain.SampleClip, querySpaceUid=&lt;gen:7&gt;, path=com.startup.musicstore.domain.Albums.tracks.&lt;elements&gt;.sample)
    - QuerySpaces
       - EntityQuerySpaceImpl(uid=&lt;gen:0&gt;, entity=com.startup.musicstore.domain.Albums)
          - SQL table alias mapping - albums0_
          - alias suffix - 0_
          - suffixed key columns - {id1_1_0_}
          - JOIN (JoinDefinedByMetadata(category)) : &lt;gen:0&gt; -&gt; &lt;gen:1&gt;
             - EntityQuerySpaceImpl(uid=&lt;gen:1&gt;, entity=com.startup.musicstore.domain.AlbumCategory)
                - SQL table alias mapping - albumcateg1_
                - alias suffix - 1_
                - suffixed key columns - {id1_0_1_}
          - JOIN (JoinDefinedByMetadata(info)) : &lt;gen:0&gt; -&gt; &lt;gen:2&gt;
             - EntityQuerySpaceImpl(uid=&lt;gen:2&gt;, entity=com.startup.musicstore.domain.MarketingInformation)
                - SQL table alias mapping - marketingi2_
                - alias suffix - 2_
                - suffixed key columns - {id1_4_2_}
                - JOIN (JoinDefinedByMetadata(artist)) : &lt;gen:2&gt; -&gt; &lt;gen:3&gt;
                   - CompositeQuerySpaceImpl(uid=&lt;gen:3&gt;)
                      - SQL table alias mapping - marketingi2_
                - JOIN (JoinDefinedByMetadata(review)) : &lt;gen:2&gt; -&gt; &lt;gen:4&gt;
                   - CompositeQuerySpaceImpl(uid=&lt;gen:4&gt;)
                      - SQL table alias mapping - marketingi2_
          - JOIN (JoinDefinedByMetadata(tracks)) : &lt;gen:0&gt; -&gt; &lt;gen:5&gt;
             - CollectionQuerySpaceImpl(uid=&lt;gen:5&gt;, collection=com.startup.musicstore.domain.Albums.tracks)
                - SQL table alias mapping - tracks3_
                - alias suffix - 3_
                - suffixed key columns - {tracks5_1_3_}
                - entity-element alias suffix - 4_
                - 4_entity-element suffixed key columns - id1_7_4_
                - JOIN (JoinDefinedByMetadata(elements)) : &lt;gen:5&gt; -&gt; &lt;gen:6&gt;
                   - EntityQuerySpaceImpl(uid=&lt;gen:6&gt;, entity=com.startup.musicstore.domain.Track)
                      - SQL table alias mapping - tracks3_
                      - alias suffix - 4_
                      - suffixed key columns - {id1_7_4_}
                      - JOIN (JoinDefinedByMetadata(sample)) : &lt;gen:6&gt; -&gt; &lt;gen:7&gt;
                         - CompositeQuerySpaceImpl(uid=&lt;gen:7&gt;)
                            - SQL table alias mapping - tracks3_

16:08:34.725 [main] DEBUG o.h.loader.entity.plan.EntityLoader - Static select for entity com.startup.musicstore.domain.Albums [NONE]: select albums0_.id as id1_1_0_, albums0_.albumTitle as albumTit2_1_0_, albums0_.category as category6_1_0_, albums0_.marketing as marketin7_1_0_, albums0_.inventory as inventor3_1_0_, albums0_.sales as sales4_1_0_, albums0_.unitPrice as unitPric5_1_0_, albumcateg1_.id as id1_0_1_, albumcateg1_.categoryName as category2_0_1_, marketingi2_.id as id1_4_2_, marketingi2_.firstName as firstNam2_4_2_, marketingi2_.lastName as lastName3_4_2_, marketingi2_.description as descript4_4_2_, marketingi2_.rating as rating5_4_2_, marketingi2_.statusOfInformation as statusOf6_4_2_, tracks3_.tracks as tracks5_1_3_, tracks3_.id as id1_7_3_, tracks3_.id as id1_7_4_, tracks3_.sampleURL as sampleUR2_7_4_, tracks3_.trackTitle as trackTit3_7_4_, tracks3_.tracknumber as tracknum4_7_4_ from Albums albums0_ left outer join AlbumCategory albumcateg1_ on albums0_.category=albumcateg1_.id left outer join MarketingInformation marketingi2_ on albums0_.marketing=marketingi2_.id left outer join Track tracks3_ on albums0_.id=tracks3_.tracks where albums0_.id=?
16:08:34.725 [main] DEBUG o.h.l.p.b.i.spaces.QuerySpacesImpl - Adding QuerySpace : uid = &lt;gen:0&gt; -&gt; org.hibernate.loader.plan.build.internal.spaces.EntityQuerySpaceImpl@444548a0]
16:08:34.725 [main] DEBUG o.h.p.w.spi.MetamodelGraphWalker - Visiting attribute path : albumTitle
16:08:34.725 [main] DEBUG o.h.p.w.spi.MetamodelGraphWalker - Visiting attribute path : category
16:08:34.725 [main] DEBUG o.h.l.p.b.i.spaces.QuerySpacesImpl - Adding QuerySpace : uid = &lt;gen:1&gt; -&gt; org.hibernate.loader.plan.build.internal.spaces.EntityQuerySpaceImpl@773c0293]
16:08:34.725 [main] DEBUG o.h.p.w.spi.MetamodelGraphWalker - Visiting attribute path : category.categoryName
16:08:34.725 [main] DEBUG o.h.p.w.spi.MetamodelGraphWalker - Visiting attribute path : info
16:08:34.725 [main] DEBUG o.h.l.p.b.i.spaces.QuerySpacesImpl - Adding QuerySpace : uid = &lt;gen:2&gt; -&gt; org.hibernate.loader.plan.build.internal.spaces.EntityQuerySpaceImpl@3b569985]
16:08:34.725 [main] DEBUG o.h.p.w.spi.MetamodelGraphWalker - Visiting attribute path : info.artist
16:08:34.725 [main] DEBUG o.h.l.p.b.i.spaces.QuerySpacesImpl - Adding QuerySpace : uid = &lt;gen:3&gt; -&gt; org.hibernate.loader.plan.build.internal.spaces.CompositeQuerySpaceImpl@2dbd803f]
16:08:34.726 [main] DEBUG o.h.p.w.spi.MetamodelGraphWalker - Visiting attribute path : info.artist.firstName
16:08:34.726 [main] DEBUG o.h.p.w.spi.MetamodelGraphWalker - Visiting attribute path : info.artist.lastName
16:08:34.726 [main] DEBUG o.h.p.w.spi.MetamodelGraphWalker - Visiting attribute path : info.review
16:08:34.726 [main] DEBUG o.h.l.p.b.i.spaces.QuerySpacesImpl - Adding QuerySpace : uid = &lt;gen:4&gt; -&gt; org.hibernate.loader.plan.build.internal.spaces.CompositeQuerySpaceImpl@31ddd4a4]
16:08:34.726 [main] DEBUG o.h.p.w.spi.MetamodelGraphWalker - Visiting attribute path : info.review.description
16:08:34.726 [main] DEBUG o.h.p.w.spi.MetamodelGraphWalker - Visiting attribute path : info.review.rating
16:08:34.726 [main] DEBUG o.h.p.w.spi.MetamodelGraphWalker - Visiting attribute path : info.statusOfInformation
16:08:34.726 [main] DEBUG o.h.p.w.spi.MetamodelGraphWalker - Visiting attribute path : inventory
16:08:34.726 [main] DEBUG o.h.p.w.spi.MetamodelGraphWalker - Visiting attribute path : sales
16:08:34.726 [main] DEBUG o.h.p.w.spi.MetamodelGraphWalker - Visiting attribute path : tracks
16:08:34.726 [main] DEBUG o.h.l.p.b.i.spaces.QuerySpacesImpl - Adding QuerySpace : uid = &lt;gen:5&gt; -&gt; org.hibernate.loader.plan.build.internal.spaces.CollectionQuerySpaceImpl@5b22b970]
16:08:34.726 [main] DEBUG o.h.l.p.b.i.spaces.QuerySpacesImpl - Adding QuerySpace : uid = &lt;gen:6&gt; -&gt; org.hibernate.loader.plan.build.internal.spaces.EntityQuerySpaceImpl@22d1886d]
16:08:34.726 [main] DEBUG o.h.p.w.spi.MetamodelGraphWalker - Visiting attribute path : tracks.sample
16:08:34.726 [main] DEBUG o.h.l.p.b.i.spaces.QuerySpacesImpl - Adding QuerySpace : uid = &lt;gen:7&gt; -&gt; org.hibernate.loader.plan.build.internal.spaces.CompositeQuerySpaceImpl@529cfee5]
16:08:34.726 [main] DEBUG o.h.p.w.spi.MetamodelGraphWalker - Visiting attribute path : tracks.sample.sampleURL
16:08:34.726 [main] DEBUG o.h.p.w.spi.MetamodelGraphWalker - Visiting attribute path : tracks.trackTitle
16:08:34.726 [main] DEBUG o.h.p.w.spi.MetamodelGraphWalker - Visiting attribute path : tracks.tracknumber
16:08:34.726 [main] DEBUG o.h.p.w.spi.MetamodelGraphWalker - Visiting attribute path : unitPrice
16:08:34.726 [main] DEBUG o.h.l.p.b.i.FetchStyleLoadPlanBuildingAssociationVisitationStrategy - Building LoadPlan...
16:08:34.726 [main] DEBUG o.h.l.p.e.i.LoadQueryJoinAndFetchProcessor - processing queryspace &lt;gen:0&gt;
16:08:34.727 [main] DEBUG o.h.l.p.b.spi.LoadPlanTreePrinter - LoadPlan(entity=com.startup.musicstore.domain.Albums)
    - Returns
       - EntityReturnImpl(entity=com.startup.musicstore.domain.Albums, querySpaceUid=&lt;gen:0&gt;, path=com.startup.musicstore.domain.Albums)
          - EntityAttributeFetchImpl(entity=com.startup.musicstore.domain.AlbumCategory, querySpaceUid=&lt;gen:1&gt;, path=com.startup.musicstore.domain.Albums.category)
          - EntityAttributeFetchImpl(entity=com.startup.musicstore.domain.MarketingInformation, querySpaceUid=&lt;gen:2&gt;, path=com.startup.musicstore.domain.Albums.info)
             - CompositeAttributeFetchImpl(composite=com.startup.musicstore.domain.Artist, querySpaceUid=&lt;gen:3&gt;, path=com.startup.musicstore.domain.Albums.info.artist)
             - CompositeAttributeFetchImpl(composite=com.startup.musicstore.domain.Review, querySpaceUid=&lt;gen:4&gt;, path=com.startup.musicstore.domain.Albums.info.review)
          - CollectionAttributeFetchImpl(collection=com.startup.musicstore.domain.Albums.tracks, querySpaceUid=&lt;gen:5&gt;, path=com.startup.musicstore.domain.Albums.tracks)
             - (collection element) CollectionFetchableElementEntityGraph(entity=com.startup.musicstore.domain.Track, querySpaceUid=&lt;gen:6&gt;, path=com.startup.musicstore.domain.Albums.tracks.&lt;elements&gt;)
                - CompositeAttributeFetchImpl(composite=com.startup.musicstore.domain.SampleClip, querySpaceUid=&lt;gen:7&gt;, path=com.startup.musicstore.domain.Albums.tracks.&lt;elements&gt;.sample)
    - QuerySpaces
       - EntityQuerySpaceImpl(uid=&lt;gen:0&gt;, entity=com.startup.musicstore.domain.Albums)
          - SQL table alias mapping - albums0_
          - alias suffix - 0_
          - suffixed key columns - {id1_1_0_}
          - JOIN (JoinDefinedByMetadata(category)) : &lt;gen:0&gt; -&gt; &lt;gen:1&gt;
             - EntityQuerySpaceImpl(uid=&lt;gen:1&gt;, entity=com.startup.musicstore.domain.AlbumCategory)
                - SQL table alias mapping - albumcateg1_
                - alias suffix - 1_
                - suffixed key columns - {id1_0_1_}
          - JOIN (JoinDefinedByMetadata(info)) : &lt;gen:0&gt; -&gt; &lt;gen:2&gt;
             - EntityQuerySpaceImpl(uid=&lt;gen:2&gt;, entity=com.startup.musicstore.domain.MarketingInformation)
                - SQL table alias mapping - marketingi2_
                - alias suffix - 2_
                - suffixed key columns - {id1_4_2_}
                - JOIN (JoinDefinedByMetadata(artist)) : &lt;gen:2&gt; -&gt; &lt;gen:3&gt;
                   - CompositeQuerySpaceImpl(uid=&lt;gen:3&gt;)
                      - SQL table alias mapping - marketingi2_
                - JOIN (JoinDefinedByMetadata(review)) : &lt;gen:2&gt; -&gt; &lt;gen:4&gt;
                   - CompositeQuerySpaceImpl(uid=&lt;gen:4&gt;)
                      - SQL table alias mapping - marketingi2_
          - JOIN (JoinDefinedByMetadata(tracks)) : &lt;gen:0&gt; -&gt; &lt;gen:5&gt;
             - CollectionQuerySpaceImpl(uid=&lt;gen:5&gt;, collection=com.startup.musicstore.domain.Albums.tracks)
                - SQL table alias mapping - tracks3_
                - alias suffix - 3_
                - suffixed key columns - {tracks5_1_3_}
                - entity-element alias suffix - 4_
                - 4_entity-element suffixed key columns - id1_7_4_
                - JOIN (JoinDefinedByMetadata(elements)) : &lt;gen:5&gt; -&gt; &lt;gen:6&gt;
                   - EntityQuerySpaceImpl(uid=&lt;gen:6&gt;, entity=com.startup.musicstore.domain.Track)
                      - SQL table alias mapping - tracks3_
                      - alias suffix - 4_
                      - suffixed key columns - {id1_7_4_}
                      - JOIN (JoinDefinedByMetadata(sample)) : &lt;gen:6&gt; -&gt; &lt;gen:7&gt;
                         - CompositeQuerySpaceImpl(uid=&lt;gen:7&gt;)
                            - SQL table alias mapping - tracks3_

16:08:34.727 [main] DEBUG o.h.loader.entity.plan.EntityLoader - Static select for entity com.startup.musicstore.domain.Albums [READ]: select albums0_.id as id1_1_0_, albums0_.albumTitle as albumTit2_1_0_, albums0_.category as category6_1_0_, albums0_.marketing as marketin7_1_0_, albums0_.inventory as inventor3_1_0_, albums0_.sales as sales4_1_0_, albums0_.unitPrice as unitPric5_1_0_, albumcateg1_.id as id1_0_1_, albumcateg1_.categoryName as category2_0_1_, marketingi2_.id as id1_4_2_, marketingi2_.firstName as firstNam2_4_2_, marketingi2_.lastName as lastName3_4_2_, marketingi2_.description as descript4_4_2_, marketingi2_.rating as rating5_4_2_, marketingi2_.statusOfInformation as statusOf6_4_2_, tracks3_.tracks as tracks5_1_3_, tracks3_.id as id1_7_3_, tracks3_.id as id1_7_4_, tracks3_.sampleURL as sampleUR2_7_4_, tracks3_.trackTitle as trackTit3_7_4_, tracks3_.tracknumber as tracknum4_7_4_ from Albums albums0_ left outer join AlbumCategory albumcateg1_ on albums0_.category=albumcateg1_.id left outer join MarketingInformation marketingi2_ on albums0_.marketing=marketingi2_.id left outer join Track tracks3_ on albums0_.id=tracks3_.tracks where albums0_.id=?
16:08:34.727 [main] DEBUG o.h.l.p.b.i.spaces.QuerySpacesImpl - Adding QuerySpace : uid = &lt;gen:0&gt; -&gt; org.hibernate.loader.plan.build.internal.spaces.EntityQuerySpaceImpl@319854f0]
16:08:34.727 [main] DEBUG o.h.p.w.spi.MetamodelGraphWalker - Visiting attribute path : albumTitle
16:08:34.727 [main] DEBUG o.h.p.w.spi.MetamodelGraphWalker - Visiting attribute path : category
16:08:34.727 [main] DEBUG o.h.l.p.b.i.spaces.QuerySpacesImpl - Adding QuerySpace : uid = &lt;gen:1&gt; -&gt; org.hibernate.loader.plan.build.internal.spaces.EntityQuerySpaceImpl@415156bf]
16:08:34.727 [main] DEBUG o.h.p.w.spi.MetamodelGraphWalker - Visiting attribute path : info
16:08:34.727 [main] DEBUG o.h.l.p.b.i.spaces.QuerySpacesImpl - Adding QuerySpace : uid = &lt;gen:2&gt; -&gt; org.hibernate.loader.plan.build.internal.spaces.EntityQuerySpaceImpl@393881f0]
16:08:34.727 [main] DEBUG o.h.p.w.spi.MetamodelGraphWalker - Visiting attribute path : inventory
16:08:34.727 [main] DEBUG o.h.p.w.spi.MetamodelGraphWalker - Visiting attribute path : sales
16:08:34.727 [main] DEBUG o.h.p.w.spi.MetamodelGraphWalker - Visiting attribute path : tracks
16:08:34.727 [main] DEBUG o.h.l.p.b.i.spaces.QuerySpacesImpl - Adding QuerySpace : uid = &lt;gen:3&gt; -&gt; org.hibernate.loader.plan.build.internal.spaces.CollectionQuerySpaceImpl@4af46df3]
16:08:34.727 [main] DEBUG o.h.l.p.b.i.spaces.QuerySpacesImpl - Adding QuerySpace : uid = &lt;gen:4&gt; -&gt; org.hibernate.loader.plan.build.internal.spaces.EntityQuerySpaceImpl@4158debd]
16:08:34.727 [main] DEBUG o.h.p.w.spi.MetamodelGraphWalker - Visiting attribute path : unitPrice
16:08:34.727 [main] DEBUG o.h.l.p.b.i.FetchStyleLoadPlanBuildingAssociationVisitationStrategy - Building LoadPlan...
16:08:34.727 [main] DEBUG o.h.l.p.e.i.LoadQueryJoinAndFetchProcessor - processing queryspace &lt;gen:0&gt;
16:08:34.728 [main] DEBUG o.h.l.p.b.spi.LoadPlanTreePrinter - LoadPlan(entity=com.startup.musicstore.domain.Albums)
    - Returns
       - EntityReturnImpl(entity=com.startup.musicstore.domain.Albums, querySpaceUid=&lt;gen:0&gt;, path=com.startup.musicstore.domain.Albums)
          - EntityAttributeFetchImpl(entity=com.startup.musicstore.domain.AlbumCategory, querySpaceUid=&lt;gen:1&gt;, path=com.startup.musicstore.domain.Albums.category)
          - EntityAttributeFetchImpl(entity=com.startup.musicstore.domain.MarketingInformation, querySpaceUid=&lt;gen:2&gt;, path=com.startup.musicstore.domain.Albums.info)
          - CollectionAttributeFetchImpl(collection=com.startup.musicstore.domain.Albums.tracks, querySpaceUid=&lt;gen:3&gt;, path=com.startup.musicstore.domain.Albums.tracks)
             - (collection element) CollectionFetchableElementEntityGraph(entity=com.startup.musicstore.domain.Track, querySpaceUid=&lt;gen:4&gt;, path=com.startup.musicstore.domain.Albums.tracks.&lt;elements&gt;)
    - QuerySpaces
       - EntityQuerySpaceImpl(uid=&lt;gen:0&gt;, entity=com.startup.musicstore.domain.Albums)
          - SQL table alias mapping - albums0_
          - alias suffix - 0_
          - suffixed key columns - {id1_1_0_}

16:08:34.728 [main] DEBUG o.h.loader.entity.plan.EntityLoader - Static select for entity com.startup.musicstore.domain.Albums [UPGRADE]: select albums0_.id as id1_1_0_, albums0_.albumTitle as albumTit2_1_0_, albums0_.category as category6_1_0_, albums0_.marketing as marketin7_1_0_, albums0_.inventory as inventor3_1_0_, albums0_.sales as sales4_1_0_, albums0_.unitPrice as unitPric5_1_0_ from Albums albums0_ where albums0_.id=? for update with rs
16:08:34.728 [main] DEBUG o.h.l.p.b.i.spaces.QuerySpacesImpl - Adding QuerySpace : uid = &lt;gen:0&gt; -&gt; org.hibernate.loader.plan.build.internal.spaces.EntityQuerySpaceImpl@af78c87]
16:08:34.728 [main] DEBUG o.h.p.w.spi.MetamodelGraphWalker - Visiting attribute path : albumTitle
16:08:34.728 [main] DEBUG o.h.p.w.spi.MetamodelGraphWalker - Visiting attribute path : category
16:08:34.728 [main] DEBUG o.h.l.p.b.i.spaces.QuerySpacesImpl - Adding QuerySpace : uid = &lt;gen:1&gt; -&gt; org.hibernate.loader.plan.build.internal.spaces.EntityQuerySpaceImpl@1ecfcbc9]
16:08:34.728 [main] DEBUG o.h.p.w.spi.MetamodelGraphWalker - Visiting attribute path : info
16:08:34.728 [main] DEBUG o.h.l.p.b.i.spaces.QuerySpacesImpl - Adding QuerySpace : uid = &lt;gen:2&gt; -&gt; org.hibernate.loader.plan.build.internal.spaces.EntityQuerySpaceImpl@1965539b]
16:08:34.728 [main] DEBUG o.h.p.w.spi.MetamodelGraphWalker - Visiting attribute path : inventory
16:08:34.728 [main] DEBUG o.h.p.w.spi.MetamodelGraphWalker - Visiting attribute path : sales
16:08:34.728 [main] DEBUG o.h.p.w.spi.MetamodelGraphWalker - Visiting attribute path : tracks
16:08:34.728 [main] DEBUG o.h.l.p.b.i.spaces.QuerySpacesImpl - Adding QuerySpace : uid = &lt;gen:3&gt; -&gt; org.hibernate.loader.plan.build.internal.spaces.CollectionQuerySpaceImpl@2fc07784]
16:08:34.728 [main] DEBUG o.h.l.p.b.i.spaces.QuerySpacesImpl - Adding QuerySpace : uid = &lt;gen:4&gt; -&gt; org.hibernate.loader.plan.build.internal.spaces.EntityQuerySpaceImpl@353efdbf]
16:08:34.728 [main] DEBUG o.h.p.w.spi.MetamodelGraphWalker - Visiting attribute path : unitPrice
16:08:34.728 [main] DEBUG o.h.l.p.b.i.FetchStyleLoadPlanBuildingAssociationVisitationStrategy - Building LoadPlan...
16:08:34.728 [main] DEBUG o.h.l.p.e.i.LoadQueryJoinAndFetchProcessor - processing queryspace &lt;gen:0&gt;
16:08:34.728 [main] DEBUG o.h.l.p.b.spi.LoadPlanTreePrinter - LoadPlan(entity=com.startup.musicstore.domain.Albums)
    - Returns
       - EntityReturnImpl(entity=com.startup.musicstore.domain.Albums, querySpaceUid=&lt;gen:0&gt;, path=com.startup.musicstore.domain.Albums)
          - EntityAttributeFetchImpl(entity=com.startup.musicstore.domain.AlbumCategory, querySpaceUid=&lt;gen:1&gt;, path=com.startup.musicstore.domain.Albums.category)
          - EntityAttributeFetchImpl(entity=com.startup.musicstore.domain.MarketingInformation, querySpaceUid=&lt;gen:2&gt;, path=com.startup.musicstore.domain.Albums.info)
          - CollectionAttributeFetchImpl(collection=com.startup.musicstore.domain.Albums.tracks, querySpaceUid=&lt;gen:3&gt;, path=com.startup.musicstore.domain.Albums.tracks)
             - (collection element) CollectionFetchableElementEntityGraph(entity=com.startup.musicstore.domain.Track, querySpaceUid=&lt;gen:4&gt;, path=com.startup.musicstore.domain.Albums.tracks.&lt;elements&gt;)
    - QuerySpaces
       - EntityQuerySpaceImpl(uid=&lt;gen:0&gt;, entity=com.startup.musicstore.domain.Albums)
          - SQL table alias mapping - albums0_
          - alias suffix - 0_
          - suffixed key columns - {id1_1_0_}

16:08:34.728 [main] DEBUG o.h.loader.entity.plan.EntityLoader - Static select for entity com.startup.musicstore.domain.Albums [UPGRADE_NOWAIT]: select albums0_.id as id1_1_0_, albums0_.albumTitle as albumTit2_1_0_, albums0_.category as category6_1_0_, albums0_.marketing as marketin7_1_0_, albums0_.inventory as inventor3_1_0_, albums0_.sales as sales4_1_0_, albums0_.unitPrice as unitPric5_1_0_ from Albums albums0_ where albums0_.id=? for update with rs
16:08:34.729 [main] DEBUG o.h.l.p.b.i.spaces.QuerySpacesImpl - Adding QuerySpace : uid = &lt;gen:0&gt; -&gt; org.hibernate.loader.plan.build.internal.spaces.EntityQuerySpaceImpl@55cff952]
16:08:34.729 [main] DEBUG o.h.p.w.spi.MetamodelGraphWalker - Visiting attribute path : albumTitle
16:08:34.729 [main] DEBUG o.h.p.w.spi.MetamodelGraphWalker - Visiting attribute path : category
16:08:34.729 [main] DEBUG o.h.l.p.b.i.spaces.QuerySpacesImpl - Adding QuerySpace : uid = &lt;gen:1&gt; -&gt; org.hibernate.loader.plan.build.internal.spaces.EntityQuerySpaceImpl@4a55a6e8]
16:08:34.729 [main] DEBUG o.h.p.w.spi.MetamodelGraphWalker - Visiting attribute path : info
16:08:34.729 [main] DEBUG o.h.l.p.b.i.spaces.QuerySpacesImpl - Adding QuerySpace : uid = &lt;gen:2&gt; -&gt; org.hibernate.loader.plan.build.internal.spaces.EntityQuerySpaceImpl@8c46918]
16:08:34.729 [main] DEBUG o.h.p.w.spi.MetamodelGraphWalker - Visiting attribute path : inventory
16:08:34.729 [main] DEBUG o.h.p.w.spi.MetamodelGraphWalker - Visiting attribute path : sales
16:08:34.729 [main] DEBUG o.h.p.w.spi.MetamodelGraphWalker - Visiting attribute path : tracks
16:08:34.729 [main] DEBUG o.h.l.p.b.i.spaces.QuerySpacesImpl - Adding QuerySpace : uid = &lt;gen:3&gt; -&gt; org.hibernate.loader.plan.build.internal.spaces.CollectionQuerySpaceImpl@226b143b]
16:08:34.729 [main] DEBUG o.h.l.p.b.i.spaces.QuerySpacesImpl - Adding QuerySpace : uid = &lt;gen:4&gt; -&gt; org.hibernate.loader.plan.build.internal.spaces.EntityQuerySpaceImpl@682bd3c4]
16:08:34.729 [main] DEBUG o.h.p.w.spi.MetamodelGraphWalker - Visiting attribute path : unitPrice
16:08:34.729 [main] DEBUG o.h.l.p.b.i.FetchStyleLoadPlanBuildingAssociationVisitationStrategy - Building LoadPlan...
16:08:34.729 [main] DEBUG o.h.l.p.e.i.LoadQueryJoinAndFetchProcessor - processing queryspace &lt;gen:0&gt;
16:08:34.729 [main] DEBUG o.h.l.p.b.spi.LoadPlanTreePrinter - LoadPlan(entity=com.startup.musicstore.domain.Albums)
    - Returns
       - EntityReturnImpl(entity=com.startup.musicstore.domain.Albums, querySpaceUid=&lt;gen:0&gt;, path=com.startup.musicstore.domain.Albums)
          - EntityAttributeFetchImpl(entity=com.startup.musicstore.domain.AlbumCategory, querySpaceUid=&lt;gen:1&gt;, path=com.startup.musicstore.domain.Albums.category)
          - EntityAttributeFetchImpl(entity=com.startup.musicstore.domain.MarketingInformation, querySpaceUid=&lt;gen:2&gt;, path=com.startup.musicstore.domain.Albums.info)
          - CollectionAttributeFetchImpl(collection=com.startup.musicstore.domain.Albums.tracks, querySpaceUid=&lt;gen:3&gt;, path=com.startup.musicstore.domain.Albums.tracks)
             - (collection element) CollectionFetchableElementEntityGraph(entity=com.startup.musicstore.domain.Track, querySpaceUid=&lt;gen:4&gt;, path=com.startup.musicstore.domain.Albums.tracks.&lt;elements&gt;)
    - QuerySpaces
       - EntityQuerySpaceImpl(uid=&lt;gen:0&gt;, entity=com.startup.musicstore.domain.Albums)
          - SQL table alias mapping - albums0_
          - alias suffix - 0_
          - suffixed key columns - {id1_1_0_}

16:08:34.729 [main] DEBUG o.h.loader.entity.plan.EntityLoader - Static select for entity com.startup.musicstore.domain.Albums [UPGRADE_SKIPLOCKED]: select albums0_.id as id1_1_0_, albums0_.albumTitle as albumTit2_1_0_, albums0_.category as category6_1_0_, albums0_.marketing as marketin7_1_0_, albums0_.inventory as inventor3_1_0_, albums0_.sales as sales4_1_0_, albums0_.unitPrice as unitPric5_1_0_ from Albums albums0_ where albums0_.id=? for update with rs
16:08:34.729 [main] DEBUG o.h.l.p.b.i.spaces.QuerySpacesImpl - Adding QuerySpace : uid = &lt;gen:0&gt; -&gt; org.hibernate.loader.plan.build.internal.spaces.EntityQuerySpaceImpl@f2e4acf]
16:08:34.730 [main] DEBUG o.h.p.w.spi.MetamodelGraphWalker - Visiting attribute path : albumTitle
16:08:34.730 [main] DEBUG o.h.p.w.spi.MetamodelGraphWalker - Visiting attribute path : category
16:08:34.730 [main] DEBUG o.h.l.p.b.i.spaces.QuerySpacesImpl - Adding QuerySpace : uid = &lt;gen:1&gt; -&gt; org.hibernate.loader.plan.build.internal.spaces.EntityQuerySpaceImpl@5eb97ced]
16:08:34.730 [main] DEBUG o.h.p.w.spi.MetamodelGraphWalker - Visiting attribute path : info
16:08:34.730 [main] DEBUG o.h.l.p.b.i.spaces.QuerySpacesImpl - Adding QuerySpace : uid = &lt;gen:2&gt; -&gt; org.hibernate.loader.plan.build.internal.spaces.EntityQuerySpaceImpl@68ba310d]
16:08:34.730 [main] DEBUG o.h.p.w.spi.MetamodelGraphWalker - Visiting attribute path : inventory
16:08:34.730 [main] DEBUG o.h.p.w.spi.MetamodelGraphWalker - Visiting attribute path : sales
16:08:34.730 [main] DEBUG o.h.p.w.spi.MetamodelGraphWalker - Visiting attribute path : tracks
16:08:34.730 [main] DEBUG o.h.l.p.b.i.spaces.QuerySpacesImpl - Adding QuerySpace : uid = &lt;gen:3&gt; -&gt; org.hibernate.loader.plan.build.internal.spaces.CollectionQuerySpaceImpl@153f66e7]
16:08:34.730 [main] DEBUG o.h.l.p.b.i.spaces.QuerySpacesImpl - Adding QuerySpace : uid = &lt;gen:4&gt; -&gt; org.hibernate.loader.plan.build.internal.spaces.EntityQuerySpaceImpl@7aad3f7d]
16:08:34.730 [main] DEBUG o.h.p.w.spi.MetamodelGraphWalker - Visiting attribute path : unitPrice
16:08:34.730 [main] DEBUG o.h.l.p.b.i.FetchStyleLoadPlanBuildingAssociationVisitationStrategy - Building LoadPlan...
16:08:34.730 [main] DEBUG o.h.l.p.e.i.LoadQueryJoinAndFetchProcessor - processing queryspace &lt;gen:0&gt;
16:08:34.730 [main] DEBUG o.h.l.p.b.spi.LoadPlanTreePrinter - LoadPlan(entity=com.startup.musicstore.domain.Albums)
    - Returns
       - EntityReturnImpl(entity=com.startup.musicstore.domain.Albums, querySpaceUid=&lt;gen:0&gt;, path=com.startup.musicstore.domain.Albums)
          - EntityAttributeFetchImpl(entity=com.startup.musicstore.domain.AlbumCategory, querySpaceUid=&lt;gen:1&gt;, path=com.startup.musicstore.domain.Albums.category)
          - EntityAttributeFetchImpl(entity=com.startup.musicstore.domain.MarketingInformation, querySpaceUid=&lt;gen:2&gt;, path=com.startup.musicstore.domain.Albums.info)
          - CollectionAttributeFetchImpl(collection=com.startup.musicstore.domain.Albums.tracks, querySpaceUid=&lt;gen:3&gt;, path=com.startup.musicstore.domain.Albums.tracks)
             - (collection element) CollectionFetchableElementEntityGraph(entity=com.startup.musicstore.domain.Track, querySpaceUid=&lt;gen:4&gt;, path=com.startup.musicstore.domain.Albums.tracks.&lt;elements&gt;)
    - QuerySpaces
       - EntityQuerySpaceImpl(uid=&lt;gen:0&gt;, entity=com.startup.musicstore.domain.Albums)
          - SQL table alias mapping - albums0_
          - alias suffix - 0_
          - suffixed key columns - {id1_1_0_}

16:08:34.730 [main] DEBUG o.h.loader.entity.plan.EntityLoader - Static select for entity com.startup.musicstore.domain.Albums [FORCE]: select albums0_.id as id1_1_0_, albums0_.albumTitle as albumTit2_1_0_, albums0_.category as category6_1_0_, albums0_.marketing as marketin7_1_0_, albums0_.inventory as inventor3_1_0_, albums0_.sales as sales4_1_0_, albums0_.unitPrice as unitPric5_1_0_ from Albums albums0_ where albums0_.id=? for update with rs
16:08:34.730 [main] DEBUG o.h.l.p.b.i.spaces.QuerySpacesImpl - Adding QuerySpace : uid = &lt;gen:0&gt; -&gt; org.hibernate.loader.plan.build.internal.spaces.EntityQuerySpaceImpl@6f667ad1]
16:08:34.730 [main] DEBUG o.h.p.w.spi.MetamodelGraphWalker - Visiting attribute path : albumTitle
16:08:34.730 [main] DEBUG o.h.p.w.spi.MetamodelGraphWalker - Visiting attribute path : category
16:08:34.731 [main] DEBUG o.h.l.p.b.i.spaces.QuerySpacesImpl - Adding QuerySpace : uid = &lt;gen:1&gt; -&gt; org.hibernate.loader.plan.build.internal.spaces.EntityQuerySpaceImpl@388b401d]
16:08:34.731 [main] DEBUG o.h.p.w.spi.MetamodelGraphWalker - Visiting attribute path : info
16:08:34.731 [main] DEBUG o.h.l.p.b.i.spaces.QuerySpacesImpl - Adding QuerySpace : uid = &lt;gen:2&gt; -&gt; org.hibernate.loader.plan.build.internal.spaces.EntityQuerySpaceImpl@2bcec6a6]
16:08:34.731 [main] DEBUG o.h.p.w.spi.MetamodelGraphWalker - Visiting attribute path : inventory
16:08:34.731 [main] DEBUG o.h.p.w.spi.MetamodelGraphWalker - Visiting attribute path : sales
16:08:34.731 [main] DEBUG o.h.p.w.spi.MetamodelGraphWalker - Visiting attribute path : tracks
16:08:34.731 [main] DEBUG o.h.l.p.b.i.spaces.QuerySpacesImpl - Adding QuerySpace : uid = &lt;gen:3&gt; -&gt; org.hibernate.loader.plan.build.internal.spaces.CollectionQuerySpaceImpl@77a281fc]
16:08:34.731 [main] DEBUG o.h.l.p.b.i.spaces.QuerySpacesImpl - Adding QuerySpace : uid = &lt;gen:4&gt; -&gt; org.hibernate.loader.plan.build.internal.spaces.EntityQuerySpaceImpl@4912d525]
16:08:34.731 [main] DEBUG o.h.p.w.spi.MetamodelGraphWalker - Visiting attribute path : unitPrice
16:08:34.731 [main] DEBUG o.h.l.p.b.i.FetchStyleLoadPlanBuildingAssociationVisitationStrategy - Building LoadPlan...
16:08:34.731 [main] DEBUG o.h.l.p.e.i.LoadQueryJoinAndFetchProcessor - processing queryspace &lt;gen:0&gt;
16:08:34.731 [main] DEBUG o.h.l.p.b.spi.LoadPlanTreePrinter - LoadPlan(entity=com.startup.musicstore.domain.Albums)
    - Returns
       - EntityReturnImpl(entity=com.startup.musicstore.domain.Albums, querySpaceUid=&lt;gen:0&gt;, path=com.startup.musicstore.domain.Albums)
          - EntityAttributeFetchImpl(entity=com.startup.musicstore.domain.AlbumCategory, querySpaceUid=&lt;gen:1&gt;, path=com.startup.musicstore.domain.Albums.category)
          - EntityAttributeFetchImpl(entity=com.startup.musicstore.domain.MarketingInformation, querySpaceUid=&lt;gen:2&gt;, path=com.startup.musicstore.domain.Albums.info)
          - CollectionAttributeFetchImpl(collection=com.startup.musicstore.domain.Albums.tracks, querySpaceUid=&lt;gen:3&gt;, path=com.startup.musicstore.domain.Albums.tracks)
             - (collection element) CollectionFetchableElementEntityGraph(entity=com.startup.musicstore.domain.Track, querySpaceUid=&lt;gen:4&gt;, path=com.startup.musicstore.domain.Albums.tracks.&lt;elements&gt;)
    - QuerySpaces
       - EntityQuerySpaceImpl(uid=&lt;gen:0&gt;, entity=com.startup.musicstore.domain.Albums)
          - SQL table alias mapping - albums0_
          - alias suffix - 0_
          - suffixed key columns - {id1_1_0_}

16:08:34.731 [main] DEBUG o.h.loader.entity.plan.EntityLoader - Static select for entity com.startup.musicstore.domain.Albums [PESSIMISTIC_READ]: select albums0_.id as id1_1_0_, albums0_.albumTitle as albumTit2_1_0_, albums0_.category as category6_1_0_, albums0_.marketing as marketin7_1_0_, albums0_.inventory as inventor3_1_0_, albums0_.sales as sales4_1_0_, albums0_.unitPrice as unitPric5_1_0_ from Albums albums0_ where albums0_.id=? for read only with rs
16:08:34.731 [main] DEBUG o.h.l.p.b.i.spaces.QuerySpacesImpl - Adding QuerySpace : uid = &lt;gen:0&gt; -&gt; org.hibernate.loader.plan.build.internal.spaces.EntityQuerySpaceImpl@2bfbffb2]
16:08:34.731 [main] DEBUG o.h.p.w.spi.MetamodelGraphWalker - Visiting attribute path : albumTitle
16:08:34.731 [main] DEBUG o.h.p.w.spi.MetamodelGraphWalker - Visiting attribute path : category
16:08:34.732 [main] DEBUG o.h.l.p.b.i.spaces.QuerySpacesImpl - Adding QuerySpace : uid = &lt;gen:1&gt; -&gt; org.hibernate.loader.plan.build.internal.spaces.EntityQuerySpaceImpl@151335cb]
16:08:34.732 [main] DEBUG o.h.p.w.spi.MetamodelGraphWalker - Visiting attribute path : info
16:08:34.732 [main] DEBUG o.h.l.p.b.i.spaces.QuerySpacesImpl - Adding QuerySpace : uid = &lt;gen:2&gt; -&gt; org.hibernate.loader.plan.build.internal.spaces.EntityQuerySpaceImpl@4a7761b1]
16:08:34.733 [main] DEBUG o.h.p.w.spi.MetamodelGraphWalker - Visiting attribute path : inventory
16:08:34.733 [main] DEBUG o.h.p.w.spi.MetamodelGraphWalker - Visiting attribute path : sales
16:08:34.733 [main] DEBUG o.h.p.w.spi.MetamodelGraphWalker - Visiting attribute path : tracks
16:08:34.733 [main] DEBUG o.h.l.p.b.i.spaces.QuerySpacesImpl - Adding QuerySpace : uid = &lt;gen:3&gt; -&gt; org.hibernate.loader.plan.build.internal.spaces.CollectionQuerySpaceImpl@3e850122]
16:08:34.733 [main] DEBUG o.h.l.p.b.i.spaces.QuerySpacesImpl - Adding QuerySpace : uid = &lt;gen:4&gt; -&gt; org.hibernate.loader.plan.build.internal.spaces.EntityQuerySpaceImpl@27fde870]
16:08:34.733 [main] DEBUG o.h.p.w.spi.MetamodelGraphWalker - Visiting attribute path : unitPrice
16:08:34.733 [main] DEBUG o.h.l.p.b.i.FetchStyleLoadPlanBuildingAssociationVisitationStrategy - Building LoadPlan...
16:08:34.733 [main] DEBUG o.h.l.p.e.i.LoadQueryJoinAndFetchProcessor - processing queryspace &lt;gen:0&gt;
16:08:34.789 [main] DEBUG o.h.l.p.b.spi.LoadPlanTreePrinter - LoadPlan(entity=com.startup.musicstore.domain.Albums)
    - Returns
       - EntityReturnImpl(entity=com.startup.musicstore.domain.Albums, querySpaceUid=&lt;gen:0&gt;, path=com.startup.musicstore.domain.Albums)
          - EntityAttributeFetchImpl(entity=com.startup.musicstore.domain.AlbumCategory, querySpaceUid=&lt;gen:1&gt;, path=com.startup.musicstore.domain.Albums.category)
          - EntityAttributeFetchImpl(entity=com.startup.musicstore.domain.MarketingInformation, querySpaceUid=&lt;gen:2&gt;, path=com.startup.musicstore.domain.Albums.info)
          - CollectionAttributeFetchImpl(collection=com.startup.musicstore.domain.Albums.tracks, querySpaceUid=&lt;gen:3&gt;, path=com.startup.musicstore.domain.Albums.tracks)
             - (collection element) CollectionFetchableElementEntityGraph(entity=com.startup.musicstore.domain.Track, querySpaceUid=&lt;gen:4&gt;, path=com.startup.musicstore.domain.Albums.tracks.&lt;elements&gt;)
    - QuerySpaces
       - EntityQuerySpaceImpl(uid=&lt;gen:0&gt;, entity=com.startup.musicstore.domain.Albums)
          - SQL table alias mapping - albums0_
          - alias suffix - 0_
          - suffixed key columns - {id1_1_0_}

16:08:34.789 [main] DEBUG o.h.loader.entity.plan.EntityLoader - Static select for entity com.startup.musicstore.domain.Albums [PESSIMISTIC_WRITE]: select albums0_.id as id1_1_0_, albums0_.albumTitle as albumTit2_1_0_, albums0_.category as category6_1_0_, albums0_.marketing as marketin7_1_0_, albums0_.inventory as inventor3_1_0_, albums0_.sales as sales4_1_0_, albums0_.unitPrice as unitPric5_1_0_ from Albums albums0_ where albums0_.id=? for update with rs
16:08:34.789 [main] DEBUG o.h.l.p.b.i.spaces.QuerySpacesImpl - Adding QuerySpace : uid = &lt;gen:0&gt; -&gt; org.hibernate.loader.plan.build.internal.spaces.EntityQuerySpaceImpl@2b4c3c29]
16:08:34.789 [main] DEBUG o.h.p.w.spi.MetamodelGraphWalker - Visiting attribute path : albumTitle
16:08:34.789 [main] DEBUG o.h.p.w.spi.MetamodelGraphWalker - Visiting attribute path : category
16:08:34.789 [main] DEBUG o.h.l.p.b.i.spaces.QuerySpacesImpl - Adding QuerySpace : uid = &lt;gen:1&gt; -&gt; org.hibernate.loader.plan.build.internal.spaces.EntityQuerySpaceImpl@4cdd2c73]
16:08:34.789 [main] DEBUG o.h.p.w.spi.MetamodelGraphWalker - Visiting attribute path : info
16:08:34.789 [main] DEBUG o.h.l.p.b.i.spaces.QuerySpacesImpl - Adding QuerySpace : uid = &lt;gen:2&gt; -&gt; org.hibernate.loader.plan.build.internal.spaces.EntityQuerySpaceImpl@4abf3f0]
16:08:34.790 [main] DEBUG o.h.p.w.spi.MetamodelGraphWalker - Visiting attribute path : inventory
16:08:34.790 [main] DEBUG o.h.p.w.spi.MetamodelGraphWalker - Visiting attribute path : sales
16:08:34.790 [main] DEBUG o.h.p.w.spi.MetamodelGraphWalker - Visiting attribute path : tracks
16:08:34.790 [main] DEBUG o.h.l.p.b.i.spaces.QuerySpacesImpl - Adding QuerySpace : uid = &lt;gen:3&gt; -&gt; org.hibernate.loader.plan.build.internal.spaces.CollectionQuerySpaceImpl@4e4c3a38]
16:08:34.790 [main] DEBUG o.h.l.p.b.i.spaces.QuerySpacesImpl - Adding QuerySpace : uid = &lt;gen:4&gt; -&gt; org.hibernate.loader.plan.build.internal.spaces.EntityQuerySpaceImpl@293cde83]
16:08:34.790 [main] DEBUG o.h.p.w.spi.MetamodelGraphWalker - Visiting attribute path : unitPrice
16:08:34.790 [main] DEBUG o.h.l.p.b.i.FetchStyleLoadPlanBuildingAssociationVisitationStrategy - Building LoadPlan...
16:08:34.790 [main] DEBUG o.h.l.p.e.i.LoadQueryJoinAndFetchProcessor - processing queryspace &lt;gen:0&gt;
16:08:34.790 [main] DEBUG o.h.l.p.b.spi.LoadPlanTreePrinter - LoadPlan(entity=com.startup.musicstore.domain.Albums)
    - Returns
       - EntityReturnImpl(entity=com.startup.musicstore.domain.Albums, querySpaceUid=&lt;gen:0&gt;, path=com.startup.musicstore.domain.Albums)
          - EntityAttributeFetchImpl(entity=com.startup.musicstore.domain.AlbumCategory, querySpaceUid=&lt;gen:1&gt;, path=com.startup.musicstore.domain.Albums.category)
          - EntityAttributeFetchImpl(entity=com.startup.musicstore.domain.MarketingInformation, querySpaceUid=&lt;gen:2&gt;, path=com.startup.musicstore.domain.Albums.info)
          - CollectionAttributeFetchImpl(collection=com.startup.musicstore.domain.Albums.tracks, querySpaceUid=&lt;gen:3&gt;, path=com.startup.musicstore.domain.Albums.tracks)
             - (collection element) CollectionFetchableElementEntityGraph(entity=com.startup.musicstore.domain.Track, querySpaceUid=&lt;gen:4&gt;, path=com.startup.musicstore.domain.Albums.tracks.&lt;elements&gt;)
    - QuerySpaces
       - EntityQuerySpaceImpl(uid=&lt;gen:0&gt;, entity=com.startup.musicstore.domain.Albums)
          - SQL table alias mapping - albums0_
          - alias suffix - 0_
          - suffixed key columns - {id1_1_0_}

16:08:34.791 [main] DEBUG o.h.loader.entity.plan.EntityLoader - Static select for entity com.startup.musicstore.domain.Albums [PESSIMISTIC_FORCE_INCREMENT]: select albums0_.id as id1_1_0_, albums0_.albumTitle as albumTit2_1_0_, albums0_.category as category6_1_0_, albums0_.marketing as marketin7_1_0_, albums0_.inventory as inventor3_1_0_, albums0_.sales as sales4_1_0_, albums0_.unitPrice as unitPric5_1_0_ from Albums albums0_ where albums0_.id=? for update with rs
16:08:34.791 [main] DEBUG o.h.l.p.b.i.spaces.QuerySpacesImpl - Adding QuerySpace : uid = &lt;gen:0&gt; -&gt; org.hibernate.loader.plan.build.internal.spaces.EntityQuerySpaceImpl@c27d163]
16:08:34.791 [main] DEBUG o.h.p.w.spi.MetamodelGraphWalker - Visiting attribute path : albumTitle
16:08:34.791 [main] DEBUG o.h.p.w.spi.MetamodelGraphWalker - Visiting attribute path : category
16:08:34.791 [main] DEBUG o.h.l.p.b.i.spaces.QuerySpacesImpl - Adding QuerySpace : uid = &lt;gen:1&gt; -&gt; org.hibernate.loader.plan.build.internal.spaces.EntityQuerySpaceImpl@78faea5f]
16:08:34.791 [main] DEBUG o.h.p.w.spi.MetamodelGraphWalker - Visiting attribute path : info
16:08:34.791 [main] DEBUG o.h.l.p.b.i.spaces.QuerySpacesImpl - Adding QuerySpace : uid = &lt;gen:2&gt; -&gt; org.hibernate.loader.plan.build.internal.spaces.EntityQuerySpaceImpl@37fdfb05]
16:08:34.791 [main] DEBUG o.h.p.w.spi.MetamodelGraphWalker - Visiting attribute path : inventory
16:08:34.791 [main] DEBUG o.h.p.w.spi.MetamodelGraphWalker - Visiting attribute path : sales
16:08:34.792 [main] DEBUG o.h.p.w.spi.MetamodelGraphWalker - Visiting attribute path : tracks
16:08:34.792 [main] DEBUG o.h.l.p.b.i.spaces.QuerySpacesImpl - Adding QuerySpace : uid = &lt;gen:3&gt; -&gt; org.hibernate.loader.plan.build.internal.spaces.CollectionQuerySpaceImpl@5e39850]
16:08:34.792 [main] DEBUG o.h.l.p.b.i.spaces.QuerySpacesImpl - Adding QuerySpace : uid = &lt;gen:4&gt; -&gt; org.hibernate.loader.plan.build.internal.spaces.EntityQuerySpaceImpl@1603dc2f]
16:08:34.792 [main] DEBUG o.h.p.w.spi.MetamodelGraphWalker - Visiting attribute path : unitPrice
16:08:34.792 [main] DEBUG o.h.l.p.b.i.FetchStyleLoadPlanBuildingAssociationVisitationStrategy - Building LoadPlan...
16:08:34.792 [main] DEBUG o.h.l.p.e.i.LoadQueryJoinAndFetchProcessor - processing queryspace &lt;gen:0&gt;
16:08:34.792 [main] DEBUG o.h.l.p.b.spi.LoadPlanTreePrinter - LoadPlan(entity=com.startup.musicstore.domain.Albums)
    - Returns
       - EntityReturnImpl(entity=com.startup.musicstore.domain.Albums, querySpaceUid=&lt;gen:0&gt;, path=com.startup.musicstore.domain.Albums)
          - EntityAttributeFetchImpl(entity=com.startup.musicstore.domain.AlbumCategory, querySpaceUid=&lt;gen:1&gt;, path=com.startup.musicstore.domain.Albums.category)
          - EntityAttributeFetchImpl(entity=com.startup.musicstore.domain.MarketingInformation, querySpaceUid=&lt;gen:2&gt;, path=com.startup.musicstore.domain.Albums.info)
          - CollectionAttributeFetchImpl(collection=com.startup.musicstore.domain.Albums.tracks, querySpaceUid=&lt;gen:3&gt;, path=com.startup.musicstore.domain.Albums.tracks)
             - (collection element) CollectionFetchableElementEntityGraph(entity=com.startup.musicstore.domain.Track, querySpaceUid=&lt;gen:4&gt;, path=com.startup.musicstore.domain.Albums.tracks.&lt;elements&gt;)
    - QuerySpaces
       - EntityQuerySpaceImpl(uid=&lt;gen:0&gt;, entity=com.startup.musicstore.domain.Albums)
          - SQL table alias mapping - albums0_
          - alias suffix - 0_
          - suffixed key columns - {id1_1_0_}

16:08:34.792 [main] DEBUG o.h.loader.entity.plan.EntityLoader - Static select for entity com.startup.musicstore.domain.Albums [OPTIMISTIC]: select albums0_.id as id1_1_0_, albums0_.albumTitle as albumTit2_1_0_, albums0_.category as category6_1_0_, albums0_.marketing as marketin7_1_0_, albums0_.inventory as inventor3_1_0_, albums0_.sales as sales4_1_0_, albums0_.unitPrice as unitPric5_1_0_ from Albums albums0_ where albums0_.id=?
16:08:34.792 [main] DEBUG o.h.l.p.b.i.spaces.QuerySpacesImpl - Adding QuerySpace : uid = &lt;gen:0&gt; -&gt; org.hibernate.loader.plan.build.internal.spaces.EntityQuerySpaceImpl@398474a2]
16:08:34.792 [main] DEBUG o.h.p.w.spi.MetamodelGraphWalker - Visiting attribute path : albumTitle
16:08:34.793 [main] DEBUG o.h.p.w.spi.MetamodelGraphWalker - Visiting attribute path : category
16:08:34.793 [main] DEBUG o.h.l.p.b.i.spaces.QuerySpacesImpl - Adding QuerySpace : uid = &lt;gen:1&gt; -&gt; org.hibernate.loader.plan.build.internal.spaces.EntityQuerySpaceImpl@78c1a023]
16:08:34.793 [main] DEBUG o.h.p.w.spi.MetamodelGraphWalker - Visiting attribute path : info
16:08:34.793 [main] DEBUG o.h.l.p.b.i.spaces.QuerySpacesImpl - Adding QuerySpace : uid = &lt;gen:2&gt; -&gt; org.hibernate.loader.plan.build.internal.spaces.EntityQuerySpaceImpl@70abf9b0]
16:08:34.793 [main] DEBUG o.h.p.w.spi.MetamodelGraphWalker - Visiting attribute path : inventory
16:08:34.793 [main] DEBUG o.h.p.w.spi.MetamodelGraphWalker - Visiting attribute path : sales
16:08:34.793 [main] DEBUG o.h.p.w.spi.MetamodelGraphWalker - Visiting attribute path : tracks
16:08:34.793 [main] DEBUG o.h.l.p.b.i.spaces.QuerySpacesImpl - Adding QuerySpace : uid = &lt;gen:3&gt; -&gt; org.hibernate.loader.plan.build.internal.spaces.CollectionQuerySpaceImpl@6a10b263]
16:08:34.793 [main] DEBUG o.h.l.p.b.i.spaces.QuerySpacesImpl - Adding QuerySpace : uid = &lt;gen:4&gt; -&gt; org.hibernate.loader.plan.build.internal.spaces.EntityQuerySpaceImpl@476ec9d0]
16:08:34.793 [main] DEBUG o.h.p.w.spi.MetamodelGraphWalker - Visiting attribute path : unitPrice
16:08:34.793 [main] DEBUG o.h.l.p.b.i.FetchStyleLoadPlanBuildingAssociationVisitationStrategy - Building LoadPlan...
16:08:34.793 [main] DEBUG o.h.l.p.e.i.LoadQueryJoinAndFetchProcessor - processing queryspace &lt;gen:0&gt;
16:08:34.794 [main] DEBUG o.h.l.p.b.spi.LoadPlanTreePrinter - LoadPlan(entity=com.startup.musicstore.domain.Albums)
    - Returns
       - EntityReturnImpl(entity=com.startup.musicstore.domain.Albums, querySpaceUid=&lt;gen:0&gt;, path=com.startup.musicstore.domain.Albums)
          - EntityAttributeFetchImpl(entity=com.startup.musicstore.domain.AlbumCategory, querySpaceUid=&lt;gen:1&gt;, path=com.startup.musicstore.domain.Albums.category)
          - EntityAttributeFetchImpl(entity=com.startup.musicstore.domain.MarketingInformation, querySpaceUid=&lt;gen:2&gt;, path=com.startup.musicstore.domain.Albums.info)
          - CollectionAttributeFetchImpl(collection=com.startup.musicstore.domain.Albums.tracks, querySpaceUid=&lt;gen:3&gt;, path=com.startup.musicstore.domain.Albums.tracks)
             - (collection element) CollectionFetchableElementEntityGraph(entity=com.startup.musicstore.domain.Track, querySpaceUid=&lt;gen:4&gt;, path=com.startup.musicstore.domain.Albums.tracks.&lt;elements&gt;)
    - QuerySpaces
       - EntityQuerySpaceImpl(uid=&lt;gen:0&gt;, entity=com.startup.musicstore.domain.Albums)
          - SQL table alias mapping - albums0_
          - alias suffix - 0_
          - suffixed key columns - {id1_1_0_}

16:08:34.794 [main] DEBUG o.h.loader.entity.plan.EntityLoader - Static select for entity com.startup.musicstore.domain.Albums [OPTIMISTIC_FORCE_INCREMENT]: select albums0_.id as id1_1_0_, albums0_.albumTitle as albumTit2_1_0_, albums0_.category as category6_1_0_, albums0_.marketing as marketin7_1_0_, albums0_.inventory as inventor3_1_0_, albums0_.sales as sales4_1_0_, albums0_.unitPrice as unitPric5_1_0_ from Albums albums0_ where albums0_.id=?
16:08:34.794 [main] DEBUG org.hibernate.loader.Loader - Static select for action ACTION_MERGE on entity com.startup.musicstore.domain.Albums: select albums0_.id as id1_1_0_, albums0_.albumTitle as albumTit2_1_0_, albums0_.category as category6_1_0_, albums0_.marketing as marketin7_1_0_, albums0_.inventory as inventor3_1_0_, albums0_.sales as sales4_1_0_, albums0_.unitPrice as unitPric5_1_0_ from Albums albums0_ where albums0_.id=?
16:08:34.794 [main] DEBUG org.hibernate.loader.Loader - Static select for action ACTION_REFRESH on entity com.startup.musicstore.domain.Albums: select albums0_.id as id1_1_0_, albums0_.albumTitle as albumTit2_1_0_, albums0_.category as category6_1_0_, albums0_.marketing as marketin7_1_0_, albums0_.inventory as inventor3_1_0_, albums0_.sales as sales4_1_0_, albums0_.unitPrice as unitPric5_1_0_ from Albums albums0_ where albums0_.id=?
16:08:34.794 [main] DEBUG o.h.p.entity.AbstractEntityPersister - Static SQL for entity: com.startup.musicstore.domain.OrderItem
16:08:34.794 [main] DEBUG o.h.p.entity.AbstractEntityPersister -  Version select: select id from OrderItem where id =?
16:08:34.794 [main] DEBUG o.h.p.entity.AbstractEntityPersister -  Snapshot select: select orderitem_.id, orderitem_.quantity as quantity2_6_ from OrderItem orderitem_ where orderitem_.id=?
16:08:34.794 [main] DEBUG o.h.p.entity.AbstractEntityPersister -  Insert 0: insert into OrderItem (quantity, id) values (?, ?)
16:08:34.794 [main] DEBUG o.h.p.entity.AbstractEntityPersister -  Update 0: update OrderItem set quantity=? where id=?
16:08:34.794 [main] DEBUG o.h.p.entity.AbstractEntityPersister -  Delete 0: delete from OrderItem where id=?
16:08:34.794 [main] DEBUG o.h.p.entity.AbstractEntityPersister -  Identity insert: insert into OrderItem (id, quantity) values (default, ?)
16:08:34.794 [main] DEBUG o.h.l.p.b.i.spaces.QuerySpacesImpl - Adding QuerySpace : uid = &lt;gen:0&gt; -&gt; org.hibernate.loader.plan.build.internal.spaces.EntityQuerySpaceImpl@325bb9a6]
16:08:34.794 [main] DEBUG o.h.p.w.spi.MetamodelGraphWalker - Visiting attribute path : albums
16:08:34.794 [main] DEBUG o.h.l.p.b.i.spaces.QuerySpacesImpl - Adding QuerySpace : uid = &lt;gen:1&gt; -&gt; org.hibernate.loader.plan.build.internal.spaces.CollectionQuerySpaceImpl@72fe8a4f]
16:08:34.794 [main] DEBUG o.h.l.p.b.i.spaces.QuerySpacesImpl - Adding QuerySpace : uid = &lt;gen:2&gt; -&gt; org.hibernate.loader.plan.build.internal.spaces.EntityQuerySpaceImpl@43effd89]
16:08:34.794 [main] DEBUG o.h.p.w.spi.MetamodelGraphWalker - Visiting attribute path : albums.albumTitle
16:08:34.794 [main] DEBUG o.h.p.w.spi.MetamodelGraphWalker - Visiting attribute path : albums.category
16:08:34.794 [main] DEBUG o.h.l.p.b.i.spaces.QuerySpacesImpl - Adding QuerySpace : uid = &lt;gen:3&gt; -&gt; org.hibernate.loader.plan.build.internal.spaces.EntityQuerySpaceImpl@2227a6c1]
16:08:34.795 [main] DEBUG o.h.p.w.spi.MetamodelGraphWalker - Visiting attribute path : albums.category.categoryName
16:08:34.795 [main] DEBUG o.h.p.w.spi.MetamodelGraphWalker - Visiting attribute path : albums.info
16:08:34.795 [main] DEBUG o.h.l.p.b.i.spaces.QuerySpacesImpl - Adding QuerySpace : uid = &lt;gen:4&gt; -&gt; org.hibernate.loader.plan.build.internal.spaces.EntityQuerySpaceImpl@543e593]
16:08:34.795 [main] DEBUG o.h.p.w.spi.MetamodelGraphWalker - Visiting attribute path : albums.info.artist
16:08:34.795 [main] DEBUG o.h.l.p.b.i.spaces.QuerySpacesImpl - Adding QuerySpace : uid = &lt;gen:5&gt; -&gt; org.hibernate.loader.plan.build.internal.spaces.CompositeQuerySpaceImpl@51ec2df1]
16:08:34.795 [main] DEBUG o.h.p.w.spi.MetamodelGraphWalker - Visiting attribute path : albums.info.artist.firstName
16:08:34.795 [main] DEBUG o.h.p.w.spi.MetamodelGraphWalker - Visiting attribute path : albums.info.artist.lastName
16:08:34.795 [main] DEBUG o.h.p.w.spi.MetamodelGraphWalker - Visiting attribute path : albums.info.review
16:08:34.795 [main] DEBUG o.h.l.p.b.i.spaces.QuerySpacesImpl - Adding QuerySpace : uid = &lt;gen:6&gt; -&gt; org.hibernate.loader.plan.build.internal.spaces.CompositeQuerySpaceImpl@15fa55a6]
16:08:34.795 [main] DEBUG o.h.p.w.spi.MetamodelGraphWalker - Visiting attribute path : albums.info.review.description
16:08:34.795 [main] DEBUG o.h.p.w.spi.MetamodelGraphWalker - Visiting attribute path : albums.info.review.rating
16:08:34.795 [main] DEBUG o.h.p.w.spi.MetamodelGraphWalker - Visiting attribute path : albums.info.statusOfInformation
16:08:34.795 [main] DEBUG o.h.p.w.spi.MetamodelGraphWalker - Visiting attribute path : albums.inventory
16:08:34.795 [main] DEBUG o.h.p.w.spi.MetamodelGraphWalker - Visiting attribute path : albums.sales
16:08:34.795 [main] DEBUG o.h.p.w.spi.MetamodelGraphWalker - Visiting attribute path : albums.tracks
16:08:34.795 [main] DEBUG o.h.l.p.b.i.spaces.QuerySpacesImpl - Adding QuerySpace : uid = &lt;gen:7&gt; -&gt; org.hibernate.loader.plan.build.internal.spaces.CollectionQuerySpaceImpl@7fab4be7]
16:08:34.795 [main] DEBUG o.h.l.p.b.i.spaces.QuerySpacesImpl - Adding QuerySpace : uid = &lt;gen:8&gt; -&gt; org.hibernate.loader.plan.build.internal.spaces.EntityQuerySpaceImpl@a64e035]
16:08:34.795 [main] DEBUG o.h.p.w.spi.MetamodelGraphWalker - Visiting attribute path : albums.tracks.sample
16:08:34.795 [main] DEBUG o.h.l.p.b.i.spaces.QuerySpacesImpl - Adding QuerySpace : uid = &lt;gen:9&gt; -&gt; org.hibernate.loader.plan.build.internal.spaces.CompositeQuerySpaceImpl@64138b0c]
16:08:34.795 [main] DEBUG o.h.p.w.spi.MetamodelGraphWalker - Visiting attribute path : albums.tracks.sample.sampleURL
16:08:34.795 [main] DEBUG o.h.p.w.spi.MetamodelGraphWalker - Visiting attribute path : albums.tracks.trackTitle
16:08:34.795 [main] DEBUG o.h.p.w.spi.MetamodelGraphWalker - Visiting attribute path : albums.tracks.tracknumber
16:08:34.795 [main] DEBUG o.h.p.w.spi.MetamodelGraphWalker - Visiting attribute path : albums.unitPrice
16:08:34.796 [main] DEBUG o.h.p.w.spi.MetamodelGraphWalker - Visiting attribute path : quantity
16:08:34.796 [main] DEBUG o.h.l.p.b.i.FetchStyleLoadPlanBuildingAssociationVisitationStrategy - Building LoadPlan...
16:08:34.796 [main] DEBUG o.h.l.p.e.i.LoadQueryJoinAndFetchProcessor - processing queryspace &lt;gen:0&gt;
16:08:34.797 [main] DEBUG o.h.l.p.b.spi.LoadPlanTreePrinter - LoadPlan(entity=com.startup.musicstore.domain.OrderItem)
    - Returns
       - EntityReturnImpl(entity=com.startup.musicstore.domain.OrderItem, querySpaceUid=&lt;gen:0&gt;, path=com.startup.musicstore.domain.OrderItem)
          - CollectionAttributeFetchImpl(collection=com.startup.musicstore.domain.OrderItem.albums, querySpaceUid=&lt;gen:1&gt;, path=com.startup.musicstore.domain.OrderItem.albums)
             - (collection element) CollectionFetchableElementEntityGraph(entity=com.startup.musicstore.domain.Albums, querySpaceUid=&lt;gen:2&gt;, path=com.startup.musicstore.domain.OrderItem.albums.&lt;elements&gt;)
                - EntityAttributeFetchImpl(entity=com.startup.musicstore.domain.AlbumCategory, querySpaceUid=&lt;gen:3&gt;, path=com.startup.musicstore.domain.OrderItem.albums.&lt;elements&gt;.category)
                - EntityAttributeFetchImpl(entity=com.startup.musicstore.domain.MarketingInformation, querySpaceUid=&lt;gen:4&gt;, path=com.startup.musicstore.domain.OrderItem.albums.&lt;elements&gt;.info)
                   - CompositeAttributeFetchImpl(composite=com.startup.musicstore.domain.Artist, querySpaceUid=&lt;gen:5&gt;, path=com.startup.musicstore.domain.OrderItem.albums.&lt;elements&gt;.info.artist)
                   - CompositeAttributeFetchImpl(composite=com.startup.musicstore.domain.Review, querySpaceUid=&lt;gen:6&gt;, path=com.startup.musicstore.domain.OrderItem.albums.&lt;elements&gt;.info.review)
                - CollectionAttributeFetchImpl(collection=com.startup.musicstore.domain.Albums.tracks, querySpaceUid=&lt;gen:7&gt;, path=com.startup.musicstore.domain.OrderItem.albums.&lt;elements&gt;.tracks)
                   - (collection element) CollectionFetchableElementEntityGraph(entity=com.startup.musicstore.domain.Track, querySpaceUid=&lt;gen:8&gt;, path=com.startup.musicstore.domain.OrderItem.albums.&lt;elements&gt;.tracks.&lt;elements&gt;)
                      - CompositeAttributeFetchImpl(composite=com.startup.musicstore.domain.SampleClip, querySpaceUid=&lt;gen:9&gt;, path=com.startup.musicstore.domain.OrderItem.albums.&lt;elements&gt;.tracks.&lt;elements&gt;.sample)
    - QuerySpaces
       - EntityQuerySpaceImpl(uid=&lt;gen:0&gt;, entity=com.startup.musicstore.domain.OrderItem)
          - SQL table alias mapping - orderitem0_
          - alias suffix - 0_
          - suffixed key columns - {id1_6_0_}
          - JOIN (JoinDefinedByMetadata(albums)) : &lt;gen:0&gt; -&gt; &lt;gen:1&gt;
             - CollectionQuerySpaceImpl(uid=&lt;gen:1&gt;, collection=com.startup.musicstore.domain.OrderItem.albums)
                - SQL table alias mapping - albums1_
                - alias suffix - 1_
                - suffixed key columns - {tracks8_6_1_}
                - entity-element alias suffix - 2_
                - 2_entity-element suffixed key columns - id1_1_2_
                - JOIN (JoinDefinedByMetadata(elements)) : &lt;gen:1&gt; -&gt; &lt;gen:2&gt;
                   - EntityQuerySpaceImpl(uid=&lt;gen:2&gt;, entity=com.startup.musicstore.domain.Albums)
                      - SQL table alias mapping - albums1_
                      - alias suffix - 2_
                      - suffixed key columns - {id1_1_2_}
                      - JOIN (JoinDefinedByMetadata(category)) : &lt;gen:2&gt; -&gt; &lt;gen:3&gt;
                         - EntityQuerySpaceImpl(uid=&lt;gen:3&gt;, entity=com.startup.musicstore.domain.AlbumCategory)
                            - SQL table alias mapping - albumcateg2_
                            - alias suffix - 3_
                            - suffixed key columns - {id1_0_3_}
                      - JOIN (JoinDefinedByMetadata(info)) : &lt;gen:2&gt; -&gt; &lt;gen:4&gt;
                         - EntityQuerySpaceImpl(uid=&lt;gen:4&gt;, entity=com.startup.musicstore.domain.MarketingInformation)
                            - SQL table alias mapping - marketingi3_
                            - alias suffix - 4_
                            - suffixed key columns - {id1_4_4_}
                            - JOIN (JoinDefinedByMetadata(artist)) : &lt;gen:4&gt; -&gt; &lt;gen:5&gt;
                               - CompositeQuerySpaceImpl(uid=&lt;gen:5&gt;)
                                  - SQL table alias mapping - marketingi3_
                            - JOIN (JoinDefinedByMetadata(review)) : &lt;gen:4&gt; -&gt; &lt;gen:6&gt;
                               - CompositeQuerySpaceImpl(uid=&lt;gen:6&gt;)
                                  - SQL table alias mapping - marketingi3_
                      - JOIN (JoinDefinedByMetadata(tracks)) : &lt;gen:2&gt; -&gt; &lt;gen:7&gt;
                         - CollectionQuerySpaceImpl(uid=&lt;gen:7&gt;, collection=com.startup.musicstore.domain.Albums.tracks)
                            - SQL table alias mapping - tracks4_
                            - alias suffix - 5_
                            - suffixed key columns - {tracks5_1_5_}
                            - entity-element alias suffix - 6_
                            - 6_entity-element suffixed key columns - id1_7_6_
                            - JOIN (JoinDefinedByMetadata(elements)) : &lt;gen:7&gt; -&gt; &lt;gen:8&gt;
                               - EntityQuerySpaceImpl(uid=&lt;gen:8&gt;, entity=com.startup.musicstore.domain.Track)
                                  - SQL table alias mapping - tracks4_
                                  - alias suffix - 6_
                                  - suffixed key columns - {id1_7_6_}
                                  - JOIN (JoinDefinedByMetadata(sample)) : &lt;gen:8&gt; -&gt; &lt;gen:9&gt;
                                     - CompositeQuerySpaceImpl(uid=&lt;gen:9&gt;)
                                        - SQL table alias mapping - tracks4_

16:08:34.797 [main] DEBUG o.h.loader.entity.plan.EntityLoader - Static select for entity com.startup.musicstore.domain.OrderItem [NONE]: select orderitem0_.id as id1_6_0_, orderitem0_.quantity as quantity2_6_0_, albums1_.tracks as tracks8_6_1_, albums1_.id as id1_1_1_, albums1_.id as id1_1_2_, albums1_.albumTitle as albumTit2_1_2_, albums1_.category as category6_1_2_, albums1_.marketing as marketin7_1_2_, albums1_.inventory as inventor3_1_2_, albums1_.sales as sales4_1_2_, albums1_.unitPrice as unitPric5_1_2_, albumcateg2_.id as id1_0_3_, albumcateg2_.categoryName as category2_0_3_, marketingi3_.id as id1_4_4_, marketingi3_.firstName as firstNam2_4_4_, marketingi3_.lastName as lastName3_4_4_, marketingi3_.description as descript4_4_4_, marketingi3_.rating as rating5_4_4_, marketingi3_.statusOfInformation as statusOf6_4_4_, tracks4_.tracks as tracks5_1_5_, tracks4_.id as id1_7_5_, tracks4_.id as id1_7_6_, tracks4_.sampleURL as sampleUR2_7_6_, tracks4_.trackTitle as trackTit3_7_6_, tracks4_.tracknumber as tracknum4_7_6_ from OrderItem orderitem0_ left outer join Albums albums1_ on orderitem0_.id=albums1_.tracks left outer join AlbumCategory albumcateg2_ on albums1_.category=albumcateg2_.id left outer join MarketingInformation marketingi3_ on albums1_.marketing=marketingi3_.id left outer join Track tracks4_ on albums1_.id=tracks4_.tracks where orderitem0_.id=?
16:08:34.797 [main] DEBUG o.h.l.p.b.i.spaces.QuerySpacesImpl - Adding QuerySpace : uid = &lt;gen:0&gt; -&gt; org.hibernate.loader.plan.build.internal.spaces.EntityQuerySpaceImpl@22d9c961]
16:08:34.797 [main] DEBUG o.h.p.w.spi.MetamodelGraphWalker - Visiting attribute path : albums
16:08:34.797 [main] DEBUG o.h.l.p.b.i.spaces.QuerySpacesImpl - Adding QuerySpace : uid = &lt;gen:1&gt; -&gt; org.hibernate.loader.plan.build.internal.spaces.CollectionQuerySpaceImpl@bdc8014]
16:08:34.797 [main] DEBUG o.h.l.p.b.i.spaces.QuerySpacesImpl - Adding QuerySpace : uid = &lt;gen:2&gt; -&gt; org.hibernate.loader.plan.build.internal.spaces.EntityQuerySpaceImpl@1f443fae]
16:08:34.797 [main] DEBUG o.h.p.w.spi.MetamodelGraphWalker - Visiting attribute path : albums.albumTitle
16:08:34.797 [main] DEBUG o.h.p.w.spi.MetamodelGraphWalker - Visiting attribute path : albums.category
16:08:34.797 [main] DEBUG o.h.l.p.b.i.spaces.QuerySpacesImpl - Adding QuerySpace : uid = &lt;gen:3&gt; -&gt; org.hibernate.loader.plan.build.internal.spaces.EntityQuerySpaceImpl@1698d7c0]
16:08:34.797 [main] DEBUG o.h.p.w.spi.MetamodelGraphWalker - Visiting attribute path : albums.category.categoryName
16:08:34.797 [main] DEBUG o.h.p.w.spi.MetamodelGraphWalker - Visiting attribute path : albums.info
16:08:34.797 [main] DEBUG o.h.l.p.b.i.spaces.QuerySpacesImpl - Adding QuerySpace : uid = &lt;gen:4&gt; -&gt; org.hibernate.loader.plan.build.internal.spaces.EntityQuerySpaceImpl@87abc48]
16:08:34.797 [main] DEBUG o.h.p.w.spi.MetamodelGraphWalker - Visiting attribute path : albums.info.artist
16:08:34.797 [main] DEBUG o.h.l.p.b.i.spaces.QuerySpacesImpl - Adding QuerySpace : uid = &lt;gen:5&gt; -&gt; org.hibernate.loader.plan.build.internal.spaces.CompositeQuerySpaceImpl@782168b7]
16:08:34.797 [main] DEBUG o.h.p.w.spi.MetamodelGraphWalker - Visiting attribute path : albums.info.artist.firstName
16:08:34.797 [main] DEBUG o.h.p.w.spi.MetamodelGraphWalker - Visiting attribute path : albums.info.artist.lastName
16:08:34.797 [main] DEBUG o.h.p.w.spi.MetamodelGraphWalker - Visiting attribute path : albums.info.review
16:08:34.797 [main] DEBUG o.h.l.p.b.i.spaces.QuerySpacesImpl - Adding QuerySpace : uid = &lt;gen:6&gt; -&gt; org.hibernate.loader.plan.build.internal.spaces.CompositeQuerySpaceImpl@7435a578]
16:08:34.797 [main] DEBUG o.h.p.w.spi.MetamodelGraphWalker - Visiting attribute path : albums.info.review.description
16:08:34.797 [main] DEBUG o.h.p.w.spi.MetamodelGraphWalker - Visiting attribute path : albums.info.review.rating
16:08:34.797 [main] DEBUG o.h.p.w.spi.MetamodelGraphWalker - Visiting attribute path : albums.info.statusOfInformation
16:08:34.797 [main] DEBUG o.h.p.w.spi.MetamodelGraphWalker - Visiting attribute path : albums.inventory
16:08:34.797 [main] DEBUG o.h.p.w.spi.MetamodelGraphWalker - Visiting attribute path : albums.sales
16:08:34.797 [main] DEBUG o.h.p.w.spi.MetamodelGraphWalker - Visiting attribute path : albums.tracks
16:08:34.797 [main] DEBUG o.h.l.p.b.i.spaces.QuerySpacesImpl - Adding QuerySpace : uid = &lt;gen:7&gt; -&gt; org.hibernate.loader.plan.build.internal.spaces.CollectionQuerySpaceImpl@13047d7d]
16:08:34.797 [main] DEBUG o.h.l.p.b.i.spaces.QuerySpacesImpl - Adding QuerySpace : uid = &lt;gen:8&gt; -&gt; org.hibernate.loader.plan.build.internal.spaces.EntityQuerySpaceImpl@3c7cfcbb]
16:08:34.797 [main] DEBUG o.h.p.w.spi.MetamodelGraphWalker - Visiting attribute path : albums.tracks.sample
16:08:34.797 [main] DEBUG o.h.l.p.b.i.spaces.QuerySpacesImpl - Adding QuerySpace : uid = &lt;gen:9&gt; -&gt; org.hibernate.loader.plan.build.internal.spaces.CompositeQuerySpaceImpl@2b214b94]
16:08:34.797 [main] DEBUG o.h.p.w.spi.MetamodelGraphWalker - Visiting attribute path : albums.tracks.sample.sampleURL
16:08:34.797 [main] DEBUG o.h.p.w.spi.MetamodelGraphWalker - Visiting attribute path : albums.tracks.trackTitle
16:08:34.797 [main] DEBUG o.h.p.w.spi.MetamodelGraphWalker - Visiting attribute path : albums.tracks.tracknumber
16:08:34.798 [main] DEBUG o.h.p.w.spi.MetamodelGraphWalker - Visiting attribute path : albums.unitPrice
16:08:34.799 [main] DEBUG o.h.p.w.spi.MetamodelGraphWalker - Visiting attribute path : quantity
16:08:34.799 [main] DEBUG o.h.l.p.b.i.FetchStyleLoadPlanBuildingAssociationVisitationStrategy - Building LoadPlan...
16:08:34.799 [main] DEBUG o.h.l.p.e.i.LoadQueryJoinAndFetchProcessor - processing queryspace &lt;gen:0&gt;
16:08:34.799 [main] DEBUG o.h.l.p.b.spi.LoadPlanTreePrinter - LoadPlan(entity=com.startup.musicstore.domain.OrderItem)
    - Returns
       - EntityReturnImpl(entity=com.startup.musicstore.domain.OrderItem, querySpaceUid=&lt;gen:0&gt;, path=com.startup.musicstore.domain.OrderItem)
          - CollectionAttributeFetchImpl(collection=com.startup.musicstore.domain.OrderItem.albums, querySpaceUid=&lt;gen:1&gt;, path=com.startup.musicstore.domain.OrderItem.albums)
             - (collection element) CollectionFetchableElementEntityGraph(entity=com.startup.musicstore.domain.Albums, querySpaceUid=&lt;gen:2&gt;, path=com.startup.musicstore.domain.OrderItem.albums.&lt;elements&gt;)
                - EntityAttributeFetchImpl(entity=com.startup.musicstore.domain.AlbumCategory, querySpaceUid=&lt;gen:3&gt;, path=com.startup.musicstore.domain.OrderItem.albums.&lt;elements&gt;.category)
                - EntityAttributeFetchImpl(entity=com.startup.musicstore.domain.MarketingInformation, querySpaceUid=&lt;gen:4&gt;, path=com.startup.musicstore.domain.OrderItem.albums.&lt;elements&gt;.info)
                   - CompositeAttributeFetchImpl(composite=com.startup.musicstore.domain.Artist, querySpaceUid=&lt;gen:5&gt;, path=com.startup.musicstore.domain.OrderItem.albums.&lt;elements&gt;.info.artist)
                   - CompositeAttributeFetchImpl(composite=com.startup.musicstore.domain.Review, querySpaceUid=&lt;gen:6&gt;, path=com.startup.musicstore.domain.OrderItem.albums.&lt;elements&gt;.info.review)
                - CollectionAttributeFetchImpl(collection=com.startup.musicstore.domain.Albums.tracks, querySpaceUid=&lt;gen:7&gt;, path=com.startup.musicstore.domain.OrderItem.albums.&lt;elements&gt;.tracks)
                   - (collection element) CollectionFetchableElementEntityGraph(entity=com.startup.musicstore.domain.Track, querySpaceUid=&lt;gen:8&gt;, path=com.startup.musicstore.domain.OrderItem.albums.&lt;elements&gt;.tracks.&lt;elements&gt;)
                      - CompositeAttributeFetchImpl(composite=com.startup.musicstore.domain.SampleClip, querySpaceUid=&lt;gen:9&gt;, path=com.startup.musicstore.domain.OrderItem.albums.&lt;elements&gt;.tracks.&lt;elements&gt;.sample)
    - QuerySpaces
       - EntityQuerySpaceImpl(uid=&lt;gen:0&gt;, entity=com.startup.musicstore.domain.OrderItem)
          - SQL table alias mapping - orderitem0_
          - alias suffix - 0_
          - suffixed key columns - {id1_6_0_}
          - JOIN (JoinDefinedByMetadata(albums)) : &lt;gen:0&gt; -&gt; &lt;gen:1&gt;
             - CollectionQuerySpaceImpl(uid=&lt;gen:1&gt;, collection=com.startup.musicstore.domain.OrderItem.albums)
                - SQL table alias mapping - albums1_
                - alias suffix - 1_
                - suffixed key columns - {tracks8_6_1_}
                - entity-element alias suffix - 2_
                - 2_entity-element suffixed key columns - id1_1_2_
                - JOIN (JoinDefinedByMetadata(elements)) : &lt;gen:1&gt; -&gt; &lt;gen:2&gt;
                   - EntityQuerySpaceImpl(uid=&lt;gen:2&gt;, entity=com.startup.musicstore.domain.Albums)
                      - SQL table alias mapping - albums1_
                      - alias suffix - 2_
                      - suffixed key columns - {id1_1_2_}
                      - JOIN (JoinDefinedByMetadata(category)) : &lt;gen:2&gt; -&gt; &lt;gen:3&gt;
                         - EntityQuerySpaceImpl(uid=&lt;gen:3&gt;, entity=com.startup.musicstore.domain.AlbumCategory)
                            - SQL table alias mapping - albumcateg2_
                            - alias suffix - 3_
                            - suffixed key columns - {id1_0_3_}
                      - JOIN (JoinDefinedByMetadata(info)) : &lt;gen:2&gt; -&gt; &lt;gen:4&gt;
                         - EntityQuerySpaceImpl(uid=&lt;gen:4&gt;, entity=com.startup.musicstore.domain.MarketingInformation)
                            - SQL table alias mapping - marketingi3_
                            - alias suffix - 4_
                            - suffixed key columns - {id1_4_4_}
                            - JOIN (JoinDefinedByMetadata(artist)) : &lt;gen:4&gt; -&gt; &lt;gen:5&gt;
                               - CompositeQuerySpaceImpl(uid=&lt;gen:5&gt;)
                                  - SQL table alias mapping - marketingi3_
                            - JOIN (JoinDefinedByMetadata(review)) : &lt;gen:4&gt; -&gt; &lt;gen:6&gt;
                               - CompositeQuerySpaceImpl(uid=&lt;gen:6&gt;)
                                  - SQL table alias mapping - marketingi3_
                      - JOIN (JoinDefinedByMetadata(tracks)) : &lt;gen:2&gt; -&gt; &lt;gen:7&gt;
                         - CollectionQuerySpaceImpl(uid=&lt;gen:7&gt;, collection=com.startup.musicstore.domain.Albums.tracks)
                            - SQL table alias mapping - tracks4_
                            - alias suffix - 5_
                            - suffixed key columns - {tracks5_1_5_}
                            - entity-element alias suffix - 6_
                            - 6_entity-element suffixed key columns - id1_7_6_
                            - JOIN (JoinDefinedByMetadata(elements)) : &lt;gen:7&gt; -&gt; &lt;gen:8&gt;
                               - EntityQuerySpaceImpl(uid=&lt;gen:8&gt;, entity=com.startup.musicstore.domain.Track)
                                  - SQL table alias mapping - tracks4_
                                  - alias suffix - 6_
                                  - suffixed key columns - {id1_7_6_}
                                  - JOIN (JoinDefinedByMetadata(sample)) : &lt;gen:8&gt; -&gt; &lt;gen:9&gt;
                                     - CompositeQuerySpaceImpl(uid=&lt;gen:9&gt;)
                                        - SQL table alias mapping - tracks4_

16:08:34.800 [main] DEBUG o.h.loader.entity.plan.EntityLoader - Static select for entity com.startup.musicstore.domain.OrderItem [READ]: select orderitem0_.id as id1_6_0_, orderitem0_.quantity as quantity2_6_0_, albums1_.tracks as tracks8_6_1_, albums1_.id as id1_1_1_, albums1_.id as id1_1_2_, albums1_.albumTitle as albumTit2_1_2_, albums1_.category as category6_1_2_, albums1_.marketing as marketin7_1_2_, albums1_.inventory as inventor3_1_2_, albums1_.sales as sales4_1_2_, albums1_.unitPrice as unitPric5_1_2_, albumcateg2_.id as id1_0_3_, albumcateg2_.categoryName as category2_0_3_, marketingi3_.id as id1_4_4_, marketingi3_.firstName as firstNam2_4_4_, marketingi3_.lastName as lastName3_4_4_, marketingi3_.description as descript4_4_4_, marketingi3_.rating as rating5_4_4_, marketingi3_.statusOfInformation as statusOf6_4_4_, tracks4_.tracks as tracks5_1_5_, tracks4_.id as id1_7_5_, tracks4_.id as id1_7_6_, tracks4_.sampleURL as sampleUR2_7_6_, tracks4_.trackTitle as trackTit3_7_6_, tracks4_.tracknumber as tracknum4_7_6_ from OrderItem orderitem0_ left outer join Albums albums1_ on orderitem0_.id=albums1_.tracks left outer join AlbumCategory albumcateg2_ on albums1_.category=albumcateg2_.id left outer join MarketingInformation marketingi3_ on albums1_.marketing=marketingi3_.id left outer join Track tracks4_ on albums1_.id=tracks4_.tracks where orderitem0_.id=?
16:08:34.800 [main] DEBUG o.h.l.p.b.i.spaces.QuerySpacesImpl - Adding QuerySpace : uid = &lt;gen:0&gt; -&gt; org.hibernate.loader.plan.build.internal.spaces.EntityQuerySpaceImpl@49601f82]
16:08:34.800 [main] DEBUG o.h.p.w.spi.MetamodelGraphWalker - Visiting attribute path : albums
16:08:34.800 [main] DEBUG o.h.l.p.b.i.spaces.QuerySpacesImpl - Adding QuerySpace : uid = &lt;gen:1&gt; -&gt; org.hibernate.loader.plan.build.internal.spaces.CollectionQuerySpaceImpl@2b8d084]
16:08:34.800 [main] DEBUG o.h.l.p.b.i.spaces.QuerySpacesImpl - Adding QuerySpace : uid = &lt;gen:2&gt; -&gt; org.hibernate.loader.plan.build.internal.spaces.EntityQuerySpaceImpl@6daf2337]
16:08:34.800 [main] DEBUG o.h.p.w.spi.MetamodelGraphWalker - Visiting attribute path : quantity
16:08:34.800 [main] DEBUG o.h.l.p.b.i.FetchStyleLoadPlanBuildingAssociationVisitationStrategy - Building LoadPlan...
16:08:34.800 [main] DEBUG o.h.l.p.e.i.LoadQueryJoinAndFetchProcessor - processing queryspace &lt;gen:0&gt;
16:08:34.800 [main] DEBUG o.h.l.p.b.spi.LoadPlanTreePrinter - LoadPlan(entity=com.startup.musicstore.domain.OrderItem)
    - Returns
       - EntityReturnImpl(entity=com.startup.musicstore.domain.OrderItem, querySpaceUid=&lt;gen:0&gt;, path=com.startup.musicstore.domain.OrderItem)
          - CollectionAttributeFetchImpl(collection=com.startup.musicstore.domain.OrderItem.albums, querySpaceUid=&lt;gen:1&gt;, path=com.startup.musicstore.domain.OrderItem.albums)
             - (collection element) CollectionFetchableElementEntityGraph(entity=com.startup.musicstore.domain.Albums, querySpaceUid=&lt;gen:2&gt;, path=com.startup.musicstore.domain.OrderItem.albums.&lt;elements&gt;)
    - QuerySpaces
       - EntityQuerySpaceImpl(uid=&lt;gen:0&gt;, entity=com.startup.musicstore.domain.OrderItem)
          - SQL table alias mapping - orderitem0_
          - alias suffix - 0_
          - suffixed key columns - {id1_6_0_}

16:08:34.800 [main] DEBUG o.h.loader.entity.plan.EntityLoader - Static select for entity com.startup.musicstore.domain.OrderItem [UPGRADE]: select orderitem0_.id as id1_6_0_, orderitem0_.quantity as quantity2_6_0_ from OrderItem orderitem0_ where orderitem0_.id=? for update with rs
16:08:34.800 [main] DEBUG o.h.l.p.b.i.spaces.QuerySpacesImpl - Adding QuerySpace : uid = &lt;gen:0&gt; -&gt; org.hibernate.loader.plan.build.internal.spaces.EntityQuerySpaceImpl@24fabd0f]
16:08:34.800 [main] DEBUG o.h.p.w.spi.MetamodelGraphWalker - Visiting attribute path : albums
16:08:34.800 [main] DEBUG o.h.l.p.b.i.spaces.QuerySpacesImpl - Adding QuerySpace : uid = &lt;gen:1&gt; -&gt; org.hibernate.loader.plan.build.internal.spaces.CollectionQuerySpaceImpl@61f3fbb8]
16:08:34.800 [main] DEBUG o.h.l.p.b.i.spaces.QuerySpacesImpl - Adding QuerySpace : uid = &lt;gen:2&gt; -&gt; org.hibernate.loader.plan.build.internal.spaces.EntityQuerySpaceImpl@7551da2a]
16:08:34.800 [main] DEBUG o.h.p.w.spi.MetamodelGraphWalker - Visiting attribute path : quantity
16:08:34.800 [main] DEBUG o.h.l.p.b.i.FetchStyleLoadPlanBuildingAssociationVisitationStrategy - Building LoadPlan...
16:08:34.800 [main] DEBUG o.h.l.p.e.i.LoadQueryJoinAndFetchProcessor - processing queryspace &lt;gen:0&gt;
16:08:34.800 [main] DEBUG o.h.l.p.b.spi.LoadPlanTreePrinter - LoadPlan(entity=com.startup.musicstore.domain.OrderItem)
    - Returns
       - EntityReturnImpl(entity=com.startup.musicstore.domain.OrderItem, querySpaceUid=&lt;gen:0&gt;, path=com.startup.musicstore.domain.OrderItem)
          - CollectionAttributeFetchImpl(collection=com.startup.musicstore.domain.OrderItem.albums, querySpaceUid=&lt;gen:1&gt;, path=com.startup.musicstore.domain.OrderItem.albums)
             - (collection element) CollectionFetchableElementEntityGraph(entity=com.startup.musicstore.domain.Albums, querySpaceUid=&lt;gen:2&gt;, path=com.startup.musicstore.domain.OrderItem.albums.&lt;elements&gt;)
    - QuerySpaces
       - EntityQuerySpaceImpl(uid=&lt;gen:0&gt;, entity=com.startup.musicstore.domain.OrderItem)
          - SQL table alias mapping - orderitem0_
          - alias suffix - 0_
          - suffixed key columns - {id1_6_0_}

16:08:34.801 [main] DEBUG o.h.loader.entity.plan.EntityLoader - Static select for entity com.startup.musicstore.domain.OrderItem [UPGRADE_NOWAIT]: select orderitem0_.id as id1_6_0_, orderitem0_.quantity as quantity2_6_0_ from OrderItem orderitem0_ where orderitem0_.id=? for update with rs
16:08:34.801 [main] DEBUG o.h.l.p.b.i.spaces.QuerySpacesImpl - Adding QuerySpace : uid = &lt;gen:0&gt; -&gt; org.hibernate.loader.plan.build.internal.spaces.EntityQuerySpaceImpl@432034a]
16:08:34.801 [main] DEBUG o.h.p.w.spi.MetamodelGraphWalker - Visiting attribute path : albums
16:08:34.801 [main] DEBUG o.h.l.p.b.i.spaces.QuerySpacesImpl - Adding QuerySpace : uid = &lt;gen:1&gt; -&gt; org.hibernate.loader.plan.build.internal.spaces.CollectionQuerySpaceImpl@60e5272]
16:08:34.801 [main] DEBUG o.h.l.p.b.i.spaces.QuerySpacesImpl - Adding QuerySpace : uid = &lt;gen:2&gt; -&gt; org.hibernate.loader.plan.build.internal.spaces.EntityQuerySpaceImpl@7d755813]
16:08:34.801 [main] DEBUG o.h.p.w.spi.MetamodelGraphWalker - Visiting attribute path : quantity
16:08:34.801 [main] DEBUG o.h.l.p.b.i.FetchStyleLoadPlanBuildingAssociationVisitationStrategy - Building LoadPlan...
16:08:34.801 [main] DEBUG o.h.l.p.e.i.LoadQueryJoinAndFetchProcessor - processing queryspace &lt;gen:0&gt;
16:08:34.801 [main] DEBUG o.h.l.p.b.spi.LoadPlanTreePrinter - LoadPlan(entity=com.startup.musicstore.domain.OrderItem)
    - Returns
       - EntityReturnImpl(entity=com.startup.musicstore.domain.OrderItem, querySpaceUid=&lt;gen:0&gt;, path=com.startup.musicstore.domain.OrderItem)
          - CollectionAttributeFetchImpl(collection=com.startup.musicstore.domain.OrderItem.albums, querySpaceUid=&lt;gen:1&gt;, path=com.startup.musicstore.domain.OrderItem.albums)
             - (collection element) CollectionFetchableElementEntityGraph(entity=com.startup.musicstore.domain.Albums, querySpaceUid=&lt;gen:2&gt;, path=com.startup.musicstore.domain.OrderItem.albums.&lt;elements&gt;)
    - QuerySpaces
       - EntityQuerySpaceImpl(uid=&lt;gen:0&gt;, entity=com.startup.musicstore.domain.OrderItem)
          - SQL table alias mapping - orderitem0_
          - alias suffix - 0_
          - suffixed key columns - {id1_6_0_}

16:08:34.801 [main] DEBUG o.h.loader.entity.plan.EntityLoader - Static select for entity com.startup.musicstore.domain.OrderItem [UPGRADE_SKIPLOCKED]: select orderitem0_.id as id1_6_0_, orderitem0_.quantity as quantity2_6_0_ from OrderItem orderitem0_ where orderitem0_.id=? for update with rs
16:08:34.801 [main] DEBUG o.h.l.p.b.i.spaces.QuerySpacesImpl - Adding QuerySpace : uid = &lt;gen:0&gt; -&gt; org.hibernate.loader.plan.build.internal.spaces.EntityQuerySpaceImpl@69c93ca4]
16:08:34.801 [main] DEBUG o.h.p.w.spi.MetamodelGraphWalker - Visiting attribute path : albums
16:08:34.801 [main] DEBUG o.h.l.p.b.i.spaces.QuerySpacesImpl - Adding QuerySpace : uid = &lt;gen:1&gt; -&gt; org.hibernate.loader.plan.build.internal.spaces.CollectionQuerySpaceImpl@173373b4]
16:08:34.801 [main] DEBUG o.h.l.p.b.i.spaces.QuerySpacesImpl - Adding QuerySpace : uid = &lt;gen:2&gt; -&gt; org.hibernate.loader.plan.build.internal.spaces.EntityQuerySpaceImpl@40d10481]
16:08:34.801 [main] DEBUG o.h.p.w.spi.MetamodelGraphWalker - Visiting attribute path : quantity
16:08:34.801 [main] DEBUG o.h.l.p.b.i.FetchStyleLoadPlanBuildingAssociationVisitationStrategy - Building LoadPlan...
16:08:34.801 [main] DEBUG o.h.l.p.e.i.LoadQueryJoinAndFetchProcessor - processing queryspace &lt;gen:0&gt;
16:08:34.802 [main] DEBUG o.h.l.p.b.spi.LoadPlanTreePrinter - LoadPlan(entity=com.startup.musicstore.domain.OrderItem)
    - Returns
       - EntityReturnImpl(entity=com.startup.musicstore.domain.OrderItem, querySpaceUid=&lt;gen:0&gt;, path=com.startup.musicstore.domain.OrderItem)
          - CollectionAttributeFetchImpl(collection=com.startup.musicstore.domain.OrderItem.albums, querySpaceUid=&lt;gen:1&gt;, path=com.startup.musicstore.domain.OrderItem.albums)
             - (collection element) CollectionFetchableElementEntityGraph(entity=com.startup.musicstore.domain.Albums, querySpaceUid=&lt;gen:2&gt;, path=com.startup.musicstore.domain.OrderItem.albums.&lt;elements&gt;)
    - QuerySpaces
       - EntityQuerySpaceImpl(uid=&lt;gen:0&gt;, entity=com.startup.musicstore.domain.OrderItem)
          - SQL table alias mapping - orderitem0_
          - alias suffix - 0_
          - suffixed key columns - {id1_6_0_}

16:08:34.802 [main] DEBUG o.h.loader.entity.plan.EntityLoader - Static select for entity com.startup.musicstore.domain.OrderItem [FORCE]: select orderitem0_.id as id1_6_0_, orderitem0_.quantity as quantity2_6_0_ from OrderItem orderitem0_ where orderitem0_.id=? for update with rs
16:08:34.802 [main] DEBUG o.h.l.p.b.i.spaces.QuerySpacesImpl - Adding QuerySpace : uid = &lt;gen:0&gt; -&gt; org.hibernate.loader.plan.build.internal.spaces.EntityQuerySpaceImpl@60dd3c23]
16:08:34.802 [main] DEBUG o.h.p.w.spi.MetamodelGraphWalker - Visiting attribute path : albums
16:08:34.802 [main] DEBUG o.h.l.p.b.i.spaces.QuerySpacesImpl - Adding QuerySpace : uid = &lt;gen:1&gt; -&gt; org.hibernate.loader.plan.build.internal.spaces.CollectionQuerySpaceImpl@5e9456ae]
16:08:34.802 [main] DEBUG o.h.l.p.b.i.spaces.QuerySpacesImpl - Adding QuerySpace : uid = &lt;gen:2&gt; -&gt; org.hibernate.loader.plan.build.internal.spaces.EntityQuerySpaceImpl@16a9a4f1]
16:08:34.802 [main] DEBUG o.h.p.w.spi.MetamodelGraphWalker - Visiting attribute path : quantity
16:08:34.802 [main] DEBUG o.h.l.p.b.i.FetchStyleLoadPlanBuildingAssociationVisitationStrategy - Building LoadPlan...
16:08:34.802 [main] DEBUG o.h.l.p.e.i.LoadQueryJoinAndFetchProcessor - processing queryspace &lt;gen:0&gt;
16:08:34.802 [main] DEBUG o.h.l.p.b.spi.LoadPlanTreePrinter - LoadPlan(entity=com.startup.musicstore.domain.OrderItem)
    - Returns
       - EntityReturnImpl(entity=com.startup.musicstore.domain.OrderItem, querySpaceUid=&lt;gen:0&gt;, path=com.startup.musicstore.domain.OrderItem)
          - CollectionAttributeFetchImpl(collection=com.startup.musicstore.domain.OrderItem.albums, querySpaceUid=&lt;gen:1&gt;, path=com.startup.musicstore.domain.OrderItem.albums)
             - (collection element) CollectionFetchableElementEntityGraph(entity=com.startup.musicstore.domain.Albums, querySpaceUid=&lt;gen:2&gt;, path=com.startup.musicstore.domain.OrderItem.albums.&lt;elements&gt;)
    - QuerySpaces
       - EntityQuerySpaceImpl(uid=&lt;gen:0&gt;, entity=com.startup.musicstore.domain.OrderItem)
          - SQL table alias mapping - orderitem0_
          - alias suffix - 0_
          - suffixed key columns - {id1_6_0_}

16:08:34.802 [main] DEBUG o.h.loader.entity.plan.EntityLoader - Static select for entity com.startup.musicstore.domain.OrderItem [PESSIMISTIC_READ]: select orderitem0_.id as id1_6_0_, orderitem0_.quantity as quantity2_6_0_ from OrderItem orderitem0_ where orderitem0_.id=? for read only with rs
16:08:34.802 [main] DEBUG o.h.l.p.b.i.spaces.QuerySpacesImpl - Adding QuerySpace : uid = &lt;gen:0&gt; -&gt; org.hibernate.loader.plan.build.internal.spaces.EntityQuerySpaceImpl@1f1cae23]
16:08:34.802 [main] DEBUG o.h.p.w.spi.MetamodelGraphWalker - Visiting attribute path : albums
16:08:34.802 [main] DEBUG o.h.l.p.b.i.spaces.QuerySpacesImpl - Adding QuerySpace : uid = &lt;gen:1&gt; -&gt; org.hibernate.loader.plan.build.internal.spaces.CollectionQuerySpaceImpl@985696]
16:08:34.802 [main] DEBUG o.h.l.p.b.i.spaces.QuerySpacesImpl - Adding QuerySpace : uid = &lt;gen:2&gt; -&gt; org.hibernate.loader.plan.build.internal.spaces.EntityQuerySpaceImpl@5bcde458]
16:08:34.802 [main] DEBUG o.h.p.w.spi.MetamodelGraphWalker - Visiting attribute path : quantity
16:08:34.802 [main] DEBUG o.h.l.p.b.i.FetchStyleLoadPlanBuildingAssociationVisitationStrategy - Building LoadPlan...
16:08:34.802 [main] DEBUG o.h.l.p.e.i.LoadQueryJoinAndFetchProcessor - processing queryspace &lt;gen:0&gt;
16:08:34.803 [main] DEBUG o.h.l.p.b.spi.LoadPlanTreePrinter - LoadPlan(entity=com.startup.musicstore.domain.OrderItem)
    - Returns
       - EntityReturnImpl(entity=com.startup.musicstore.domain.OrderItem, querySpaceUid=&lt;gen:0&gt;, path=com.startup.musicstore.domain.OrderItem)
          - CollectionAttributeFetchImpl(collection=com.startup.musicstore.domain.OrderItem.albums, querySpaceUid=&lt;gen:1&gt;, path=com.startup.musicstore.domain.OrderItem.albums)
             - (collection element) CollectionFetchableElementEntityGraph(entity=com.startup.musicstore.domain.Albums, querySpaceUid=&lt;gen:2&gt;, path=com.startup.musicstore.domain.OrderItem.albums.&lt;elements&gt;)
    - QuerySpaces
       - EntityQuerySpaceImpl(uid=&lt;gen:0&gt;, entity=com.startup.musicstore.domain.OrderItem)
          - SQL table alias mapping - orderitem0_
          - alias suffix - 0_
          - suffixed key columns - {id1_6_0_}

16:08:34.803 [main] DEBUG o.h.loader.entity.plan.EntityLoader - Static select for entity com.startup.musicstore.domain.OrderItem [PESSIMISTIC_WRITE]: select orderitem0_.id as id1_6_0_, orderitem0_.quantity as quantity2_6_0_ from OrderItem orderitem0_ where orderitem0_.id=? for update with rs
16:08:34.803 [main] DEBUG o.h.l.p.b.i.spaces.QuerySpacesImpl - Adding QuerySpace : uid = &lt;gen:0&gt; -&gt; org.hibernate.loader.plan.build.internal.spaces.EntityQuerySpaceImpl@215a34b4]
16:08:34.803 [main] DEBUG o.h.p.w.spi.MetamodelGraphWalker - Visiting attribute path : albums
16:08:34.803 [main] DEBUG o.h.l.p.b.i.spaces.QuerySpacesImpl - Adding QuerySpace : uid = &lt;gen:1&gt; -&gt; org.hibernate.loader.plan.build.internal.spaces.CollectionQuerySpaceImpl@35d3ab60]
16:08:34.803 [main] DEBUG o.h.l.p.b.i.spaces.QuerySpacesImpl - Adding QuerySpace : uid = &lt;gen:2&gt; -&gt; org.hibernate.loader.plan.build.internal.spaces.EntityQuerySpaceImpl@10876a6]
16:08:34.803 [main] DEBUG o.h.p.w.spi.MetamodelGraphWalker - Visiting attribute path : quantity
16:08:34.803 [main] DEBUG o.h.l.p.b.i.FetchStyleLoadPlanBuildingAssociationVisitationStrategy - Building LoadPlan...
16:08:34.803 [main] DEBUG o.h.l.p.e.i.LoadQueryJoinAndFetchProcessor - processing queryspace &lt;gen:0&gt;
16:08:34.803 [main] DEBUG o.h.l.p.b.spi.LoadPlanTreePrinter - LoadPlan(entity=com.startup.musicstore.domain.OrderItem)
    - Returns
       - EntityReturnImpl(entity=com.startup.musicstore.domain.OrderItem, querySpaceUid=&lt;gen:0&gt;, path=com.startup.musicstore.domain.OrderItem)
          - CollectionAttributeFetchImpl(collection=com.startup.musicstore.domain.OrderItem.albums, querySpaceUid=&lt;gen:1&gt;, path=com.startup.musicstore.domain.OrderItem.albums)
             - (collection element) CollectionFetchableElementEntityGraph(entity=com.startup.musicstore.domain.Albums, querySpaceUid=&lt;gen:2&gt;, path=com.startup.musicstore.domain.OrderItem.albums.&lt;elements&gt;)
    - QuerySpaces
       - EntityQuerySpaceImpl(uid=&lt;gen:0&gt;, entity=com.startup.musicstore.domain.OrderItem)
          - SQL table alias mapping - orderitem0_
          - alias suffix - 0_
          - suffixed key columns - {id1_6_0_}

16:08:34.803 [main] DEBUG o.h.loader.entity.plan.EntityLoader - Static select for entity com.startup.musicstore.domain.OrderItem [PESSIMISTIC_FORCE_INCREMENT]: select orderitem0_.id as id1_6_0_, orderitem0_.quantity as quantity2_6_0_ from OrderItem orderitem0_ where orderitem0_.id=? for update with rs
16:08:34.803 [main] DEBUG o.h.l.p.b.i.spaces.QuerySpacesImpl - Adding QuerySpace : uid = &lt;gen:0&gt; -&gt; org.hibernate.loader.plan.build.internal.spaces.EntityQuerySpaceImpl@71870da7]
16:08:34.803 [main] DEBUG o.h.p.w.spi.MetamodelGraphWalker - Visiting attribute path : albums
16:08:34.803 [main] DEBUG o.h.l.p.b.i.spaces.QuerySpacesImpl - Adding QuerySpace : uid = &lt;gen:1&gt; -&gt; org.hibernate.loader.plan.build.internal.spaces.CollectionQuerySpaceImpl@45792847]
16:08:34.803 [main] DEBUG o.h.l.p.b.i.spaces.QuerySpacesImpl - Adding QuerySpace : uid = &lt;gen:2&gt; -&gt; org.hibernate.loader.plan.build.internal.spaces.EntityQuerySpaceImpl@706cb08]
16:08:34.803 [main] DEBUG o.h.p.w.spi.MetamodelGraphWalker - Visiting attribute path : quantity
16:08:34.803 [main] DEBUG o.h.l.p.b.i.FetchStyleLoadPlanBuildingAssociationVisitationStrategy - Building LoadPlan...
16:08:34.803 [main] DEBUG o.h.l.p.e.i.LoadQueryJoinAndFetchProcessor - processing queryspace &lt;gen:0&gt;
16:08:34.803 [main] DEBUG o.h.l.p.b.spi.LoadPlanTreePrinter - LoadPlan(entity=com.startup.musicstore.domain.OrderItem)
    - Returns
       - EntityReturnImpl(entity=com.startup.musicstore.domain.OrderItem, querySpaceUid=&lt;gen:0&gt;, path=com.startup.musicstore.domain.OrderItem)
          - CollectionAttributeFetchImpl(collection=com.startup.musicstore.domain.OrderItem.albums, querySpaceUid=&lt;gen:1&gt;, path=com.startup.musicstore.domain.OrderItem.albums)
             - (collection element) CollectionFetchableElementEntityGraph(entity=com.startup.musicstore.domain.Albums, querySpaceUid=&lt;gen:2&gt;, path=com.startup.musicstore.domain.OrderItem.albums.&lt;elements&gt;)
    - QuerySpaces
       - EntityQuerySpaceImpl(uid=&lt;gen:0&gt;, entity=com.startup.musicstore.domain.OrderItem)
          - SQL table alias mapping - orderitem0_
          - alias suffix - 0_
          - suffixed key columns - {id1_6_0_}

16:08:34.804 [main] DEBUG o.h.loader.entity.plan.EntityLoader - Static select for entity com.startup.musicstore.domain.OrderItem [OPTIMISTIC]: select orderitem0_.id as id1_6_0_, orderitem0_.quantity as quantity2_6_0_ from OrderItem orderitem0_ where orderitem0_.id=?
16:08:34.804 [main] DEBUG o.h.l.p.b.i.spaces.QuerySpacesImpl - Adding QuerySpace : uid = &lt;gen:0&gt; -&gt; org.hibernate.loader.plan.build.internal.spaces.EntityQuerySpaceImpl@4e25147a]
16:08:34.804 [main] DEBUG o.h.p.w.spi.MetamodelGraphWalker - Visiting attribute path : albums
16:08:34.804 [main] DEBUG o.h.l.p.b.i.spaces.QuerySpacesImpl - Adding QuerySpace : uid = &lt;gen:1&gt; -&gt; org.hibernate.loader.plan.build.internal.spaces.CollectionQuerySpaceImpl@675ffd1d]
16:08:34.804 [main] DEBUG o.h.l.p.b.i.spaces.QuerySpacesImpl - Adding QuerySpace : uid = &lt;gen:2&gt; -&gt; org.hibernate.loader.plan.build.internal.spaces.EntityQuerySpaceImpl@56303475]
16:08:34.804 [main] DEBUG o.h.p.w.spi.MetamodelGraphWalker - Visiting attribute path : quantity
16:08:34.804 [main] DEBUG o.h.l.p.b.i.FetchStyleLoadPlanBuildingAssociationVisitationStrategy - Building LoadPlan...
16:08:34.804 [main] DEBUG o.h.l.p.e.i.LoadQueryJoinAndFetchProcessor - processing queryspace &lt;gen:0&gt;
16:08:34.804 [main] DEBUG o.h.l.p.b.spi.LoadPlanTreePrinter - LoadPlan(entity=com.startup.musicstore.domain.OrderItem)
    - Returns
       - EntityReturnImpl(entity=com.startup.musicstore.domain.OrderItem, querySpaceUid=&lt;gen:0&gt;, path=com.startup.musicstore.domain.OrderItem)
          - CollectionAttributeFetchImpl(collection=com.startup.musicstore.domain.OrderItem.albums, querySpaceUid=&lt;gen:1&gt;, path=com.startup.musicstore.domain.OrderItem.albums)
             - (collection element) CollectionFetchableElementEntityGraph(entity=com.startup.musicstore.domain.Albums, querySpaceUid=&lt;gen:2&gt;, path=com.startup.musicstore.domain.OrderItem.albums.&lt;elements&gt;)
    - QuerySpaces
       - EntityQuerySpaceImpl(uid=&lt;gen:0&gt;, entity=com.startup.musicstore.domain.OrderItem)
          - SQL table alias mapping - orderitem0_
          - alias suffix - 0_
          - suffixed key columns - {id1_6_0_}

16:08:34.804 [main] DEBUG o.h.loader.entity.plan.EntityLoader - Static select for entity com.startup.musicstore.domain.OrderItem [OPTIMISTIC_FORCE_INCREMENT]: select orderitem0_.id as id1_6_0_, orderitem0_.quantity as quantity2_6_0_ from OrderItem orderitem0_ where orderitem0_.id=?
16:08:34.804 [main] DEBUG org.hibernate.loader.Loader - Static select for action ACTION_MERGE on entity com.startup.musicstore.domain.OrderItem: select orderitem0_.id as id1_6_0_, orderitem0_.quantity as quantity2_6_0_ from OrderItem orderitem0_ where orderitem0_.id=?
16:08:34.804 [main] DEBUG org.hibernate.loader.Loader - Static select for action ACTION_REFRESH on entity com.startup.musicstore.domain.OrderItem: select orderitem0_.id as id1_6_0_, orderitem0_.quantity as quantity2_6_0_ from OrderItem orderitem0_ where orderitem0_.id=?
16:08:34.804 [main] DEBUG o.h.p.entity.AbstractEntityPersister - Static SQL for entity: com.startup.musicstore.domain.AlbumCategory
16:08:34.804 [main] DEBUG o.h.p.entity.AbstractEntityPersister -  Version select: select id from AlbumCategory where id =?
16:08:34.804 [main] DEBUG o.h.p.entity.AbstractEntityPersister -  Snapshot select: select albumcateg_.id, albumcateg_.categoryName as category2_0_ from AlbumCategory albumcateg_ where albumcateg_.id=?
16:08:34.804 [main] DEBUG o.h.p.entity.AbstractEntityPersister -  Insert 0: insert into AlbumCategory (categoryName, id) values (?, ?)
16:08:34.804 [main] DEBUG o.h.p.entity.AbstractEntityPersister -  Update 0: update AlbumCategory set categoryName=? where id=?
16:08:34.804 [main] DEBUG o.h.p.entity.AbstractEntityPersister -  Delete 0: delete from AlbumCategory where id=?
16:08:34.804 [main] DEBUG o.h.p.entity.AbstractEntityPersister -  Identity insert: insert into AlbumCategory (id, categoryName) values (default, ?)
16:08:34.804 [main] DEBUG o.h.l.p.b.i.spaces.QuerySpacesImpl - Adding QuerySpace : uid = &lt;gen:0&gt; -&gt; org.hibernate.loader.plan.build.internal.spaces.EntityQuerySpaceImpl@30506c0d]
16:08:34.805 [main] DEBUG o.h.p.w.spi.MetamodelGraphWalker - Visiting attribute path : categoryName
16:08:34.805 [main] DEBUG o.h.l.p.b.i.FetchStyleLoadPlanBuildingAssociationVisitationStrategy - Building LoadPlan...
16:08:34.805 [main] DEBUG o.h.l.p.e.i.LoadQueryJoinAndFetchProcessor - processing queryspace &lt;gen:0&gt;
16:08:34.805 [main] DEBUG o.h.l.p.b.spi.LoadPlanTreePrinter - LoadPlan(entity=com.startup.musicstore.domain.AlbumCategory)
    - Returns
       - EntityReturnImpl(entity=com.startup.musicstore.domain.AlbumCategory, querySpaceUid=&lt;gen:0&gt;, path=com.startup.musicstore.domain.AlbumCategory)
    - QuerySpaces
       - EntityQuerySpaceImpl(uid=&lt;gen:0&gt;, entity=com.startup.musicstore.domain.AlbumCategory)
          - SQL table alias mapping - albumcateg0_
          - alias suffix - 0_
          - suffixed key columns - {id1_0_0_}

16:08:34.805 [main] DEBUG o.h.loader.entity.plan.EntityLoader - Static select for entity com.startup.musicstore.domain.AlbumCategory [NONE]: select albumcateg0_.id as id1_0_0_, albumcateg0_.categoryName as category2_0_0_ from AlbumCategory albumcateg0_ where albumcateg0_.id=?
16:08:34.805 [main] DEBUG o.h.l.p.b.i.spaces.QuerySpacesImpl - Adding QuerySpace : uid = &lt;gen:0&gt; -&gt; org.hibernate.loader.plan.build.internal.spaces.EntityQuerySpaceImpl@5631962]
16:08:34.805 [main] DEBUG o.h.p.w.spi.MetamodelGraphWalker - Visiting attribute path : categoryName
16:08:34.805 [main] DEBUG o.h.l.p.b.i.FetchStyleLoadPlanBuildingAssociationVisitationStrategy - Building LoadPlan...
16:08:34.805 [main] DEBUG o.h.l.p.e.i.LoadQueryJoinAndFetchProcessor - processing queryspace &lt;gen:0&gt;
16:08:34.805 [main] DEBUG o.h.l.p.b.spi.LoadPlanTreePrinter - LoadPlan(entity=com.startup.musicstore.domain.AlbumCategory)
    - Returns
       - EntityReturnImpl(entity=com.startup.musicstore.domain.AlbumCategory, querySpaceUid=&lt;gen:0&gt;, path=com.startup.musicstore.domain.AlbumCategory)
    - QuerySpaces
       - EntityQuerySpaceImpl(uid=&lt;gen:0&gt;, entity=com.startup.musicstore.domain.AlbumCategory)
          - SQL table alias mapping - albumcateg0_
          - alias suffix - 0_
          - suffixed key columns - {id1_0_0_}

16:08:34.805 [main] DEBUG o.h.loader.entity.plan.EntityLoader - Static select for entity com.startup.musicstore.domain.AlbumCategory [READ]: select albumcateg0_.id as id1_0_0_, albumcateg0_.categoryName as category2_0_0_ from AlbumCategory albumcateg0_ where albumcateg0_.id=?
16:08:34.805 [main] DEBUG o.h.l.p.b.i.spaces.QuerySpacesImpl - Adding QuerySpace : uid = &lt;gen:0&gt; -&gt; org.hibernate.loader.plan.build.internal.spaces.EntityQuerySpaceImpl@6124287a]
16:08:34.805 [main] DEBUG o.h.p.w.spi.MetamodelGraphWalker - Visiting attribute path : categoryName
16:08:34.805 [main] DEBUG o.h.l.p.b.i.FetchStyleLoadPlanBuildingAssociationVisitationStrategy - Building LoadPlan...
16:08:34.805 [main] DEBUG o.h.l.p.e.i.LoadQueryJoinAndFetchProcessor - processing queryspace &lt;gen:0&gt;
16:08:34.805 [main] DEBUG o.h.l.p.b.spi.LoadPlanTreePrinter - LoadPlan(entity=com.startup.musicstore.domain.AlbumCategory)
    - Returns
       - EntityReturnImpl(entity=com.startup.musicstore.domain.AlbumCategory, querySpaceUid=&lt;gen:0&gt;, path=com.startup.musicstore.domain.AlbumCategory)
    - QuerySpaces
       - EntityQuerySpaceImpl(uid=&lt;gen:0&gt;, entity=com.startup.musicstore.domain.AlbumCategory)
          - SQL table alias mapping - albumcateg0_
          - alias suffix - 0_
          - suffixed key columns - {id1_0_0_}

16:08:34.805 [main] DEBUG o.h.loader.entity.plan.EntityLoader - Static select for entity com.startup.musicstore.domain.AlbumCategory [UPGRADE]: select albumcateg0_.id as id1_0_0_, albumcateg0_.categoryName as category2_0_0_ from AlbumCategory albumcateg0_ where albumcateg0_.id=? for update with rs
16:08:34.805 [main] DEBUG o.h.l.p.b.i.spaces.QuerySpacesImpl - Adding QuerySpace : uid = &lt;gen:0&gt; -&gt; org.hibernate.loader.plan.build.internal.spaces.EntityQuerySpaceImpl@4632cfc]
16:08:34.805 [main] DEBUG o.h.p.w.spi.MetamodelGraphWalker - Visiting attribute path : categoryName
16:08:34.805 [main] DEBUG o.h.l.p.b.i.FetchStyleLoadPlanBuildingAssociationVisitationStrategy - Building LoadPlan...
16:08:34.805 [main] DEBUG o.h.l.p.e.i.LoadQueryJoinAndFetchProcessor - processing queryspace &lt;gen:0&gt;
16:08:34.806 [main] DEBUG o.h.l.p.b.spi.LoadPlanTreePrinter - LoadPlan(entity=com.startup.musicstore.domain.AlbumCategory)
    - Returns
       - EntityReturnImpl(entity=com.startup.musicstore.domain.AlbumCategory, querySpaceUid=&lt;gen:0&gt;, path=com.startup.musicstore.domain.AlbumCategory)
    - QuerySpaces
       - EntityQuerySpaceImpl(uid=&lt;gen:0&gt;, entity=com.startup.musicstore.domain.AlbumCategory)
          - SQL table alias mapping - albumcateg0_
          - alias suffix - 0_
          - suffixed key columns - {id1_0_0_}

16:08:34.806 [main] DEBUG o.h.loader.entity.plan.EntityLoader - Static select for entity com.startup.musicstore.domain.AlbumCategory [UPGRADE_NOWAIT]: select albumcateg0_.id as id1_0_0_, albumcateg0_.categoryName as category2_0_0_ from AlbumCategory albumcateg0_ where albumcateg0_.id=? for update with rs
16:08:34.806 [main] DEBUG o.h.l.p.b.i.spaces.QuerySpacesImpl - Adding QuerySpace : uid = &lt;gen:0&gt; -&gt; org.hibernate.loader.plan.build.internal.spaces.EntityQuerySpaceImpl@2e380628]
16:08:34.806 [main] DEBUG o.h.p.w.spi.MetamodelGraphWalker - Visiting attribute path : categoryName
16:08:34.806 [main] DEBUG o.h.l.p.b.i.FetchStyleLoadPlanBuildingAssociationVisitationStrategy - Building LoadPlan...
16:08:34.806 [main] DEBUG o.h.l.p.e.i.LoadQueryJoinAndFetchProcessor - processing queryspace &lt;gen:0&gt;
16:08:34.806 [main] DEBUG o.h.l.p.b.spi.LoadPlanTreePrinter - LoadPlan(entity=com.startup.musicstore.domain.AlbumCategory)
    - Returns
       - EntityReturnImpl(entity=com.startup.musicstore.domain.AlbumCategory, querySpaceUid=&lt;gen:0&gt;, path=com.startup.musicstore.domain.AlbumCategory)
    - QuerySpaces
       - EntityQuerySpaceImpl(uid=&lt;gen:0&gt;, entity=com.startup.musicstore.domain.AlbumCategory)
          - SQL table alias mapping - albumcateg0_
          - alias suffix - 0_
          - suffixed key columns - {id1_0_0_}

16:08:34.806 [main] DEBUG o.h.loader.entity.plan.EntityLoader - Static select for entity com.startup.musicstore.domain.AlbumCategory [UPGRADE_SKIPLOCKED]: select albumcateg0_.id as id1_0_0_, albumcateg0_.categoryName as category2_0_0_ from AlbumCategory albumcateg0_ where albumcateg0_.id=? for update with rs
16:08:34.806 [main] DEBUG o.h.l.p.b.i.spaces.QuerySpacesImpl - Adding QuerySpace : uid = &lt;gen:0&gt; -&gt; org.hibernate.loader.plan.build.internal.spaces.EntityQuerySpaceImpl@1eaf1e62]
16:08:34.806 [main] DEBUG o.h.p.w.spi.MetamodelGraphWalker - Visiting attribute path : categoryName
16:08:34.806 [main] DEBUG o.h.l.p.b.i.FetchStyleLoadPlanBuildingAssociationVisitationStrategy - Building LoadPlan...
16:08:34.806 [main] DEBUG o.h.l.p.e.i.LoadQueryJoinAndFetchProcessor - processing queryspace &lt;gen:0&gt;
16:08:34.806 [main] DEBUG o.h.l.p.b.spi.LoadPlanTreePrinter - LoadPlan(entity=com.startup.musicstore.domain.AlbumCategory)
    - Returns
       - EntityReturnImpl(entity=com.startup.musicstore.domain.AlbumCategory, querySpaceUid=&lt;gen:0&gt;, path=com.startup.musicstore.domain.AlbumCategory)
    - QuerySpaces
       - EntityQuerySpaceImpl(uid=&lt;gen:0&gt;, entity=com.startup.musicstore.domain.AlbumCategory)
          - SQL table alias mapping - albumcateg0_
          - alias suffix - 0_
          - suffixed key columns - {id1_0_0_}

16:08:34.806 [main] DEBUG o.h.loader.entity.plan.EntityLoader - Static select for entity com.startup.musicstore.domain.AlbumCategory [FORCE]: select albumcateg0_.id as id1_0_0_, albumcateg0_.categoryName as category2_0_0_ from AlbumCategory albumcateg0_ where albumcateg0_.id=? for update with rs
16:08:34.806 [main] DEBUG o.h.l.p.b.i.spaces.QuerySpacesImpl - Adding QuerySpace : uid = &lt;gen:0&gt; -&gt; org.hibernate.loader.plan.build.internal.spaces.EntityQuerySpaceImpl@62e6a3ec]
16:08:34.806 [main] DEBUG o.h.p.w.spi.MetamodelGraphWalker - Visiting attribute path : categoryName
16:08:34.806 [main] DEBUG o.h.l.p.b.i.FetchStyleLoadPlanBuildingAssociationVisitationStrategy - Building LoadPlan...
16:08:34.806 [main] DEBUG o.h.l.p.e.i.LoadQueryJoinAndFetchProcessor - processing queryspace &lt;gen:0&gt;
16:08:34.806 [main] DEBUG o.h.l.p.b.spi.LoadPlanTreePrinter - LoadPlan(entity=com.startup.musicstore.domain.AlbumCategory)
    - Returns
       - EntityReturnImpl(entity=com.startup.musicstore.domain.AlbumCategory, querySpaceUid=&lt;gen:0&gt;, path=com.startup.musicstore.domain.AlbumCategory)
    - QuerySpaces
       - EntityQuerySpaceImpl(uid=&lt;gen:0&gt;, entity=com.startup.musicstore.domain.AlbumCategory)
          - SQL table alias mapping - albumcateg0_
          - alias suffix - 0_
          - suffixed key columns - {id1_0_0_}

16:08:34.806 [main] DEBUG o.h.loader.entity.plan.EntityLoader - Static select for entity com.startup.musicstore.domain.AlbumCategory [PESSIMISTIC_READ]: select albumcateg0_.id as id1_0_0_, albumcateg0_.categoryName as category2_0_0_ from AlbumCategory albumcateg0_ where albumcateg0_.id=? for read only with rs
16:08:34.807 [main] DEBUG o.h.l.p.b.i.spaces.QuerySpacesImpl - Adding QuerySpace : uid = &lt;gen:0&gt; -&gt; org.hibernate.loader.plan.build.internal.spaces.EntityQuerySpaceImpl@31ee96f4]
16:08:34.807 [main] DEBUG o.h.p.w.spi.MetamodelGraphWalker - Visiting attribute path : categoryName
16:08:34.807 [main] DEBUG o.h.l.p.b.i.FetchStyleLoadPlanBuildingAssociationVisitationStrategy - Building LoadPlan...
16:08:34.807 [main] DEBUG o.h.l.p.e.i.LoadQueryJoinAndFetchProcessor - processing queryspace &lt;gen:0&gt;
16:08:34.807 [main] DEBUG o.h.l.p.b.spi.LoadPlanTreePrinter - LoadPlan(entity=com.startup.musicstore.domain.AlbumCategory)
    - Returns
       - EntityReturnImpl(entity=com.startup.musicstore.domain.AlbumCategory, querySpaceUid=&lt;gen:0&gt;, path=com.startup.musicstore.domain.AlbumCategory)
    - QuerySpaces
       - EntityQuerySpaceImpl(uid=&lt;gen:0&gt;, entity=com.startup.musicstore.domain.AlbumCategory)
          - SQL table alias mapping - albumcateg0_
          - alias suffix - 0_
          - suffixed key columns - {id1_0_0_}

16:08:34.807 [main] DEBUG o.h.loader.entity.plan.EntityLoader - Static select for entity com.startup.musicstore.domain.AlbumCategory [PESSIMISTIC_WRITE]: select albumcateg0_.id as id1_0_0_, albumcateg0_.categoryName as category2_0_0_ from AlbumCategory albumcateg0_ where albumcateg0_.id=? for update with rs
16:08:34.807 [main] DEBUG o.h.l.p.b.i.spaces.QuerySpacesImpl - Adding QuerySpace : uid = &lt;gen:0&gt; -&gt; org.hibernate.loader.plan.build.internal.spaces.EntityQuerySpaceImpl@652ab8d9]
16:08:34.807 [main] DEBUG o.h.p.w.spi.MetamodelGraphWalker - Visiting attribute path : categoryName
16:08:34.807 [main] DEBUG o.h.l.p.b.i.FetchStyleLoadPlanBuildingAssociationVisitationStrategy - Building LoadPlan...
16:08:34.807 [main] DEBUG o.h.l.p.e.i.LoadQueryJoinAndFetchProcessor - processing queryspace &lt;gen:0&gt;
16:08:34.807 [main] DEBUG o.h.l.p.b.spi.LoadPlanTreePrinter - LoadPlan(entity=com.startup.musicstore.domain.AlbumCategory)
    - Returns
       - EntityReturnImpl(entity=com.startup.musicstore.domain.AlbumCategory, querySpaceUid=&lt;gen:0&gt;, path=com.startup.musicstore.domain.AlbumCategory)
    - QuerySpaces
       - EntityQuerySpaceImpl(uid=&lt;gen:0&gt;, entity=com.startup.musicstore.domain.AlbumCategory)
          - SQL table alias mapping - albumcateg0_
          - alias suffix - 0_
          - suffixed key columns - {id1_0_0_}

16:08:34.807 [main] DEBUG o.h.loader.entity.plan.EntityLoader - Static select for entity com.startup.musicstore.domain.AlbumCategory [PESSIMISTIC_FORCE_INCREMENT]: select albumcateg0_.id as id1_0_0_, albumcateg0_.categoryName as category2_0_0_ from AlbumCategory albumcateg0_ where albumcateg0_.id=? for update with rs
16:08:34.807 [main] DEBUG o.h.l.p.b.i.spaces.QuerySpacesImpl - Adding QuerySpace : uid = &lt;gen:0&gt; -&gt; org.hibernate.loader.plan.build.internal.spaces.EntityQuerySpaceImpl@51e0301d]
16:08:34.807 [main] DEBUG o.h.p.w.spi.MetamodelGraphWalker - Visiting attribute path : categoryName
16:08:34.807 [main] DEBUG o.h.l.p.b.i.FetchStyleLoadPlanBuildingAssociationVisitationStrategy - Building LoadPlan...
16:08:34.807 [main] DEBUG o.h.l.p.e.i.LoadQueryJoinAndFetchProcessor - processing queryspace &lt;gen:0&gt;
16:08:34.807 [main] DEBUG o.h.l.p.b.spi.LoadPlanTreePrinter - LoadPlan(entity=com.startup.musicstore.domain.AlbumCategory)
    - Returns
       - EntityReturnImpl(entity=com.startup.musicstore.domain.AlbumCategory, querySpaceUid=&lt;gen:0&gt;, path=com.startup.musicstore.domain.AlbumCategory)
    - QuerySpaces
       - EntityQuerySpaceImpl(uid=&lt;gen:0&gt;, entity=com.startup.musicstore.domain.AlbumCategory)
          - SQL table alias mapping - albumcateg0_
          - alias suffix - 0_
          - suffixed key columns - {id1_0_0_}

16:08:34.807 [main] DEBUG o.h.loader.entity.plan.EntityLoader - Static select for entity com.startup.musicstore.domain.AlbumCategory [OPTIMISTIC]: select albumcateg0_.id as id1_0_0_, albumcateg0_.categoryName as category2_0_0_ from AlbumCategory albumcateg0_ where albumcateg0_.id=?
16:08:34.807 [main] DEBUG o.h.l.p.b.i.spaces.QuerySpacesImpl - Adding QuerySpace : uid = &lt;gen:0&gt; -&gt; org.hibernate.loader.plan.build.internal.spaces.EntityQuerySpaceImpl@770b3be0]
16:08:34.808 [main] DEBUG o.h.p.w.spi.MetamodelGraphWalker - Visiting attribute path : categoryName
16:08:34.808 [main] DEBUG o.h.l.p.b.i.FetchStyleLoadPlanBuildingAssociationVisitationStrategy - Building LoadPlan...
16:08:34.808 [main] DEBUG o.h.l.p.e.i.LoadQueryJoinAndFetchProcessor - processing queryspace &lt;gen:0&gt;
16:08:34.808 [main] DEBUG o.h.l.p.b.spi.LoadPlanTreePrinter - LoadPlan(entity=com.startup.musicstore.domain.AlbumCategory)
    - Returns
       - EntityReturnImpl(entity=com.startup.musicstore.domain.AlbumCategory, querySpaceUid=&lt;gen:0&gt;, path=com.startup.musicstore.domain.AlbumCategory)
    - QuerySpaces
       - EntityQuerySpaceImpl(uid=&lt;gen:0&gt;, entity=com.startup.musicstore.domain.AlbumCategory)
          - SQL table alias mapping - albumcateg0_
          - alias suffix - 0_
          - suffixed key columns - {id1_0_0_}

16:08:34.808 [main] DEBUG o.h.loader.entity.plan.EntityLoader - Static select for entity com.startup.musicstore.domain.AlbumCategory [OPTIMISTIC_FORCE_INCREMENT]: select albumcateg0_.id as id1_0_0_, albumcateg0_.categoryName as category2_0_0_ from AlbumCategory albumcateg0_ where albumcateg0_.id=?
16:08:34.808 [main] DEBUG org.hibernate.loader.Loader - Static select for action ACTION_MERGE on entity com.startup.musicstore.domain.AlbumCategory: select albumcateg0_.id as id1_0_0_, albumcateg0_.categoryName as category2_0_0_ from AlbumCategory albumcateg0_ where albumcateg0_.id=?
16:08:34.808 [main] DEBUG org.hibernate.loader.Loader - Static select for action ACTION_REFRESH on entity com.startup.musicstore.domain.AlbumCategory: select albumcateg0_.id as id1_0_0_, albumcateg0_.categoryName as category2_0_0_ from AlbumCategory albumcateg0_ where albumcateg0_.id=?
16:08:34.808 [main] DEBUG o.h.p.entity.AbstractEntityPersister - Static SQL for entity: com.startup.musicstore.domain.Track
16:08:34.808 [main] DEBUG o.h.p.entity.AbstractEntityPersister -  Version select: select id from Track where id =?
16:08:34.808 [main] DEBUG o.h.p.entity.AbstractEntityPersister -  Snapshot select: select track_.id, track_.sampleURL as sampleUR2_7_, track_.trackTitle as trackTit3_7_, track_.tracknumber as tracknum4_7_ from Track track_ where track_.id=?
16:08:34.808 [main] DEBUG o.h.p.entity.AbstractEntityPersister -  Insert 0: insert into Track (sampleURL, trackTitle, tracknumber, id) values (?, ?, ?, ?)
16:08:34.808 [main] DEBUG o.h.p.entity.AbstractEntityPersister -  Update 0: update Track set sampleURL=?, trackTitle=?, tracknumber=? where id=?
16:08:34.808 [main] DEBUG o.h.p.entity.AbstractEntityPersister -  Delete 0: delete from Track where id=?
16:08:34.808 [main] DEBUG o.h.p.entity.AbstractEntityPersister -  Identity insert: insert into Track (id, sampleURL, trackTitle, tracknumber) values (default, ?, ?, ?)
16:08:34.808 [main] DEBUG o.h.l.p.b.i.spaces.QuerySpacesImpl - Adding QuerySpace : uid = &lt;gen:0&gt; -&gt; org.hibernate.loader.plan.build.internal.spaces.EntityQuerySpaceImpl@51dbd6e4]
16:08:34.808 [main] DEBUG o.h.p.w.spi.MetamodelGraphWalker - Visiting attribute path : sample
16:08:34.808 [main] DEBUG o.h.l.p.b.i.spaces.QuerySpacesImpl - Adding QuerySpace : uid = &lt;gen:1&gt; -&gt; org.hibernate.loader.plan.build.internal.spaces.CompositeQuerySpaceImpl@5f13be1]
16:08:34.808 [main] DEBUG o.h.p.w.spi.MetamodelGraphWalker - Visiting attribute path : sample.sampleURL
16:08:34.808 [main] DEBUG o.h.p.w.spi.MetamodelGraphWalker - Visiting attribute path : trackTitle
16:08:34.808 [main] DEBUG o.h.p.w.spi.MetamodelGraphWalker - Visiting attribute path : tracknumber
16:08:34.808 [main] DEBUG o.h.l.p.b.i.FetchStyleLoadPlanBuildingAssociationVisitationStrategy - Building LoadPlan...
16:08:34.808 [main] DEBUG o.h.l.p.e.i.LoadQueryJoinAndFetchProcessor - processing queryspace &lt;gen:0&gt;
16:08:34.809 [main] DEBUG o.h.l.p.b.spi.LoadPlanTreePrinter - LoadPlan(entity=com.startup.musicstore.domain.Track)
    - Returns
       - EntityReturnImpl(entity=com.startup.musicstore.domain.Track, querySpaceUid=&lt;gen:0&gt;, path=com.startup.musicstore.domain.Track)
          - CompositeAttributeFetchImpl(composite=com.startup.musicstore.domain.SampleClip, querySpaceUid=&lt;gen:1&gt;, path=com.startup.musicstore.domain.Track.sample)
    - QuerySpaces
       - EntityQuerySpaceImpl(uid=&lt;gen:0&gt;, entity=com.startup.musicstore.domain.Track)
          - SQL table alias mapping - track0_
          - alias suffix - 0_
          - suffixed key columns - {id1_7_0_}
          - JOIN (JoinDefinedByMetadata(sample)) : &lt;gen:0&gt; -&gt; &lt;gen:1&gt;
             - CompositeQuerySpaceImpl(uid=&lt;gen:1&gt;)
                - SQL table alias mapping - track0_

16:08:34.809 [main] DEBUG o.h.loader.entity.plan.EntityLoader - Static select for entity com.startup.musicstore.domain.Track [NONE]: select track0_.id as id1_7_0_, track0_.sampleURL as sampleUR2_7_0_, track0_.trackTitle as trackTit3_7_0_, track0_.tracknumber as tracknum4_7_0_ from Track track0_ where track0_.id=?
16:08:34.809 [main] DEBUG o.h.l.p.b.i.spaces.QuerySpacesImpl - Adding QuerySpace : uid = &lt;gen:0&gt; -&gt; org.hibernate.loader.plan.build.internal.spaces.EntityQuerySpaceImpl@50d3bf39]
16:08:34.809 [main] DEBUG o.h.p.w.spi.MetamodelGraphWalker - Visiting attribute path : sample
16:08:34.809 [main] DEBUG o.h.l.p.b.i.spaces.QuerySpacesImpl - Adding QuerySpace : uid = &lt;gen:1&gt; -&gt; org.hibernate.loader.plan.build.internal.spaces.CompositeQuerySpaceImpl@29852487]
16:08:34.809 [main] DEBUG o.h.p.w.spi.MetamodelGraphWalker - Visiting attribute path : sample.sampleURL
16:08:34.809 [main] DEBUG o.h.p.w.spi.MetamodelGraphWalker - Visiting attribute path : trackTitle
16:08:34.809 [main] DEBUG o.h.p.w.spi.MetamodelGraphWalker - Visiting attribute path : tracknumber
16:08:34.809 [main] DEBUG o.h.l.p.b.i.FetchStyleLoadPlanBuildingAssociationVisitationStrategy - Building LoadPlan...
16:08:34.809 [main] DEBUG o.h.l.p.e.i.LoadQueryJoinAndFetchProcessor - processing queryspace &lt;gen:0&gt;
16:08:34.809 [main] DEBUG o.h.l.p.b.spi.LoadPlanTreePrinter - LoadPlan(entity=com.startup.musicstore.domain.Track)
    - Returns
       - EntityReturnImpl(entity=com.startup.musicstore.domain.Track, querySpaceUid=&lt;gen:0&gt;, path=com.startup.musicstore.domain.Track)
          - CompositeAttributeFetchImpl(composite=com.startup.musicstore.domain.SampleClip, querySpaceUid=&lt;gen:1&gt;, path=com.startup.musicstore.domain.Track.sample)
    - QuerySpaces
       - EntityQuerySpaceImpl(uid=&lt;gen:0&gt;, entity=com.startup.musicstore.domain.Track)
          - SQL table alias mapping - track0_
          - alias suffix - 0_
          - suffixed key columns - {id1_7_0_}
          - JOIN (JoinDefinedByMetadata(sample)) : &lt;gen:0&gt; -&gt; &lt;gen:1&gt;
             - CompositeQuerySpaceImpl(uid=&lt;gen:1&gt;)
                - SQL table alias mapping - track0_

16:08:34.809 [main] DEBUG o.h.loader.entity.plan.EntityLoader - Static select for entity com.startup.musicstore.domain.Track [READ]: select track0_.id as id1_7_0_, track0_.sampleURL as sampleUR2_7_0_, track0_.trackTitle as trackTit3_7_0_, track0_.tracknumber as tracknum4_7_0_ from Track track0_ where track0_.id=?
16:08:34.809 [main] DEBUG o.h.l.p.b.i.spaces.QuerySpacesImpl - Adding QuerySpace : uid = &lt;gen:0&gt; -&gt; org.hibernate.loader.plan.build.internal.spaces.EntityQuerySpaceImpl@3afae281]
16:08:34.809 [main] DEBUG o.h.p.w.spi.MetamodelGraphWalker - Visiting attribute path : sample
16:08:34.809 [main] DEBUG o.h.l.p.b.i.spaces.QuerySpacesImpl - Adding QuerySpace : uid = &lt;gen:1&gt; -&gt; org.hibernate.loader.plan.build.internal.spaces.CompositeQuerySpaceImpl@260f2144]
16:08:34.809 [main] DEBUG o.h.p.w.spi.MetamodelGraphWalker - Visiting attribute path : sample.sampleURL
16:08:34.809 [main] DEBUG o.h.p.w.spi.MetamodelGraphWalker - Visiting attribute path : trackTitle
16:08:34.809 [main] DEBUG o.h.p.w.spi.MetamodelGraphWalker - Visiting attribute path : tracknumber
16:08:34.809 [main] DEBUG o.h.l.p.b.i.FetchStyleLoadPlanBuildingAssociationVisitationStrategy - Building LoadPlan...
16:08:34.809 [main] DEBUG o.h.l.p.e.i.LoadQueryJoinAndFetchProcessor - processing queryspace &lt;gen:0&gt;
16:08:34.809 [main] DEBUG o.h.l.p.b.spi.LoadPlanTreePrinter - LoadPlan(entity=com.startup.musicstore.domain.Track)
    - Returns
       - EntityReturnImpl(entity=com.startup.musicstore.domain.Track, querySpaceUid=&lt;gen:0&gt;, path=com.startup.musicstore.domain.Track)
          - CompositeAttributeFetchImpl(composite=com.startup.musicstore.domain.SampleClip, querySpaceUid=&lt;gen:1&gt;, path=com.startup.musicstore.domain.Track.sample)
    - QuerySpaces
       - EntityQuerySpaceImpl(uid=&lt;gen:0&gt;, entity=com.startup.musicstore.domain.Track)
          - SQL table alias mapping - track0_
          - alias suffix - 0_
          - suffixed key columns - {id1_7_0_}
          - JOIN (JoinDefinedByMetadata(sample)) : &lt;gen:0&gt; -&gt; &lt;gen:1&gt;
             - CompositeQuerySpaceImpl(uid=&lt;gen:1&gt;)
                - SQL table alias mapping - track0_

16:08:34.810 [main] DEBUG o.h.loader.entity.plan.EntityLoader - Static select for entity com.startup.musicstore.domain.Track [UPGRADE]: select track0_.id as id1_7_0_, track0_.sampleURL as sampleUR2_7_0_, track0_.trackTitle as trackTit3_7_0_, track0_.tracknumber as tracknum4_7_0_ from Track track0_ where track0_.id=? for update with rs
16:08:34.810 [main] DEBUG o.h.l.p.b.i.spaces.QuerySpacesImpl - Adding QuerySpace : uid = &lt;gen:0&gt; -&gt; org.hibernate.loader.plan.build.internal.spaces.EntityQuerySpaceImpl@51827393]
16:08:34.810 [main] DEBUG o.h.p.w.spi.MetamodelGraphWalker - Visiting attribute path : sample
16:08:34.810 [main] DEBUG o.h.l.p.b.i.spaces.QuerySpacesImpl - Adding QuerySpace : uid = &lt;gen:1&gt; -&gt; org.hibernate.loader.plan.build.internal.spaces.CompositeQuerySpaceImpl@5c645b43]
16:08:34.810 [main] DEBUG o.h.p.w.spi.MetamodelGraphWalker - Visiting attribute path : sample.sampleURL
16:08:34.810 [main] DEBUG o.h.p.w.spi.MetamodelGraphWalker - Visiting attribute path : trackTitle
16:08:34.810 [main] DEBUG o.h.p.w.spi.MetamodelGraphWalker - Visiting attribute path : tracknumber
16:08:34.810 [main] DEBUG o.h.l.p.b.i.FetchStyleLoadPlanBuildingAssociationVisitationStrategy - Building LoadPlan...
16:08:34.810 [main] DEBUG o.h.l.p.e.i.LoadQueryJoinAndFetchProcessor - processing queryspace &lt;gen:0&gt;
16:08:34.810 [main] DEBUG o.h.l.p.b.spi.LoadPlanTreePrinter - LoadPlan(entity=com.startup.musicstore.domain.Track)
    - Returns
       - EntityReturnImpl(entity=com.startup.musicstore.domain.Track, querySpaceUid=&lt;gen:0&gt;, path=com.startup.musicstore.domain.Track)
          - CompositeAttributeFetchImpl(composite=com.startup.musicstore.domain.SampleClip, querySpaceUid=&lt;gen:1&gt;, path=com.startup.musicstore.domain.Track.sample)
    - QuerySpaces
       - EntityQuerySpaceImpl(uid=&lt;gen:0&gt;, entity=com.startup.musicstore.domain.Track)
          - SQL table alias mapping - track0_
          - alias suffix - 0_
          - suffixed key columns - {id1_7_0_}
          - JOIN (JoinDefinedByMetadata(sample)) : &lt;gen:0&gt; -&gt; &lt;gen:1&gt;
             - CompositeQuerySpaceImpl(uid=&lt;gen:1&gt;)
                - SQL table alias mapping - track0_

16:08:34.811 [main] DEBUG o.h.loader.entity.plan.EntityLoader - Static select for entity com.startup.musicstore.domain.Track [UPGRADE_NOWAIT]: select track0_.id as id1_7_0_, track0_.sampleURL as sampleUR2_7_0_, track0_.trackTitle as trackTit3_7_0_, track0_.tracknumber as tracknum4_7_0_ from Track track0_ where track0_.id=? for update with rs
16:08:34.811 [main] DEBUG o.h.l.p.b.i.spaces.QuerySpacesImpl - Adding QuerySpace : uid = &lt;gen:0&gt; -&gt; org.hibernate.loader.plan.build.internal.spaces.EntityQuerySpaceImpl@298d9a05]
16:08:34.811 [main] DEBUG o.h.p.w.spi.MetamodelGraphWalker - Visiting attribute path : sample
16:08:34.811 [main] DEBUG o.h.l.p.b.i.spaces.QuerySpacesImpl - Adding QuerySpace : uid = &lt;gen:1&gt; -&gt; org.hibernate.loader.plan.build.internal.spaces.CompositeQuerySpaceImpl@26f96b85]
16:08:34.811 [main] DEBUG o.h.p.w.spi.MetamodelGraphWalker - Visiting attribute path : sample.sampleURL
16:08:34.811 [main] DEBUG o.h.p.w.spi.MetamodelGraphWalker - Visiting attribute path : trackTitle
16:08:34.811 [main] DEBUG o.h.p.w.spi.MetamodelGraphWalker - Visiting attribute path : tracknumber
16:08:34.811 [main] DEBUG o.h.l.p.b.i.FetchStyleLoadPlanBuildingAssociationVisitationStrategy - Building LoadPlan...
16:08:34.811 [main] DEBUG o.h.l.p.e.i.LoadQueryJoinAndFetchProcessor - processing queryspace &lt;gen:0&gt;
16:08:34.811 [main] DEBUG o.h.l.p.b.spi.LoadPlanTreePrinter - LoadPlan(entity=com.startup.musicstore.domain.Track)
    - Returns
       - EntityReturnImpl(entity=com.startup.musicstore.domain.Track, querySpaceUid=&lt;gen:0&gt;, path=com.startup.musicstore.domain.Track)
          - CompositeAttributeFetchImpl(composite=com.startup.musicstore.domain.SampleClip, querySpaceUid=&lt;gen:1&gt;, path=com.startup.musicstore.domain.Track.sample)
    - QuerySpaces
       - EntityQuerySpaceImpl(uid=&lt;gen:0&gt;, entity=com.startup.musicstore.domain.Track)
          - SQL table alias mapping - track0_
          - alias suffix - 0_
          - suffixed key columns - {id1_7_0_}
          - JOIN (JoinDefinedByMetadata(sample)) : &lt;gen:0&gt; -&gt; &lt;gen:1&gt;
             - CompositeQuerySpaceImpl(uid=&lt;gen:1&gt;)
                - SQL table alias mapping - track0_

16:08:34.811 [main] DEBUG o.h.loader.entity.plan.EntityLoader - Static select for entity com.startup.musicstore.domain.Track [UPGRADE_SKIPLOCKED]: select track0_.id as id1_7_0_, track0_.sampleURL as sampleUR2_7_0_, track0_.trackTitle as trackTit3_7_0_, track0_.tracknumber as tracknum4_7_0_ from Track track0_ where track0_.id=? for update with rs
16:08:34.811 [main] DEBUG o.h.l.p.b.i.spaces.QuerySpacesImpl - Adding QuerySpace : uid = &lt;gen:0&gt; -&gt; org.hibernate.loader.plan.build.internal.spaces.EntityQuerySpaceImpl@3c0036b]
16:08:34.811 [main] DEBUG o.h.p.w.spi.MetamodelGraphWalker - Visiting attribute path : sample
16:08:34.811 [main] DEBUG o.h.l.p.b.i.spaces.QuerySpacesImpl - Adding QuerySpace : uid = &lt;gen:1&gt; -&gt; org.hibernate.loader.plan.build.internal.spaces.CompositeQuerySpaceImpl@7ac9af2a]
16:08:34.811 [main] DEBUG o.h.p.w.spi.MetamodelGraphWalker - Visiting attribute path : sample.sampleURL
16:08:34.811 [main] DEBUG o.h.p.w.spi.MetamodelGraphWalker - Visiting attribute path : trackTitle
16:08:34.811 [main] DEBUG o.h.p.w.spi.MetamodelGraphWalker - Visiting attribute path : tracknumber
16:08:34.811 [main] DEBUG o.h.l.p.b.i.FetchStyleLoadPlanBuildingAssociationVisitationStrategy - Building LoadPlan...
16:08:34.811 [main] DEBUG o.h.l.p.e.i.LoadQueryJoinAndFetchProcessor - processing queryspace &lt;gen:0&gt;
16:08:34.812 [main] DEBUG o.h.l.p.b.spi.LoadPlanTreePrinter - LoadPlan(entity=com.startup.musicstore.domain.Track)
    - Returns
       - EntityReturnImpl(entity=com.startup.musicstore.domain.Track, querySpaceUid=&lt;gen:0&gt;, path=com.startup.musicstore.domain.Track)
          - CompositeAttributeFetchImpl(composite=com.startup.musicstore.domain.SampleClip, querySpaceUid=&lt;gen:1&gt;, path=com.startup.musicstore.domain.Track.sample)
    - QuerySpaces
       - EntityQuerySpaceImpl(uid=&lt;gen:0&gt;, entity=com.startup.musicstore.domain.Track)
          - SQL table alias mapping - track0_
          - alias suffix - 0_
          - suffixed key columns - {id1_7_0_}
          - JOIN (JoinDefinedByMetadata(sample)) : &lt;gen:0&gt; -&gt; &lt;gen:1&gt;
             - CompositeQuerySpaceImpl(uid=&lt;gen:1&gt;)
                - SQL table alias mapping - track0_

16:08:34.812 [main] DEBUG o.h.loader.entity.plan.EntityLoader - Static select for entity com.startup.musicstore.domain.Track [FORCE]: select track0_.id as id1_7_0_, track0_.sampleURL as sampleUR2_7_0_, track0_.trackTitle as trackTit3_7_0_, track0_.tracknumber as tracknum4_7_0_ from Track track0_ where track0_.id=? for update with rs
16:08:34.812 [main] DEBUG o.h.l.p.b.i.spaces.QuerySpacesImpl - Adding QuerySpace : uid = &lt;gen:0&gt; -&gt; org.hibernate.loader.plan.build.internal.spaces.EntityQuerySpaceImpl@78e89bfe]
16:08:34.812 [main] DEBUG o.h.p.w.spi.MetamodelGraphWalker - Visiting attribute path : sample
16:08:34.812 [main] DEBUG o.h.l.p.b.i.spaces.QuerySpacesImpl - Adding QuerySpace : uid = &lt;gen:1&gt; -&gt; org.hibernate.loader.plan.build.internal.spaces.CompositeQuerySpaceImpl@522ba524]
16:08:34.812 [main] DEBUG o.h.p.w.spi.MetamodelGraphWalker - Visiting attribute path : sample.sampleURL
16:08:34.812 [main] DEBUG o.h.p.w.spi.MetamodelGraphWalker - Visiting attribute path : trackTitle
16:08:34.812 [main] DEBUG o.h.p.w.spi.MetamodelGraphWalker - Visiting attribute path : tracknumber
16:08:34.812 [main] DEBUG o.h.l.p.b.i.FetchStyleLoadPlanBuildingAssociationVisitationStrategy - Building LoadPlan...
16:08:34.812 [main] DEBUG o.h.l.p.e.i.LoadQueryJoinAndFetchProcessor - processing queryspace &lt;gen:0&gt;
16:08:34.812 [main] DEBUG o.h.l.p.b.spi.LoadPlanTreePrinter - LoadPlan(entity=com.startup.musicstore.domain.Track)
    - Returns
       - EntityReturnImpl(entity=com.startup.musicstore.domain.Track, querySpaceUid=&lt;gen:0&gt;, path=com.startup.musicstore.domain.Track)
          - CompositeAttributeFetchImpl(composite=com.startup.musicstore.domain.SampleClip, querySpaceUid=&lt;gen:1&gt;, path=com.startup.musicstore.domain.Track.sample)
    - QuerySpaces
       - EntityQuerySpaceImpl(uid=&lt;gen:0&gt;, entity=com.startup.musicstore.domain.Track)
          - SQL table alias mapping - track0_
          - alias suffix - 0_
          - suffixed key columns - {id1_7_0_}
          - JOIN (JoinDefinedByMetadata(sample)) : &lt;gen:0&gt; -&gt; &lt;gen:1&gt;
             - CompositeQuerySpaceImpl(uid=&lt;gen:1&gt;)
                - SQL table alias mapping - track0_

16:08:34.812 [main] DEBUG o.h.loader.entity.plan.EntityLoader - Static select for entity com.startup.musicstore.domain.Track [PESSIMISTIC_READ]: select track0_.id as id1_7_0_, track0_.sampleURL as sampleUR2_7_0_, track0_.trackTitle as trackTit3_7_0_, track0_.tracknumber as tracknum4_7_0_ from Track track0_ where track0_.id=? for read only with rs
16:08:34.812 [main] DEBUG o.h.l.p.b.i.spaces.QuerySpacesImpl - Adding QuerySpace : uid = &lt;gen:0&gt; -&gt; org.hibernate.loader.plan.build.internal.spaces.EntityQuerySpaceImpl@15cea7b0]
16:08:34.812 [main] DEBUG o.h.p.w.spi.MetamodelGraphWalker - Visiting attribute path : sample
16:08:34.812 [main] DEBUG o.h.l.p.b.i.spaces.QuerySpacesImpl - Adding QuerySpace : uid = &lt;gen:1&gt; -&gt; org.hibernate.loader.plan.build.internal.spaces.CompositeQuerySpaceImpl@185f7840]
16:08:34.812 [main] DEBUG o.h.p.w.spi.MetamodelGraphWalker - Visiting attribute path : sample.sampleURL
16:08:34.812 [main] DEBUG o.h.p.w.spi.MetamodelGraphWalker - Visiting attribute path : trackTitle
16:08:34.812 [main] DEBUG o.h.p.w.spi.MetamodelGraphWalker - Visiting attribute path : tracknumber
16:08:34.813 [main] DEBUG o.h.l.p.b.i.FetchStyleLoadPlanBuildingAssociationVisitationStrategy - Building LoadPlan...
16:08:34.813 [main] DEBUG o.h.l.p.e.i.LoadQueryJoinAndFetchProcessor - processing queryspace &lt;gen:0&gt;
16:08:34.813 [main] DEBUG o.h.l.p.b.spi.LoadPlanTreePrinter - LoadPlan(entity=com.startup.musicstore.domain.Track)
    - Returns
       - EntityReturnImpl(entity=com.startup.musicstore.domain.Track, querySpaceUid=&lt;gen:0&gt;, path=com.startup.musicstore.domain.Track)
          - CompositeAttributeFetchImpl(composite=com.startup.musicstore.domain.SampleClip, querySpaceUid=&lt;gen:1&gt;, path=com.startup.musicstore.domain.Track.sample)
    - QuerySpaces
       - EntityQuerySpaceImpl(uid=&lt;gen:0&gt;, entity=com.startup.musicstore.domain.Track)
          - SQL table alias mapping - track0_
          - alias suffix - 0_
          - suffixed key columns - {id1_7_0_}
          - JOIN (JoinDefinedByMetadata(sample)) : &lt;gen:0&gt; -&gt; &lt;gen:1&gt;
             - CompositeQuerySpaceImpl(uid=&lt;gen:1&gt;)
                - SQL table alias mapping - track0_

16:08:34.813 [main] DEBUG o.h.loader.entity.plan.EntityLoader - Static select for entity com.startup.musicstore.domain.Track [PESSIMISTIC_WRITE]: select track0_.id as id1_7_0_, track0_.sampleURL as sampleUR2_7_0_, track0_.trackTitle as trackTit3_7_0_, track0_.tracknumber as tracknum4_7_0_ from Track track0_ where track0_.id=? for update with rs
16:08:34.813 [main] DEBUG o.h.l.p.b.i.spaces.QuerySpacesImpl - Adding QuerySpace : uid = &lt;gen:0&gt; -&gt; org.hibernate.loader.plan.build.internal.spaces.EntityQuerySpaceImpl@7e7f0f0a]
16:08:34.813 [main] DEBUG o.h.p.w.spi.MetamodelGraphWalker - Visiting attribute path : sample
16:08:34.813 [main] DEBUG o.h.l.p.b.i.spaces.QuerySpacesImpl - Adding QuerySpace : uid = &lt;gen:1&gt; -&gt; org.hibernate.loader.plan.build.internal.spaces.CompositeQuerySpaceImpl@1dbb650b]
16:08:34.813 [main] DEBUG o.h.p.w.spi.MetamodelGraphWalker - Visiting attribute path : sample.sampleURL
16:08:34.813 [main] DEBUG o.h.p.w.spi.MetamodelGraphWalker - Visiting attribute path : trackTitle
16:08:34.813 [main] DEBUG o.h.p.w.spi.MetamodelGraphWalker - Visiting attribute path : tracknumber
16:08:34.813 [main] DEBUG o.h.l.p.b.i.FetchStyleLoadPlanBuildingAssociationVisitationStrategy - Building LoadPlan...
16:08:34.813 [main] DEBUG o.h.l.p.e.i.LoadQueryJoinAndFetchProcessor - processing queryspace &lt;gen:0&gt;
16:08:34.814 [main] DEBUG o.h.l.p.b.spi.LoadPlanTreePrinter - LoadPlan(entity=com.startup.musicstore.domain.Track)
    - Returns
       - EntityReturnImpl(entity=com.startup.musicstore.domain.Track, querySpaceUid=&lt;gen:0&gt;, path=com.startup.musicstore.domain.Track)
          - CompositeAttributeFetchImpl(composite=com.startup.musicstore.domain.SampleClip, querySpaceUid=&lt;gen:1&gt;, path=com.startup.musicstore.domain.Track.sample)
    - QuerySpaces
       - EntityQuerySpaceImpl(uid=&lt;gen:0&gt;, entity=com.startup.musicstore.domain.Track)
          - SQL table alias mapping - track0_
          - alias suffix - 0_
          - suffixed key columns - {id1_7_0_}
          - JOIN (JoinDefinedByMetadata(sample)) : &lt;gen:0&gt; -&gt; &lt;gen:1&gt;
             - CompositeQuerySpaceImpl(uid=&lt;gen:1&gt;)
                - SQL table alias mapping - track0_

16:08:34.814 [main] DEBUG o.h.loader.entity.plan.EntityLoader - Static select for entity com.startup.musicstore.domain.Track [PESSIMISTIC_FORCE_INCREMENT]: select track0_.id as id1_7_0_, track0_.sampleURL as sampleUR2_7_0_, track0_.trackTitle as trackTit3_7_0_, track0_.tracknumber as tracknum4_7_0_ from Track track0_ where track0_.id=? for update with rs
16:08:34.814 [main] DEBUG o.h.l.p.b.i.spaces.QuerySpacesImpl - Adding QuerySpace : uid = &lt;gen:0&gt; -&gt; org.hibernate.loader.plan.build.internal.spaces.EntityQuerySpaceImpl@63ec445c]
16:08:34.814 [main] DEBUG o.h.p.w.spi.MetamodelGraphWalker - Visiting attribute path : sample
16:08:34.814 [main] DEBUG o.h.l.p.b.i.spaces.QuerySpacesImpl - Adding QuerySpace : uid = &lt;gen:1&gt; -&gt; org.hibernate.loader.plan.build.internal.spaces.CompositeQuerySpaceImpl@77d18d0b]
16:08:34.814 [main] DEBUG o.h.p.w.spi.MetamodelGraphWalker - Visiting attribute path : sample.sampleURL
16:08:34.814 [main] DEBUG o.h.p.w.spi.MetamodelGraphWalker - Visiting attribute path : trackTitle
16:08:34.814 [main] DEBUG o.h.p.w.spi.MetamodelGraphWalker - Visiting attribute path : tracknumber
16:08:34.814 [main] DEBUG o.h.l.p.b.i.FetchStyleLoadPlanBuildingAssociationVisitationStrategy - Building LoadPlan...
16:08:34.814 [main] DEBUG o.h.l.p.e.i.LoadQueryJoinAndFetchProcessor - processing queryspace &lt;gen:0&gt;
16:08:34.814 [main] DEBUG o.h.l.p.b.spi.LoadPlanTreePrinter - LoadPlan(entity=com.startup.musicstore.domain.Track)
    - Returns
       - EntityReturnImpl(entity=com.startup.musicstore.domain.Track, querySpaceUid=&lt;gen:0&gt;, path=com.startup.musicstore.domain.Track)
          - CompositeAttributeFetchImpl(composite=com.startup.musicstore.domain.SampleClip, querySpaceUid=&lt;gen:1&gt;, path=com.startup.musicstore.domain.Track.sample)
    - QuerySpaces
       - EntityQuerySpaceImpl(uid=&lt;gen:0&gt;, entity=com.startup.musicstore.domain.Track)
          - SQL table alias mapping - track0_
          - alias suffix - 0_
          - suffixed key columns - {id1_7_0_}
          - JOIN (JoinDefinedByMetadata(sample)) : &lt;gen:0&gt; -&gt; &lt;gen:1&gt;
             - CompositeQuerySpaceImpl(uid=&lt;gen:1&gt;)
                - SQL table alias mapping - track0_

16:08:34.814 [main] DEBUG o.h.loader.entity.plan.EntityLoader - Static select for entity com.startup.musicstore.domain.Track [OPTIMISTIC]: select track0_.id as id1_7_0_, track0_.sampleURL as sampleUR2_7_0_, track0_.trackTitle as trackTit3_7_0_, track0_.tracknumber as tracknum4_7_0_ from Track track0_ where track0_.id=?
16:08:34.814 [main] DEBUG o.h.l.p.b.i.spaces.QuerySpacesImpl - Adding QuerySpace : uid = &lt;gen:0&gt; -&gt; org.hibernate.loader.plan.build.internal.spaces.EntityQuerySpaceImpl@7b7b3edb]
16:08:34.815 [main] DEBUG o.h.p.w.spi.MetamodelGraphWalker - Visiting attribute path : sample
16:08:34.815 [main] DEBUG o.h.l.p.b.i.spaces.QuerySpacesImpl - Adding QuerySpace : uid = &lt;gen:1&gt; -&gt; org.hibernate.loader.plan.build.internal.spaces.CompositeQuerySpaceImpl@108531c2]
16:08:34.815 [main] DEBUG o.h.p.w.spi.MetamodelGraphWalker - Visiting attribute path : sample.sampleURL
16:08:34.815 [main] DEBUG o.h.p.w.spi.MetamodelGraphWalker - Visiting attribute path : trackTitle
16:08:34.815 [main] DEBUG o.h.p.w.spi.MetamodelGraphWalker - Visiting attribute path : tracknumber
16:08:34.815 [main] DEBUG o.h.l.p.b.i.FetchStyleLoadPlanBuildingAssociationVisitationStrategy - Building LoadPlan...
16:08:34.815 [main] DEBUG o.h.l.p.e.i.LoadQueryJoinAndFetchProcessor - processing queryspace &lt;gen:0&gt;
16:08:34.815 [main] DEBUG o.h.l.p.b.spi.LoadPlanTreePrinter - LoadPlan(entity=com.startup.musicstore.domain.Track)
    - Returns
       - EntityReturnImpl(entity=com.startup.musicstore.domain.Track, querySpaceUid=&lt;gen:0&gt;, path=com.startup.musicstore.domain.Track)
          - CompositeAttributeFetchImpl(composite=com.startup.musicstore.domain.SampleClip, querySpaceUid=&lt;gen:1&gt;, path=com.startup.musicstore.domain.Track.sample)
    - QuerySpaces
       - EntityQuerySpaceImpl(uid=&lt;gen:0&gt;, entity=com.startup.musicstore.domain.Track)
          - SQL table alias mapping - track0_
          - alias suffix - 0_
          - suffixed key columns - {id1_7_0_}
          - JOIN (JoinDefinedByMetadata(sample)) : &lt;gen:0&gt; -&gt; &lt;gen:1&gt;
             - CompositeQuerySpaceImpl(uid=&lt;gen:1&gt;)
                - SQL table alias mapping - track0_

16:08:34.815 [main] DEBUG o.h.loader.entity.plan.EntityLoader - Static select for entity com.startup.musicstore.domain.Track [OPTIMISTIC_FORCE_INCREMENT]: select track0_.id as id1_7_0_, track0_.sampleURL as sampleUR2_7_0_, track0_.trackTitle as trackTit3_7_0_, track0_.tracknumber as tracknum4_7_0_ from Track track0_ where track0_.id=?
16:08:34.815 [main] DEBUG org.hibernate.loader.Loader - Static select for action ACTION_MERGE on entity com.startup.musicstore.domain.Track: select track0_.id as id1_7_0_, track0_.sampleURL as sampleUR2_7_0_, track0_.trackTitle as trackTit3_7_0_, track0_.tracknumber as tracknum4_7_0_ from Track track0_ where track0_.id=?
16:08:34.815 [main] DEBUG org.hibernate.loader.Loader - Static select for action ACTION_REFRESH on entity com.startup.musicstore.domain.Track: select track0_.id as id1_7_0_, track0_.sampleURL as sampleUR2_7_0_, track0_.trackTitle as trackTit3_7_0_, track0_.tracknumber as tracknum4_7_0_ from Track track0_ where track0_.id=?
16:08:34.815 [main] DEBUG o.h.p.entity.AbstractEntityPersister - Static SQL for entity: com.startup.musicstore.domain.Customer
16:08:34.815 [main] DEBUG o.h.p.entity.AbstractEntityPersister -  Version select: select id from Customer where id =?
16:08:34.815 [main] DEBUG o.h.p.entity.AbstractEntityPersister -  Snapshot select: select customer_.id, customer_.cellNumber as cellNumb2_3_, customer_.phonenumber as phonenum3_3_, customer_.postalAddress as postalAd4_3_, customer_.streetAddress as streetAd5_3_, customer_.customerNumber as customer6_3_, customer_.dateOfBirth as dateOfBi7_3_, customer_.gender as gender8_3_, customer_.race as race9_3_, customer_.firstName as firstNa10_3_, customer_.lastName as lastNam11_3_ from Customer customer_ where customer_.id=?
16:08:34.815 [main] DEBUG o.h.p.entity.AbstractEntityPersister -  Insert 0: insert into Customer (cellNumber, phonenumber, postalAddress, streetAddress, customerNumber, dateOfBirth, gender, race, firstName, lastName, id) values (?, ?, ?, ?, ?, ?, ?, ?, ?, ?, ?)
16:08:34.815 [main] DEBUG o.h.p.entity.AbstractEntityPersister -  Update 0: update Customer set cellNumber=?, phonenumber=?, postalAddress=?, streetAddress=?, customerNumber=?, dateOfBirth=?, gender=?, race=?, firstName=?, lastName=? where id=?
16:08:34.815 [main] DEBUG o.h.p.entity.AbstractEntityPersister -  Delete 0: delete from Customer where id=?
16:08:34.815 [main] DEBUG o.h.p.entity.AbstractEntityPersister -  Identity insert: insert into Customer (id, cellNumber, phonenumber, postalAddress, streetAddress, customerNumber, dateOfBirth, gender, race, firstName, lastName) values (default, ?, ?, ?, ?, ?, ?, ?, ?, ?, ?)
16:08:34.815 [main] DEBUG o.h.l.p.b.i.spaces.QuerySpacesImpl - Adding QuerySpace : uid = &lt;gen:0&gt; -&gt; org.hibernate.loader.plan.build.internal.spaces.EntityQuerySpaceImpl@6a9d5dff]
16:08:34.815 [main] DEBUG o.h.p.w.spi.MetamodelGraphWalker - Visiting attribute path : contact
16:08:34.815 [main] DEBUG o.h.l.p.b.i.spaces.QuerySpacesImpl - Adding QuerySpace : uid = &lt;gen:1&gt; -&gt; org.hibernate.loader.plan.build.internal.spaces.CompositeQuerySpaceImpl@2bac9ba]
16:08:34.815 [main] DEBUG o.h.p.w.spi.MetamodelGraphWalker - Visiting attribute path : contact.cellNumber
16:08:34.815 [main] DEBUG o.h.p.w.spi.MetamodelGraphWalker - Visiting attribute path : contact.phonenumber
16:08:34.815 [main] DEBUG o.h.p.w.spi.MetamodelGraphWalker - Visiting attribute path : creditCards
16:08:34.816 [main] DEBUG o.h.l.p.b.i.spaces.QuerySpacesImpl - Adding QuerySpace : uid = &lt;gen:2&gt; -&gt; org.hibernate.loader.plan.build.internal.spaces.CollectionQuerySpaceImpl@5bdd5689]
16:08:34.816 [main] DEBUG o.h.l.p.b.i.spaces.QuerySpacesImpl - Adding QuerySpace : uid = &lt;gen:3&gt; -&gt; org.hibernate.loader.plan.build.internal.spaces.EntityQuerySpaceImpl@2788d0fe]
16:08:34.816 [main] DEBUG o.h.p.w.spi.MetamodelGraphWalker - Visiting attribute path : creditCards.balance
16:08:34.816 [main] DEBUG o.h.p.w.spi.MetamodelGraphWalker - Visiting attribute path : creditCards.creditNumber
16:08:34.816 [main] DEBUG o.h.p.w.spi.MetamodelGraphWalker - Visiting attribute path : creditCards.expiryDate
16:08:34.816 [main] DEBUG o.h.p.w.spi.MetamodelGraphWalker - Visiting attribute path : creditCards.nameOnCreditCard
16:08:34.816 [main] DEBUG o.h.p.w.spi.MetamodelGraphWalker - Visiting attribute path : customerAddress
16:08:34.816 [main] DEBUG o.h.l.p.b.i.spaces.QuerySpacesImpl - Adding QuerySpace : uid = &lt;gen:4&gt; -&gt; org.hibernate.loader.plan.build.internal.spaces.CompositeQuerySpaceImpl@65ae095c]
16:08:34.816 [main] DEBUG o.h.p.w.spi.MetamodelGraphWalker - Visiting attribute path : customerAddress.postalAddress
16:08:34.816 [main] DEBUG o.h.p.w.spi.MetamodelGraphWalker - Visiting attribute path : customerAddress.streetAddress
16:08:34.816 [main] DEBUG o.h.p.w.spi.MetamodelGraphWalker - Visiting attribute path : customerNumber
16:08:34.816 [main] DEBUG o.h.p.w.spi.MetamodelGraphWalker - Visiting attribute path : demographic
16:08:34.816 [main] DEBUG o.h.l.p.b.i.spaces.QuerySpacesImpl - Adding QuerySpace : uid = &lt;gen:5&gt; -&gt; org.hibernate.loader.plan.build.internal.spaces.CompositeQuerySpaceImpl@2e140e59]
16:08:34.816 [main] DEBUG o.h.p.w.spi.MetamodelGraphWalker - Visiting attribute path : demographic.dateOfBirth
16:08:34.816 [main] DEBUG o.h.p.w.spi.MetamodelGraphWalker - Visiting attribute path : demographic.gender
16:08:34.816 [main] DEBUG o.h.p.w.spi.MetamodelGraphWalker - Visiting attribute path : demographic.race
16:08:34.816 [main] DEBUG o.h.p.w.spi.MetamodelGraphWalker - Visiting attribute path : name
16:08:34.816 [main] DEBUG o.h.l.p.b.i.spaces.QuerySpacesImpl - Adding QuerySpace : uid = &lt;gen:6&gt; -&gt; org.hibernate.loader.plan.build.internal.spaces.CompositeQuerySpaceImpl@5cd61783]
16:08:34.816 [main] DEBUG o.h.p.w.spi.MetamodelGraphWalker - Visiting attribute path : name.firstName
16:08:34.816 [main] DEBUG o.h.p.w.spi.MetamodelGraphWalker - Visiting attribute path : name.lastName
16:08:34.816 [main] DEBUG o.h.p.w.spi.MetamodelGraphWalker - Visiting attribute path : orders
16:08:34.816 [main] DEBUG o.h.l.p.b.i.spaces.QuerySpacesImpl - Adding QuerySpace : uid = &lt;gen:7&gt; -&gt; org.hibernate.loader.plan.build.internal.spaces.CollectionQuerySpaceImpl@57aa341b]
16:08:34.816 [main] DEBUG o.h.l.p.b.i.spaces.QuerySpacesImpl - Adding QuerySpace : uid = &lt;gen:8&gt; -&gt; org.hibernate.loader.plan.build.internal.spaces.EntityQuerySpaceImpl@26e412ef]
16:08:34.816 [main] DEBUG o.h.p.w.spi.MetamodelGraphWalker - Visiting attribute path : orders.Q
16:08:34.816 [main] DEBUG o.h.p.w.spi.MetamodelGraphWalker - Visiting attribute path : orders.date
16:08:34.816 [main] DEBUG o.h.p.w.spi.MetamodelGraphWalker - Visiting attribute path : orders.invoice
16:08:34.816 [main] DEBUG o.h.l.p.b.i.spaces.QuerySpacesImpl - Adding QuerySpace : uid = &lt;gen:9&gt; -&gt; org.hibernate.loader.plan.build.internal.spaces.CompositeQuerySpaceImpl@19ccca5]
16:08:34.816 [main] DEBUG o.h.p.w.spi.MetamodelGraphWalker - Visiting attribute path : orders.invoice.invoiceStatus
16:08:34.816 [main] DEBUG o.h.p.w.spi.MetamodelGraphWalker - Visiting attribute path : orders.invoice.invoicedate
16:08:34.816 [main] DEBUG o.h.p.w.spi.MetamodelGraphWalker - Visiting attribute path : orders.invoice.orderAmount
16:08:34.816 [main] DEBUG o.h.p.w.spi.MetamodelGraphWalker - Visiting attribute path : orders.items
16:08:34.816 [main] DEBUG o.h.l.p.b.i.spaces.QuerySpacesImpl - Adding QuerySpace : uid = &lt;gen:10&gt; -&gt; org.hibernate.loader.plan.build.internal.spaces.CollectionQuerySpaceImpl@5e4fa1da]
16:08:34.816 [main] DEBUG o.h.l.p.b.i.spaces.QuerySpacesImpl - Adding QuerySpace : uid = &lt;gen:11&gt; -&gt; org.hibernate.loader.plan.build.internal.spaces.EntityQuerySpaceImpl@588cd519]
16:08:34.816 [main] DEBUG o.h.p.w.spi.MetamodelGraphWalker - Visiting attribute path : orders.items.albums
16:08:34.816 [main] DEBUG o.h.l.p.b.i.spaces.QuerySpacesImpl - Adding QuerySpace : uid = &lt;gen:12&gt; -&gt; org.hibernate.loader.plan.build.internal.spaces.CollectionQuerySpaceImpl@55f8669d]
16:08:34.816 [main] DEBUG o.h.l.p.b.i.spaces.QuerySpacesImpl - Adding QuerySpace : uid = &lt;gen:13&gt; -&gt; org.hibernate.loader.plan.build.internal.spaces.EntityQuerySpaceImpl@6be25526]
16:08:34.816 [main] DEBUG o.h.p.w.spi.MetamodelGraphWalker - Visiting attribute path : orders.items.albums.albumTitle
16:08:34.816 [main] DEBUG o.h.p.w.spi.MetamodelGraphWalker - Visiting attribute path : orders.items.albums.category
16:08:34.817 [main] DEBUG o.h.l.p.b.i.spaces.QuerySpacesImpl - Adding QuerySpace : uid = &lt;gen:14&gt; -&gt; org.hibernate.loader.plan.build.internal.spaces.EntityQuerySpaceImpl@70e02081]
16:08:34.817 [main] DEBUG o.h.p.w.spi.MetamodelGraphWalker - Visiting attribute path : orders.items.albums.category.categoryName
16:08:34.817 [main] DEBUG o.h.p.w.spi.MetamodelGraphWalker - Visiting attribute path : orders.items.albums.info
16:08:34.817 [main] DEBUG o.h.l.p.b.i.spaces.QuerySpacesImpl - Adding QuerySpace : uid = &lt;gen:15&gt; -&gt; org.hibernate.loader.plan.build.internal.spaces.EntityQuerySpaceImpl@511505e7]
16:08:34.817 [main] DEBUG o.h.p.w.spi.MetamodelGraphWalker - Visiting attribute path : orders.items.albums.info.artist
16:08:34.817 [main] DEBUG o.h.l.p.b.i.spaces.QuerySpacesImpl - Adding QuerySpace : uid = &lt;gen:16&gt; -&gt; org.hibernate.loader.plan.build.internal.spaces.CompositeQuerySpaceImpl@15fdd1f2]
16:08:34.817 [main] DEBUG o.h.p.w.spi.MetamodelGraphWalker - Visiting attribute path : orders.items.albums.info.artist.firstName
16:08:34.817 [main] DEBUG o.h.p.w.spi.MetamodelGraphWalker - Visiting attribute path : orders.items.albums.info.artist.lastName
16:08:34.817 [main] DEBUG o.h.p.w.spi.MetamodelGraphWalker - Visiting attribute path : orders.items.albums.info.review
16:08:34.817 [main] DEBUG o.h.l.p.b.i.spaces.QuerySpacesImpl - Adding QuerySpace : uid = &lt;gen:17&gt; -&gt; org.hibernate.loader.plan.build.internal.spaces.CompositeQuerySpaceImpl@7573e12f]
16:08:34.817 [main] DEBUG o.h.p.w.spi.MetamodelGraphWalker - Visiting attribute path : orders.items.albums.info.review.description
16:08:34.817 [main] DEBUG o.h.p.w.spi.MetamodelGraphWalker - Visiting attribute path : orders.items.albums.info.review.rating
16:08:34.817 [main] DEBUG o.h.p.w.spi.MetamodelGraphWalker - Visiting attribute path : orders.items.albums.info.statusOfInformation
16:08:34.817 [main] DEBUG o.h.p.w.spi.MetamodelGraphWalker - Visiting attribute path : orders.items.albums.inventory
16:08:34.817 [main] DEBUG o.h.p.w.spi.MetamodelGraphWalker - Visiting attribute path : orders.items.albums.sales
16:08:34.817 [main] DEBUG o.h.p.w.spi.MetamodelGraphWalker - Visiting attribute path : orders.items.albums.tracks
16:08:34.817 [main] DEBUG o.h.l.p.b.i.spaces.QuerySpacesImpl - Adding QuerySpace : uid = &lt;gen:18&gt; -&gt; org.hibernate.loader.plan.build.internal.spaces.CollectionQuerySpaceImpl@2a389173]
16:08:34.817 [main] DEBUG o.h.l.p.b.i.spaces.QuerySpacesImpl - Adding QuerySpace : uid = &lt;gen:19&gt; -&gt; org.hibernate.loader.plan.build.internal.spaces.EntityQuerySpaceImpl@213860b8]
16:08:34.817 [main] DEBUG o.h.p.w.spi.MetamodelGraphWalker - Visiting attribute path : orders.items.albums.tracks.sample
16:08:34.817 [main] DEBUG o.h.l.p.b.i.spaces.QuerySpacesImpl - Adding QuerySpace : uid = &lt;gen:20&gt; -&gt; org.hibernate.loader.plan.build.internal.spaces.CompositeQuerySpaceImpl@795fd838]
16:08:34.817 [main] DEBUG o.h.p.w.spi.MetamodelGraphWalker - Visiting attribute path : orders.items.albums.tracks.sample.sampleURL
16:08:34.817 [main] DEBUG o.h.p.w.spi.MetamodelGraphWalker - Visiting attribute path : orders.items.albums.tracks.trackTitle
16:08:34.817 [main] DEBUG o.h.p.w.spi.MetamodelGraphWalker - Visiting attribute path : orders.items.albums.tracks.tracknumber
16:08:34.817 [main] DEBUG o.h.p.w.spi.MetamodelGraphWalker - Visiting attribute path : orders.items.albums.unitPrice
16:08:34.817 [main] DEBUG o.h.p.w.spi.MetamodelGraphWalker - Visiting attribute path : orders.items.quantity
16:08:34.817 [main] DEBUG o.h.l.p.b.i.FetchStyleLoadPlanBuildingAssociationVisitationStrategy - Building LoadPlan...
16:08:34.817 [main] DEBUG o.h.l.p.e.i.LoadQueryJoinAndFetchProcessor - processing queryspace &lt;gen:0&gt;
16:08:34.819 [main] DEBUG o.h.l.p.b.spi.LoadPlanTreePrinter - LoadPlan(entity=com.startup.musicstore.domain.Customer)
    - Returns
       - EntityReturnImpl(entity=com.startup.musicstore.domain.Customer, querySpaceUid=&lt;gen:0&gt;, path=com.startup.musicstore.domain.Customer)
          - CompositeAttributeFetchImpl(composite=com.startup.musicstore.domain.Contact, querySpaceUid=&lt;gen:1&gt;, path=com.startup.musicstore.domain.Customer.contact)
          - CollectionAttributeFetchImpl(collection=com.startup.musicstore.domain.Customer.creditCards, querySpaceUid=&lt;gen:2&gt;, path=com.startup.musicstore.domain.Customer.creditCards)
             - (collection element) CollectionFetchableElementEntityGraph(entity=com.startup.musicstore.domain.CreditCard, querySpaceUid=&lt;gen:3&gt;, path=com.startup.musicstore.domain.Customer.creditCards.&lt;elements&gt;)
          - CompositeAttributeFetchImpl(composite=com.startup.musicstore.domain.CustomerAddress, querySpaceUid=&lt;gen:4&gt;, path=com.startup.musicstore.domain.Customer.customerAddress)
          - CompositeAttributeFetchImpl(composite=com.startup.musicstore.domain.Demographic, querySpaceUid=&lt;gen:5&gt;, path=com.startup.musicstore.domain.Customer.demographic)
          - CompositeAttributeFetchImpl(composite=com.startup.musicstore.domain.Name, querySpaceUid=&lt;gen:6&gt;, path=com.startup.musicstore.domain.Customer.name)
          - CollectionAttributeFetchImpl(collection=com.startup.musicstore.domain.Customer.orders, querySpaceUid=&lt;gen:7&gt;, path=com.startup.musicstore.domain.Customer.orders)
             - (collection element) CollectionFetchableElementEntityGraph(entity=com.startup.musicstore.domain.OrderData, querySpaceUid=&lt;gen:8&gt;, path=com.startup.musicstore.domain.Customer.orders.&lt;elements&gt;)
                - CompositeAttributeFetchImpl(composite=com.startup.musicstore.domain.CustomerInvoice, querySpaceUid=&lt;gen:9&gt;, path=com.startup.musicstore.domain.Customer.orders.&lt;elements&gt;.invoice)
                - CollectionAttributeFetchImpl(collection=com.startup.musicstore.domain.OrderData.items, querySpaceUid=&lt;gen:10&gt;, path=com.startup.musicstore.domain.Customer.orders.&lt;elements&gt;.items)
                   - (collection element) CollectionFetchableElementEntityGraph(entity=com.startup.musicstore.domain.OrderItem, querySpaceUid=&lt;gen:11&gt;, path=com.startup.musicstore.domain.Customer.orders.&lt;elements&gt;.items.&lt;elements&gt;)
                      - CollectionAttributeFetchImpl(collection=com.startup.musicstore.domain.OrderItem.albums, querySpaceUid=&lt;gen:12&gt;, path=com.startup.musicstore.domain.Customer.orders.&lt;elements&gt;.items.&lt;elements&gt;.albums)
                         - (collection element) CollectionFetchableElementEntityGraph(entity=com.startup.musicstore.domain.Albums, querySpaceUid=&lt;gen:13&gt;, path=com.startup.musicstore.domain.Customer.orders.&lt;elements&gt;.items.&lt;elements&gt;.albums.&lt;elements&gt;)
                            - EntityAttributeFetchImpl(entity=com.startup.musicstore.domain.AlbumCategory, querySpaceUid=&lt;gen:14&gt;, path=com.startup.musicstore.domain.Customer.orders.&lt;elements&gt;.items.&lt;elements&gt;.albums.&lt;elements&gt;.category)
                            - EntityAttributeFetchImpl(entity=com.startup.musicstore.domain.MarketingInformation, querySpaceUid=&lt;gen:15&gt;, path=com.startup.musicstore.domain.Customer.orders.&lt;elements&gt;.items.&lt;elements&gt;.albums.&lt;elements&gt;.info)
                               - CompositeAttributeFetchImpl(composite=com.startup.musicstore.domain.Artist, querySpaceUid=&lt;gen:16&gt;, path=com.startup.musicstore.domain.Customer.orders.&lt;elements&gt;.items.&lt;elements&gt;.albums.&lt;elements&gt;.info.artist)
                               - CompositeAttributeFetchImpl(composite=com.startup.musicstore.domain.Review, querySpaceUid=&lt;gen:17&gt;, path=com.startup.musicstore.domain.Customer.orders.&lt;elements&gt;.items.&lt;elements&gt;.albums.&lt;elements&gt;.info.review)
                            - CollectionAttributeFetchImpl(collection=com.startup.musicstore.domain.Albums.tracks, querySpaceUid=&lt;gen:18&gt;, path=com.startup.musicstore.domain.Customer.orders.&lt;elements&gt;.items.&lt;elements&gt;.albums.&lt;elements&gt;.tracks)
                               - (collection element) CollectionFetchableElementEntityGraph(entity=com.startup.musicstore.domain.Track, querySpaceUid=&lt;gen:19&gt;, path=com.startup.musicstore.domain.Customer.orders.&lt;elements&gt;.items.&lt;elements&gt;.albums.&lt;elements&gt;.tracks.&lt;elements&gt;)
                                  - CompositeAttributeFetchImpl(composite=com.startup.musicstore.domain.SampleClip, querySpaceUid=&lt;gen:20&gt;, path=com.startup.musicstore.domain.Customer.orders.&lt;elements&gt;.items.&lt;elements&gt;.albums.&lt;elements&gt;.tracks.&lt;elements&gt;.sample)
    - QuerySpaces
       - EntityQuerySpaceImpl(uid=&lt;gen:0&gt;, entity=com.startup.musicstore.domain.Customer)
          - SQL table alias mapping - customer0_
          - alias suffix - 0_
          - suffixed key columns - {id1_3_0_}
          - JOIN (JoinDefinedByMetadata(contact)) : &lt;gen:0&gt; -&gt; &lt;gen:1&gt;
             - CompositeQuerySpaceImpl(uid=&lt;gen:1&gt;)
                - SQL table alias mapping - customer0_
          - JOIN (JoinDefinedByMetadata(creditCards)) : &lt;gen:0&gt; -&gt; &lt;gen:2&gt;
             - CollectionQuerySpaceImpl(uid=&lt;gen:2&gt;, collection=com.startup.musicstore.domain.Customer.creditCards)
                - SQL table alias mapping - creditcard1_
                - alias suffix - 1_
                - suffixed key columns - {CreditCa6_3_1_}
                - entity-element alias suffix - 2_
                - 2_entity-element suffixed key columns - id1_2_2_
                - JOIN (JoinDefinedByMetadata(elements)) : &lt;gen:2&gt; -&gt; &lt;gen:3&gt;
                   - EntityQuerySpaceImpl(uid=&lt;gen:3&gt;, entity=com.startup.musicstore.domain.CreditCard)
                      - SQL table alias mapping - creditcard1_
                      - alias suffix - 2_
                      - suffixed key columns - {id1_2_2_}
          - JOIN (JoinDefinedByMetadata(customerAddress)) : &lt;gen:0&gt; -&gt; &lt;gen:4&gt;
             - CompositeQuerySpaceImpl(uid=&lt;gen:4&gt;)
                - SQL table alias mapping - customer0_
          - JOIN (JoinDefinedByMetadata(demographic)) : &lt;gen:0&gt; -&gt; &lt;gen:5&gt;
             - CompositeQuerySpaceImpl(uid=&lt;gen:5&gt;)
                - SQL table alias mapping - customer0_
          - JOIN (JoinDefinedByMetadata(name)) : &lt;gen:0&gt; -&gt; &lt;gen:6&gt;
             - CompositeQuerySpaceImpl(uid=&lt;gen:6&gt;)
                - SQL table alias mapping - customer0_
          - JOIN (JoinDefinedByMetadata(orders)) : &lt;gen:0&gt; -&gt; &lt;gen:7&gt;
             - CollectionQuerySpaceImpl(uid=&lt;gen:7&gt;, collection=com.startup.musicstore.domain.Customer.orders)
                - SQL table alias mapping - orders2_
                - alias suffix - 3_
                - suffixed key columns - {Orders7_3_3_}
                - entity-element alias suffix - 4_
                - 4_entity-element suffixed key columns - id1_5_4_
                - JOIN (JoinDefinedByMetadata(elements)) : &lt;gen:7&gt; -&gt; &lt;gen:8&gt;
                   - EntityQuerySpaceImpl(uid=&lt;gen:8&gt;, entity=com.startup.musicstore.domain.OrderData)
                      - SQL table alias mapping - orders2_
                      - alias suffix - 4_
                      - suffixed key columns - {id1_5_4_}
                      - JOIN (JoinDefinedByMetadata(invoice)) : &lt;gen:8&gt; -&gt; &lt;gen:9&gt;
                         - CompositeQuerySpaceImpl(uid=&lt;gen:9&gt;)
                            - SQL table alias mapping - orders2_
                      - JOIN (JoinDefinedByMetadata(items)) : &lt;gen:8&gt; -&gt; &lt;gen:10&gt;
                         - CollectionQuerySpaceImpl(uid=&lt;gen:10&gt;, collection=com.startup.musicstore.domain.OrderData.items)
                            - SQL table alias mapping - items3_
                            - alias suffix - 5_
                            - suffixed key columns - {items3_5_5_}
                            - entity-element alias suffix - 6_
                            - 6_entity-element suffixed key columns - id1_6_6_
                            - JOIN (JoinDefinedByMetadata(elements)) : &lt;gen:10&gt; -&gt; &lt;gen:11&gt;
                               - EntityQuerySpaceImpl(uid=&lt;gen:11&gt;, entity=com.startup.musicstore.domain.OrderItem)
                                  - SQL table alias mapping - items3_
                                  - alias suffix - 6_
                                  - suffixed key columns - {id1_6_6_}
                                  - JOIN (JoinDefinedByMetadata(albums)) : &lt;gen:11&gt; -&gt; &lt;gen:12&gt;
                                     - CollectionQuerySpaceImpl(uid=&lt;gen:12&gt;, collection=com.startup.musicstore.domain.OrderItem.albums)
                                        - SQL table alias mapping - albums4_
                                        - alias suffix - 7_
                                        - suffixed key columns - {tracks8_6_7_}
                                        - entity-element alias suffix - 8_
                                        - 8_entity-element suffixed key columns - id1_1_8_
                                        - JOIN (JoinDefinedByMetadata(elements)) : &lt;gen:12&gt; -&gt; &lt;gen:13&gt;
                                           - EntityQuerySpaceImpl(uid=&lt;gen:13&gt;, entity=com.startup.musicstore.domain.Albums)
                                              - SQL table alias mapping - albums4_
                                              - alias suffix - 8_
                                              - suffixed key columns - {id1_1_8_}
                                              - JOIN (JoinDefinedByMetadata(category)) : &lt;gen:13&gt; -&gt; &lt;gen:14&gt;
                                                 - EntityQuerySpaceImpl(uid=&lt;gen:14&gt;, entity=com.startup.musicstore.domain.AlbumCategory)
                                                    - SQL table alias mapping - albumcateg5_
                                                    - alias suffix - 9_
                                                    - suffixed key columns - {id1_0_9_}
                                              - JOIN (JoinDefinedByMetadata(info)) : &lt;gen:13&gt; -&gt; &lt;gen:15&gt;
                                                 - EntityQuerySpaceImpl(uid=&lt;gen:15&gt;, entity=com.startup.musicstore.domain.MarketingInformation)
                                                    - SQL table alias mapping - marketingi6_
                                                    - alias suffix - 10_
                                                    - suffixed key columns - {id1_4_10_}
                                                    - JOIN (JoinDefinedByMetadata(artist)) : &lt;gen:15&gt; -&gt; &lt;gen:16&gt;
                                                       - CompositeQuerySpaceImpl(uid=&lt;gen:16&gt;)
                                                          - SQL table alias mapping - marketingi6_
                                                    - JOIN (JoinDefinedByMetadata(review)) : &lt;gen:15&gt; -&gt; &lt;gen:17&gt;
                                                       - CompositeQuerySpaceImpl(uid=&lt;gen:17&gt;)
                                                          - SQL table alias mapping - marketingi6_
                                              - JOIN (JoinDefinedByMetadata(tracks)) : &lt;gen:13&gt; -&gt; &lt;gen:18&gt;
                                                 - CollectionQuerySpaceImpl(uid=&lt;gen:18&gt;, collection=com.startup.musicstore.domain.Albums.tracks)
                                                    - SQL table alias mapping - tracks7_
                                                    - alias suffix - 11_
                                                    - suffixed key columns - {tracks5_1_11_}
                                                    - entity-element alias suffix - 12_
                                                    - 12_entity-element suffixed key columns - id1_7_12_
                                                    - JOIN (JoinDefinedByMetadata(elements)) : &lt;gen:18&gt; -&gt; &lt;gen:19&gt;
                                                       - EntityQuerySpaceImpl(uid=&lt;gen:19&gt;, entity=com.startup.musicstore.domain.Track)
                                                          - SQL table alias mapping - tracks7_
                                                          - alias suffix - 12_
                                                          - suffixed key columns - {id1_7_12_}
                                                          - JOIN (JoinDefinedByMetadata(sample)) : &lt;gen:19&gt; -&gt; &lt;gen:20&gt;
                                                             - CompositeQuerySpaceImpl(uid=&lt;gen:20&gt;)
                                                                - SQL table alias mapping - tracks7_

16:08:34.820 [main] DEBUG o.h.loader.entity.plan.EntityLoader - Static select for entity com.startup.musicstore.domain.Customer [NONE]: select customer0_.id as id1_3_0_, customer0_.cellNumber as cellNumb2_3_0_, customer0_.phonenumber as phonenum3_3_0_, customer0_.postalAddress as postalAd4_3_0_, customer0_.streetAddress as streetAd5_3_0_, customer0_.customerNumber as customer6_3_0_, customer0_.dateOfBirth as dateOfBi7_3_0_, customer0_.gender as gender8_3_0_, customer0_.race as race9_3_0_, customer0_.firstName as firstNa10_3_0_, customer0_.lastName as lastNam11_3_0_, creditcard1_.CreditCard as CreditCa6_3_1_, creditcard1_.id as id1_2_1_, creditcard1_.id as id1_2_2_, creditcard1_.balance as balance2_2_2_, creditcard1_.creditNumber as creditNu3_2_2_, creditcard1_.expiryDate as expiryDa4_2_2_, creditcard1_.nameOnCreditCard as nameOnCr5_2_2_, orders2_.Orders as Orders7_3_3_, orders2_.id as id1_5_3_, orders2_.id as id1_5_4_, orders2_.Q as Q2_5_4_, orders2_.date as date3_5_4_, orders2_.invoiceStatus as invoiceS4_5_4_, orders2_.invoicedate as invoiced5_5_4_, orders2_.orderAmount as orderAmo6_5_4_, items3_.items as items3_5_5_, items3_.id as id1_6_5_, items3_.id as id1_6_6_, items3_.quantity as quantity2_6_6_, albums4_.tracks as tracks8_6_7_, albums4_.id as id1_1_7_, albums4_.id as id1_1_8_, albums4_.albumTitle as albumTit2_1_8_, albums4_.category as category6_1_8_, albums4_.marketing as marketin7_1_8_, albums4_.inventory as inventor3_1_8_, albums4_.sales as sales4_1_8_, albums4_.unitPrice as unitPric5_1_8_, albumcateg5_.id as id1_0_9_, albumcateg5_.categoryName as category2_0_9_, marketingi6_.id as id1_4_10_, marketingi6_.firstName as firstNam2_4_10_, marketingi6_.lastName as lastName3_4_10_, marketingi6_.description as descript4_4_10_, marketingi6_.rating as rating5_4_10_, marketingi6_.statusOfInformation as statusOf6_4_10_, tracks7_.tracks as tracks5_1_11_, tracks7_.id as id1_7_11_, tracks7_.id as id1_7_12_, tracks7_.sampleURL as sampleUR2_7_12_, tracks7_.trackTitle as trackTit3_7_12_, tracks7_.tracknumber as tracknum4_7_12_ from Customer customer0_ left outer join CreditCard creditcard1_ on customer0_.id=creditcard1_.CreditCard left outer join OrderData orders2_ on customer0_.id=orders2_.Orders left outer join OrderItem items3_ on orders2_.id=items3_.items left outer join Albums albums4_ on items3_.id=albums4_.tracks left outer join AlbumCategory albumcateg5_ on albums4_.category=albumcateg5_.id left outer join MarketingInformation marketingi6_ on albums4_.marketing=marketingi6_.id left outer join Track tracks7_ on albums4_.id=tracks7_.tracks where customer0_.id=?
16:08:34.820 [main] DEBUG o.h.l.p.b.i.spaces.QuerySpacesImpl - Adding QuerySpace : uid = &lt;gen:0&gt; -&gt; org.hibernate.loader.plan.build.internal.spaces.EntityQuerySpaceImpl@141e879d]
16:08:34.820 [main] DEBUG o.h.p.w.spi.MetamodelGraphWalker - Visiting attribute path : contact
16:08:34.820 [main] DEBUG o.h.l.p.b.i.spaces.QuerySpacesImpl - Adding QuerySpace : uid = &lt;gen:1&gt; -&gt; org.hibernate.loader.plan.build.internal.spaces.CompositeQuerySpaceImpl@1704f67f]
16:08:34.820 [main] DEBUG o.h.p.w.spi.MetamodelGraphWalker - Visiting attribute path : contact.cellNumber
16:08:34.820 [main] DEBUG o.h.p.w.spi.MetamodelGraphWalker - Visiting attribute path : contact.phonenumber
16:08:34.820 [main] DEBUG o.h.p.w.spi.MetamodelGraphWalker - Visiting attribute path : creditCards
16:08:34.820 [main] DEBUG o.h.l.p.b.i.spaces.QuerySpacesImpl - Adding QuerySpace : uid = &lt;gen:2&gt; -&gt; org.hibernate.loader.plan.build.internal.spaces.CollectionQuerySpaceImpl@6e0f7aad]
16:08:34.820 [main] DEBUG o.h.l.p.b.i.spaces.QuerySpacesImpl - Adding QuerySpace : uid = &lt;gen:3&gt; -&gt; org.hibernate.loader.plan.build.internal.spaces.EntityQuerySpaceImpl@15fb7a32]
16:08:34.820 [main] DEBUG o.h.p.w.spi.MetamodelGraphWalker - Visiting attribute path : creditCards.balance
16:08:34.820 [main] DEBUG o.h.p.w.spi.MetamodelGraphWalker - Visiting attribute path : creditCards.creditNumber
16:08:34.820 [main] DEBUG o.h.p.w.spi.MetamodelGraphWalker - Visiting attribute path : creditCards.expiryDate
16:08:34.820 [main] DEBUG o.h.p.w.spi.MetamodelGraphWalker - Visiting attribute path : creditCards.nameOnCreditCard
16:08:34.820 [main] DEBUG o.h.p.w.spi.MetamodelGraphWalker - Visiting attribute path : customerAddress
16:08:34.820 [main] DEBUG o.h.l.p.b.i.spaces.QuerySpacesImpl - Adding QuerySpace : uid = &lt;gen:4&gt; -&gt; org.hibernate.loader.plan.build.internal.spaces.CompositeQuerySpaceImpl@57adfab0]
16:08:34.820 [main] DEBUG o.h.p.w.spi.MetamodelGraphWalker - Visiting attribute path : customerAddress.postalAddress
16:08:34.820 [main] DEBUG o.h.p.w.spi.MetamodelGraphWalker - Visiting attribute path : customerAddress.streetAddress
16:08:34.820 [main] DEBUG o.h.p.w.spi.MetamodelGraphWalker - Visiting attribute path : customerNumber
16:08:34.820 [main] DEBUG o.h.p.w.spi.MetamodelGraphWalker - Visiting attribute path : demographic
16:08:34.820 [main] DEBUG o.h.l.p.b.i.spaces.QuerySpacesImpl - Adding QuerySpace : uid = &lt;gen:5&gt; -&gt; org.hibernate.loader.plan.build.internal.spaces.CompositeQuerySpaceImpl@5af97169]
16:08:34.821 [main] DEBUG o.h.p.w.spi.MetamodelGraphWalker - Visiting attribute path : demographic.dateOfBirth
16:08:34.821 [main] DEBUG o.h.p.w.spi.MetamodelGraphWalker - Visiting attribute path : demographic.gender
16:08:34.821 [main] DEBUG o.h.p.w.spi.MetamodelGraphWalker - Visiting attribute path : demographic.race
16:08:34.821 [main] DEBUG o.h.p.w.spi.MetamodelGraphWalker - Visiting attribute path : name
16:08:34.821 [main] DEBUG o.h.l.p.b.i.spaces.QuerySpacesImpl - Adding QuerySpace : uid = &lt;gen:6&gt; -&gt; org.hibernate.loader.plan.build.internal.spaces.CompositeQuerySpaceImpl@31da6b2e]
16:08:34.821 [main] DEBUG o.h.p.w.spi.MetamodelGraphWalker - Visiting attribute path : name.firstName
16:08:34.821 [main] DEBUG o.h.p.w.spi.MetamodelGraphWalker - Visiting attribute path : name.lastName
16:08:34.821 [main] DEBUG o.h.p.w.spi.MetamodelGraphWalker - Visiting attribute path : orders
16:08:34.821 [main] DEBUG o.h.l.p.b.i.spaces.QuerySpacesImpl - Adding QuerySpace : uid = &lt;gen:7&gt; -&gt; org.hibernate.loader.plan.build.internal.spaces.CollectionQuerySpaceImpl@70242f38]
16:08:34.821 [main] DEBUG o.h.l.p.b.i.spaces.QuerySpacesImpl - Adding QuerySpace : uid = &lt;gen:8&gt; -&gt; org.hibernate.loader.plan.build.internal.spaces.EntityQuerySpaceImpl@2a22ad2b]
16:08:34.821 [main] DEBUG o.h.p.w.spi.MetamodelGraphWalker - Visiting attribute path : orders.Q
16:08:34.821 [main] DEBUG o.h.p.w.spi.MetamodelGraphWalker - Visiting attribute path : orders.date
16:08:34.821 [main] DEBUG o.h.p.w.spi.MetamodelGraphWalker - Visiting attribute path : orders.invoice
16:08:34.821 [main] DEBUG o.h.l.p.b.i.spaces.QuerySpacesImpl - Adding QuerySpace : uid = &lt;gen:9&gt; -&gt; org.hibernate.loader.plan.build.internal.spaces.CompositeQuerySpaceImpl@4390f46e]
16:08:34.821 [main] DEBUG o.h.p.w.spi.MetamodelGraphWalker - Visiting attribute path : orders.invoice.invoiceStatus
16:08:34.821 [main] DEBUG o.h.p.w.spi.MetamodelGraphWalker - Visiting attribute path : orders.invoice.invoicedate
16:08:34.821 [main] DEBUG o.h.p.w.spi.MetamodelGraphWalker - Visiting attribute path : orders.invoice.orderAmount
16:08:34.821 [main] DEBUG o.h.p.w.spi.MetamodelGraphWalker - Visiting attribute path : orders.items
16:08:34.821 [main] DEBUG o.h.l.p.b.i.spaces.QuerySpacesImpl - Adding QuerySpace : uid = &lt;gen:10&gt; -&gt; org.hibernate.loader.plan.build.internal.spaces.CollectionQuerySpaceImpl@2d746ce4]
16:08:34.821 [main] DEBUG o.h.l.p.b.i.spaces.QuerySpacesImpl - Adding QuerySpace : uid = &lt;gen:11&gt; -&gt; org.hibernate.loader.plan.build.internal.spaces.EntityQuerySpaceImpl@5dbf5634]
16:08:34.821 [main] DEBUG o.h.p.w.spi.MetamodelGraphWalker - Visiting attribute path : orders.items.albums
16:08:34.821 [main] DEBUG o.h.l.p.b.i.spaces.QuerySpacesImpl - Adding QuerySpace : uid = &lt;gen:12&gt; -&gt; org.hibernate.loader.plan.build.internal.spaces.CollectionQuerySpaceImpl@49798e84]
16:08:34.821 [main] DEBUG o.h.l.p.b.i.spaces.QuerySpacesImpl - Adding QuerySpace : uid = &lt;gen:13&gt; -&gt; org.hibernate.loader.plan.build.internal.spaces.EntityQuerySpaceImpl@6ed06f69]
16:08:34.822 [main] DEBUG o.h.p.w.spi.MetamodelGraphWalker - Visiting attribute path : orders.items.albums.albumTitle
16:08:34.822 [main] DEBUG o.h.p.w.spi.MetamodelGraphWalker - Visiting attribute path : orders.items.albums.category
16:08:34.822 [main] DEBUG o.h.l.p.b.i.spaces.QuerySpacesImpl - Adding QuerySpace : uid = &lt;gen:14&gt; -&gt; org.hibernate.loader.plan.build.internal.spaces.EntityQuerySpaceImpl@545607f2]
16:08:34.822 [main] DEBUG o.h.p.w.spi.MetamodelGraphWalker - Visiting attribute path : orders.items.albums.category.categoryName
16:08:34.822 [main] DEBUG o.h.p.w.spi.MetamodelGraphWalker - Visiting attribute path : orders.items.albums.info
16:08:34.822 [main] DEBUG o.h.l.p.b.i.spaces.QuerySpacesImpl - Adding QuerySpace : uid = &lt;gen:15&gt; -&gt; org.hibernate.loader.plan.build.internal.spaces.EntityQuerySpaceImpl@27c04377]
16:08:34.822 [main] DEBUG o.h.p.w.spi.MetamodelGraphWalker - Visiting attribute path : orders.items.albums.info.artist
16:08:34.822 [main] DEBUG o.h.l.p.b.i.spaces.QuerySpacesImpl - Adding QuerySpace : uid = &lt;gen:16&gt; -&gt; org.hibernate.loader.plan.build.internal.spaces.CompositeQuerySpaceImpl@67403656]
16:08:34.822 [main] DEBUG o.h.p.w.spi.MetamodelGraphWalker - Visiting attribute path : orders.items.albums.info.artist.firstName
16:08:34.822 [main] DEBUG o.h.p.w.spi.MetamodelGraphWalker - Visiting attribute path : orders.items.albums.info.artist.lastName
16:08:34.822 [main] DEBUG o.h.p.w.spi.MetamodelGraphWalker - Visiting attribute path : orders.items.albums.info.review
16:08:34.822 [main] DEBUG o.h.l.p.b.i.spaces.QuerySpacesImpl - Adding QuerySpace : uid = &lt;gen:17&gt; -&gt; org.hibernate.loader.plan.build.internal.spaces.CompositeQuerySpaceImpl@7f9ab969]
16:08:34.822 [main] DEBUG o.h.p.w.spi.MetamodelGraphWalker - Visiting attribute path : orders.items.albums.info.review.description
16:08:34.822 [main] DEBUG o.h.p.w.spi.MetamodelGraphWalker - Visiting attribute path : orders.items.albums.info.review.rating
16:08:34.822 [main] DEBUG o.h.p.w.spi.MetamodelGraphWalker - Visiting attribute path : orders.items.albums.info.statusOfInformation
16:08:34.822 [main] DEBUG o.h.p.w.spi.MetamodelGraphWalker - Visiting attribute path : orders.items.albums.inventory
16:08:34.822 [main] DEBUG o.h.p.w.spi.MetamodelGraphWalker - Visiting attribute path : orders.items.albums.sales
16:08:34.822 [main] DEBUG o.h.p.w.spi.MetamodelGraphWalker - Visiting attribute path : orders.items.albums.tracks
16:08:34.822 [main] DEBUG o.h.l.p.b.i.spaces.QuerySpacesImpl - Adding QuerySpace : uid = &lt;gen:18&gt; -&gt; org.hibernate.loader.plan.build.internal.spaces.CollectionQuerySpaceImpl@746cd757]
16:08:34.822 [main] DEBUG o.h.l.p.b.i.spaces.QuerySpacesImpl - Adding QuerySpace : uid = &lt;gen:19&gt; -&gt; org.hibernate.loader.plan.build.internal.spaces.EntityQuerySpaceImpl@ae372b9]
16:08:34.822 [main] DEBUG o.h.p.w.spi.MetamodelGraphWalker - Visiting attribute path : orders.items.albums.tracks.sample
16:08:34.822 [main] DEBUG o.h.l.p.b.i.spaces.QuerySpacesImpl - Adding QuerySpace : uid = &lt;gen:20&gt; -&gt; org.hibernate.loader.plan.build.internal.spaces.CompositeQuerySpaceImpl@65fd6708]
16:08:34.822 [main] DEBUG o.h.p.w.spi.MetamodelGraphWalker - Visiting attribute path : orders.items.albums.tracks.sample.sampleURL
16:08:34.822 [main] DEBUG o.h.p.w.spi.MetamodelGraphWalker - Visiting attribute path : orders.items.albums.tracks.trackTitle
16:08:34.822 [main] DEBUG o.h.p.w.spi.MetamodelGraphWalker - Visiting attribute path : orders.items.albums.tracks.tracknumber
16:08:34.822 [main] DEBUG o.h.p.w.spi.MetamodelGraphWalker - Visiting attribute path : orders.items.albums.unitPrice
16:08:34.822 [main] DEBUG o.h.p.w.spi.MetamodelGraphWalker - Visiting attribute path : orders.items.quantity
16:08:34.822 [main] DEBUG o.h.l.p.b.i.FetchStyleLoadPlanBuildingAssociationVisitationStrategy - Building LoadPlan...
16:08:34.822 [main] DEBUG o.h.l.p.e.i.LoadQueryJoinAndFetchProcessor - processing queryspace &lt;gen:0&gt;
16:08:34.823 [main] DEBUG o.h.l.p.b.spi.LoadPlanTreePrinter - LoadPlan(entity=com.startup.musicstore.domain.Customer)
    - Returns
       - EntityReturnImpl(entity=com.startup.musicstore.domain.Customer, querySpaceUid=&lt;gen:0&gt;, path=com.startup.musicstore.domain.Customer)
          - CompositeAttributeFetchImpl(composite=com.startup.musicstore.domain.Contact, querySpaceUid=&lt;gen:1&gt;, path=com.startup.musicstore.domain.Customer.contact)
          - CollectionAttributeFetchImpl(collection=com.startup.musicstore.domain.Customer.creditCards, querySpaceUid=&lt;gen:2&gt;, path=com.startup.musicstore.domain.Customer.creditCards)
             - (collection element) CollectionFetchableElementEntityGraph(entity=com.startup.musicstore.domain.CreditCard, querySpaceUid=&lt;gen:3&gt;, path=com.startup.musicstore.domain.Customer.creditCards.&lt;elements&gt;)
          - CompositeAttributeFetchImpl(composite=com.startup.musicstore.domain.CustomerAddress, querySpaceUid=&lt;gen:4&gt;, path=com.startup.musicstore.domain.Customer.customerAddress)
          - CompositeAttributeFetchImpl(composite=com.startup.musicstore.domain.Demographic, querySpaceUid=&lt;gen:5&gt;, path=com.startup.musicstore.domain.Customer.demographic)
          - CompositeAttributeFetchImpl(composite=com.startup.musicstore.domain.Name, querySpaceUid=&lt;gen:6&gt;, path=com.startup.musicstore.domain.Customer.name)
          - CollectionAttributeFetchImpl(collection=com.startup.musicstore.domain.Customer.orders, querySpaceUid=&lt;gen:7&gt;, path=com.startup.musicstore.domain.Customer.orders)
             - (collection element) CollectionFetchableElementEntityGraph(entity=com.startup.musicstore.domain.OrderData, querySpaceUid=&lt;gen:8&gt;, path=com.startup.musicstore.domain.Customer.orders.&lt;elements&gt;)
                - CompositeAttributeFetchImpl(composite=com.startup.musicstore.domain.CustomerInvoice, querySpaceUid=&lt;gen:9&gt;, path=com.startup.musicstore.domain.Customer.orders.&lt;elements&gt;.invoice)
                - CollectionAttributeFetchImpl(collection=com.startup.musicstore.domain.OrderData.items, querySpaceUid=&lt;gen:10&gt;, path=com.startup.musicstore.domain.Customer.orders.&lt;elements&gt;.items)
                   - (collection element) CollectionFetchableElementEntityGraph(entity=com.startup.musicstore.domain.OrderItem, querySpaceUid=&lt;gen:11&gt;, path=com.startup.musicstore.domain.Customer.orders.&lt;elements&gt;.items.&lt;elements&gt;)
                      - CollectionAttributeFetchImpl(collection=com.startup.musicstore.domain.OrderItem.albums, querySpaceUid=&lt;gen:12&gt;, path=com.startup.musicstore.domain.Customer.orders.&lt;elements&gt;.items.&lt;elements&gt;.albums)
                         - (collection element) CollectionFetchableElementEntityGraph(entity=com.startup.musicstore.domain.Albums, querySpaceUid=&lt;gen:13&gt;, path=com.startup.musicstore.domain.Customer.orders.&lt;elements&gt;.items.&lt;elements&gt;.albums.&lt;elements&gt;)
                            - EntityAttributeFetchImpl(entity=com.startup.musicstore.domain.AlbumCategory, querySpaceUid=&lt;gen:14&gt;, path=com.startup.musicstore.domain.Customer.orders.&lt;elements&gt;.items.&lt;elements&gt;.albums.&lt;elements&gt;.category)
                            - EntityAttributeFetchImpl(entity=com.startup.musicstore.domain.MarketingInformation, querySpaceUid=&lt;gen:15&gt;, path=com.startup.musicstore.domain.Customer.orders.&lt;elements&gt;.items.&lt;elements&gt;.albums.&lt;elements&gt;.info)
                               - CompositeAttributeFetchImpl(composite=com.startup.musicstore.domain.Artist, querySpaceUid=&lt;gen:16&gt;, path=com.startup.musicstore.domain.Customer.orders.&lt;elements&gt;.items.&lt;elements&gt;.albums.&lt;elements&gt;.info.artist)
                               - CompositeAttributeFetchImpl(composite=com.startup.musicstore.domain.Review, querySpaceUid=&lt;gen:17&gt;, path=com.startup.musicstore.domain.Customer.orders.&lt;elements&gt;.items.&lt;elements&gt;.albums.&lt;elements&gt;.info.review)
                            - CollectionAttributeFetchImpl(collection=com.startup.musicstore.domain.Albums.tracks, querySpaceUid=&lt;gen:18&gt;, path=com.startup.musicstore.domain.Customer.orders.&lt;elements&gt;.items.&lt;elements&gt;.albums.&lt;elements&gt;.tracks)
                               - (collection element) CollectionFetchableElementEntityGraph(entity=com.startup.musicstore.domain.Track, querySpaceUid=&lt;gen:19&gt;, path=com.startup.musicstore.domain.Customer.orders.&lt;elements&gt;.items.&lt;elements&gt;.albums.&lt;elements&gt;.tracks.&lt;elements&gt;)
                                  - CompositeAttributeFetchImpl(composite=com.startup.musicstore.domain.SampleClip, querySpaceUid=&lt;gen:20&gt;, path=com.startup.musicstore.domain.Customer.orders.&lt;elements&gt;.items.&lt;elements&gt;.albums.&lt;elements&gt;.tracks.&lt;elements&gt;.sample)
    - QuerySpaces
       - EntityQuerySpaceImpl(uid=&lt;gen:0&gt;, entity=com.startup.musicstore.domain.Customer)
          - SQL table alias mapping - customer0_
          - alias suffix - 0_
          - suffixed key columns - {id1_3_0_}
          - JOIN (JoinDefinedByMetadata(contact)) : &lt;gen:0&gt; -&gt; &lt;gen:1&gt;
             - CompositeQuerySpaceImpl(uid=&lt;gen:1&gt;)
                - SQL table alias mapping - customer0_
          - JOIN (JoinDefinedByMetadata(creditCards)) : &lt;gen:0&gt; -&gt; &lt;gen:2&gt;
             - CollectionQuerySpaceImpl(uid=&lt;gen:2&gt;, collection=com.startup.musicstore.domain.Customer.creditCards)
                - SQL table alias mapping - creditcard1_
                - alias suffix - 1_
                - suffixed key columns - {CreditCa6_3_1_}
                - entity-element alias suffix - 2_
                - 2_entity-element suffixed key columns - id1_2_2_
                - JOIN (JoinDefinedByMetadata(elements)) : &lt;gen:2&gt; -&gt; &lt;gen:3&gt;
                   - EntityQuerySpaceImpl(uid=&lt;gen:3&gt;, entity=com.startup.musicstore.domain.CreditCard)
                      - SQL table alias mapping - creditcard1_
                      - alias suffix - 2_
                      - suffixed key columns - {id1_2_2_}
          - JOIN (JoinDefinedByMetadata(customerAddress)) : &lt;gen:0&gt; -&gt; &lt;gen:4&gt;
             - CompositeQuerySpaceImpl(uid=&lt;gen:4&gt;)
                - SQL table alias mapping - customer0_
          - JOIN (JoinDefinedByMetadata(demographic)) : &lt;gen:0&gt; -&gt; &lt;gen:5&gt;
             - CompositeQuerySpaceImpl(uid=&lt;gen:5&gt;)
                - SQL table alias mapping - customer0_
          - JOIN (JoinDefinedByMetadata(name)) : &lt;gen:0&gt; -&gt; &lt;gen:6&gt;
             - CompositeQuerySpaceImpl(uid=&lt;gen:6&gt;)
                - SQL table alias mapping - customer0_
          - JOIN (JoinDefinedByMetadata(orders)) : &lt;gen:0&gt; -&gt; &lt;gen:7&gt;
             - CollectionQuerySpaceImpl(uid=&lt;gen:7&gt;, collection=com.startup.musicstore.domain.Customer.orders)
                - SQL table alias mapping - orders2_
                - alias suffix - 3_
                - suffixed key columns - {Orders7_3_3_}
                - entity-element alias suffix - 4_
                - 4_entity-element suffixed key columns - id1_5_4_
                - JOIN (JoinDefinedByMetadata(elements)) : &lt;gen:7&gt; -&gt; &lt;gen:8&gt;
                   - EntityQuerySpaceImpl(uid=&lt;gen:8&gt;, entity=com.startup.musicstore.domain.OrderData)
                      - SQL table alias mapping - orders2_
                      - alias suffix - 4_
                      - suffixed key columns - {id1_5_4_}
                      - JOIN (JoinDefinedByMetadata(invoice)) : &lt;gen:8&gt; -&gt; &lt;gen:9&gt;
                         - CompositeQuerySpaceImpl(uid=&lt;gen:9&gt;)
                            - SQL table alias mapping - orders2_
                      - JOIN (JoinDefinedByMetadata(items)) : &lt;gen:8&gt; -&gt; &lt;gen:10&gt;
                         - CollectionQuerySpaceImpl(uid=&lt;gen:10&gt;, collection=com.startup.musicstore.domain.OrderData.items)
                            - SQL table alias mapping - items3_
                            - alias suffix - 5_
                            - suffixed key columns - {items3_5_5_}
                            - entity-element alias suffix - 6_
                            - 6_entity-element suffixed key columns - id1_6_6_
                            - JOIN (JoinDefinedByMetadata(elements)) : &lt;gen:10&gt; -&gt; &lt;gen:11&gt;
                               - EntityQuerySpaceImpl(uid=&lt;gen:11&gt;, entity=com.startup.musicstore.domain.OrderItem)
                                  - SQL table alias mapping - items3_
                                  - alias suffix - 6_
                                  - suffixed key columns - {id1_6_6_}
                                  - JOIN (JoinDefinedByMetadata(albums)) : &lt;gen:11&gt; -&gt; &lt;gen:12&gt;
                                     - CollectionQuerySpaceImpl(uid=&lt;gen:12&gt;, collection=com.startup.musicstore.domain.OrderItem.albums)
                                        - SQL table alias mapping - albums4_
                                        - alias suffix - 7_
                                        - suffixed key columns - {tracks8_6_7_}
                                        - entity-element alias suffix - 8_
                                        - 8_entity-element suffixed key columns - id1_1_8_
                                        - JOIN (JoinDefinedByMetadata(elements)) : &lt;gen:12&gt; -&gt; &lt;gen:13&gt;
                                           - EntityQuerySpaceImpl(uid=&lt;gen:13&gt;, entity=com.startup.musicstore.domain.Albums)
                                              - SQL table alias mapping - albums4_
                                              - alias suffix - 8_
                                              - suffixed key columns - {id1_1_8_}
                                              - JOIN (JoinDefinedByMetadata(category)) : &lt;gen:13&gt; -&gt; &lt;gen:14&gt;
                                                 - EntityQuerySpaceImpl(uid=&lt;gen:14&gt;, entity=com.startup.musicstore.domain.AlbumCategory)
                                                    - SQL table alias mapping - albumcateg5_
                                                    - alias suffix - 9_
                                                    - suffixed key columns - {id1_0_9_}
                                              - JOIN (JoinDefinedByMetadata(info)) : &lt;gen:13&gt; -&gt; &lt;gen:15&gt;
                                                 - EntityQuerySpaceImpl(uid=&lt;gen:15&gt;, entity=com.startup.musicstore.domain.MarketingInformation)
                                                    - SQL table alias mapping - marketingi6_
                                                    - alias suffix - 10_
                                                    - suffixed key columns - {id1_4_10_}
                                                    - JOIN (JoinDefinedByMetadata(artist)) : &lt;gen:15&gt; -&gt; &lt;gen:16&gt;
                                                       - CompositeQuerySpaceImpl(uid=&lt;gen:16&gt;)
                                                          - SQL table alias mapping - marketingi6_
                                                    - JOIN (JoinDefinedByMetadata(review)) : &lt;gen:15&gt; -&gt; &lt;gen:17&gt;
                                                       - CompositeQuerySpaceImpl(uid=&lt;gen:17&gt;)
                                                          - SQL table alias mapping - marketingi6_
                                              - JOIN (JoinDefinedByMetadata(tracks)) : &lt;gen:13&gt; -&gt; &lt;gen:18&gt;
                                                 - CollectionQuerySpaceImpl(uid=&lt;gen:18&gt;, collection=com.startup.musicstore.domain.Albums.tracks)
                                                    - SQL table alias mapping - tracks7_
                                                    - alias suffix - 11_
                                                    - suffixed key columns - {tracks5_1_11_}
                                                    - entity-element alias suffix - 12_
                                                    - 12_entity-element suffixed key columns - id1_7_12_
                                                    - JOIN (JoinDefinedByMetadata(elements)) : &lt;gen:18&gt; -&gt; &lt;gen:19&gt;
                                                       - EntityQuerySpaceImpl(uid=&lt;gen:19&gt;, entity=com.startup.musicstore.domain.Track)
                                                          - SQL table alias mapping - tracks7_
                                                          - alias suffix - 12_
                                                          - suffixed key columns - {id1_7_12_}
                                                          - JOIN (JoinDefinedByMetadata(sample)) : &lt;gen:19&gt; -&gt; &lt;gen:20&gt;
                                                             - CompositeQuerySpaceImpl(uid=&lt;gen:20&gt;)
                                                                - SQL table alias mapping - tracks7_

16:08:34.824 [main] DEBUG o.h.loader.entity.plan.EntityLoader - Static select for entity com.startup.musicstore.domain.Customer [READ]: select customer0_.id as id1_3_0_, customer0_.cellNumber as cellNumb2_3_0_, customer0_.phonenumber as phonenum3_3_0_, customer0_.postalAddress as postalAd4_3_0_, customer0_.streetAddress as streetAd5_3_0_, customer0_.customerNumber as customer6_3_0_, customer0_.dateOfBirth as dateOfBi7_3_0_, customer0_.gender as gender8_3_0_, customer0_.race as race9_3_0_, customer0_.firstName as firstNa10_3_0_, customer0_.lastName as lastNam11_3_0_, creditcard1_.CreditCard as CreditCa6_3_1_, creditcard1_.id as id1_2_1_, creditcard1_.id as id1_2_2_, creditcard1_.balance as balance2_2_2_, creditcard1_.creditNumber as creditNu3_2_2_, creditcard1_.expiryDate as expiryDa4_2_2_, creditcard1_.nameOnCreditCard as nameOnCr5_2_2_, orders2_.Orders as Orders7_3_3_, orders2_.id as id1_5_3_, orders2_.id as id1_5_4_, orders2_.Q as Q2_5_4_, orders2_.date as date3_5_4_, orders2_.invoiceStatus as invoiceS4_5_4_, orders2_.invoicedate as invoiced5_5_4_, orders2_.orderAmount as orderAmo6_5_4_, items3_.items as items3_5_5_, items3_.id as id1_6_5_, items3_.id as id1_6_6_, items3_.quantity as quantity2_6_6_, albums4_.tracks as tracks8_6_7_, albums4_.id as id1_1_7_, albums4_.id as id1_1_8_, albums4_.albumTitle as albumTit2_1_8_, albums4_.category as category6_1_8_, albums4_.marketing as marketin7_1_8_, albums4_.inventory as inventor3_1_8_, albums4_.sales as sales4_1_8_, albums4_.unitPrice as unitPric5_1_8_, albumcateg5_.id as id1_0_9_, albumcateg5_.categoryName as category2_0_9_, marketingi6_.id as id1_4_10_, marketingi6_.firstName as firstNam2_4_10_, marketingi6_.lastName as lastName3_4_10_, marketingi6_.description as descript4_4_10_, marketingi6_.rating as rating5_4_10_, marketingi6_.statusOfInformation as statusOf6_4_10_, tracks7_.tracks as tracks5_1_11_, tracks7_.id as id1_7_11_, tracks7_.id as id1_7_12_, tracks7_.sampleURL as sampleUR2_7_12_, tracks7_.trackTitle as trackTit3_7_12_, tracks7_.tracknumber as tracknum4_7_12_ from Customer customer0_ left outer join CreditCard creditcard1_ on customer0_.id=creditcard1_.CreditCard left outer join OrderData orders2_ on customer0_.id=orders2_.Orders left outer join OrderItem items3_ on orders2_.id=items3_.items left outer join Albums albums4_ on items3_.id=albums4_.tracks left outer join AlbumCategory albumcateg5_ on albums4_.category=albumcateg5_.id left outer join MarketingInformation marketingi6_ on albums4_.marketing=marketingi6_.id left outer join Track tracks7_ on albums4_.id=tracks7_.tracks where customer0_.id=?
16:08:34.824 [main] DEBUG o.h.l.p.b.i.spaces.QuerySpacesImpl - Adding QuerySpace : uid = &lt;gen:0&gt; -&gt; org.hibernate.loader.plan.build.internal.spaces.EntityQuerySpaceImpl@127f9161]
16:08:34.824 [main] DEBUG o.h.p.w.spi.MetamodelGraphWalker - Visiting attribute path : contact
16:08:34.824 [main] DEBUG o.h.l.p.b.i.spaces.QuerySpacesImpl - Adding QuerySpace : uid = &lt;gen:1&gt; -&gt; org.hibernate.loader.plan.build.internal.spaces.CompositeQuerySpaceImpl@2532b351]
16:08:34.824 [main] DEBUG o.h.p.w.spi.MetamodelGraphWalker - Visiting attribute path : contact.cellNumber
16:08:34.824 [main] DEBUG o.h.p.w.spi.MetamodelGraphWalker - Visiting attribute path : contact.phonenumber
16:08:34.824 [main] DEBUG o.h.p.w.spi.MetamodelGraphWalker - Visiting attribute path : creditCards
16:08:34.824 [main] DEBUG o.h.l.p.b.i.spaces.QuerySpacesImpl - Adding QuerySpace : uid = &lt;gen:2&gt; -&gt; org.hibernate.loader.plan.build.internal.spaces.CollectionQuerySpaceImpl@6a2eea2a]
16:08:34.824 [main] DEBUG o.h.l.p.b.i.spaces.QuerySpacesImpl - Adding QuerySpace : uid = &lt;gen:3&gt; -&gt; org.hibernate.loader.plan.build.internal.spaces.EntityQuerySpaceImpl@b967222]
16:08:34.824 [main] DEBUG o.h.p.w.spi.MetamodelGraphWalker - Visiting attribute path : customerAddress
16:08:34.824 [main] DEBUG o.h.l.p.b.i.spaces.QuerySpacesImpl - Adding QuerySpace : uid = &lt;gen:4&gt; -&gt; org.hibernate.loader.plan.build.internal.spaces.CompositeQuerySpaceImpl@3b0ee03a]
16:08:34.824 [main] DEBUG o.h.p.w.spi.MetamodelGraphWalker - Visiting attribute path : customerAddress.postalAddress
16:08:34.824 [main] DEBUG o.h.p.w.spi.MetamodelGraphWalker - Visiting attribute path : customerAddress.streetAddress
16:08:34.824 [main] DEBUG o.h.p.w.spi.MetamodelGraphWalker - Visiting attribute path : customerNumber
16:08:34.824 [main] DEBUG o.h.p.w.spi.MetamodelGraphWalker - Visiting attribute path : demographic
16:08:34.824 [main] DEBUG o.h.l.p.b.i.spaces.QuerySpacesImpl - Adding QuerySpace : uid = &lt;gen:5&gt; -&gt; org.hibernate.loader.plan.build.internal.spaces.CompositeQuerySpaceImpl@6c298dc]
16:08:34.824 [main] DEBUG o.h.p.w.spi.MetamodelGraphWalker - Visiting attribute path : demographic.dateOfBirth
16:08:34.824 [main] DEBUG o.h.p.w.spi.MetamodelGraphWalker - Visiting attribute path : demographic.gender
16:08:34.824 [main] DEBUG o.h.p.w.spi.MetamodelGraphWalker - Visiting attribute path : demographic.race
16:08:34.824 [main] DEBUG o.h.p.w.spi.MetamodelGraphWalker - Visiting attribute path : name
16:08:34.824 [main] DEBUG o.h.l.p.b.i.spaces.QuerySpacesImpl - Adding QuerySpace : uid = &lt;gen:6&gt; -&gt; org.hibernate.loader.plan.build.internal.spaces.CompositeQuerySpaceImpl@723ed581]
16:08:34.824 [main] DEBUG o.h.p.w.spi.MetamodelGraphWalker - Visiting attribute path : name.firstName
16:08:34.824 [main] DEBUG o.h.p.w.spi.MetamodelGraphWalker - Visiting attribute path : name.lastName
16:08:34.824 [main] DEBUG o.h.p.w.spi.MetamodelGraphWalker - Visiting attribute path : orders
16:08:34.824 [main] DEBUG o.h.l.p.b.i.spaces.QuerySpacesImpl - Adding QuerySpace : uid = &lt;gen:7&gt; -&gt; org.hibernate.loader.plan.build.internal.spaces.CollectionQuerySpaceImpl@796065aa]
16:08:34.824 [main] DEBUG o.h.l.p.b.i.spaces.QuerySpacesImpl - Adding QuerySpace : uid = &lt;gen:8&gt; -&gt; org.hibernate.loader.plan.build.internal.spaces.EntityQuerySpaceImpl@28a6301f]
16:08:34.824 [main] DEBUG o.h.l.p.b.i.FetchStyleLoadPlanBuildingAssociationVisitationStrategy - Building LoadPlan...
16:08:34.825 [main] DEBUG o.h.l.p.e.i.LoadQueryJoinAndFetchProcessor - processing queryspace &lt;gen:0&gt;
16:08:34.825 [main] DEBUG o.h.l.p.b.spi.LoadPlanTreePrinter - LoadPlan(entity=com.startup.musicstore.domain.Customer)
    - Returns
       - EntityReturnImpl(entity=com.startup.musicstore.domain.Customer, querySpaceUid=&lt;gen:0&gt;, path=com.startup.musicstore.domain.Customer)
          - CompositeAttributeFetchImpl(composite=com.startup.musicstore.domain.Contact, querySpaceUid=&lt;gen:1&gt;, path=com.startup.musicstore.domain.Customer.contact)
          - CollectionAttributeFetchImpl(collection=com.startup.musicstore.domain.Customer.creditCards, querySpaceUid=&lt;gen:2&gt;, path=com.startup.musicstore.domain.Customer.creditCards)
             - (collection element) CollectionFetchableElementEntityGraph(entity=com.startup.musicstore.domain.CreditCard, querySpaceUid=&lt;gen:3&gt;, path=com.startup.musicstore.domain.Customer.creditCards.&lt;elements&gt;)
          - CompositeAttributeFetchImpl(composite=com.startup.musicstore.domain.CustomerAddress, querySpaceUid=&lt;gen:4&gt;, path=com.startup.musicstore.domain.Customer.customerAddress)
          - CompositeAttributeFetchImpl(composite=com.startup.musicstore.domain.Demographic, querySpaceUid=&lt;gen:5&gt;, path=com.startup.musicstore.domain.Customer.demographic)
          - CompositeAttributeFetchImpl(composite=com.startup.musicstore.domain.Name, querySpaceUid=&lt;gen:6&gt;, path=com.startup.musicstore.domain.Customer.name)
          - CollectionAttributeFetchImpl(collection=com.startup.musicstore.domain.Customer.orders, querySpaceUid=&lt;gen:7&gt;, path=com.startup.musicstore.domain.Customer.orders)
             - (collection element) CollectionFetchableElementEntityGraph(entity=com.startup.musicstore.domain.OrderData, querySpaceUid=&lt;gen:8&gt;, path=com.startup.musicstore.domain.Customer.orders.&lt;elements&gt;)
    - QuerySpaces
       - EntityQuerySpaceImpl(uid=&lt;gen:0&gt;, entity=com.startup.musicstore.domain.Customer)
          - SQL table alias mapping - customer0_
          - alias suffix - 0_
          - suffixed key columns - {id1_3_0_}
          - JOIN (JoinDefinedByMetadata(contact)) : &lt;gen:0&gt; -&gt; &lt;gen:1&gt;
             - CompositeQuerySpaceImpl(uid=&lt;gen:1&gt;)
                - SQL table alias mapping - customer0_
          - JOIN (JoinDefinedByMetadata(customerAddress)) : &lt;gen:0&gt; -&gt; &lt;gen:4&gt;
             - CompositeQuerySpaceImpl(uid=&lt;gen:4&gt;)
                - SQL table alias mapping - customer0_
          - JOIN (JoinDefinedByMetadata(demographic)) : &lt;gen:0&gt; -&gt; &lt;gen:5&gt;
             - CompositeQuerySpaceImpl(uid=&lt;gen:5&gt;)
                - SQL table alias mapping - customer0_
          - JOIN (JoinDefinedByMetadata(name)) : &lt;gen:0&gt; -&gt; &lt;gen:6&gt;
             - CompositeQuerySpaceImpl(uid=&lt;gen:6&gt;)
                - SQL table alias mapping - customer0_

16:08:34.825 [main] DEBUG o.h.loader.entity.plan.EntityLoader - Static select for entity com.startup.musicstore.domain.Customer [UPGRADE]: select customer0_.id as id1_3_0_, customer0_.cellNumber as cellNumb2_3_0_, customer0_.phonenumber as phonenum3_3_0_, customer0_.postalAddress as postalAd4_3_0_, customer0_.streetAddress as streetAd5_3_0_, customer0_.customerNumber as customer6_3_0_, customer0_.dateOfBirth as dateOfBi7_3_0_, customer0_.gender as gender8_3_0_, customer0_.race as race9_3_0_, customer0_.firstName as firstNa10_3_0_, customer0_.lastName as lastNam11_3_0_ from Customer customer0_ where customer0_.id=? for update with rs
16:08:34.825 [main] DEBUG o.h.l.p.b.i.spaces.QuerySpacesImpl - Adding QuerySpace : uid = &lt;gen:0&gt; -&gt; org.hibernate.loader.plan.build.internal.spaces.EntityQuerySpaceImpl@2c306a57]
16:08:34.825 [main] DEBUG o.h.p.w.spi.MetamodelGraphWalker - Visiting attribute path : contact
16:08:34.825 [main] DEBUG o.h.l.p.b.i.spaces.QuerySpacesImpl - Adding QuerySpace : uid = &lt;gen:1&gt; -&gt; org.hibernate.loader.plan.build.internal.spaces.CompositeQuerySpaceImpl@d8948cd]
16:08:34.825 [main] DEBUG o.h.p.w.spi.MetamodelGraphWalker - Visiting attribute path : contact.cellNumber
16:08:34.825 [main] DEBUG o.h.p.w.spi.MetamodelGraphWalker - Visiting attribute path : contact.phonenumber
16:08:34.825 [main] DEBUG o.h.p.w.spi.MetamodelGraphWalker - Visiting attribute path : creditCards
16:08:34.825 [main] DEBUG o.h.l.p.b.i.spaces.QuerySpacesImpl - Adding QuerySpace : uid = &lt;gen:2&gt; -&gt; org.hibernate.loader.plan.build.internal.spaces.CollectionQuerySpaceImpl@3b7b05a8]
16:08:34.825 [main] DEBUG o.h.l.p.b.i.spaces.QuerySpacesImpl - Adding QuerySpace : uid = &lt;gen:3&gt; -&gt; org.hibernate.loader.plan.build.internal.spaces.EntityQuerySpaceImpl@3d36dff4]
16:08:34.825 [main] DEBUG o.h.p.w.spi.MetamodelGraphWalker - Visiting attribute path : customerAddress
16:08:34.825 [main] DEBUG o.h.l.p.b.i.spaces.QuerySpacesImpl - Adding QuerySpace : uid = &lt;gen:4&gt; -&gt; org.hibernate.loader.plan.build.internal.spaces.CompositeQuerySpaceImpl@7abe27bf]
16:08:34.825 [main] DEBUG o.h.p.w.spi.MetamodelGraphWalker - Visiting attribute path : customerAddress.postalAddress
16:08:34.825 [main] DEBUG o.h.p.w.spi.MetamodelGraphWalker - Visiting attribute path : customerAddress.streetAddress
16:08:34.825 [main] DEBUG o.h.p.w.spi.MetamodelGraphWalker - Visiting attribute path : customerNumber
16:08:34.825 [main] DEBUG o.h.p.w.spi.MetamodelGraphWalker - Visiting attribute path : demographic
16:08:34.825 [main] DEBUG o.h.l.p.b.i.spaces.QuerySpacesImpl - Adding QuerySpace : uid = &lt;gen:5&gt; -&gt; org.hibernate.loader.plan.build.internal.spaces.CompositeQuerySpaceImpl@38a1c423]
16:08:34.825 [main] DEBUG o.h.p.w.spi.MetamodelGraphWalker - Visiting attribute path : demographic.dateOfBirth
16:08:34.825 [main] DEBUG o.h.p.w.spi.MetamodelGraphWalker - Visiting attribute path : demographic.gender
16:08:34.825 [main] DEBUG o.h.p.w.spi.MetamodelGraphWalker - Visiting attribute path : demographic.race
16:08:34.825 [main] DEBUG o.h.p.w.spi.MetamodelGraphWalker - Visiting attribute path : name
16:08:34.825 [main] DEBUG o.h.l.p.b.i.spaces.QuerySpacesImpl - Adding QuerySpace : uid = &lt;gen:6&gt; -&gt; org.hibernate.loader.plan.build.internal.spaces.CompositeQuerySpaceImpl@38eb2fb0]
16:08:34.825 [main] DEBUG o.h.p.w.spi.MetamodelGraphWalker - Visiting attribute path : name.firstName
16:08:34.825 [main] DEBUG o.h.p.w.spi.MetamodelGraphWalker - Visiting attribute path : name.lastName
16:08:34.825 [main] DEBUG o.h.p.w.spi.MetamodelGraphWalker - Visiting attribute path : orders
16:08:34.825 [main] DEBUG o.h.l.p.b.i.spaces.QuerySpacesImpl - Adding QuerySpace : uid = &lt;gen:7&gt; -&gt; org.hibernate.loader.plan.build.internal.spaces.CollectionQuerySpaceImpl@7351a16e]
16:08:34.825 [main] DEBUG o.h.l.p.b.i.spaces.QuerySpacesImpl - Adding QuerySpace : uid = &lt;gen:8&gt; -&gt; org.hibernate.loader.plan.build.internal.spaces.EntityQuerySpaceImpl@5bb7643d]
16:08:34.825 [main] DEBUG o.h.l.p.b.i.FetchStyleLoadPlanBuildingAssociationVisitationStrategy - Building LoadPlan...
16:08:34.825 [main] DEBUG o.h.l.p.e.i.LoadQueryJoinAndFetchProcessor - processing queryspace &lt;gen:0&gt;
16:08:34.826 [main] DEBUG o.h.l.p.b.spi.LoadPlanTreePrinter - LoadPlan(entity=com.startup.musicstore.domain.Customer)
    - Returns
       - EntityReturnImpl(entity=com.startup.musicstore.domain.Customer, querySpaceUid=&lt;gen:0&gt;, path=com.startup.musicstore.domain.Customer)
          - CompositeAttributeFetchImpl(composite=com.startup.musicstore.domain.Contact, querySpaceUid=&lt;gen:1&gt;, path=com.startup.musicstore.domain.Customer.contact)
          - CollectionAttributeFetchImpl(collection=com.startup.musicstore.domain.Customer.creditCards, querySpaceUid=&lt;gen:2&gt;, path=com.startup.musicstore.domain.Customer.creditCards)
             - (collection element) CollectionFetchableElementEntityGraph(entity=com.startup.musicstore.domain.CreditCard, querySpaceUid=&lt;gen:3&gt;, path=com.startup.musicstore.domain.Customer.creditCards.&lt;elements&gt;)
          - CompositeAttributeFetchImpl(composite=com.startup.musicstore.domain.CustomerAddress, querySpaceUid=&lt;gen:4&gt;, path=com.startup.musicstore.domain.Customer.customerAddress)
          - CompositeAttributeFetchImpl(composite=com.startup.musicstore.domain.Demographic, querySpaceUid=&lt;gen:5&gt;, path=com.startup.musicstore.domain.Customer.demographic)
          - CompositeAttributeFetchImpl(composite=com.startup.musicstore.domain.Name, querySpaceUid=&lt;gen:6&gt;, path=com.startup.musicstore.domain.Customer.name)
          - CollectionAttributeFetchImpl(collection=com.startup.musicstore.domain.Customer.orders, querySpaceUid=&lt;gen:7&gt;, path=com.startup.musicstore.domain.Customer.orders)
             - (collection element) CollectionFetchableElementEntityGraph(entity=com.startup.musicstore.domain.OrderData, querySpaceUid=&lt;gen:8&gt;, path=com.startup.musicstore.domain.Customer.orders.&lt;elements&gt;)
    - QuerySpaces
       - EntityQuerySpaceImpl(uid=&lt;gen:0&gt;, entity=com.startup.musicstore.domain.Customer)
          - SQL table alias mapping - customer0_
          - alias suffix - 0_
          - suffixed key columns - {id1_3_0_}
          - JOIN (JoinDefinedByMetadata(contact)) : &lt;gen:0&gt; -&gt; &lt;gen:1&gt;
             - CompositeQuerySpaceImpl(uid=&lt;gen:1&gt;)
                - SQL table alias mapping - customer0_
          - JOIN (JoinDefinedByMetadata(customerAddress)) : &lt;gen:0&gt; -&gt; &lt;gen:4&gt;
             - CompositeQuerySpaceImpl(uid=&lt;gen:4&gt;)
                - SQL table alias mapping - customer0_
          - JOIN (JoinDefinedByMetadata(demographic)) : &lt;gen:0&gt; -&gt; &lt;gen:5&gt;
             - CompositeQuerySpaceImpl(uid=&lt;gen:5&gt;)
                - SQL table alias mapping - customer0_
          - JOIN (JoinDefinedByMetadata(name)) : &lt;gen:0&gt; -&gt; &lt;gen:6&gt;
             - CompositeQuerySpaceImpl(uid=&lt;gen:6&gt;)
                - SQL table alias mapping - customer0_

16:08:34.826 [main] DEBUG o.h.loader.entity.plan.EntityLoader - Static select for entity com.startup.musicstore.domain.Customer [UPGRADE_NOWAIT]: select customer0_.id as id1_3_0_, customer0_.cellNumber as cellNumb2_3_0_, customer0_.phonenumber as phonenum3_3_0_, customer0_.postalAddress as postalAd4_3_0_, customer0_.streetAddress as streetAd5_3_0_, customer0_.customerNumber as customer6_3_0_, customer0_.dateOfBirth as dateOfBi7_3_0_, customer0_.gender as gender8_3_0_, customer0_.race as race9_3_0_, customer0_.firstName as firstNa10_3_0_, customer0_.lastName as lastNam11_3_0_ from Customer customer0_ where customer0_.id=? for update with rs
16:08:34.826 [main] DEBUG o.h.l.p.b.i.spaces.QuerySpacesImpl - Adding QuerySpace : uid = &lt;gen:0&gt; -&gt; org.hibernate.loader.plan.build.internal.spaces.EntityQuerySpaceImpl@3ac04654]
16:08:34.826 [main] DEBUG o.h.p.w.spi.MetamodelGraphWalker - Visiting attribute path : contact
16:08:34.826 [main] DEBUG o.h.l.p.b.i.spaces.QuerySpacesImpl - Adding QuerySpace : uid = &lt;gen:1&gt; -&gt; org.hibernate.loader.plan.build.internal.spaces.CompositeQuerySpaceImpl@3ed0918d]
16:08:34.826 [main] DEBUG o.h.p.w.spi.MetamodelGraphWalker - Visiting attribute path : contact.cellNumber
16:08:34.826 [main] DEBUG o.h.p.w.spi.MetamodelGraphWalker - Visiting attribute path : contact.phonenumber
16:08:34.826 [main] DEBUG o.h.p.w.spi.MetamodelGraphWalker - Visiting attribute path : creditCards
16:08:34.826 [main] DEBUG o.h.l.p.b.i.spaces.QuerySpacesImpl - Adding QuerySpace : uid = &lt;gen:2&gt; -&gt; org.hibernate.loader.plan.build.internal.spaces.CollectionQuerySpaceImpl@66ec9390]
16:08:34.826 [main] DEBUG o.h.l.p.b.i.spaces.QuerySpacesImpl - Adding QuerySpace : uid = &lt;gen:3&gt; -&gt; org.hibernate.loader.plan.build.internal.spaces.EntityQuerySpaceImpl@6e91893]
16:08:34.826 [main] DEBUG o.h.p.w.spi.MetamodelGraphWalker - Visiting attribute path : customerAddress
16:08:34.826 [main] DEBUG o.h.l.p.b.i.spaces.QuerySpacesImpl - Adding QuerySpace : uid = &lt;gen:4&gt; -&gt; org.hibernate.loader.plan.build.internal.spaces.CompositeQuerySpaceImpl@3c0fbd3a]
16:08:34.826 [main] DEBUG o.h.p.w.spi.MetamodelGraphWalker - Visiting attribute path : customerAddress.postalAddress
16:08:34.826 [main] DEBUG o.h.p.w.spi.MetamodelGraphWalker - Visiting attribute path : customerAddress.streetAddress
16:08:34.826 [main] DEBUG o.h.p.w.spi.MetamodelGraphWalker - Visiting attribute path : customerNumber
16:08:34.826 [main] DEBUG o.h.p.w.spi.MetamodelGraphWalker - Visiting attribute path : demographic
16:08:34.826 [main] DEBUG o.h.l.p.b.i.spaces.QuerySpacesImpl - Adding QuerySpace : uid = &lt;gen:5&gt; -&gt; org.hibernate.loader.plan.build.internal.spaces.CompositeQuerySpaceImpl@54562ea6]
16:08:34.826 [main] DEBUG o.h.p.w.spi.MetamodelGraphWalker - Visiting attribute path : demographic.dateOfBirth
16:08:34.826 [main] DEBUG o.h.p.w.spi.MetamodelGraphWalker - Visiting attribute path : demographic.gender
16:08:34.826 [main] DEBUG o.h.p.w.spi.MetamodelGraphWalker - Visiting attribute path : demographic.race
16:08:34.826 [main] DEBUG o.h.p.w.spi.MetamodelGraphWalker - Visiting attribute path : name
16:08:34.826 [main] DEBUG o.h.l.p.b.i.spaces.QuerySpacesImpl - Adding QuerySpace : uid = &lt;gen:6&gt; -&gt; org.hibernate.loader.plan.build.internal.spaces.CompositeQuerySpaceImpl@5b12012e]
16:08:34.826 [main] DEBUG o.h.p.w.spi.MetamodelGraphWalker - Visiting attribute path : name.firstName
16:08:34.826 [main] DEBUG o.h.p.w.spi.MetamodelGraphWalker - Visiting attribute path : name.lastName
16:08:34.826 [main] DEBUG o.h.p.w.spi.MetamodelGraphWalker - Visiting attribute path : orders
16:08:34.826 [main] DEBUG o.h.l.p.b.i.spaces.QuerySpacesImpl - Adding QuerySpace : uid = &lt;gen:7&gt; -&gt; org.hibernate.loader.plan.build.internal.spaces.CollectionQuerySpaceImpl@4a3be6a5]
16:08:34.826 [main] DEBUG o.h.l.p.b.i.spaces.QuerySpacesImpl - Adding QuerySpace : uid = &lt;gen:8&gt; -&gt; org.hibernate.loader.plan.build.internal.spaces.EntityQuerySpaceImpl@7cf162bc]
16:08:34.826 [main] DEBUG o.h.l.p.b.i.FetchStyleLoadPlanBuildingAssociationVisitationStrategy - Building LoadPlan...
16:08:34.826 [main] DEBUG o.h.l.p.e.i.LoadQueryJoinAndFetchProcessor - processing queryspace &lt;gen:0&gt;
16:08:34.827 [main] DEBUG o.h.l.p.b.spi.LoadPlanTreePrinter - LoadPlan(entity=com.startup.musicstore.domain.Customer)
    - Returns
       - EntityReturnImpl(entity=com.startup.musicstore.domain.Customer, querySpaceUid=&lt;gen:0&gt;, path=com.startup.musicstore.domain.Customer)
          - CompositeAttributeFetchImpl(composite=com.startup.musicstore.domain.Contact, querySpaceUid=&lt;gen:1&gt;, path=com.startup.musicstore.domain.Customer.contact)
          - CollectionAttributeFetchImpl(collection=com.startup.musicstore.domain.Customer.creditCards, querySpaceUid=&lt;gen:2&gt;, path=com.startup.musicstore.domain.Customer.creditCards)
             - (collection element) CollectionFetchableElementEntityGraph(entity=com.startup.musicstore.domain.CreditCard, querySpaceUid=&lt;gen:3&gt;, path=com.startup.musicstore.domain.Customer.creditCards.&lt;elements&gt;)
          - CompositeAttributeFetchImpl(composite=com.startup.musicstore.domain.CustomerAddress, querySpaceUid=&lt;gen:4&gt;, path=com.startup.musicstore.domain.Customer.customerAddress)
          - CompositeAttributeFetchImpl(composite=com.startup.musicstore.domain.Demographic, querySpaceUid=&lt;gen:5&gt;, path=com.startup.musicstore.domain.Customer.demographic)
          - CompositeAttributeFetchImpl(composite=com.startup.musicstore.domain.Name, querySpaceUid=&lt;gen:6&gt;, path=com.startup.musicstore.domain.Customer.name)
          - CollectionAttributeFetchImpl(collection=com.startup.musicstore.domain.Customer.orders, querySpaceUid=&lt;gen:7&gt;, path=com.startup.musicstore.domain.Customer.orders)
             - (collection element) CollectionFetchableElementEntityGraph(entity=com.startup.musicstore.domain.OrderData, querySpaceUid=&lt;gen:8&gt;, path=com.startup.musicstore.domain.Customer.orders.&lt;elements&gt;)
    - QuerySpaces
       - EntityQuerySpaceImpl(uid=&lt;gen:0&gt;, entity=com.startup.musicstore.domain.Customer)
          - SQL table alias mapping - customer0_
          - alias suffix - 0_
          - suffixed key columns - {id1_3_0_}
          - JOIN (JoinDefinedByMetadata(contact)) : &lt;gen:0&gt; -&gt; &lt;gen:1&gt;
             - CompositeQuerySpaceImpl(uid=&lt;gen:1&gt;)
                - SQL table alias mapping - customer0_
          - JOIN (JoinDefinedByMetadata(customerAddress)) : &lt;gen:0&gt; -&gt; &lt;gen:4&gt;
             - CompositeQuerySpaceImpl(uid=&lt;gen:4&gt;)
                - SQL table alias mapping - customer0_
          - JOIN (JoinDefinedByMetadata(demographic)) : &lt;gen:0&gt; -&gt; &lt;gen:5&gt;
             - CompositeQuerySpaceImpl(uid=&lt;gen:5&gt;)
                - SQL table alias mapping - customer0_
          - JOIN (JoinDefinedByMetadata(name)) : &lt;gen:0&gt; -&gt; &lt;gen:6&gt;
             - CompositeQuerySpaceImpl(uid=&lt;gen:6&gt;)
                - SQL table alias mapping - customer0_

16:08:34.827 [main] DEBUG o.h.loader.entity.plan.EntityLoader - Static select for entity com.startup.musicstore.domain.Customer [UPGRADE_SKIPLOCKED]: select customer0_.id as id1_3_0_, customer0_.cellNumber as cellNumb2_3_0_, customer0_.phonenumber as phonenum3_3_0_, customer0_.postalAddress as postalAd4_3_0_, customer0_.streetAddress as streetAd5_3_0_, customer0_.customerNumber as customer6_3_0_, customer0_.dateOfBirth as dateOfBi7_3_0_, customer0_.gender as gender8_3_0_, customer0_.race as race9_3_0_, customer0_.firstName as firstNa10_3_0_, customer0_.lastName as lastNam11_3_0_ from Customer customer0_ where customer0_.id=? for update with rs
16:08:34.827 [main] DEBUG o.h.l.p.b.i.spaces.QuerySpacesImpl - Adding QuerySpace : uid = &lt;gen:0&gt; -&gt; org.hibernate.loader.plan.build.internal.spaces.EntityQuerySpaceImpl@3721177d]
16:08:34.827 [main] DEBUG o.h.p.w.spi.MetamodelGraphWalker - Visiting attribute path : contact
16:08:34.827 [main] DEBUG o.h.l.p.b.i.spaces.QuerySpacesImpl - Adding QuerySpace : uid = &lt;gen:1&gt; -&gt; org.hibernate.loader.plan.build.internal.spaces.CompositeQuerySpaceImpl@63718b93]
16:08:34.827 [main] DEBUG o.h.p.w.spi.MetamodelGraphWalker - Visiting attribute path : contact.cellNumber
16:08:34.827 [main] DEBUG o.h.p.w.spi.MetamodelGraphWalker - Visiting attribute path : contact.phonenumber
16:08:34.827 [main] DEBUG o.h.p.w.spi.MetamodelGraphWalker - Visiting attribute path : creditCards
16:08:34.827 [main] DEBUG o.h.l.p.b.i.spaces.QuerySpacesImpl - Adding QuerySpace : uid = &lt;gen:2&gt; -&gt; org.hibernate.loader.plan.build.internal.spaces.CollectionQuerySpaceImpl@2b4786dd]
16:08:34.827 [main] DEBUG o.h.l.p.b.i.spaces.QuerySpacesImpl - Adding QuerySpace : uid = &lt;gen:3&gt; -&gt; org.hibernate.loader.plan.build.internal.spaces.EntityQuerySpaceImpl@f202d6d]
16:08:34.827 [main] DEBUG o.h.p.w.spi.MetamodelGraphWalker - Visiting attribute path : customerAddress
16:08:34.827 [main] DEBUG o.h.l.p.b.i.spaces.QuerySpacesImpl - Adding QuerySpace : uid = &lt;gen:4&gt; -&gt; org.hibernate.loader.plan.build.internal.spaces.CompositeQuerySpaceImpl@60e21209]
16:08:34.827 [main] DEBUG o.h.p.w.spi.MetamodelGraphWalker - Visiting attribute path : customerAddress.postalAddress
16:08:34.827 [main] DEBUG o.h.p.w.spi.MetamodelGraphWalker - Visiting attribute path : customerAddress.streetAddress
16:08:34.827 [main] DEBUG o.h.p.w.spi.MetamodelGraphWalker - Visiting attribute path : customerNumber
16:08:34.827 [main] DEBUG o.h.p.w.spi.MetamodelGraphWalker - Visiting attribute path : demographic
16:08:34.827 [main] DEBUG o.h.l.p.b.i.spaces.QuerySpacesImpl - Adding QuerySpace : uid = &lt;gen:5&gt; -&gt; org.hibernate.loader.plan.build.internal.spaces.CompositeQuerySpaceImpl@746b18fd]
16:08:34.827 [main] DEBUG o.h.p.w.spi.MetamodelGraphWalker - Visiting attribute path : demographic.dateOfBirth
16:08:34.827 [main] DEBUG o.h.p.w.spi.MetamodelGraphWalker - Visiting attribute path : demographic.gender
16:08:34.827 [main] DEBUG o.h.p.w.spi.MetamodelGraphWalker - Visiting attribute path : demographic.race
16:08:34.827 [main] DEBUG o.h.p.w.spi.MetamodelGraphWalker - Visiting attribute path : name
16:08:34.827 [main] DEBUG o.h.l.p.b.i.spaces.QuerySpacesImpl - Adding QuerySpace : uid = &lt;gen:6&gt; -&gt; org.hibernate.loader.plan.build.internal.spaces.CompositeQuerySpaceImpl@aac3f4e]
16:08:34.827 [main] DEBUG o.h.p.w.spi.MetamodelGraphWalker - Visiting attribute path : name.firstName
16:08:34.827 [main] DEBUG o.h.p.w.spi.MetamodelGraphWalker - Visiting attribute path : name.lastName
16:08:34.827 [main] DEBUG o.h.p.w.spi.MetamodelGraphWalker - Visiting attribute path : orders
16:08:34.827 [main] DEBUG o.h.l.p.b.i.spaces.QuerySpacesImpl - Adding QuerySpace : uid = &lt;gen:7&gt; -&gt; org.hibernate.loader.plan.build.internal.spaces.CollectionQuerySpaceImpl@2df3c564]
16:08:34.827 [main] DEBUG o.h.l.p.b.i.spaces.QuerySpacesImpl - Adding QuerySpace : uid = &lt;gen:8&gt; -&gt; org.hibernate.loader.plan.build.internal.spaces.EntityQuerySpaceImpl@2715644a]
16:08:34.827 [main] DEBUG o.h.l.p.b.i.FetchStyleLoadPlanBuildingAssociationVisitationStrategy - Building LoadPlan...
16:08:34.827 [main] DEBUG o.h.l.p.e.i.LoadQueryJoinAndFetchProcessor - processing queryspace &lt;gen:0&gt;
16:08:34.827 [main] DEBUG o.h.l.p.b.spi.LoadPlanTreePrinter - LoadPlan(entity=com.startup.musicstore.domain.Customer)
    - Returns
       - EntityReturnImpl(entity=com.startup.musicstore.domain.Customer, querySpaceUid=&lt;gen:0&gt;, path=com.startup.musicstore.domain.Customer)
          - CompositeAttributeFetchImpl(composite=com.startup.musicstore.domain.Contact, querySpaceUid=&lt;gen:1&gt;, path=com.startup.musicstore.domain.Customer.contact)
          - CollectionAttributeFetchImpl(collection=com.startup.musicstore.domain.Customer.creditCards, querySpaceUid=&lt;gen:2&gt;, path=com.startup.musicstore.domain.Customer.creditCards)
             - (collection element) CollectionFetchableElementEntityGraph(entity=com.startup.musicstore.domain.CreditCard, querySpaceUid=&lt;gen:3&gt;, path=com.startup.musicstore.domain.Customer.creditCards.&lt;elements&gt;)
          - CompositeAttributeFetchImpl(composite=com.startup.musicstore.domain.CustomerAddress, querySpaceUid=&lt;gen:4&gt;, path=com.startup.musicstore.domain.Customer.customerAddress)
          - CompositeAttributeFetchImpl(composite=com.startup.musicstore.domain.Demographic, querySpaceUid=&lt;gen:5&gt;, path=com.startup.musicstore.domain.Customer.demographic)
          - CompositeAttributeFetchImpl(composite=com.startup.musicstore.domain.Name, querySpaceUid=&lt;gen:6&gt;, path=com.startup.musicstore.domain.Customer.name)
          - CollectionAttributeFetchImpl(collection=com.startup.musicstore.domain.Customer.orders, querySpaceUid=&lt;gen:7&gt;, path=com.startup.musicstore.domain.Customer.orders)
             - (collection element) CollectionFetchableElementEntityGraph(entity=com.startup.musicstore.domain.OrderData, querySpaceUid=&lt;gen:8&gt;, path=com.startup.musicstore.domain.Customer.orders.&lt;elements&gt;)
    - QuerySpaces
       - EntityQuerySpaceImpl(uid=&lt;gen:0&gt;, entity=com.startup.musicstore.domain.Customer)
          - SQL table alias mapping - customer0_
          - alias suffix - 0_
          - suffixed key columns - {id1_3_0_}
          - JOIN (JoinDefinedByMetadata(contact)) : &lt;gen:0&gt; -&gt; &lt;gen:1&gt;
             - CompositeQuerySpaceImpl(uid=&lt;gen:1&gt;)
                - SQL table alias mapping - customer0_
          - JOIN (JoinDefinedByMetadata(customerAddress)) : &lt;gen:0&gt; -&gt; &lt;gen:4&gt;
             - CompositeQuerySpaceImpl(uid=&lt;gen:4&gt;)
                - SQL table alias mapping - customer0_
          - JOIN (JoinDefinedByMetadata(demographic)) : &lt;gen:0&gt; -&gt; &lt;gen:5&gt;
             - CompositeQuerySpaceImpl(uid=&lt;gen:5&gt;)
                - SQL table alias mapping - customer0_
          - JOIN (JoinDefinedByMetadata(name)) : &lt;gen:0&gt; -&gt; &lt;gen:6&gt;
             - CompositeQuerySpaceImpl(uid=&lt;gen:6&gt;)
                - SQL table alias mapping - customer0_

16:08:34.828 [main] DEBUG o.h.loader.entity.plan.EntityLoader - Static select for entity com.startup.musicstore.domain.Customer [FORCE]: select customer0_.id as id1_3_0_, customer0_.cellNumber as cellNumb2_3_0_, customer0_.phonenumber as phonenum3_3_0_, customer0_.postalAddress as postalAd4_3_0_, customer0_.streetAddress as streetAd5_3_0_, customer0_.customerNumber as customer6_3_0_, customer0_.dateOfBirth as dateOfBi7_3_0_, customer0_.gender as gender8_3_0_, customer0_.race as race9_3_0_, customer0_.firstName as firstNa10_3_0_, customer0_.lastName as lastNam11_3_0_ from Customer customer0_ where customer0_.id=? for update with rs
16:08:34.828 [main] DEBUG o.h.l.p.b.i.spaces.QuerySpacesImpl - Adding QuerySpace : uid = &lt;gen:0&gt; -&gt; org.hibernate.loader.plan.build.internal.spaces.EntityQuerySpaceImpl@4c2869a9]
16:08:34.828 [main] DEBUG o.h.p.w.spi.MetamodelGraphWalker - Visiting attribute path : contact
16:08:34.828 [main] DEBUG o.h.l.p.b.i.spaces.QuerySpacesImpl - Adding QuerySpace : uid = &lt;gen:1&gt; -&gt; org.hibernate.loader.plan.build.internal.spaces.CompositeQuerySpaceImpl@62e7dffa]
16:08:34.828 [main] DEBUG o.h.p.w.spi.MetamodelGraphWalker - Visiting attribute path : contact.cellNumber
16:08:34.828 [main] DEBUG o.h.p.w.spi.MetamodelGraphWalker - Visiting attribute path : contact.phonenumber
16:08:34.828 [main] DEBUG o.h.p.w.spi.MetamodelGraphWalker - Visiting attribute path : creditCards
16:08:34.828 [main] DEBUG o.h.l.p.b.i.spaces.QuerySpacesImpl - Adding QuerySpace : uid = &lt;gen:2&gt; -&gt; org.hibernate.loader.plan.build.internal.spaces.CollectionQuerySpaceImpl@6136998b]
16:08:34.828 [main] DEBUG o.h.l.p.b.i.spaces.QuerySpacesImpl - Adding QuerySpace : uid = &lt;gen:3&gt; -&gt; org.hibernate.loader.plan.build.internal.spaces.EntityQuerySpaceImpl@57ce634f]
16:08:34.828 [main] DEBUG o.h.p.w.spi.MetamodelGraphWalker - Visiting attribute path : customerAddress
16:08:34.828 [main] DEBUG o.h.l.p.b.i.spaces.QuerySpacesImpl - Adding QuerySpace : uid = &lt;gen:4&gt; -&gt; org.hibernate.loader.plan.build.internal.spaces.CompositeQuerySpaceImpl@b8a7e43]
16:08:34.828 [main] DEBUG o.h.p.w.spi.MetamodelGraphWalker - Visiting attribute path : customerAddress.postalAddress
16:08:34.828 [main] DEBUG o.h.p.w.spi.MetamodelGraphWalker - Visiting attribute path : customerAddress.streetAddress
16:08:34.828 [main] DEBUG o.h.p.w.spi.MetamodelGraphWalker - Visiting attribute path : customerNumber
16:08:34.828 [main] DEBUG o.h.p.w.spi.MetamodelGraphWalker - Visiting attribute path : demographic
16:08:34.828 [main] DEBUG o.h.l.p.b.i.spaces.QuerySpacesImpl - Adding QuerySpace : uid = &lt;gen:5&gt; -&gt; org.hibernate.loader.plan.build.internal.spaces.CompositeQuerySpaceImpl@56f71edb]
16:08:34.828 [main] DEBUG o.h.p.w.spi.MetamodelGraphWalker - Visiting attribute path : demographic.dateOfBirth
16:08:34.828 [main] DEBUG o.h.p.w.spi.MetamodelGraphWalker - Visiting attribute path : demographic.gender
16:08:34.828 [main] DEBUG o.h.p.w.spi.MetamodelGraphWalker - Visiting attribute path : demographic.race
16:08:34.828 [main] DEBUG o.h.p.w.spi.MetamodelGraphWalker - Visiting attribute path : name
16:08:34.828 [main] DEBUG o.h.l.p.b.i.spaces.QuerySpacesImpl - Adding QuerySpace : uid = &lt;gen:6&gt; -&gt; org.hibernate.loader.plan.build.internal.spaces.CompositeQuerySpaceImpl@2a27cb34]
16:08:34.828 [main] DEBUG o.h.p.w.spi.MetamodelGraphWalker - Visiting attribute path : name.firstName
16:08:34.828 [main] DEBUG o.h.p.w.spi.MetamodelGraphWalker - Visiting attribute path : name.lastName
16:08:34.828 [main] DEBUG o.h.p.w.spi.MetamodelGraphWalker - Visiting attribute path : orders
16:08:34.828 [main] DEBUG o.h.l.p.b.i.spaces.QuerySpacesImpl - Adding QuerySpace : uid = &lt;gen:7&gt; -&gt; org.hibernate.loader.plan.build.internal.spaces.CollectionQuerySpaceImpl@6fd1660]
16:08:34.828 [main] DEBUG o.h.l.p.b.i.spaces.QuerySpacesImpl - Adding QuerySpace : uid = &lt;gen:8&gt; -&gt; org.hibernate.loader.plan.build.internal.spaces.EntityQuerySpaceImpl@4a6c18ad]
16:08:34.828 [main] DEBUG o.h.l.p.b.i.FetchStyleLoadPlanBuildingAssociationVisitationStrategy - Building LoadPlan...
16:08:34.828 [main] DEBUG o.h.l.p.e.i.LoadQueryJoinAndFetchProcessor - processing queryspace &lt;gen:0&gt;
16:08:34.828 [main] DEBUG o.h.l.p.b.spi.LoadPlanTreePrinter - LoadPlan(entity=com.startup.musicstore.domain.Customer)
    - Returns
       - EntityReturnImpl(entity=com.startup.musicstore.domain.Customer, querySpaceUid=&lt;gen:0&gt;, path=com.startup.musicstore.domain.Customer)
          - CompositeAttributeFetchImpl(composite=com.startup.musicstore.domain.Contact, querySpaceUid=&lt;gen:1&gt;, path=com.startup.musicstore.domain.Customer.contact)
          - CollectionAttributeFetchImpl(collection=com.startup.musicstore.domain.Customer.creditCards, querySpaceUid=&lt;gen:2&gt;, path=com.startup.musicstore.domain.Customer.creditCards)
             - (collection element) CollectionFetchableElementEntityGraph(entity=com.startup.musicstore.domain.CreditCard, querySpaceUid=&lt;gen:3&gt;, path=com.startup.musicstore.domain.Customer.creditCards.&lt;elements&gt;)
          - CompositeAttributeFetchImpl(composite=com.startup.musicstore.domain.CustomerAddress, querySpaceUid=&lt;gen:4&gt;, path=com.startup.musicstore.domain.Customer.customerAddress)
          - CompositeAttributeFetchImpl(composite=com.startup.musicstore.domain.Demographic, querySpaceUid=&lt;gen:5&gt;, path=com.startup.musicstore.domain.Customer.demographic)
          - CompositeAttributeFetchImpl(composite=com.startup.musicstore.domain.Name, querySpaceUid=&lt;gen:6&gt;, path=com.startup.musicstore.domain.Customer.name)
          - CollectionAttributeFetchImpl(collection=com.startup.musicstore.domain.Customer.orders, querySpaceUid=&lt;gen:7&gt;, path=com.startup.musicstore.domain.Customer.orders)
             - (collection element) CollectionFetchableElementEntityGraph(entity=com.startup.musicstore.domain.OrderData, querySpaceUid=&lt;gen:8&gt;, path=com.startup.musicstore.domain.Customer.orders.&lt;elements&gt;)
    - QuerySpaces
       - EntityQuerySpaceImpl(uid=&lt;gen:0&gt;, entity=com.startup.musicstore.domain.Customer)
          - SQL table alias mapping - customer0_
          - alias suffix - 0_
          - suffixed key columns - {id1_3_0_}
          - JOIN (JoinDefinedByMetadata(contact)) : &lt;gen:0&gt; -&gt; &lt;gen:1&gt;
             - CompositeQuerySpaceImpl(uid=&lt;gen:1&gt;)
                - SQL table alias mapping - customer0_
          - JOIN (JoinDefinedByMetadata(customerAddress)) : &lt;gen:0&gt; -&gt; &lt;gen:4&gt;
             - CompositeQuerySpaceImpl(uid=&lt;gen:4&gt;)
                - SQL table alias mapping - customer0_
          - JOIN (JoinDefinedByMetadata(demographic)) : &lt;gen:0&gt; -&gt; &lt;gen:5&gt;
             - CompositeQuerySpaceImpl(uid=&lt;gen:5&gt;)
                - SQL table alias mapping - customer0_
          - JOIN (JoinDefinedByMetadata(name)) : &lt;gen:0&gt; -&gt; &lt;gen:6&gt;
             - CompositeQuerySpaceImpl(uid=&lt;gen:6&gt;)
                - SQL table alias mapping - customer0_

16:08:34.828 [main] DEBUG o.h.loader.entity.plan.EntityLoader - Static select for entity com.startup.musicstore.domain.Customer [PESSIMISTIC_READ]: select customer0_.id as id1_3_0_, customer0_.cellNumber as cellNumb2_3_0_, customer0_.phonenumber as phonenum3_3_0_, customer0_.postalAddress as postalAd4_3_0_, customer0_.streetAddress as streetAd5_3_0_, customer0_.customerNumber as customer6_3_0_, customer0_.dateOfBirth as dateOfBi7_3_0_, customer0_.gender as gender8_3_0_, customer0_.race as race9_3_0_, customer0_.firstName as firstNa10_3_0_, customer0_.lastName as lastNam11_3_0_ from Customer customer0_ where customer0_.id=? for read only with rs
16:08:34.828 [main] DEBUG o.h.l.p.b.i.spaces.QuerySpacesImpl - Adding QuerySpace : uid = &lt;gen:0&gt; -&gt; org.hibernate.loader.plan.build.internal.spaces.EntityQuerySpaceImpl@5e8604bf]
16:08:34.828 [main] DEBUG o.h.p.w.spi.MetamodelGraphWalker - Visiting attribute path : contact
16:08:34.828 [main] DEBUG o.h.l.p.b.i.spaces.QuerySpacesImpl - Adding QuerySpace : uid = &lt;gen:1&gt; -&gt; org.hibernate.loader.plan.build.internal.spaces.CompositeQuerySpaceImpl@4e2916c3]
16:08:34.828 [main] DEBUG o.h.p.w.spi.MetamodelGraphWalker - Visiting attribute path : contact.cellNumber
16:08:34.828 [main] DEBUG o.h.p.w.spi.MetamodelGraphWalker - Visiting attribute path : contact.phonenumber
16:08:34.828 [main] DEBUG o.h.p.w.spi.MetamodelGraphWalker - Visiting attribute path : creditCards
16:08:34.828 [main] DEBUG o.h.l.p.b.i.spaces.QuerySpacesImpl - Adding QuerySpace : uid = &lt;gen:2&gt; -&gt; org.hibernate.loader.plan.build.internal.spaces.CollectionQuerySpaceImpl@ae7950d]
16:08:34.828 [main] DEBUG o.h.l.p.b.i.spaces.QuerySpacesImpl - Adding QuerySpace : uid = &lt;gen:3&gt; -&gt; org.hibernate.loader.plan.build.internal.spaces.EntityQuerySpaceImpl@60d1b21f]
16:08:34.828 [main] DEBUG o.h.p.w.spi.MetamodelGraphWalker - Visiting attribute path : customerAddress
16:08:34.829 [main] DEBUG o.h.l.p.b.i.spaces.QuerySpacesImpl - Adding QuerySpace : uid = &lt;gen:4&gt; -&gt; org.hibernate.loader.plan.build.internal.spaces.CompositeQuerySpaceImpl@66c83fc8]
16:08:34.829 [main] DEBUG o.h.p.w.spi.MetamodelGraphWalker - Visiting attribute path : customerAddress.postalAddress
16:08:34.829 [main] DEBUG o.h.p.w.spi.MetamodelGraphWalker - Visiting attribute path : customerAddress.streetAddress
16:08:34.829 [main] DEBUG o.h.p.w.spi.MetamodelGraphWalker - Visiting attribute path : customerNumber
16:08:34.829 [main] DEBUG o.h.p.w.spi.MetamodelGraphWalker - Visiting attribute path : demographic
16:08:34.829 [main] DEBUG o.h.l.p.b.i.spaces.QuerySpacesImpl - Adding QuerySpace : uid = &lt;gen:5&gt; -&gt; org.hibernate.loader.plan.build.internal.spaces.CompositeQuerySpaceImpl@621f89b8]
16:08:34.829 [main] DEBUG o.h.p.w.spi.MetamodelGraphWalker - Visiting attribute path : demographic.dateOfBirth
16:08:34.829 [main] DEBUG o.h.p.w.spi.MetamodelGraphWalker - Visiting attribute path : demographic.gender
16:08:34.829 [main] DEBUG o.h.p.w.spi.MetamodelGraphWalker - Visiting attribute path : demographic.race
16:08:34.829 [main] DEBUG o.h.p.w.spi.MetamodelGraphWalker - Visiting attribute path : name
16:08:34.829 [main] DEBUG o.h.l.p.b.i.spaces.QuerySpacesImpl - Adding QuerySpace : uid = &lt;gen:6&gt; -&gt; org.hibernate.loader.plan.build.internal.spaces.CompositeQuerySpaceImpl@2822c6ff]
16:08:34.829 [main] DEBUG o.h.p.w.spi.MetamodelGraphWalker - Visiting attribute path : name.firstName
16:08:34.829 [main] DEBUG o.h.p.w.spi.MetamodelGraphWalker - Visiting attribute path : name.lastName
16:08:34.829 [main] DEBUG o.h.p.w.spi.MetamodelGraphWalker - Visiting attribute path : orders
16:08:34.829 [main] DEBUG o.h.l.p.b.i.spaces.QuerySpacesImpl - Adding QuerySpace : uid = &lt;gen:7&gt; -&gt; org.hibernate.loader.plan.build.internal.spaces.CollectionQuerySpaceImpl@53e3a87a]
16:08:34.829 [main] DEBUG o.h.l.p.b.i.spaces.QuerySpacesImpl - Adding QuerySpace : uid = &lt;gen:8&gt; -&gt; org.hibernate.loader.plan.build.internal.spaces.EntityQuerySpaceImpl@40368a46]
16:08:34.829 [main] DEBUG o.h.l.p.b.i.FetchStyleLoadPlanBuildingAssociationVisitationStrategy - Building LoadPlan...
16:08:34.829 [main] DEBUG o.h.l.p.e.i.LoadQueryJoinAndFetchProcessor - processing queryspace &lt;gen:0&gt;
16:08:34.829 [main] DEBUG o.h.l.p.b.spi.LoadPlanTreePrinter - LoadPlan(entity=com.startup.musicstore.domain.Customer)
    - Returns
       - EntityReturnImpl(entity=com.startup.musicstore.domain.Customer, querySpaceUid=&lt;gen:0&gt;, path=com.startup.musicstore.domain.Customer)
          - CompositeAttributeFetchImpl(composite=com.startup.musicstore.domain.Contact, querySpaceUid=&lt;gen:1&gt;, path=com.startup.musicstore.domain.Customer.contact)
          - CollectionAttributeFetchImpl(collection=com.startup.musicstore.domain.Customer.creditCards, querySpaceUid=&lt;gen:2&gt;, path=com.startup.musicstore.domain.Customer.creditCards)
             - (collection element) CollectionFetchableElementEntityGraph(entity=com.startup.musicstore.domain.CreditCard, querySpaceUid=&lt;gen:3&gt;, path=com.startup.musicstore.domain.Customer.creditCards.&lt;elements&gt;)
          - CompositeAttributeFetchImpl(composite=com.startup.musicstore.domain.CustomerAddress, querySpaceUid=&lt;gen:4&gt;, path=com.startup.musicstore.domain.Customer.customerAddress)
          - CompositeAttributeFetchImpl(composite=com.startup.musicstore.domain.Demographic, querySpaceUid=&lt;gen:5&gt;, path=com.startup.musicstore.domain.Customer.demographic)
          - CompositeAttributeFetchImpl(composite=com.startup.musicstore.domain.Name, querySpaceUid=&lt;gen:6&gt;, path=com.startup.musicstore.domain.Customer.name)
          - CollectionAttributeFetchImpl(collection=com.startup.musicstore.domain.Customer.orders, querySpaceUid=&lt;gen:7&gt;, path=com.startup.musicstore.domain.Customer.orders)
             - (collection element) CollectionFetchableElementEntityGraph(entity=com.startup.musicstore.domain.OrderData, querySpaceUid=&lt;gen:8&gt;, path=com.startup.musicstore.domain.Customer.orders.&lt;elements&gt;)
    - QuerySpaces
       - EntityQuerySpaceImpl(uid=&lt;gen:0&gt;, entity=com.startup.musicstore.domain.Customer)
          - SQL table alias mapping - customer0_
          - alias suffix - 0_
          - suffixed key columns - {id1_3_0_}
          - JOIN (JoinDefinedByMetadata(contact)) : &lt;gen:0&gt; -&gt; &lt;gen:1&gt;
             - CompositeQuerySpaceImpl(uid=&lt;gen:1&gt;)
                - SQL table alias mapping - customer0_
          - JOIN (JoinDefinedByMetadata(customerAddress)) : &lt;gen:0&gt; -&gt; &lt;gen:4&gt;
             - CompositeQuerySpaceImpl(uid=&lt;gen:4&gt;)
                - SQL table alias mapping - customer0_
          - JOIN (JoinDefinedByMetadata(demographic)) : &lt;gen:0&gt; -&gt; &lt;gen:5&gt;
             - CompositeQuerySpaceImpl(uid=&lt;gen:5&gt;)
                - SQL table alias mapping - customer0_
          - JOIN (JoinDefinedByMetadata(name)) : &lt;gen:0&gt; -&gt; &lt;gen:6&gt;
             - CompositeQuerySpaceImpl(uid=&lt;gen:6&gt;)
                - SQL table alias mapping - customer0_

16:08:34.829 [main] DEBUG o.h.loader.entity.plan.EntityLoader - Static select for entity com.startup.musicstore.domain.Customer [PESSIMISTIC_WRITE]: select customer0_.id as id1_3_0_, customer0_.cellNumber as cellNumb2_3_0_, customer0_.phonenumber as phonenum3_3_0_, customer0_.postalAddress as postalAd4_3_0_, customer0_.streetAddress as streetAd5_3_0_, customer0_.customerNumber as customer6_3_0_, customer0_.dateOfBirth as dateOfBi7_3_0_, customer0_.gender as gender8_3_0_, customer0_.race as race9_3_0_, customer0_.firstName as firstNa10_3_0_, customer0_.lastName as lastNam11_3_0_ from Customer customer0_ where customer0_.id=? for update with rs
16:08:34.829 [main] DEBUG o.h.l.p.b.i.spaces.QuerySpacesImpl - Adding QuerySpace : uid = &lt;gen:0&gt; -&gt; org.hibernate.loader.plan.build.internal.spaces.EntityQuerySpaceImpl@7e9da981]
16:08:34.829 [main] DEBUG o.h.p.w.spi.MetamodelGraphWalker - Visiting attribute path : contact
16:08:34.829 [main] DEBUG o.h.l.p.b.i.spaces.QuerySpacesImpl - Adding QuerySpace : uid = &lt;gen:1&gt; -&gt; org.hibernate.loader.plan.build.internal.spaces.CompositeQuerySpaceImpl@3d43fe]
16:08:34.829 [main] DEBUG o.h.p.w.spi.MetamodelGraphWalker - Visiting attribute path : contact.cellNumber
16:08:34.829 [main] DEBUG o.h.p.w.spi.MetamodelGraphWalker - Visiting attribute path : contact.phonenumber
16:08:34.829 [main] DEBUG o.h.p.w.spi.MetamodelGraphWalker - Visiting attribute path : creditCards
16:08:34.829 [main] DEBUG o.h.l.p.b.i.spaces.QuerySpacesImpl - Adding QuerySpace : uid = &lt;gen:2&gt; -&gt; org.hibernate.loader.plan.build.internal.spaces.CollectionQuerySpaceImpl@676ff3b0]
16:08:34.829 [main] DEBUG o.h.l.p.b.i.spaces.QuerySpacesImpl - Adding QuerySpace : uid = &lt;gen:3&gt; -&gt; org.hibernate.loader.plan.build.internal.spaces.EntityQuerySpaceImpl@35ff8fc9]
16:08:34.829 [main] DEBUG o.h.p.w.spi.MetamodelGraphWalker - Visiting attribute path : customerAddress
16:08:34.829 [main] DEBUG o.h.l.p.b.i.spaces.QuerySpacesImpl - Adding QuerySpace : uid = &lt;gen:4&gt; -&gt; org.hibernate.loader.plan.build.internal.spaces.CompositeQuerySpaceImpl@5fb7183b]
16:08:34.829 [main] DEBUG o.h.p.w.spi.MetamodelGraphWalker - Visiting attribute path : customerAddress.postalAddress
16:08:34.829 [main] DEBUG o.h.p.w.spi.MetamodelGraphWalker - Visiting attribute path : customerAddress.streetAddress
16:08:34.829 [main] DEBUG o.h.p.w.spi.MetamodelGraphWalker - Visiting attribute path : customerNumber
16:08:34.829 [main] DEBUG o.h.p.w.spi.MetamodelGraphWalker - Visiting attribute path : demographic
16:08:34.829 [main] DEBUG o.h.l.p.b.i.spaces.QuerySpacesImpl - Adding QuerySpace : uid = &lt;gen:5&gt; -&gt; org.hibernate.loader.plan.build.internal.spaces.CompositeQuerySpaceImpl@5f80fa43]
16:08:34.829 [main] DEBUG o.h.p.w.spi.MetamodelGraphWalker - Visiting attribute path : demographic.dateOfBirth
16:08:34.829 [main] DEBUG o.h.p.w.spi.MetamodelGraphWalker - Visiting attribute path : demographic.gender
16:08:34.829 [main] DEBUG o.h.p.w.spi.MetamodelGraphWalker - Visiting attribute path : demographic.race
16:08:34.830 [main] DEBUG o.h.p.w.spi.MetamodelGraphWalker - Visiting attribute path : name
16:08:34.830 [main] DEBUG o.h.l.p.b.i.spaces.QuerySpacesImpl - Adding QuerySpace : uid = &lt;gen:6&gt; -&gt; org.hibernate.loader.plan.build.internal.spaces.CompositeQuerySpaceImpl@7159139f]
16:08:34.830 [main] DEBUG o.h.p.w.spi.MetamodelGraphWalker - Visiting attribute path : name.firstName
16:08:34.830 [main] DEBUG o.h.p.w.spi.MetamodelGraphWalker - Visiting attribute path : name.lastName
16:08:34.830 [main] DEBUG o.h.p.w.spi.MetamodelGraphWalker - Visiting attribute path : orders
16:08:34.830 [main] DEBUG o.h.l.p.b.i.spaces.QuerySpacesImpl - Adding QuerySpace : uid = &lt;gen:7&gt; -&gt; org.hibernate.loader.plan.build.internal.spaces.CollectionQuerySpaceImpl@3db64bd4]
16:08:34.830 [main] DEBUG o.h.l.p.b.i.spaces.QuerySpacesImpl - Adding QuerySpace : uid = &lt;gen:8&gt; -&gt; org.hibernate.loader.plan.build.internal.spaces.EntityQuerySpaceImpl@6e106680]
16:08:34.830 [main] DEBUG o.h.l.p.b.i.FetchStyleLoadPlanBuildingAssociationVisitationStrategy - Building LoadPlan...
16:08:34.830 [main] DEBUG o.h.l.p.e.i.LoadQueryJoinAndFetchProcessor - processing queryspace &lt;gen:0&gt;
16:08:34.830 [main] DEBUG o.h.l.p.b.spi.LoadPlanTreePrinter - LoadPlan(entity=com.startup.musicstore.domain.Customer)
    - Returns
       - EntityReturnImpl(entity=com.startup.musicstore.domain.Customer, querySpaceUid=&lt;gen:0&gt;, path=com.startup.musicstore.domain.Customer)
          - CompositeAttributeFetchImpl(composite=com.startup.musicstore.domain.Contact, querySpaceUid=&lt;gen:1&gt;, path=com.startup.musicstore.domain.Customer.contact)
          - CollectionAttributeFetchImpl(collection=com.startup.musicstore.domain.Customer.creditCards, querySpaceUid=&lt;gen:2&gt;, path=com.startup.musicstore.domain.Customer.creditCards)
             - (collection element) CollectionFetchableElementEntityGraph(entity=com.startup.musicstore.domain.CreditCard, querySpaceUid=&lt;gen:3&gt;, path=com.startup.musicstore.domain.Customer.creditCards.&lt;elements&gt;)
          - CompositeAttributeFetchImpl(composite=com.startup.musicstore.domain.CustomerAddress, querySpaceUid=&lt;gen:4&gt;, path=com.startup.musicstore.domain.Customer.customerAddress)
          - CompositeAttributeFetchImpl(composite=com.startup.musicstore.domain.Demographic, querySpaceUid=&lt;gen:5&gt;, path=com.startup.musicstore.domain.Customer.demographic)
          - CompositeAttributeFetchImpl(composite=com.startup.musicstore.domain.Name, querySpaceUid=&lt;gen:6&gt;, path=com.startup.musicstore.domain.Customer.name)
          - CollectionAttributeFetchImpl(collection=com.startup.musicstore.domain.Customer.orders, querySpaceUid=&lt;gen:7&gt;, path=com.startup.musicstore.domain.Customer.orders)
             - (collection element) CollectionFetchableElementEntityGraph(entity=com.startup.musicstore.domain.OrderData, querySpaceUid=&lt;gen:8&gt;, path=com.startup.musicstore.domain.Customer.orders.&lt;elements&gt;)
    - QuerySpaces
       - EntityQuerySpaceImpl(uid=&lt;gen:0&gt;, entity=com.startup.musicstore.domain.Customer)
          - SQL table alias mapping - customer0_
          - alias suffix - 0_
          - suffixed key columns - {id1_3_0_}
          - JOIN (JoinDefinedByMetadata(contact)) : &lt;gen:0&gt; -&gt; &lt;gen:1&gt;
             - CompositeQuerySpaceImpl(uid=&lt;gen:1&gt;)
                - SQL table alias mapping - customer0_
          - JOIN (JoinDefinedByMetadata(customerAddress)) : &lt;gen:0&gt; -&gt; &lt;gen:4&gt;
             - CompositeQuerySpaceImpl(uid=&lt;gen:4&gt;)
                - SQL table alias mapping - customer0_
          - JOIN (JoinDefinedByMetadata(demographic)) : &lt;gen:0&gt; -&gt; &lt;gen:5&gt;
             - CompositeQuerySpaceImpl(uid=&lt;gen:5&gt;)
                - SQL table alias mapping - customer0_
          - JOIN (JoinDefinedByMetadata(name)) : &lt;gen:0&gt; -&gt; &lt;gen:6&gt;
             - CompositeQuerySpaceImpl(uid=&lt;gen:6&gt;)
                - SQL table alias mapping - customer0_

16:08:34.830 [main] DEBUG o.h.loader.entity.plan.EntityLoader - Static select for entity com.startup.musicstore.domain.Customer [PESSIMISTIC_FORCE_INCREMENT]: select customer0_.id as id1_3_0_, customer0_.cellNumber as cellNumb2_3_0_, customer0_.phonenumber as phonenum3_3_0_, customer0_.postalAddress as postalAd4_3_0_, customer0_.streetAddress as streetAd5_3_0_, customer0_.customerNumber as customer6_3_0_, customer0_.dateOfBirth as dateOfBi7_3_0_, customer0_.gender as gender8_3_0_, customer0_.race as race9_3_0_, customer0_.firstName as firstNa10_3_0_, customer0_.lastName as lastNam11_3_0_ from Customer customer0_ where customer0_.id=? for update with rs
16:08:34.830 [main] DEBUG o.h.l.p.b.i.spaces.QuerySpacesImpl - Adding QuerySpace : uid = &lt;gen:0&gt; -&gt; org.hibernate.loader.plan.build.internal.spaces.EntityQuerySpaceImpl@576c5536]
16:08:34.830 [main] DEBUG o.h.p.w.spi.MetamodelGraphWalker - Visiting attribute path : contact
16:08:34.830 [main] DEBUG o.h.l.p.b.i.spaces.QuerySpacesImpl - Adding QuerySpace : uid = &lt;gen:1&gt; -&gt; org.hibernate.loader.plan.build.internal.spaces.CompositeQuerySpaceImpl@5a8ba37c]
16:08:34.830 [main] DEBUG o.h.p.w.spi.MetamodelGraphWalker - Visiting attribute path : contact.cellNumber
16:08:34.830 [main] DEBUG o.h.p.w.spi.MetamodelGraphWalker - Visiting attribute path : contact.phonenumber
16:08:34.830 [main] DEBUG o.h.p.w.spi.MetamodelGraphWalker - Visiting attribute path : creditCards
16:08:34.830 [main] DEBUG o.h.l.p.b.i.spaces.QuerySpacesImpl - Adding QuerySpace : uid = &lt;gen:2&gt; -&gt; org.hibernate.loader.plan.build.internal.spaces.CollectionQuerySpaceImpl@232cce0]
16:08:34.830 [main] DEBUG o.h.l.p.b.i.spaces.QuerySpacesImpl - Adding QuerySpace : uid = &lt;gen:3&gt; -&gt; org.hibernate.loader.plan.build.internal.spaces.EntityQuerySpaceImpl@32b9bd12]
16:08:34.830 [main] DEBUG o.h.p.w.spi.MetamodelGraphWalker - Visiting attribute path : customerAddress
16:08:34.830 [main] DEBUG o.h.l.p.b.i.spaces.QuerySpacesImpl - Adding QuerySpace : uid = &lt;gen:4&gt; -&gt; org.hibernate.loader.plan.build.internal.spaces.CompositeQuerySpaceImpl@352e787a]
16:08:34.830 [main] DEBUG o.h.p.w.spi.MetamodelGraphWalker - Visiting attribute path : customerAddress.postalAddress
16:08:34.830 [main] DEBUG o.h.p.w.spi.MetamodelGraphWalker - Visiting attribute path : customerAddress.streetAddress
16:08:34.830 [main] DEBUG o.h.p.w.spi.MetamodelGraphWalker - Visiting attribute path : customerNumber
16:08:34.830 [main] DEBUG o.h.p.w.spi.MetamodelGraphWalker - Visiting attribute path : demographic
16:08:34.830 [main] DEBUG o.h.l.p.b.i.spaces.QuerySpacesImpl - Adding QuerySpace : uid = &lt;gen:5&gt; -&gt; org.hibernate.loader.plan.build.internal.spaces.CompositeQuerySpaceImpl@15bc339]
16:08:34.830 [main] DEBUG o.h.p.w.spi.MetamodelGraphWalker - Visiting attribute path : demographic.dateOfBirth
16:08:34.830 [main] DEBUG o.h.p.w.spi.MetamodelGraphWalker - Visiting attribute path : demographic.gender
16:08:34.830 [main] DEBUG o.h.p.w.spi.MetamodelGraphWalker - Visiting attribute path : demographic.race
16:08:34.830 [main] DEBUG o.h.p.w.spi.MetamodelGraphWalker - Visiting attribute path : name
16:08:34.830 [main] DEBUG o.h.l.p.b.i.spaces.QuerySpacesImpl - Adding QuerySpace : uid = &lt;gen:6&gt; -&gt; org.hibernate.loader.plan.build.internal.spaces.CompositeQuerySpaceImpl@385ef531]
16:08:34.830 [main] DEBUG o.h.p.w.spi.MetamodelGraphWalker - Visiting attribute path : name.firstName
16:08:34.830 [main] DEBUG o.h.p.w.spi.MetamodelGraphWalker - Visiting attribute path : name.lastName
16:08:34.830 [main] DEBUG o.h.p.w.spi.MetamodelGraphWalker - Visiting attribute path : orders
16:08:34.831 [main] DEBUG o.h.l.p.b.i.spaces.QuerySpacesImpl - Adding QuerySpace : uid = &lt;gen:7&gt; -&gt; org.hibernate.loader.plan.build.internal.spaces.CollectionQuerySpaceImpl@205b132e]
16:08:34.831 [main] DEBUG o.h.l.p.b.i.spaces.QuerySpacesImpl - Adding QuerySpace : uid = &lt;gen:8&gt; -&gt; org.hibernate.loader.plan.build.internal.spaces.EntityQuerySpaceImpl@73044cdf]
16:08:34.831 [main] DEBUG o.h.l.p.b.i.FetchStyleLoadPlanBuildingAssociationVisitationStrategy - Building LoadPlan...
16:08:34.831 [main] DEBUG o.h.l.p.e.i.LoadQueryJoinAndFetchProcessor - processing queryspace &lt;gen:0&gt;
16:08:34.831 [main] DEBUG o.h.l.p.b.spi.LoadPlanTreePrinter - LoadPlan(entity=com.startup.musicstore.domain.Customer)
    - Returns
       - EntityReturnImpl(entity=com.startup.musicstore.domain.Customer, querySpaceUid=&lt;gen:0&gt;, path=com.startup.musicstore.domain.Customer)
          - CompositeAttributeFetchImpl(composite=com.startup.musicstore.domain.Contact, querySpaceUid=&lt;gen:1&gt;, path=com.startup.musicstore.domain.Customer.contact)
          - CollectionAttributeFetchImpl(collection=com.startup.musicstore.domain.Customer.creditCards, querySpaceUid=&lt;gen:2&gt;, path=com.startup.musicstore.domain.Customer.creditCards)
             - (collection element) CollectionFetchableElementEntityGraph(entity=com.startup.musicstore.domain.CreditCard, querySpaceUid=&lt;gen:3&gt;, path=com.startup.musicstore.domain.Customer.creditCards.&lt;elements&gt;)
          - CompositeAttributeFetchImpl(composite=com.startup.musicstore.domain.CustomerAddress, querySpaceUid=&lt;gen:4&gt;, path=com.startup.musicstore.domain.Customer.customerAddress)
          - CompositeAttributeFetchImpl(composite=com.startup.musicstore.domain.Demographic, querySpaceUid=&lt;gen:5&gt;, path=com.startup.musicstore.domain.Customer.demographic)
          - CompositeAttributeFetchImpl(composite=com.startup.musicstore.domain.Name, querySpaceUid=&lt;gen:6&gt;, path=com.startup.musicstore.domain.Customer.name)
          - CollectionAttributeFetchImpl(collection=com.startup.musicstore.domain.Customer.orders, querySpaceUid=&lt;gen:7&gt;, path=com.startup.musicstore.domain.Customer.orders)
             - (collection element) CollectionFetchableElementEntityGraph(entity=com.startup.musicstore.domain.OrderData, querySpaceUid=&lt;gen:8&gt;, path=com.startup.musicstore.domain.Customer.orders.&lt;elements&gt;)
    - QuerySpaces
       - EntityQuerySpaceImpl(uid=&lt;gen:0&gt;, entity=com.startup.musicstore.domain.Customer)
          - SQL table alias mapping - customer0_
          - alias suffix - 0_
          - suffixed key columns - {id1_3_0_}
          - JOIN (JoinDefinedByMetadata(contact)) : &lt;gen:0&gt; -&gt; &lt;gen:1&gt;
             - CompositeQuerySpaceImpl(uid=&lt;gen:1&gt;)
                - SQL table alias mapping - customer0_
          - JOIN (JoinDefinedByMetadata(customerAddress)) : &lt;gen:0&gt; -&gt; &lt;gen:4&gt;
             - CompositeQuerySpaceImpl(uid=&lt;gen:4&gt;)
                - SQL table alias mapping - customer0_
          - JOIN (JoinDefinedByMetadata(demographic)) : &lt;gen:0&gt; -&gt; &lt;gen:5&gt;
             - CompositeQuerySpaceImpl(uid=&lt;gen:5&gt;)
                - SQL table alias mapping - customer0_
          - JOIN (JoinDefinedByMetadata(name)) : &lt;gen:0&gt; -&gt; &lt;gen:6&gt;
             - CompositeQuerySpaceImpl(uid=&lt;gen:6&gt;)
                - SQL table alias mapping - customer0_

16:08:34.831 [main] DEBUG o.h.loader.entity.plan.EntityLoader - Static select for entity com.startup.musicstore.domain.Customer [OPTIMISTIC]: select customer0_.id as id1_3_0_, customer0_.cellNumber as cellNumb2_3_0_, customer0_.phonenumber as phonenum3_3_0_, customer0_.postalAddress as postalAd4_3_0_, customer0_.streetAddress as streetAd5_3_0_, customer0_.customerNumber as customer6_3_0_, customer0_.dateOfBirth as dateOfBi7_3_0_, customer0_.gender as gender8_3_0_, customer0_.race as race9_3_0_, customer0_.firstName as firstNa10_3_0_, customer0_.lastName as lastNam11_3_0_ from Customer customer0_ where customer0_.id=?
16:08:34.831 [main] DEBUG o.h.l.p.b.i.spaces.QuerySpacesImpl - Adding QuerySpace : uid = &lt;gen:0&gt; -&gt; org.hibernate.loader.plan.build.internal.spaces.EntityQuerySpaceImpl@3cbcd8f3]
16:08:34.831 [main] DEBUG o.h.p.w.spi.MetamodelGraphWalker - Visiting attribute path : contact
16:08:34.831 [main] DEBUG o.h.l.p.b.i.spaces.QuerySpacesImpl - Adding QuerySpace : uid = &lt;gen:1&gt; -&gt; org.hibernate.loader.plan.build.internal.spaces.CompositeQuerySpaceImpl@9a2ec9b]
16:08:34.831 [main] DEBUG o.h.p.w.spi.MetamodelGraphWalker - Visiting attribute path : contact.cellNumber
16:08:34.831 [main] DEBUG o.h.p.w.spi.MetamodelGraphWalker - Visiting attribute path : contact.phonenumber
16:08:34.831 [main] DEBUG o.h.p.w.spi.MetamodelGraphWalker - Visiting attribute path : creditCards
16:08:34.831 [main] DEBUG o.h.l.p.b.i.spaces.QuerySpacesImpl - Adding QuerySpace : uid = &lt;gen:2&gt; -&gt; org.hibernate.loader.plan.build.internal.spaces.CollectionQuerySpaceImpl@2301b75]
16:08:34.831 [main] DEBUG o.h.l.p.b.i.spaces.QuerySpacesImpl - Adding QuerySpace : uid = &lt;gen:3&gt; -&gt; org.hibernate.loader.plan.build.internal.spaces.EntityQuerySpaceImpl@3104f7bd]
16:08:34.831 [main] DEBUG o.h.p.w.spi.MetamodelGraphWalker - Visiting attribute path : customerAddress
16:08:34.831 [main] DEBUG o.h.l.p.b.i.spaces.QuerySpacesImpl - Adding QuerySpace : uid = &lt;gen:4&gt; -&gt; org.hibernate.loader.plan.build.internal.spaces.CompositeQuerySpaceImpl@2f5c1332]
16:08:34.831 [main] DEBUG o.h.p.w.spi.MetamodelGraphWalker - Visiting attribute path : customerAddress.postalAddress
16:08:34.831 [main] DEBUG o.h.p.w.spi.MetamodelGraphWalker - Visiting attribute path : customerAddress.streetAddress
16:08:34.831 [main] DEBUG o.h.p.w.spi.MetamodelGraphWalker - Visiting attribute path : customerNumber
16:08:34.831 [main] DEBUG o.h.p.w.spi.MetamodelGraphWalker - Visiting attribute path : demographic
16:08:34.831 [main] DEBUG o.h.l.p.b.i.spaces.QuerySpacesImpl - Adding QuerySpace : uid = &lt;gen:5&gt; -&gt; org.hibernate.loader.plan.build.internal.spaces.CompositeQuerySpaceImpl@7cab1508]
16:08:34.831 [main] DEBUG o.h.p.w.spi.MetamodelGraphWalker - Visiting attribute path : demographic.dateOfBirth
16:08:34.831 [main] DEBUG o.h.p.w.spi.MetamodelGraphWalker - Visiting attribute path : demographic.gender
16:08:34.831 [main] DEBUG o.h.p.w.spi.MetamodelGraphWalker - Visiting attribute path : demographic.race
16:08:34.831 [main] DEBUG o.h.p.w.spi.MetamodelGraphWalker - Visiting attribute path : name
16:08:34.831 [main] DEBUG o.h.l.p.b.i.spaces.QuerySpacesImpl - Adding QuerySpace : uid = &lt;gen:6&gt; -&gt; org.hibernate.loader.plan.build.internal.spaces.CompositeQuerySpaceImpl@258ee7de]
16:08:34.831 [main] DEBUG o.h.p.w.spi.MetamodelGraphWalker - Visiting attribute path : name.firstName
16:08:34.831 [main] DEBUG o.h.p.w.spi.MetamodelGraphWalker - Visiting attribute path : name.lastName
16:08:34.831 [main] DEBUG o.h.p.w.spi.MetamodelGraphWalker - Visiting attribute path : orders
16:08:34.831 [main] DEBUG o.h.l.p.b.i.spaces.QuerySpacesImpl - Adding QuerySpace : uid = &lt;gen:7&gt; -&gt; org.hibernate.loader.plan.build.internal.spaces.CollectionQuerySpaceImpl@6d171ce0]
16:08:34.831 [main] DEBUG o.h.l.p.b.i.spaces.QuerySpacesImpl - Adding QuerySpace : uid = &lt;gen:8&gt; -&gt; org.hibernate.loader.plan.build.internal.spaces.EntityQuerySpaceImpl@22bd2039]
16:08:34.831 [main] DEBUG o.h.l.p.b.i.FetchStyleLoadPlanBuildingAssociationVisitationStrategy - Building LoadPlan...
16:08:34.831 [main] DEBUG o.h.l.p.e.i.LoadQueryJoinAndFetchProcessor - processing queryspace &lt;gen:0&gt;
16:08:34.832 [main] DEBUG o.h.l.p.b.spi.LoadPlanTreePrinter - LoadPlan(entity=com.startup.musicstore.domain.Customer)
    - Returns
       - EntityReturnImpl(entity=com.startup.musicstore.domain.Customer, querySpaceUid=&lt;gen:0&gt;, path=com.startup.musicstore.domain.Customer)
          - CompositeAttributeFetchImpl(composite=com.startup.musicstore.domain.Contact, querySpaceUid=&lt;gen:1&gt;, path=com.startup.musicstore.domain.Customer.contact)
          - CollectionAttributeFetchImpl(collection=com.startup.musicstore.domain.Customer.creditCards, querySpaceUid=&lt;gen:2&gt;, path=com.startup.musicstore.domain.Customer.creditCards)
             - (collection element) CollectionFetchableElementEntityGraph(entity=com.startup.musicstore.domain.CreditCard, querySpaceUid=&lt;gen:3&gt;, path=com.startup.musicstore.domain.Customer.creditCards.&lt;elements&gt;)
          - CompositeAttributeFetchImpl(composite=com.startup.musicstore.domain.CustomerAddress, querySpaceUid=&lt;gen:4&gt;, path=com.startup.musicstore.domain.Customer.customerAddress)
          - CompositeAttributeFetchImpl(composite=com.startup.musicstore.domain.Demographic, querySpaceUid=&lt;gen:5&gt;, path=com.startup.musicstore.domain.Customer.demographic)
          - CompositeAttributeFetchImpl(composite=com.startup.musicstore.domain.Name, querySpaceUid=&lt;gen:6&gt;, path=com.startup.musicstore.domain.Customer.name)
          - CollectionAttributeFetchImpl(collection=com.startup.musicstore.domain.Customer.orders, querySpaceUid=&lt;gen:7&gt;, path=com.startup.musicstore.domain.Customer.orders)
             - (collection element) CollectionFetchableElementEntityGraph(entity=com.startup.musicstore.domain.OrderData, querySpaceUid=&lt;gen:8&gt;, path=com.startup.musicstore.domain.Customer.orders.&lt;elements&gt;)
    - QuerySpaces
       - EntityQuerySpaceImpl(uid=&lt;gen:0&gt;, entity=com.startup.musicstore.domain.Customer)
          - SQL table alias mapping - customer0_
          - alias suffix - 0_
          - suffixed key columns - {id1_3_0_}
          - JOIN (JoinDefinedByMetadata(contact)) : &lt;gen:0&gt; -&gt; &lt;gen:1&gt;
             - CompositeQuerySpaceImpl(uid=&lt;gen:1&gt;)
                - SQL table alias mapping - customer0_
          - JOIN (JoinDefinedByMetadata(customerAddress)) : &lt;gen:0&gt; -&gt; &lt;gen:4&gt;
             - CompositeQuerySpaceImpl(uid=&lt;gen:4&gt;)
                - SQL table alias mapping - customer0_
          - JOIN (JoinDefinedByMetadata(demographic)) : &lt;gen:0&gt; -&gt; &lt;gen:5&gt;
             - CompositeQuerySpaceImpl(uid=&lt;gen:5&gt;)
                - SQL table alias mapping - customer0_
          - JOIN (JoinDefinedByMetadata(name)) : &lt;gen:0&gt; -&gt; &lt;gen:6&gt;
             - CompositeQuerySpaceImpl(uid=&lt;gen:6&gt;)
                - SQL table alias mapping - customer0_

16:08:34.832 [main] DEBUG o.h.loader.entity.plan.EntityLoader - Static select for entity com.startup.musicstore.domain.Customer [OPTIMISTIC_FORCE_INCREMENT]: select customer0_.id as id1_3_0_, customer0_.cellNumber as cellNumb2_3_0_, customer0_.phonenumber as phonenum3_3_0_, customer0_.postalAddress as postalAd4_3_0_, customer0_.streetAddress as streetAd5_3_0_, customer0_.customerNumber as customer6_3_0_, customer0_.dateOfBirth as dateOfBi7_3_0_, customer0_.gender as gender8_3_0_, customer0_.race as race9_3_0_, customer0_.firstName as firstNa10_3_0_, customer0_.lastName as lastNam11_3_0_ from Customer customer0_ where customer0_.id=?
16:08:34.832 [main] DEBUG org.hibernate.loader.Loader - Static select for action ACTION_MERGE on entity com.startup.musicstore.domain.Customer: select customer0_.id as id1_3_0_, customer0_.cellNumber as cellNumb2_3_0_, customer0_.phonenumber as phonenum3_3_0_, customer0_.postalAddress as postalAd4_3_0_, customer0_.streetAddress as streetAd5_3_0_, customer0_.customerNumber as customer6_3_0_, customer0_.dateOfBirth as dateOfBi7_3_0_, customer0_.gender as gender8_3_0_, customer0_.race as race9_3_0_, customer0_.firstName as firstNa10_3_0_, customer0_.lastName as lastNam11_3_0_ from Customer customer0_ where customer0_.id=?
16:08:34.832 [main] DEBUG org.hibernate.loader.Loader - Static select for action ACTION_REFRESH on entity com.startup.musicstore.domain.Customer: select customer0_.id as id1_3_0_, customer0_.cellNumber as cellNumb2_3_0_, customer0_.phonenumber as phonenum3_3_0_, customer0_.postalAddress as postalAd4_3_0_, customer0_.streetAddress as streetAd5_3_0_, customer0_.customerNumber as customer6_3_0_, customer0_.dateOfBirth as dateOfBi7_3_0_, customer0_.gender as gender8_3_0_, customer0_.race as race9_3_0_, customer0_.firstName as firstNa10_3_0_, customer0_.lastName as lastNam11_3_0_ from Customer customer0_ where customer0_.id=?
16:08:34.832 [main] DEBUG o.h.p.entity.AbstractEntityPersister - Static SQL for entity: com.startup.musicstore.domain.OrderData
16:08:34.832 [main] DEBUG o.h.p.entity.AbstractEntityPersister -  Version select: select id from OrderData where id =?
16:08:34.832 [main] DEBUG o.h.p.entity.AbstractEntityPersister -  Snapshot select: select orderdata_.id, orderdata_.Q as Q2_5_, orderdata_.date as date3_5_, orderdata_.invoiceStatus as invoiceS4_5_, orderdata_.invoicedate as invoiced5_5_, orderdata_.orderAmount as orderAmo6_5_ from OrderData orderdata_ where orderdata_.id=?
16:08:34.832 [main] DEBUG o.h.p.entity.AbstractEntityPersister -  Insert 0: insert into OrderData (Q, date, invoiceStatus, invoicedate, orderAmount, id) values (?, ?, ?, ?, ?, ?)
16:08:34.832 [main] DEBUG o.h.p.entity.AbstractEntityPersister -  Update 0: update OrderData set Q=?, date=?, invoiceStatus=?, invoicedate=?, orderAmount=? where id=?
16:08:34.832 [main] DEBUG o.h.p.entity.AbstractEntityPersister -  Delete 0: delete from OrderData where id=?
16:08:34.832 [main] DEBUG o.h.p.entity.AbstractEntityPersister -  Identity insert: insert into OrderData (id, Q, date, invoiceStatus, invoicedate, orderAmount) values (default, ?, ?, ?, ?, ?)
16:08:34.832 [main] DEBUG o.h.l.p.b.i.spaces.QuerySpacesImpl - Adding QuerySpace : uid = &lt;gen:0&gt; -&gt; org.hibernate.loader.plan.build.internal.spaces.EntityQuerySpaceImpl@705f83a7]
16:08:34.832 [main] DEBUG o.h.p.w.spi.MetamodelGraphWalker - Visiting attribute path : Q
16:08:34.832 [main] DEBUG o.h.p.w.spi.MetamodelGraphWalker - Visiting attribute path : date
16:08:34.832 [main] DEBUG o.h.p.w.spi.MetamodelGraphWalker - Visiting attribute path : invoice
16:08:34.832 [main] DEBUG o.h.l.p.b.i.spaces.QuerySpacesImpl - Adding QuerySpace : uid = &lt;gen:1&gt; -&gt; org.hibernate.loader.plan.build.internal.spaces.CompositeQuerySpaceImpl@6e1d4137]
16:08:34.832 [main] DEBUG o.h.p.w.spi.MetamodelGraphWalker - Visiting attribute path : invoice.invoiceStatus
16:08:34.832 [main] DEBUG o.h.p.w.spi.MetamodelGraphWalker - Visiting attribute path : invoice.invoicedate
16:08:34.832 [main] DEBUG o.h.p.w.spi.MetamodelGraphWalker - Visiting attribute path : invoice.orderAmount
16:08:34.832 [main] DEBUG o.h.p.w.spi.MetamodelGraphWalker - Visiting attribute path : items
16:08:34.832 [main] DEBUG o.h.l.p.b.i.spaces.QuerySpacesImpl - Adding QuerySpace : uid = &lt;gen:2&gt; -&gt; org.hibernate.loader.plan.build.internal.spaces.CollectionQuerySpaceImpl@29a4f594]
16:08:34.832 [main] DEBUG o.h.l.p.b.i.spaces.QuerySpacesImpl - Adding QuerySpace : uid = &lt;gen:3&gt; -&gt; org.hibernate.loader.plan.build.internal.spaces.EntityQuerySpaceImpl@57b75756]
16:08:34.832 [main] DEBUG o.h.p.w.spi.MetamodelGraphWalker - Visiting attribute path : items.albums
16:08:34.832 [main] DEBUG o.h.l.p.b.i.spaces.QuerySpacesImpl - Adding QuerySpace : uid = &lt;gen:4&gt; -&gt; org.hibernate.loader.plan.build.internal.spaces.CollectionQuerySpaceImpl@287f7811]
16:08:34.832 [main] DEBUG o.h.l.p.b.i.spaces.QuerySpacesImpl - Adding QuerySpace : uid = &lt;gen:5&gt; -&gt; org.hibernate.loader.plan.build.internal.spaces.EntityQuerySpaceImpl@451f87af]
16:08:34.832 [main] DEBUG o.h.p.w.spi.MetamodelGraphWalker - Visiting attribute path : items.albums.albumTitle
16:08:34.832 [main] DEBUG o.h.p.w.spi.MetamodelGraphWalker - Visiting attribute path : items.albums.category
16:08:34.832 [main] DEBUG o.h.l.p.b.i.spaces.QuerySpacesImpl - Adding QuerySpace : uid = &lt;gen:6&gt; -&gt; org.hibernate.loader.plan.build.internal.spaces.EntityQuerySpaceImpl@17271176]
16:08:34.833 [main] DEBUG o.h.p.w.spi.MetamodelGraphWalker - Visiting attribute path : items.albums.category.categoryName
16:08:34.833 [main] DEBUG o.h.p.w.spi.MetamodelGraphWalker - Visiting attribute path : items.albums.info
16:08:34.833 [main] DEBUG o.h.l.p.b.i.spaces.QuerySpacesImpl - Adding QuerySpace : uid = &lt;gen:7&gt; -&gt; org.hibernate.loader.plan.build.internal.spaces.EntityQuerySpaceImpl@2e34384c]
16:08:34.833 [main] DEBUG o.h.p.w.spi.MetamodelGraphWalker - Visiting attribute path : items.albums.info.artist
16:08:34.833 [main] DEBUG o.h.l.p.b.i.spaces.QuerySpacesImpl - Adding QuerySpace : uid = &lt;gen:8&gt; -&gt; org.hibernate.loader.plan.build.internal.spaces.CompositeQuerySpaceImpl@1f52eb6f]
16:08:34.833 [main] DEBUG o.h.p.w.spi.MetamodelGraphWalker - Visiting attribute path : items.albums.info.artist.firstName
16:08:34.833 [main] DEBUG o.h.p.w.spi.MetamodelGraphWalker - Visiting attribute path : items.albums.info.artist.lastName
16:08:34.833 [main] DEBUG o.h.p.w.spi.MetamodelGraphWalker - Visiting attribute path : items.albums.info.review
16:08:34.833 [main] DEBUG o.h.l.p.b.i.spaces.QuerySpacesImpl - Adding QuerySpace : uid = &lt;gen:9&gt; -&gt; org.hibernate.loader.plan.build.internal.spaces.CompositeQuerySpaceImpl@58294867]
16:08:34.833 [main] DEBUG o.h.p.w.spi.MetamodelGraphWalker - Visiting attribute path : items.albums.info.review.description
16:08:34.833 [main] DEBUG o.h.p.w.spi.MetamodelGraphWalker - Visiting attribute path : items.albums.info.review.rating
16:08:34.833 [main] DEBUG o.h.p.w.spi.MetamodelGraphWalker - Visiting attribute path : items.albums.info.statusOfInformation
16:08:34.833 [main] DEBUG o.h.p.w.spi.MetamodelGraphWalker - Visiting attribute path : items.albums.inventory
16:08:34.833 [main] DEBUG o.h.p.w.spi.MetamodelGraphWalker - Visiting attribute path : items.albums.sales
16:08:34.833 [main] DEBUG o.h.p.w.spi.MetamodelGraphWalker - Visiting attribute path : items.albums.tracks
16:08:34.833 [main] DEBUG o.h.l.p.b.i.spaces.QuerySpacesImpl - Adding QuerySpace : uid = &lt;gen:10&gt; -&gt; org.hibernate.loader.plan.build.internal.spaces.CollectionQuerySpaceImpl@6fc3e1a4]
16:08:34.833 [main] DEBUG o.h.l.p.b.i.spaces.QuerySpacesImpl - Adding QuerySpace : uid = &lt;gen:11&gt; -&gt; org.hibernate.loader.plan.build.internal.spaces.EntityQuerySpaceImpl@3fa76c61]
16:08:34.833 [main] DEBUG o.h.p.w.spi.MetamodelGraphWalker - Visiting attribute path : items.albums.tracks.sample
16:08:34.833 [main] DEBUG o.h.l.p.b.i.spaces.QuerySpacesImpl - Adding QuerySpace : uid = &lt;gen:12&gt; -&gt; org.hibernate.loader.plan.build.internal.spaces.CompositeQuerySpaceImpl@29ea78b1]
16:08:34.833 [main] DEBUG o.h.p.w.spi.MetamodelGraphWalker - Visiting attribute path : items.albums.tracks.sample.sampleURL
16:08:34.833 [main] DEBUG o.h.p.w.spi.MetamodelGraphWalker - Visiting attribute path : items.albums.tracks.trackTitle
16:08:34.833 [main] DEBUG o.h.p.w.spi.MetamodelGraphWalker - Visiting attribute path : items.albums.tracks.tracknumber
16:08:34.833 [main] DEBUG o.h.p.w.spi.MetamodelGraphWalker - Visiting attribute path : items.albums.unitPrice
16:08:34.833 [main] DEBUG o.h.p.w.spi.MetamodelGraphWalker - Visiting attribute path : items.quantity
16:08:34.833 [main] DEBUG o.h.l.p.b.i.FetchStyleLoadPlanBuildingAssociationVisitationStrategy - Building LoadPlan...
16:08:34.833 [main] DEBUG o.h.l.p.e.i.LoadQueryJoinAndFetchProcessor - processing queryspace &lt;gen:0&gt;
16:08:34.834 [main] DEBUG o.h.l.p.b.spi.LoadPlanTreePrinter - LoadPlan(entity=com.startup.musicstore.domain.OrderData)
    - Returns
       - EntityReturnImpl(entity=com.startup.musicstore.domain.OrderData, querySpaceUid=&lt;gen:0&gt;, path=com.startup.musicstore.domain.OrderData)
          - CompositeAttributeFetchImpl(composite=com.startup.musicstore.domain.CustomerInvoice, querySpaceUid=&lt;gen:1&gt;, path=com.startup.musicstore.domain.OrderData.invoice)
          - CollectionAttributeFetchImpl(collection=com.startup.musicstore.domain.OrderData.items, querySpaceUid=&lt;gen:2&gt;, path=com.startup.musicstore.domain.OrderData.items)
             - (collection element) CollectionFetchableElementEntityGraph(entity=com.startup.musicstore.domain.OrderItem, querySpaceUid=&lt;gen:3&gt;, path=com.startup.musicstore.domain.OrderData.items.&lt;elements&gt;)
                - CollectionAttributeFetchImpl(collection=com.startup.musicstore.domain.OrderItem.albums, querySpaceUid=&lt;gen:4&gt;, path=com.startup.musicstore.domain.OrderData.items.&lt;elements&gt;.albums)
                   - (collection element) CollectionFetchableElementEntityGraph(entity=com.startup.musicstore.domain.Albums, querySpaceUid=&lt;gen:5&gt;, path=com.startup.musicstore.domain.OrderData.items.&lt;elements&gt;.albums.&lt;elements&gt;)
                      - EntityAttributeFetchImpl(entity=com.startup.musicstore.domain.AlbumCategory, querySpaceUid=&lt;gen:6&gt;, path=com.startup.musicstore.domain.OrderData.items.&lt;elements&gt;.albums.&lt;elements&gt;.category)
                      - EntityAttributeFetchImpl(entity=com.startup.musicstore.domain.MarketingInformation, querySpaceUid=&lt;gen:7&gt;, path=com.startup.musicstore.domain.OrderData.items.&lt;elements&gt;.albums.&lt;elements&gt;.info)
                         - CompositeAttributeFetchImpl(composite=com.startup.musicstore.domain.Artist, querySpaceUid=&lt;gen:8&gt;, path=com.startup.musicstore.domain.OrderData.items.&lt;elements&gt;.albums.&lt;elements&gt;.info.artist)
                         - CompositeAttributeFetchImpl(composite=com.startup.musicstore.domain.Review, querySpaceUid=&lt;gen:9&gt;, path=com.startup.musicstore.domain.OrderData.items.&lt;elements&gt;.albums.&lt;elements&gt;.info.review)
                      - CollectionAttributeFetchImpl(collection=com.startup.musicstore.domain.Albums.tracks, querySpaceUid=&lt;gen:10&gt;, path=com.startup.musicstore.domain.OrderData.items.&lt;elements&gt;.albums.&lt;elements&gt;.tracks)
                         - (collection element) CollectionFetchableElementEntityGraph(entity=com.startup.musicstore.domain.Track, querySpaceUid=&lt;gen:11&gt;, path=com.startup.musicstore.domain.OrderData.items.&lt;elements&gt;.albums.&lt;elements&gt;.tracks.&lt;elements&gt;)
                            - CompositeAttributeFetchImpl(composite=com.startup.musicstore.domain.SampleClip, querySpaceUid=&lt;gen:12&gt;, path=com.startup.musicstore.domain.OrderData.items.&lt;elements&gt;.albums.&lt;elements&gt;.tracks.&lt;elements&gt;.sample)
    - QuerySpaces
       - EntityQuerySpaceImpl(uid=&lt;gen:0&gt;, entity=com.startup.musicstore.domain.OrderData)
          - SQL table alias mapping - orderdata0_
          - alias suffix - 0_
          - suffixed key columns - {id1_5_0_}
          - JOIN (JoinDefinedByMetadata(invoice)) : &lt;gen:0&gt; -&gt; &lt;gen:1&gt;
             - CompositeQuerySpaceImpl(uid=&lt;gen:1&gt;)
                - SQL table alias mapping - orderdata0_
          - JOIN (JoinDefinedByMetadata(items)) : &lt;gen:0&gt; -&gt; &lt;gen:2&gt;
             - CollectionQuerySpaceImpl(uid=&lt;gen:2&gt;, collection=com.startup.musicstore.domain.OrderData.items)
                - SQL table alias mapping - items1_
                - alias suffix - 1_
                - suffixed key columns - {items3_5_1_}
                - entity-element alias suffix - 2_
                - 2_entity-element suffixed key columns - id1_6_2_
                - JOIN (JoinDefinedByMetadata(elements)) : &lt;gen:2&gt; -&gt; &lt;gen:3&gt;
                   - EntityQuerySpaceImpl(uid=&lt;gen:3&gt;, entity=com.startup.musicstore.domain.OrderItem)
                      - SQL table alias mapping - items1_
                      - alias suffix - 2_
                      - suffixed key columns - {id1_6_2_}
                      - JOIN (JoinDefinedByMetadata(albums)) : &lt;gen:3&gt; -&gt; &lt;gen:4&gt;
                         - CollectionQuerySpaceImpl(uid=&lt;gen:4&gt;, collection=com.startup.musicstore.domain.OrderItem.albums)
                            - SQL table alias mapping - albums2_
                            - alias suffix - 3_
                            - suffixed key columns - {tracks8_6_3_}
                            - entity-element alias suffix - 4_
                            - 4_entity-element suffixed key columns - id1_1_4_
                            - JOIN (JoinDefinedByMetadata(elements)) : &lt;gen:4&gt; -&gt; &lt;gen:5&gt;
                               - EntityQuerySpaceImpl(uid=&lt;gen:5&gt;, entity=com.startup.musicstore.domain.Albums)
                                  - SQL table alias mapping - albums2_
                                  - alias suffix - 4_
                                  - suffixed key columns - {id1_1_4_}
                                  - JOIN (JoinDefinedByMetadata(category)) : &lt;gen:5&gt; -&gt; &lt;gen:6&gt;
                                     - EntityQuerySpaceImpl(uid=&lt;gen:6&gt;, entity=com.startup.musicstore.domain.AlbumCategory)
                                        - SQL table alias mapping - albumcateg3_
                                        - alias suffix - 5_
                                        - suffixed key columns - {id1_0_5_}
                                  - JOIN (JoinDefinedByMetadata(info)) : &lt;gen:5&gt; -&gt; &lt;gen:7&gt;
                                     - EntityQuerySpaceImpl(uid=&lt;gen:7&gt;, entity=com.startup.musicstore.domain.MarketingInformation)
                                        - SQL table alias mapping - marketingi4_
                                        - alias suffix - 6_
                                        - suffixed key columns - {id1_4_6_}
                                        - JOIN (JoinDefinedByMetadata(artist)) : &lt;gen:7&gt; -&gt; &lt;gen:8&gt;
                                           - CompositeQuerySpaceImpl(uid=&lt;gen:8&gt;)
                                              - SQL table alias mapping - marketingi4_
                                        - JOIN (JoinDefinedByMetadata(review)) : &lt;gen:7&gt; -&gt; &lt;gen:9&gt;
                                           - CompositeQuerySpaceImpl(uid=&lt;gen:9&gt;)
                                              - SQL table alias mapping - marketingi4_
                                  - JOIN (JoinDefinedByMetadata(tracks)) : &lt;gen:5&gt; -&gt; &lt;gen:10&gt;
                                     - CollectionQuerySpaceImpl(uid=&lt;gen:10&gt;, collection=com.startup.musicstore.domain.Albums.tracks)
                                        - SQL table alias mapping - tracks5_
                                        - alias suffix - 7_
                                        - suffixed key columns - {tracks5_1_7_}
                                        - entity-element alias suffix - 8_
                                        - 8_entity-element suffixed key columns - id1_7_8_
                                        - JOIN (JoinDefinedByMetadata(elements)) : &lt;gen:10&gt; -&gt; &lt;gen:11&gt;
                                           - EntityQuerySpaceImpl(uid=&lt;gen:11&gt;, entity=com.startup.musicstore.domain.Track)
                                              - SQL table alias mapping - tracks5_
                                              - alias suffix - 8_
                                              - suffixed key columns - {id1_7_8_}
                                              - JOIN (JoinDefinedByMetadata(sample)) : &lt;gen:11&gt; -&gt; &lt;gen:12&gt;
                                                 - CompositeQuerySpaceImpl(uid=&lt;gen:12&gt;)
                                                    - SQL table alias mapping - tracks5_

16:08:34.834 [main] DEBUG o.h.loader.entity.plan.EntityLoader - Static select for entity com.startup.musicstore.domain.OrderData [NONE]: select orderdata0_.id as id1_5_0_, orderdata0_.Q as Q2_5_0_, orderdata0_.date as date3_5_0_, orderdata0_.invoiceStatus as invoiceS4_5_0_, orderdata0_.invoicedate as invoiced5_5_0_, orderdata0_.orderAmount as orderAmo6_5_0_, items1_.items as items3_5_1_, items1_.id as id1_6_1_, items1_.id as id1_6_2_, items1_.quantity as quantity2_6_2_, albums2_.tracks as tracks8_6_3_, albums2_.id as id1_1_3_, albums2_.id as id1_1_4_, albums2_.albumTitle as albumTit2_1_4_, albums2_.category as category6_1_4_, albums2_.marketing as marketin7_1_4_, albums2_.inventory as inventor3_1_4_, albums2_.sales as sales4_1_4_, albums2_.unitPrice as unitPric5_1_4_, albumcateg3_.id as id1_0_5_, albumcateg3_.categoryName as category2_0_5_, marketingi4_.id as id1_4_6_, marketingi4_.firstName as firstNam2_4_6_, marketingi4_.lastName as lastName3_4_6_, marketingi4_.description as descript4_4_6_, marketingi4_.rating as rating5_4_6_, marketingi4_.statusOfInformation as statusOf6_4_6_, tracks5_.tracks as tracks5_1_7_, tracks5_.id as id1_7_7_, tracks5_.id as id1_7_8_, tracks5_.sampleURL as sampleUR2_7_8_, tracks5_.trackTitle as trackTit3_7_8_, tracks5_.tracknumber as tracknum4_7_8_ from OrderData orderdata0_ left outer join OrderItem items1_ on orderdata0_.id=items1_.items left outer join Albums albums2_ on items1_.id=albums2_.tracks left outer join AlbumCategory albumcateg3_ on albums2_.category=albumcateg3_.id left outer join MarketingInformation marketingi4_ on albums2_.marketing=marketingi4_.id left outer join Track tracks5_ on albums2_.id=tracks5_.tracks where orderdata0_.id=?
16:08:34.834 [main] DEBUG o.h.l.p.b.i.spaces.QuerySpacesImpl - Adding QuerySpace : uid = &lt;gen:0&gt; -&gt; org.hibernate.loader.plan.build.internal.spaces.EntityQuerySpaceImpl@7baf6acf]
16:08:34.834 [main] DEBUG o.h.p.w.spi.MetamodelGraphWalker - Visiting attribute path : Q
16:08:34.834 [main] DEBUG o.h.p.w.spi.MetamodelGraphWalker - Visiting attribute path : date
16:08:34.834 [main] DEBUG o.h.p.w.spi.MetamodelGraphWalker - Visiting attribute path : invoice
16:08:34.834 [main] DEBUG o.h.l.p.b.i.spaces.QuerySpacesImpl - Adding QuerySpace : uid = &lt;gen:1&gt; -&gt; org.hibernate.loader.plan.build.internal.spaces.CompositeQuerySpaceImpl@7b3315a5]
16:08:34.834 [main] DEBUG o.h.p.w.spi.MetamodelGraphWalker - Visiting attribute path : invoice.invoiceStatus
16:08:34.834 [main] DEBUG o.h.p.w.spi.MetamodelGraphWalker - Visiting attribute path : invoice.invoicedate
16:08:34.834 [main] DEBUG o.h.p.w.spi.MetamodelGraphWalker - Visiting attribute path : invoice.orderAmount
16:08:34.834 [main] DEBUG o.h.p.w.spi.MetamodelGraphWalker - Visiting attribute path : items
16:08:34.834 [main] DEBUG o.h.l.p.b.i.spaces.QuerySpacesImpl - Adding QuerySpace : uid = &lt;gen:2&gt; -&gt; org.hibernate.loader.plan.build.internal.spaces.CollectionQuerySpaceImpl@f72203]
16:08:34.834 [main] DEBUG o.h.l.p.b.i.spaces.QuerySpacesImpl - Adding QuerySpace : uid = &lt;gen:3&gt; -&gt; org.hibernate.loader.plan.build.internal.spaces.EntityQuerySpaceImpl@377008df]
16:08:34.834 [main] DEBUG o.h.p.w.spi.MetamodelGraphWalker - Visiting attribute path : items.albums
16:08:34.834 [main] DEBUG o.h.l.p.b.i.spaces.QuerySpacesImpl - Adding QuerySpace : uid = &lt;gen:4&gt; -&gt; org.hibernate.loader.plan.build.internal.spaces.CollectionQuerySpaceImpl@1be59f28]
16:08:34.834 [main] DEBUG o.h.l.p.b.i.spaces.QuerySpacesImpl - Adding QuerySpace : uid = &lt;gen:5&gt; -&gt; org.hibernate.loader.plan.build.internal.spaces.EntityQuerySpaceImpl@2ce45a7b]
16:08:34.834 [main] DEBUG o.h.p.w.spi.MetamodelGraphWalker - Visiting attribute path : items.albums.albumTitle
16:08:34.834 [main] DEBUG o.h.p.w.spi.MetamodelGraphWalker - Visiting attribute path : items.albums.category
16:08:34.835 [main] DEBUG o.h.l.p.b.i.spaces.QuerySpacesImpl - Adding QuerySpace : uid = &lt;gen:6&gt; -&gt; org.hibernate.loader.plan.build.internal.spaces.EntityQuerySpaceImpl@5a67e962]
16:08:34.835 [main] DEBUG o.h.p.w.spi.MetamodelGraphWalker - Visiting attribute path : items.albums.category.categoryName
16:08:34.835 [main] DEBUG o.h.p.w.spi.MetamodelGraphWalker - Visiting attribute path : items.albums.info
16:08:34.835 [main] DEBUG o.h.l.p.b.i.spaces.QuerySpacesImpl - Adding QuerySpace : uid = &lt;gen:7&gt; -&gt; org.hibernate.loader.plan.build.internal.spaces.EntityQuerySpaceImpl@2bc9a775]
16:08:34.835 [main] DEBUG o.h.p.w.spi.MetamodelGraphWalker - Visiting attribute path : items.albums.info.artist
16:08:34.835 [main] DEBUG o.h.l.p.b.i.spaces.QuerySpacesImpl - Adding QuerySpace : uid = &lt;gen:8&gt; -&gt; org.hibernate.loader.plan.build.internal.spaces.CompositeQuerySpaceImpl@42f9c19a]
16:08:34.835 [main] DEBUG o.h.p.w.spi.MetamodelGraphWalker - Visiting attribute path : items.albums.info.artist.firstName
16:08:34.835 [main] DEBUG o.h.p.w.spi.MetamodelGraphWalker - Visiting attribute path : items.albums.info.artist.lastName
16:08:34.835 [main] DEBUG o.h.p.w.spi.MetamodelGraphWalker - Visiting attribute path : items.albums.info.review
16:08:34.835 [main] DEBUG o.h.l.p.b.i.spaces.QuerySpacesImpl - Adding QuerySpace : uid = &lt;gen:9&gt; -&gt; org.hibernate.loader.plan.build.internal.spaces.CompositeQuerySpaceImpl@2ab2710]
16:08:34.835 [main] DEBUG o.h.p.w.spi.MetamodelGraphWalker - Visiting attribute path : items.albums.info.review.description
16:08:34.835 [main] DEBUG o.h.p.w.spi.MetamodelGraphWalker - Visiting attribute path : items.albums.info.review.rating
16:08:34.835 [main] DEBUG o.h.p.w.spi.MetamodelGraphWalker - Visiting attribute path : items.albums.info.statusOfInformation
16:08:34.835 [main] DEBUG o.h.p.w.spi.MetamodelGraphWalker - Visiting attribute path : items.albums.inventory
16:08:34.835 [main] DEBUG o.h.p.w.spi.MetamodelGraphWalker - Visiting attribute path : items.albums.sales
16:08:34.835 [main] DEBUG o.h.p.w.spi.MetamodelGraphWalker - Visiting attribute path : items.albums.tracks
16:08:34.835 [main] DEBUG o.h.l.p.b.i.spaces.QuerySpacesImpl - Adding QuerySpace : uid = &lt;gen:10&gt; -&gt; org.hibernate.loader.plan.build.internal.spaces.CollectionQuerySpaceImpl@29c2c826]
16:08:34.835 [main] DEBUG o.h.l.p.b.i.spaces.QuerySpacesImpl - Adding QuerySpace : uid = &lt;gen:11&gt; -&gt; org.hibernate.loader.plan.build.internal.spaces.EntityQuerySpaceImpl@3350ebdd]
16:08:34.835 [main] DEBUG o.h.p.w.spi.MetamodelGraphWalker - Visiting attribute path : items.albums.tracks.sample
16:08:34.835 [main] DEBUG o.h.l.p.b.i.spaces.QuerySpacesImpl - Adding QuerySpace : uid = &lt;gen:12&gt; -&gt; org.hibernate.loader.plan.build.internal.spaces.CompositeQuerySpaceImpl@2ba33e2c]
16:08:34.835 [main] DEBUG o.h.p.w.spi.MetamodelGraphWalker - Visiting attribute path : items.albums.tracks.sample.sampleURL
16:08:34.835 [main] DEBUG o.h.p.w.spi.MetamodelGraphWalker - Visiting attribute path : items.albums.tracks.trackTitle
16:08:34.835 [main] DEBUG o.h.p.w.spi.MetamodelGraphWalker - Visiting attribute path : items.albums.tracks.tracknumber
16:08:34.835 [main] DEBUG o.h.p.w.spi.MetamodelGraphWalker - Visiting attribute path : items.albums.unitPrice
16:08:34.835 [main] DEBUG o.h.p.w.spi.MetamodelGraphWalker - Visiting attribute path : items.quantity
16:08:34.835 [main] DEBUG o.h.l.p.b.i.FetchStyleLoadPlanBuildingAssociationVisitationStrategy - Building LoadPlan...
16:08:34.835 [main] DEBUG o.h.l.p.e.i.LoadQueryJoinAndFetchProcessor - processing queryspace &lt;gen:0&gt;
16:08:34.836 [main] DEBUG o.h.l.p.b.spi.LoadPlanTreePrinter - LoadPlan(entity=com.startup.musicstore.domain.OrderData)
    - Returns
       - EntityReturnImpl(entity=com.startup.musicstore.domain.OrderData, querySpaceUid=&lt;gen:0&gt;, path=com.startup.musicstore.domain.OrderData)
          - CompositeAttributeFetchImpl(composite=com.startup.musicstore.domain.CustomerInvoice, querySpaceUid=&lt;gen:1&gt;, path=com.startup.musicstore.domain.OrderData.invoice)
          - CollectionAttributeFetchImpl(collection=com.startup.musicstore.domain.OrderData.items, querySpaceUid=&lt;gen:2&gt;, path=com.startup.musicstore.domain.OrderData.items)
             - (collection element) CollectionFetchableElementEntityGraph(entity=com.startup.musicstore.domain.OrderItem, querySpaceUid=&lt;gen:3&gt;, path=com.startup.musicstore.domain.OrderData.items.&lt;elements&gt;)
                - CollectionAttributeFetchImpl(collection=com.startup.musicstore.domain.OrderItem.albums, querySpaceUid=&lt;gen:4&gt;, path=com.startup.musicstore.domain.OrderData.items.&lt;elements&gt;.albums)
                   - (collection element) CollectionFetchableElementEntityGraph(entity=com.startup.musicstore.domain.Albums, querySpaceUid=&lt;gen:5&gt;, path=com.startup.musicstore.domain.OrderData.items.&lt;elements&gt;.albums.&lt;elements&gt;)
                      - EntityAttributeFetchImpl(entity=com.startup.musicstore.domain.AlbumCategory, querySpaceUid=&lt;gen:6&gt;, path=com.startup.musicstore.domain.OrderData.items.&lt;elements&gt;.albums.&lt;elements&gt;.category)
                      - EntityAttributeFetchImpl(entity=com.startup.musicstore.domain.MarketingInformation, querySpaceUid=&lt;gen:7&gt;, path=com.startup.musicstore.domain.OrderData.items.&lt;elements&gt;.albums.&lt;elements&gt;.info)
                         - CompositeAttributeFetchImpl(composite=com.startup.musicstore.domain.Artist, querySpaceUid=&lt;gen:8&gt;, path=com.startup.musicstore.domain.OrderData.items.&lt;elements&gt;.albums.&lt;elements&gt;.info.artist)
                         - CompositeAttributeFetchImpl(composite=com.startup.musicstore.domain.Review, querySpaceUid=&lt;gen:9&gt;, path=com.startup.musicstore.domain.OrderData.items.&lt;elements&gt;.albums.&lt;elements&gt;.info.review)
                      - CollectionAttributeFetchImpl(collection=com.startup.musicstore.domain.Albums.tracks, querySpaceUid=&lt;gen:10&gt;, path=com.startup.musicstore.domain.OrderData.items.&lt;elements&gt;.albums.&lt;elements&gt;.tracks)
                         - (collection element) CollectionFetchableElementEntityGraph(entity=com.startup.musicstore.domain.Track, querySpaceUid=&lt;gen:11&gt;, path=com.startup.musicstore.domain.OrderData.items.&lt;elements&gt;.albums.&lt;elements&gt;.tracks.&lt;elements&gt;)
                            - CompositeAttributeFetchImpl(composite=com.startup.musicstore.domain.SampleClip, querySpaceUid=&lt;gen:12&gt;, path=com.startup.musicstore.domain.OrderData.items.&lt;elements&gt;.albums.&lt;elements&gt;.tracks.&lt;elements&gt;.sample)
    - QuerySpaces
       - EntityQuerySpaceImpl(uid=&lt;gen:0&gt;, entity=com.startup.musicstore.domain.OrderData)
          - SQL table alias mapping - orderdata0_
          - alias suffix - 0_
          - suffixed key columns - {id1_5_0_}
          - JOIN (JoinDefinedByMetadata(invoice)) : &lt;gen:0&gt; -&gt; &lt;gen:1&gt;
             - CompositeQuerySpaceImpl(uid=&lt;gen:1&gt;)
                - SQL table alias mapping - orderdata0_
          - JOIN (JoinDefinedByMetadata(items)) : &lt;gen:0&gt; -&gt; &lt;gen:2&gt;
             - CollectionQuerySpaceImpl(uid=&lt;gen:2&gt;, collection=com.startup.musicstore.domain.OrderData.items)
                - SQL table alias mapping - items1_
                - alias suffix - 1_
                - suffixed key columns - {items3_5_1_}
                - entity-element alias suffix - 2_
                - 2_entity-element suffixed key columns - id1_6_2_
                - JOIN (JoinDefinedByMetadata(elements)) : &lt;gen:2&gt; -&gt; &lt;gen:3&gt;
                   - EntityQuerySpaceImpl(uid=&lt;gen:3&gt;, entity=com.startup.musicstore.domain.OrderItem)
                      - SQL table alias mapping - items1_
                      - alias suffix - 2_
                      - suffixed key columns - {id1_6_2_}
                      - JOIN (JoinDefinedByMetadata(albums)) : &lt;gen:3&gt; -&gt; &lt;gen:4&gt;
                         - CollectionQuerySpaceImpl(uid=&lt;gen:4&gt;, collection=com.startup.musicstore.domain.OrderItem.albums)
                            - SQL table alias mapping - albums2_
                            - alias suffix - 3_
                            - suffixed key columns - {tracks8_6_3_}
                            - entity-element alias suffix - 4_
                            - 4_entity-element suffixed key columns - id1_1_4_
                            - JOIN (JoinDefinedByMetadata(elements)) : &lt;gen:4&gt; -&gt; &lt;gen:5&gt;
                               - EntityQuerySpaceImpl(uid=&lt;gen:5&gt;, entity=com.startup.musicstore.domain.Albums)
                                  - SQL table alias mapping - albums2_
                                  - alias suffix - 4_
                                  - suffixed key columns - {id1_1_4_}
                                  - JOIN (JoinDefinedByMetadata(category)) : &lt;gen:5&gt; -&gt; &lt;gen:6&gt;
                                     - EntityQuerySpaceImpl(uid=&lt;gen:6&gt;, entity=com.startup.musicstore.domain.AlbumCategory)
                                        - SQL table alias mapping - albumcateg3_
                                        - alias suffix - 5_
                                        - suffixed key columns - {id1_0_5_}
                                  - JOIN (JoinDefinedByMetadata(info)) : &lt;gen:5&gt; -&gt; &lt;gen:7&gt;
                                     - EntityQuerySpaceImpl(uid=&lt;gen:7&gt;, entity=com.startup.musicstore.domain.MarketingInformation)
                                        - SQL table alias mapping - marketingi4_
                                        - alias suffix - 6_
                                        - suffixed key columns - {id1_4_6_}
                                        - JOIN (JoinDefinedByMetadata(artist)) : &lt;gen:7&gt; -&gt; &lt;gen:8&gt;
                                           - CompositeQuerySpaceImpl(uid=&lt;gen:8&gt;)
                                              - SQL table alias mapping - marketingi4_
                                        - JOIN (JoinDefinedByMetadata(review)) : &lt;gen:7&gt; -&gt; &lt;gen:9&gt;
                                           - CompositeQuerySpaceImpl(uid=&lt;gen:9&gt;)
                                              - SQL table alias mapping - marketingi4_
                                  - JOIN (JoinDefinedByMetadata(tracks)) : &lt;gen:5&gt; -&gt; &lt;gen:10&gt;
                                     - CollectionQuerySpaceImpl(uid=&lt;gen:10&gt;, collection=com.startup.musicstore.domain.Albums.tracks)
                                        - SQL table alias mapping - tracks5_
                                        - alias suffix - 7_
                                        - suffixed key columns - {tracks5_1_7_}
                                        - entity-element alias suffix - 8_
                                        - 8_entity-element suffixed key columns - id1_7_8_
                                        - JOIN (JoinDefinedByMetadata(elements)) : &lt;gen:10&gt; -&gt; &lt;gen:11&gt;
                                           - EntityQuerySpaceImpl(uid=&lt;gen:11&gt;, entity=com.startup.musicstore.domain.Track)
                                              - SQL table alias mapping - tracks5_
                                              - alias suffix - 8_
                                              - suffixed key columns - {id1_7_8_}
                                              - JOIN (JoinDefinedByMetadata(sample)) : &lt;gen:11&gt; -&gt; &lt;gen:12&gt;
                                                 - CompositeQuerySpaceImpl(uid=&lt;gen:12&gt;)
                                                    - SQL table alias mapping - tracks5_

16:08:34.836 [main] DEBUG o.h.loader.entity.plan.EntityLoader - Static select for entity com.startup.musicstore.domain.OrderData [READ]: select orderdata0_.id as id1_5_0_, orderdata0_.Q as Q2_5_0_, orderdata0_.date as date3_5_0_, orderdata0_.invoiceStatus as invoiceS4_5_0_, orderdata0_.invoicedate as invoiced5_5_0_, orderdata0_.orderAmount as orderAmo6_5_0_, items1_.items as items3_5_1_, items1_.id as id1_6_1_, items1_.id as id1_6_2_, items1_.quantity as quantity2_6_2_, albums2_.tracks as tracks8_6_3_, albums2_.id as id1_1_3_, albums2_.id as id1_1_4_, albums2_.albumTitle as albumTit2_1_4_, albums2_.category as category6_1_4_, albums2_.marketing as marketin7_1_4_, albums2_.inventory as inventor3_1_4_, albums2_.sales as sales4_1_4_, albums2_.unitPrice as unitPric5_1_4_, albumcateg3_.id as id1_0_5_, albumcateg3_.categoryName as category2_0_5_, marketingi4_.id as id1_4_6_, marketingi4_.firstName as firstNam2_4_6_, marketingi4_.lastName as lastName3_4_6_, marketingi4_.description as descript4_4_6_, marketingi4_.rating as rating5_4_6_, marketingi4_.statusOfInformation as statusOf6_4_6_, tracks5_.tracks as tracks5_1_7_, tracks5_.id as id1_7_7_, tracks5_.id as id1_7_8_, tracks5_.sampleURL as sampleUR2_7_8_, tracks5_.trackTitle as trackTit3_7_8_, tracks5_.tracknumber as tracknum4_7_8_ from OrderData orderdata0_ left outer join OrderItem items1_ on orderdata0_.id=items1_.items left outer join Albums albums2_ on items1_.id=albums2_.tracks left outer join AlbumCategory albumcateg3_ on albums2_.category=albumcateg3_.id left outer join MarketingInformation marketingi4_ on albums2_.marketing=marketingi4_.id left outer join Track tracks5_ on albums2_.id=tracks5_.tracks where orderdata0_.id=?
16:08:34.836 [main] DEBUG o.h.l.p.b.i.spaces.QuerySpacesImpl - Adding QuerySpace : uid = &lt;gen:0&gt; -&gt; org.hibernate.loader.plan.build.internal.spaces.EntityQuerySpaceImpl@31e72cbc]
16:08:34.836 [main] DEBUG o.h.p.w.spi.MetamodelGraphWalker - Visiting attribute path : Q
16:08:34.836 [main] DEBUG o.h.p.w.spi.MetamodelGraphWalker - Visiting attribute path : date
16:08:34.836 [main] DEBUG o.h.p.w.spi.MetamodelGraphWalker - Visiting attribute path : invoice
16:08:34.836 [main] DEBUG o.h.l.p.b.i.spaces.QuerySpacesImpl - Adding QuerySpace : uid = &lt;gen:1&gt; -&gt; org.hibernate.loader.plan.build.internal.spaces.CompositeQuerySpaceImpl@6dcd5639]
16:08:34.836 [main] DEBUG o.h.p.w.spi.MetamodelGraphWalker - Visiting attribute path : invoice.invoiceStatus
16:08:34.836 [main] DEBUG o.h.p.w.spi.MetamodelGraphWalker - Visiting attribute path : invoice.invoicedate
16:08:34.836 [main] DEBUG o.h.p.w.spi.MetamodelGraphWalker - Visiting attribute path : invoice.orderAmount
16:08:34.836 [main] DEBUG o.h.p.w.spi.MetamodelGraphWalker - Visiting attribute path : items
16:08:34.836 [main] DEBUG o.h.l.p.b.i.spaces.QuerySpacesImpl - Adding QuerySpace : uid = &lt;gen:2&gt; -&gt; org.hibernate.loader.plan.build.internal.spaces.CollectionQuerySpaceImpl@333cb916]
16:08:34.836 [main] DEBUG o.h.l.p.b.i.spaces.QuerySpacesImpl - Adding QuerySpace : uid = &lt;gen:3&gt; -&gt; org.hibernate.loader.plan.build.internal.spaces.EntityQuerySpaceImpl@629ae7e]
16:08:34.836 [main] DEBUG o.h.l.p.b.i.FetchStyleLoadPlanBuildingAssociationVisitationStrategy - Building LoadPlan...
16:08:34.836 [main] DEBUG o.h.l.p.e.i.LoadQueryJoinAndFetchProcessor - processing queryspace &lt;gen:0&gt;
16:08:34.836 [main] DEBUG o.h.l.p.b.spi.LoadPlanTreePrinter - LoadPlan(entity=com.startup.musicstore.domain.OrderData)
    - Returns
       - EntityReturnImpl(entity=com.startup.musicstore.domain.OrderData, querySpaceUid=&lt;gen:0&gt;, path=com.startup.musicstore.domain.OrderData)
          - CompositeAttributeFetchImpl(composite=com.startup.musicstore.domain.CustomerInvoice, querySpaceUid=&lt;gen:1&gt;, path=com.startup.musicstore.domain.OrderData.invoice)
          - CollectionAttributeFetchImpl(collection=com.startup.musicstore.domain.OrderData.items, querySpaceUid=&lt;gen:2&gt;, path=com.startup.musicstore.domain.OrderData.items)
             - (collection element) CollectionFetchableElementEntityGraph(entity=com.startup.musicstore.domain.OrderItem, querySpaceUid=&lt;gen:3&gt;, path=com.startup.musicstore.domain.OrderData.items.&lt;elements&gt;)
    - QuerySpaces
       - EntityQuerySpaceImpl(uid=&lt;gen:0&gt;, entity=com.startup.musicstore.domain.OrderData)
          - SQL table alias mapping - orderdata0_
          - alias suffix - 0_
          - suffixed key columns - {id1_5_0_}
          - JOIN (JoinDefinedByMetadata(invoice)) : &lt;gen:0&gt; -&gt; &lt;gen:1&gt;
             - CompositeQuerySpaceImpl(uid=&lt;gen:1&gt;)
                - SQL table alias mapping - orderdata0_

16:08:34.836 [main] DEBUG o.h.loader.entity.plan.EntityLoader - Static select for entity com.startup.musicstore.domain.OrderData [UPGRADE]: select orderdata0_.id as id1_5_0_, orderdata0_.Q as Q2_5_0_, orderdata0_.date as date3_5_0_, orderdata0_.invoiceStatus as invoiceS4_5_0_, orderdata0_.invoicedate as invoiced5_5_0_, orderdata0_.orderAmount as orderAmo6_5_0_ from OrderData orderdata0_ where orderdata0_.id=? for update with rs
16:08:34.836 [main] DEBUG o.h.l.p.b.i.spaces.QuerySpacesImpl - Adding QuerySpace : uid = &lt;gen:0&gt; -&gt; org.hibernate.loader.plan.build.internal.spaces.EntityQuerySpaceImpl@1d25c1c]
16:08:34.836 [main] DEBUG o.h.p.w.spi.MetamodelGraphWalker - Visiting attribute path : Q
16:08:34.836 [main] DEBUG o.h.p.w.spi.MetamodelGraphWalker - Visiting attribute path : date
16:08:34.836 [main] DEBUG o.h.p.w.spi.MetamodelGraphWalker - Visiting attribute path : invoice
16:08:34.836 [main] DEBUG o.h.l.p.b.i.spaces.QuerySpacesImpl - Adding QuerySpace : uid = &lt;gen:1&gt; -&gt; org.hibernate.loader.plan.build.internal.spaces.CompositeQuerySpaceImpl@5bca7664]
16:08:34.837 [main] DEBUG o.h.p.w.spi.MetamodelGraphWalker - Visiting attribute path : invoice.invoiceStatus
16:08:34.837 [main] DEBUG o.h.p.w.spi.MetamodelGraphWalker - Visiting attribute path : invoice.invoicedate
16:08:34.837 [main] DEBUG o.h.p.w.spi.MetamodelGraphWalker - Visiting attribute path : invoice.orderAmount
16:08:34.837 [main] DEBUG o.h.p.w.spi.MetamodelGraphWalker - Visiting attribute path : items
16:08:34.837 [main] DEBUG o.h.l.p.b.i.spaces.QuerySpacesImpl - Adding QuerySpace : uid = &lt;gen:2&gt; -&gt; org.hibernate.loader.plan.build.internal.spaces.CollectionQuerySpaceImpl@3fae596]
16:08:34.837 [main] DEBUG o.h.l.p.b.i.spaces.QuerySpacesImpl - Adding QuerySpace : uid = &lt;gen:3&gt; -&gt; org.hibernate.loader.plan.build.internal.spaces.EntityQuerySpaceImpl@4a0df195]
16:08:34.837 [main] DEBUG o.h.l.p.b.i.FetchStyleLoadPlanBuildingAssociationVisitationStrategy - Building LoadPlan...
16:08:34.837 [main] DEBUG o.h.l.p.e.i.LoadQueryJoinAndFetchProcessor - processing queryspace &lt;gen:0&gt;
16:08:34.837 [main] DEBUG o.h.l.p.b.spi.LoadPlanTreePrinter - LoadPlan(entity=com.startup.musicstore.domain.OrderData)
    - Returns
       - EntityReturnImpl(entity=com.startup.musicstore.domain.OrderData, querySpaceUid=&lt;gen:0&gt;, path=com.startup.musicstore.domain.OrderData)
          - CompositeAttributeFetchImpl(composite=com.startup.musicstore.domain.CustomerInvoice, querySpaceUid=&lt;gen:1&gt;, path=com.startup.musicstore.domain.OrderData.invoice)
          - CollectionAttributeFetchImpl(collection=com.startup.musicstore.domain.OrderData.items, querySpaceUid=&lt;gen:2&gt;, path=com.startup.musicstore.domain.OrderData.items)
             - (collection element) CollectionFetchableElementEntityGraph(entity=com.startup.musicstore.domain.OrderItem, querySpaceUid=&lt;gen:3&gt;, path=com.startup.musicstore.domain.OrderData.items.&lt;elements&gt;)
    - QuerySpaces
       - EntityQuerySpaceImpl(uid=&lt;gen:0&gt;, entity=com.startup.musicstore.domain.OrderData)
          - SQL table alias mapping - orderdata0_
          - alias suffix - 0_
          - suffixed key columns - {id1_5_0_}
          - JOIN (JoinDefinedByMetadata(invoice)) : &lt;gen:0&gt; -&gt; &lt;gen:1&gt;
             - CompositeQuerySpaceImpl(uid=&lt;gen:1&gt;)
                - SQL table alias mapping - orderdata0_

16:08:34.837 [main] DEBUG o.h.loader.entity.plan.EntityLoader - Static select for entity com.startup.musicstore.domain.OrderData [UPGRADE_NOWAIT]: select orderdata0_.id as id1_5_0_, orderdata0_.Q as Q2_5_0_, orderdata0_.date as date3_5_0_, orderdata0_.invoiceStatus as invoiceS4_5_0_, orderdata0_.invoicedate as invoiced5_5_0_, orderdata0_.orderAmount as orderAmo6_5_0_ from OrderData orderdata0_ where orderdata0_.id=? for update with rs
16:08:34.837 [main] DEBUG o.h.l.p.b.i.spaces.QuerySpacesImpl - Adding QuerySpace : uid = &lt;gen:0&gt; -&gt; org.hibernate.loader.plan.build.internal.spaces.EntityQuerySpaceImpl@42fcc7e6]
16:08:34.837 [main] DEBUG o.h.p.w.spi.MetamodelGraphWalker - Visiting attribute path : Q
16:08:34.837 [main] DEBUG o.h.p.w.spi.MetamodelGraphWalker - Visiting attribute path : date
16:08:34.837 [main] DEBUG o.h.p.w.spi.MetamodelGraphWalker - Visiting attribute path : invoice
16:08:34.837 [main] DEBUG o.h.l.p.b.i.spaces.QuerySpacesImpl - Adding QuerySpace : uid = &lt;gen:1&gt; -&gt; org.hibernate.loader.plan.build.internal.spaces.CompositeQuerySpaceImpl@5da7cee2]
16:08:34.837 [main] DEBUG o.h.p.w.spi.MetamodelGraphWalker - Visiting attribute path : invoice.invoiceStatus
16:08:34.837 [main] DEBUG o.h.p.w.spi.MetamodelGraphWalker - Visiting attribute path : invoice.invoicedate
16:08:34.837 [main] DEBUG o.h.p.w.spi.MetamodelGraphWalker - Visiting attribute path : invoice.orderAmount
16:08:34.837 [main] DEBUG o.h.p.w.spi.MetamodelGraphWalker - Visiting attribute path : items
16:08:34.837 [main] DEBUG o.h.l.p.b.i.spaces.QuerySpacesImpl - Adding QuerySpace : uid = &lt;gen:2&gt; -&gt; org.hibernate.loader.plan.build.internal.spaces.CollectionQuerySpaceImpl@5ce4369b]
16:08:34.837 [main] DEBUG o.h.l.p.b.i.spaces.QuerySpacesImpl - Adding QuerySpace : uid = &lt;gen:3&gt; -&gt; org.hibernate.loader.plan.build.internal.spaces.EntityQuerySpaceImpl@7f829c76]
16:08:34.837 [main] DEBUG o.h.l.p.b.i.FetchStyleLoadPlanBuildingAssociationVisitationStrategy - Building LoadPlan...
16:08:34.837 [main] DEBUG o.h.l.p.e.i.LoadQueryJoinAndFetchProcessor - processing queryspace &lt;gen:0&gt;
16:08:34.837 [main] DEBUG o.h.l.p.b.spi.LoadPlanTreePrinter - LoadPlan(entity=com.startup.musicstore.domain.OrderData)
    - Returns
       - EntityReturnImpl(entity=com.startup.musicstore.domain.OrderData, querySpaceUid=&lt;gen:0&gt;, path=com.startup.musicstore.domain.OrderData)
          - CompositeAttributeFetchImpl(composite=com.startup.musicstore.domain.CustomerInvoice, querySpaceUid=&lt;gen:1&gt;, path=com.startup.musicstore.domain.OrderData.invoice)
          - CollectionAttributeFetchImpl(collection=com.startup.musicstore.domain.OrderData.items, querySpaceUid=&lt;gen:2&gt;, path=com.startup.musicstore.domain.OrderData.items)
             - (collection element) CollectionFetchableElementEntityGraph(entity=com.startup.musicstore.domain.OrderItem, querySpaceUid=&lt;gen:3&gt;, path=com.startup.musicstore.domain.OrderData.items.&lt;elements&gt;)
    - QuerySpaces
       - EntityQuerySpaceImpl(uid=&lt;gen:0&gt;, entity=com.startup.musicstore.domain.OrderData)
          - SQL table alias mapping - orderdata0_
          - alias suffix - 0_
          - suffixed key columns - {id1_5_0_}
          - JOIN (JoinDefinedByMetadata(invoice)) : &lt;gen:0&gt; -&gt; &lt;gen:1&gt;
             - CompositeQuerySpaceImpl(uid=&lt;gen:1&gt;)
                - SQL table alias mapping - orderdata0_

16:08:34.837 [main] DEBUG o.h.loader.entity.plan.EntityLoader - Static select for entity com.startup.musicstore.domain.OrderData [UPGRADE_SKIPLOCKED]: select orderdata0_.id as id1_5_0_, orderdata0_.Q as Q2_5_0_, orderdata0_.date as date3_5_0_, orderdata0_.invoiceStatus as invoiceS4_5_0_, orderdata0_.invoicedate as invoiced5_5_0_, orderdata0_.orderAmount as orderAmo6_5_0_ from OrderData orderdata0_ where orderdata0_.id=? for update with rs
16:08:34.837 [main] DEBUG o.h.l.p.b.i.spaces.QuerySpacesImpl - Adding QuerySpace : uid = &lt;gen:0&gt; -&gt; org.hibernate.loader.plan.build.internal.spaces.EntityQuerySpaceImpl@1cb19dba]
16:08:34.837 [main] DEBUG o.h.p.w.spi.MetamodelGraphWalker - Visiting attribute path : Q
16:08:34.837 [main] DEBUG o.h.p.w.spi.MetamodelGraphWalker - Visiting attribute path : date
16:08:34.837 [main] DEBUG o.h.p.w.spi.MetamodelGraphWalker - Visiting attribute path : invoice
16:08:34.837 [main] DEBUG o.h.l.p.b.i.spaces.QuerySpacesImpl - Adding QuerySpace : uid = &lt;gen:1&gt; -&gt; org.hibernate.loader.plan.build.internal.spaces.CompositeQuerySpaceImpl@1931d99]
16:08:34.837 [main] DEBUG o.h.p.w.spi.MetamodelGraphWalker - Visiting attribute path : invoice.invoiceStatus
16:08:34.837 [main] DEBUG o.h.p.w.spi.MetamodelGraphWalker - Visiting attribute path : invoice.invoicedate
16:08:34.838 [main] DEBUG o.h.p.w.spi.MetamodelGraphWalker - Visiting attribute path : invoice.orderAmount
16:08:34.838 [main] DEBUG o.h.p.w.spi.MetamodelGraphWalker - Visiting attribute path : items
16:08:34.838 [main] DEBUG o.h.l.p.b.i.spaces.QuerySpacesImpl - Adding QuerySpace : uid = &lt;gen:2&gt; -&gt; org.hibernate.loader.plan.build.internal.spaces.CollectionQuerySpaceImpl@7ad54c55]
16:08:34.838 [main] DEBUG o.h.l.p.b.i.spaces.QuerySpacesImpl - Adding QuerySpace : uid = &lt;gen:3&gt; -&gt; org.hibernate.loader.plan.build.internal.spaces.EntityQuerySpaceImpl@73017a80]
16:08:34.838 [main] DEBUG o.h.l.p.b.i.FetchStyleLoadPlanBuildingAssociationVisitationStrategy - Building LoadPlan...
16:08:34.838 [main] DEBUG o.h.l.p.e.i.LoadQueryJoinAndFetchProcessor - processing queryspace &lt;gen:0&gt;
16:08:34.838 [main] DEBUG o.h.l.p.b.spi.LoadPlanTreePrinter - LoadPlan(entity=com.startup.musicstore.domain.OrderData)
    - Returns
       - EntityReturnImpl(entity=com.startup.musicstore.domain.OrderData, querySpaceUid=&lt;gen:0&gt;, path=com.startup.musicstore.domain.OrderData)
          - CompositeAttributeFetchImpl(composite=com.startup.musicstore.domain.CustomerInvoice, querySpaceUid=&lt;gen:1&gt;, path=com.startup.musicstore.domain.OrderData.invoice)
          - CollectionAttributeFetchImpl(collection=com.startup.musicstore.domain.OrderData.items, querySpaceUid=&lt;gen:2&gt;, path=com.startup.musicstore.domain.OrderData.items)
             - (collection element) CollectionFetchableElementEntityGraph(entity=com.startup.musicstore.domain.OrderItem, querySpaceUid=&lt;gen:3&gt;, path=com.startup.musicstore.domain.OrderData.items.&lt;elements&gt;)
    - QuerySpaces
       - EntityQuerySpaceImpl(uid=&lt;gen:0&gt;, entity=com.startup.musicstore.domain.OrderData)
          - SQL table alias mapping - orderdata0_
          - alias suffix - 0_
          - suffixed key columns - {id1_5_0_}
          - JOIN (JoinDefinedByMetadata(invoice)) : &lt;gen:0&gt; -&gt; &lt;gen:1&gt;
             - CompositeQuerySpaceImpl(uid=&lt;gen:1&gt;)
                - SQL table alias mapping - orderdata0_

16:08:34.838 [main] DEBUG o.h.loader.entity.plan.EntityLoader - Static select for entity com.startup.musicstore.domain.OrderData [FORCE]: select orderdata0_.id as id1_5_0_, orderdata0_.Q as Q2_5_0_, orderdata0_.date as date3_5_0_, orderdata0_.invoiceStatus as invoiceS4_5_0_, orderdata0_.invoicedate as invoiced5_5_0_, orderdata0_.orderAmount as orderAmo6_5_0_ from OrderData orderdata0_ where orderdata0_.id=? for update with rs
16:08:34.838 [main] DEBUG o.h.l.p.b.i.spaces.QuerySpacesImpl - Adding QuerySpace : uid = &lt;gen:0&gt; -&gt; org.hibernate.loader.plan.build.internal.spaces.EntityQuerySpaceImpl@6ae7deac]
16:08:34.838 [main] DEBUG o.h.p.w.spi.MetamodelGraphWalker - Visiting attribute path : Q
16:08:34.838 [main] DEBUG o.h.p.w.spi.MetamodelGraphWalker - Visiting attribute path : date
16:08:34.838 [main] DEBUG o.h.p.w.spi.MetamodelGraphWalker - Visiting attribute path : invoice
16:08:34.838 [main] DEBUG o.h.l.p.b.i.spaces.QuerySpacesImpl - Adding QuerySpace : uid = &lt;gen:1&gt; -&gt; org.hibernate.loader.plan.build.internal.spaces.CompositeQuerySpaceImpl@1a3e5f23]
16:08:34.838 [main] DEBUG o.h.p.w.spi.MetamodelGraphWalker - Visiting attribute path : invoice.invoiceStatus
16:08:34.838 [main] DEBUG o.h.p.w.spi.MetamodelGraphWalker - Visiting attribute path : invoice.invoicedate
16:08:34.838 [main] DEBUG o.h.p.w.spi.MetamodelGraphWalker - Visiting attribute path : invoice.orderAmount
16:08:34.838 [main] DEBUG o.h.p.w.spi.MetamodelGraphWalker - Visiting attribute path : items
16:08:34.838 [main] DEBUG o.h.l.p.b.i.spaces.QuerySpacesImpl - Adding QuerySpace : uid = &lt;gen:2&gt; -&gt; org.hibernate.loader.plan.build.internal.spaces.CollectionQuerySpaceImpl@365553de]
16:08:34.838 [main] DEBUG o.h.l.p.b.i.spaces.QuerySpacesImpl - Adding QuerySpace : uid = &lt;gen:3&gt; -&gt; org.hibernate.loader.plan.build.internal.spaces.EntityQuerySpaceImpl@34a0ef00]
16:08:34.838 [main] DEBUG o.h.l.p.b.i.FetchStyleLoadPlanBuildingAssociationVisitationStrategy - Building LoadPlan...
16:08:34.838 [main] DEBUG o.h.l.p.e.i.LoadQueryJoinAndFetchProcessor - processing queryspace &lt;gen:0&gt;
16:08:34.838 [main] DEBUG o.h.l.p.b.spi.LoadPlanTreePrinter - LoadPlan(entity=com.startup.musicstore.domain.OrderData)
    - Returns
       - EntityReturnImpl(entity=com.startup.musicstore.domain.OrderData, querySpaceUid=&lt;gen:0&gt;, path=com.startup.musicstore.domain.OrderData)
          - CompositeAttributeFetchImpl(composite=com.startup.musicstore.domain.CustomerInvoice, querySpaceUid=&lt;gen:1&gt;, path=com.startup.musicstore.domain.OrderData.invoice)
          - CollectionAttributeFetchImpl(collection=com.startup.musicstore.domain.OrderData.items, querySpaceUid=&lt;gen:2&gt;, path=com.startup.musicstore.domain.OrderData.items)
             - (collection element) CollectionFetchableElementEntityGraph(entity=com.startup.musicstore.domain.OrderItem, querySpaceUid=&lt;gen:3&gt;, path=com.startup.musicstore.domain.OrderData.items.&lt;elements&gt;)
    - QuerySpaces
       - EntityQuerySpaceImpl(uid=&lt;gen:0&gt;, entity=com.startup.musicstore.domain.OrderData)
          - SQL table alias mapping - orderdata0_
          - alias suffix - 0_
          - suffixed key columns - {id1_5_0_}
          - JOIN (JoinDefinedByMetadata(invoice)) : &lt;gen:0&gt; -&gt; &lt;gen:1&gt;
             - CompositeQuerySpaceImpl(uid=&lt;gen:1&gt;)
                - SQL table alias mapping - orderdata0_

16:08:34.838 [main] DEBUG o.h.loader.entity.plan.EntityLoader - Static select for entity com.startup.musicstore.domain.OrderData [PESSIMISTIC_READ]: select orderdata0_.id as id1_5_0_, orderdata0_.Q as Q2_5_0_, orderdata0_.date as date3_5_0_, orderdata0_.invoiceStatus as invoiceS4_5_0_, orderdata0_.invoicedate as invoiced5_5_0_, orderdata0_.orderAmount as orderAmo6_5_0_ from OrderData orderdata0_ where orderdata0_.id=? for read only with rs
16:08:34.838 [main] DEBUG o.h.l.p.b.i.spaces.QuerySpacesImpl - Adding QuerySpace : uid = &lt;gen:0&gt; -&gt; org.hibernate.loader.plan.build.internal.spaces.EntityQuerySpaceImpl@5c0f79f0]
16:08:34.838 [main] DEBUG o.h.p.w.spi.MetamodelGraphWalker - Visiting attribute path : Q
16:08:34.838 [main] DEBUG o.h.p.w.spi.MetamodelGraphWalker - Visiting attribute path : date
16:08:34.838 [main] DEBUG o.h.p.w.spi.MetamodelGraphWalker - Visiting attribute path : invoice
16:08:34.838 [main] DEBUG o.h.l.p.b.i.spaces.QuerySpacesImpl - Adding QuerySpace : uid = &lt;gen:1&gt; -&gt; org.hibernate.loader.plan.build.internal.spaces.CompositeQuerySpaceImpl@3daa82be]
16:08:34.838 [main] DEBUG o.h.p.w.spi.MetamodelGraphWalker - Visiting attribute path : invoice.invoiceStatus
16:08:34.838 [main] DEBUG o.h.p.w.spi.MetamodelGraphWalker - Visiting attribute path : invoice.invoicedate
16:08:34.838 [main] DEBUG o.h.p.w.spi.MetamodelGraphWalker - Visiting attribute path : invoice.orderAmount
16:08:34.838 [main] DEBUG o.h.p.w.spi.MetamodelGraphWalker - Visiting attribute path : items
16:08:34.839 [main] DEBUG o.h.l.p.b.i.spaces.QuerySpacesImpl - Adding QuerySpace : uid = &lt;gen:2&gt; -&gt; org.hibernate.loader.plan.build.internal.spaces.CollectionQuerySpaceImpl@29a69a35]
16:08:34.839 [main] DEBUG o.h.l.p.b.i.spaces.QuerySpacesImpl - Adding QuerySpace : uid = &lt;gen:3&gt; -&gt; org.hibernate.loader.plan.build.internal.spaces.EntityQuerySpaceImpl@67e28be3]
16:08:34.839 [main] DEBUG o.h.l.p.b.i.FetchStyleLoadPlanBuildingAssociationVisitationStrategy - Building LoadPlan...
16:08:34.839 [main] DEBUG o.h.l.p.e.i.LoadQueryJoinAndFetchProcessor - processing queryspace &lt;gen:0&gt;
16:08:34.839 [main] DEBUG o.h.l.p.b.spi.LoadPlanTreePrinter - LoadPlan(entity=com.startup.musicstore.domain.OrderData)
    - Returns
       - EntityReturnImpl(entity=com.startup.musicstore.domain.OrderData, querySpaceUid=&lt;gen:0&gt;, path=com.startup.musicstore.domain.OrderData)
          - CompositeAttributeFetchImpl(composite=com.startup.musicstore.domain.CustomerInvoice, querySpaceUid=&lt;gen:1&gt;, path=com.startup.musicstore.domain.OrderData.invoice)
          - CollectionAttributeFetchImpl(collection=com.startup.musicstore.domain.OrderData.items, querySpaceUid=&lt;gen:2&gt;, path=com.startup.musicstore.domain.OrderData.items)
             - (collection element) CollectionFetchableElementEntityGraph(entity=com.startup.musicstore.domain.OrderItem, querySpaceUid=&lt;gen:3&gt;, path=com.startup.musicstore.domain.OrderData.items.&lt;elements&gt;)
    - QuerySpaces
       - EntityQuerySpaceImpl(uid=&lt;gen:0&gt;, entity=com.startup.musicstore.domain.OrderData)
          - SQL table alias mapping - orderdata0_
          - alias suffix - 0_
          - suffixed key columns - {id1_5_0_}
          - JOIN (JoinDefinedByMetadata(invoice)) : &lt;gen:0&gt; -&gt; &lt;gen:1&gt;
             - CompositeQuerySpaceImpl(uid=&lt;gen:1&gt;)
                - SQL table alias mapping - orderdata0_

16:08:34.839 [main] DEBUG o.h.loader.entity.plan.EntityLoader - Static select for entity com.startup.musicstore.domain.OrderData [PESSIMISTIC_WRITE]: select orderdata0_.id as id1_5_0_, orderdata0_.Q as Q2_5_0_, orderdata0_.date as date3_5_0_, orderdata0_.invoiceStatus as invoiceS4_5_0_, orderdata0_.invoicedate as invoiced5_5_0_, orderdata0_.orderAmount as orderAmo6_5_0_ from OrderData orderdata0_ where orderdata0_.id=? for update with rs
16:08:34.839 [main] DEBUG o.h.l.p.b.i.spaces.QuerySpacesImpl - Adding QuerySpace : uid = &lt;gen:0&gt; -&gt; org.hibernate.loader.plan.build.internal.spaces.EntityQuerySpaceImpl@e344ad3]
16:08:34.839 [main] DEBUG o.h.p.w.spi.MetamodelGraphWalker - Visiting attribute path : Q
16:08:34.839 [main] DEBUG o.h.p.w.spi.MetamodelGraphWalker - Visiting attribute path : date
16:08:34.839 [main] DEBUG o.h.p.w.spi.MetamodelGraphWalker - Visiting attribute path : invoice
16:08:34.839 [main] DEBUG o.h.l.p.b.i.spaces.QuerySpacesImpl - Adding QuerySpace : uid = &lt;gen:1&gt; -&gt; org.hibernate.loader.plan.build.internal.spaces.CompositeQuerySpaceImpl@108bdbd8]
16:08:34.839 [main] DEBUG o.h.p.w.spi.MetamodelGraphWalker - Visiting attribute path : invoice.invoiceStatus
16:08:34.839 [main] DEBUG o.h.p.w.spi.MetamodelGraphWalker - Visiting attribute path : invoice.invoicedate
16:08:34.839 [main] DEBUG o.h.p.w.spi.MetamodelGraphWalker - Visiting attribute path : invoice.orderAmount
16:08:34.839 [main] DEBUG o.h.p.w.spi.MetamodelGraphWalker - Visiting attribute path : items
16:08:34.839 [main] DEBUG o.h.l.p.b.i.spaces.QuerySpacesImpl - Adding QuerySpace : uid = &lt;gen:2&gt; -&gt; org.hibernate.loader.plan.build.internal.spaces.CollectionQuerySpaceImpl@4f8b4bd0]
16:08:34.839 [main] DEBUG o.h.l.p.b.i.spaces.QuerySpacesImpl - Adding QuerySpace : uid = &lt;gen:3&gt; -&gt; org.hibernate.loader.plan.build.internal.spaces.EntityQuerySpaceImpl@4e904fd5]
16:08:34.839 [main] DEBUG o.h.l.p.b.i.FetchStyleLoadPlanBuildingAssociationVisitationStrategy - Building LoadPlan...
16:08:34.839 [main] DEBUG o.h.l.p.e.i.LoadQueryJoinAndFetchProcessor - processing queryspace &lt;gen:0&gt;
16:08:34.839 [main] DEBUG o.h.l.p.b.spi.LoadPlanTreePrinter - LoadPlan(entity=com.startup.musicstore.domain.OrderData)
    - Returns
       - EntityReturnImpl(entity=com.startup.musicstore.domain.OrderData, querySpaceUid=&lt;gen:0&gt;, path=com.startup.musicstore.domain.OrderData)
          - CompositeAttributeFetchImpl(composite=com.startup.musicstore.domain.CustomerInvoice, querySpaceUid=&lt;gen:1&gt;, path=com.startup.musicstore.domain.OrderData.invoice)
          - CollectionAttributeFetchImpl(collection=com.startup.musicstore.domain.OrderData.items, querySpaceUid=&lt;gen:2&gt;, path=com.startup.musicstore.domain.OrderData.items)
             - (collection element) CollectionFetchableElementEntityGraph(entity=com.startup.musicstore.domain.OrderItem, querySpaceUid=&lt;gen:3&gt;, path=com.startup.musicstore.domain.OrderData.items.&lt;elements&gt;)
    - QuerySpaces
       - EntityQuerySpaceImpl(uid=&lt;gen:0&gt;, entity=com.startup.musicstore.domain.OrderData)
          - SQL table alias mapping - orderdata0_
          - alias suffix - 0_
          - suffixed key columns - {id1_5_0_}
          - JOIN (JoinDefinedByMetadata(invoice)) : &lt;gen:0&gt; -&gt; &lt;gen:1&gt;
             - CompositeQuerySpaceImpl(uid=&lt;gen:1&gt;)
                - SQL table alias mapping - orderdata0_

16:08:34.839 [main] DEBUG o.h.loader.entity.plan.EntityLoader - Static select for entity com.startup.musicstore.domain.OrderData [PESSIMISTIC_FORCE_INCREMENT]: select orderdata0_.id as id1_5_0_, orderdata0_.Q as Q2_5_0_, orderdata0_.date as date3_5_0_, orderdata0_.invoiceStatus as invoiceS4_5_0_, orderdata0_.invoicedate as invoiced5_5_0_, orderdata0_.orderAmount as orderAmo6_5_0_ from OrderData orderdata0_ where orderdata0_.id=? for update with rs
16:08:34.839 [main] DEBUG o.h.l.p.b.i.spaces.QuerySpacesImpl - Adding QuerySpace : uid = &lt;gen:0&gt; -&gt; org.hibernate.loader.plan.build.internal.spaces.EntityQuerySpaceImpl@b18c4]
16:08:34.839 [main] DEBUG o.h.p.w.spi.MetamodelGraphWalker - Visiting attribute path : Q
16:08:34.839 [main] DEBUG o.h.p.w.spi.MetamodelGraphWalker - Visiting attribute path : date
16:08:34.839 [main] DEBUG o.h.p.w.spi.MetamodelGraphWalker - Visiting attribute path : invoice
16:08:34.839 [main] DEBUG o.h.l.p.b.i.spaces.QuerySpacesImpl - Adding QuerySpace : uid = &lt;gen:1&gt; -&gt; org.hibernate.loader.plan.build.internal.spaces.CompositeQuerySpaceImpl@597f48df]
16:08:34.840 [main] DEBUG o.h.p.w.spi.MetamodelGraphWalker - Visiting attribute path : invoice.invoiceStatus
16:08:34.840 [main] DEBUG o.h.p.w.spi.MetamodelGraphWalker - Visiting attribute path : invoice.invoicedate
16:08:34.840 [main] DEBUG o.h.p.w.spi.MetamodelGraphWalker - Visiting attribute path : invoice.orderAmount
16:08:34.840 [main] DEBUG o.h.p.w.spi.MetamodelGraphWalker - Visiting attribute path : items
16:08:34.840 [main] DEBUG o.h.l.p.b.i.spaces.QuerySpacesImpl - Adding QuerySpace : uid = &lt;gen:2&gt; -&gt; org.hibernate.loader.plan.build.internal.spaces.CollectionQuerySpaceImpl@4d48bd85]
16:08:34.840 [main] DEBUG o.h.l.p.b.i.spaces.QuerySpacesImpl - Adding QuerySpace : uid = &lt;gen:3&gt; -&gt; org.hibernate.loader.plan.build.internal.spaces.EntityQuerySpaceImpl@7bbbb6a8]
16:08:34.840 [main] DEBUG o.h.l.p.b.i.FetchStyleLoadPlanBuildingAssociationVisitationStrategy - Building LoadPlan...
16:08:34.840 [main] DEBUG o.h.l.p.e.i.LoadQueryJoinAndFetchProcessor - processing queryspace &lt;gen:0&gt;
16:08:34.840 [main] DEBUG o.h.l.p.b.spi.LoadPlanTreePrinter - LoadPlan(entity=com.startup.musicstore.domain.OrderData)
    - Returns
       - EntityReturnImpl(entity=com.startup.musicstore.domain.OrderData, querySpaceUid=&lt;gen:0&gt;, path=com.startup.musicstore.domain.OrderData)
          - CompositeAttributeFetchImpl(composite=com.startup.musicstore.domain.CustomerInvoice, querySpaceUid=&lt;gen:1&gt;, path=com.startup.musicstore.domain.OrderData.invoice)
          - CollectionAttributeFetchImpl(collection=com.startup.musicstore.domain.OrderData.items, querySpaceUid=&lt;gen:2&gt;, path=com.startup.musicstore.domain.OrderData.items)
             - (collection element) CollectionFetchableElementEntityGraph(entity=com.startup.musicstore.domain.OrderItem, querySpaceUid=&lt;gen:3&gt;, path=com.startup.musicstore.domain.OrderData.items.&lt;elements&gt;)
    - QuerySpaces
       - EntityQuerySpaceImpl(uid=&lt;gen:0&gt;, entity=com.startup.musicstore.domain.OrderData)
          - SQL table alias mapping - orderdata0_
          - alias suffix - 0_
          - suffixed key columns - {id1_5_0_}
          - JOIN (JoinDefinedByMetadata(invoice)) : &lt;gen:0&gt; -&gt; &lt;gen:1&gt;
             - CompositeQuerySpaceImpl(uid=&lt;gen:1&gt;)
                - SQL table alias mapping - orderdata0_

16:08:34.840 [main] DEBUG o.h.loader.entity.plan.EntityLoader - Static select for entity com.startup.musicstore.domain.OrderData [OPTIMISTIC]: select orderdata0_.id as id1_5_0_, orderdata0_.Q as Q2_5_0_, orderdata0_.date as date3_5_0_, orderdata0_.invoiceStatus as invoiceS4_5_0_, orderdata0_.invoicedate as invoiced5_5_0_, orderdata0_.orderAmount as orderAmo6_5_0_ from OrderData orderdata0_ where orderdata0_.id=?
16:08:34.840 [main] DEBUG o.h.l.p.b.i.spaces.QuerySpacesImpl - Adding QuerySpace : uid = &lt;gen:0&gt; -&gt; org.hibernate.loader.plan.build.internal.spaces.EntityQuerySpaceImpl@58a120b0]
16:08:34.840 [main] DEBUG o.h.p.w.spi.MetamodelGraphWalker - Visiting attribute path : Q
16:08:34.840 [main] DEBUG o.h.p.w.spi.MetamodelGraphWalker - Visiting attribute path : date
16:08:34.840 [main] DEBUG o.h.p.w.spi.MetamodelGraphWalker - Visiting attribute path : invoice
16:08:34.841 [main] DEBUG o.h.l.p.b.i.spaces.QuerySpacesImpl - Adding QuerySpace : uid = &lt;gen:1&gt; -&gt; org.hibernate.loader.plan.build.internal.spaces.CompositeQuerySpaceImpl@2ff95fc6]
16:08:34.841 [main] DEBUG o.h.p.w.spi.MetamodelGraphWalker - Visiting attribute path : invoice.invoiceStatus
16:08:34.841 [main] DEBUG o.h.p.w.spi.MetamodelGraphWalker - Visiting attribute path : invoice.invoicedate
16:08:34.841 [main] DEBUG o.h.p.w.spi.MetamodelGraphWalker - Visiting attribute path : invoice.orderAmount
16:08:34.841 [main] DEBUG o.h.p.w.spi.MetamodelGraphWalker - Visiting attribute path : items
16:08:34.841 [main] DEBUG o.h.l.p.b.i.spaces.QuerySpacesImpl - Adding QuerySpace : uid = &lt;gen:2&gt; -&gt; org.hibernate.loader.plan.build.internal.spaces.CollectionQuerySpaceImpl@58a4a74d]
16:08:34.841 [main] DEBUG o.h.l.p.b.i.spaces.QuerySpacesImpl - Adding QuerySpace : uid = &lt;gen:3&gt; -&gt; org.hibernate.loader.plan.build.internal.spaces.EntityQuerySpaceImpl@54aca26f]
16:08:34.841 [main] DEBUG o.h.l.p.b.i.FetchStyleLoadPlanBuildingAssociationVisitationStrategy - Building LoadPlan...
16:08:34.841 [main] DEBUG o.h.l.p.e.i.LoadQueryJoinAndFetchProcessor - processing queryspace &lt;gen:0&gt;
16:08:34.841 [main] DEBUG o.h.l.p.b.spi.LoadPlanTreePrinter - LoadPlan(entity=com.startup.musicstore.domain.OrderData)
    - Returns
       - EntityReturnImpl(entity=com.startup.musicstore.domain.OrderData, querySpaceUid=&lt;gen:0&gt;, path=com.startup.musicstore.domain.OrderData)
          - CompositeAttributeFetchImpl(composite=com.startup.musicstore.domain.CustomerInvoice, querySpaceUid=&lt;gen:1&gt;, path=com.startup.musicstore.domain.OrderData.invoice)
          - CollectionAttributeFetchImpl(collection=com.startup.musicstore.domain.OrderData.items, querySpaceUid=&lt;gen:2&gt;, path=com.startup.musicstore.domain.OrderData.items)
             - (collection element) CollectionFetchableElementEntityGraph(entity=com.startup.musicstore.domain.OrderItem, querySpaceUid=&lt;gen:3&gt;, path=com.startup.musicstore.domain.OrderData.items.&lt;elements&gt;)
    - QuerySpaces
       - EntityQuerySpaceImpl(uid=&lt;gen:0&gt;, entity=com.startup.musicstore.domain.OrderData)
          - SQL table alias mapping - orderdata0_
          - alias suffix - 0_
          - suffixed key columns - {id1_5_0_}
          - JOIN (JoinDefinedByMetadata(invoice)) : &lt;gen:0&gt; -&gt; &lt;gen:1&gt;
             - CompositeQuerySpaceImpl(uid=&lt;gen:1&gt;)
                - SQL table alias mapping - orderdata0_

16:08:34.841 [main] DEBUG o.h.loader.entity.plan.EntityLoader - Static select for entity com.startup.musicstore.domain.OrderData [OPTIMISTIC_FORCE_INCREMENT]: select orderdata0_.id as id1_5_0_, orderdata0_.Q as Q2_5_0_, orderdata0_.date as date3_5_0_, orderdata0_.invoiceStatus as invoiceS4_5_0_, orderdata0_.invoicedate as invoiced5_5_0_, orderdata0_.orderAmount as orderAmo6_5_0_ from OrderData orderdata0_ where orderdata0_.id=?
16:08:34.841 [main] DEBUG org.hibernate.loader.Loader - Static select for action ACTION_MERGE on entity com.startup.musicstore.domain.OrderData: select orderdata0_.id as id1_5_0_, orderdata0_.Q as Q2_5_0_, orderdata0_.date as date3_5_0_, orderdata0_.invoiceStatus as invoiceS4_5_0_, orderdata0_.invoicedate as invoiced5_5_0_, orderdata0_.orderAmount as orderAmo6_5_0_ from OrderData orderdata0_ where orderdata0_.id=?
16:08:34.841 [main] DEBUG org.hibernate.loader.Loader - Static select for action ACTION_REFRESH on entity com.startup.musicstore.domain.OrderData: select orderdata0_.id as id1_5_0_, orderdata0_.Q as Q2_5_0_, orderdata0_.date as date3_5_0_, orderdata0_.invoiceStatus as invoiceS4_5_0_, orderdata0_.invoicedate as invoiced5_5_0_, orderdata0_.orderAmount as orderAmo6_5_0_ from OrderData orderdata0_ where orderdata0_.id=?
16:08:34.845 [main] DEBUG o.h.l.p.b.i.spaces.QuerySpacesImpl - Adding QuerySpace : uid = &lt;gen:0&gt; -&gt; org.hibernate.loader.plan.build.internal.spaces.CollectionQuerySpaceImpl@44de0113]
16:08:34.845 [main] DEBUG o.h.l.p.b.i.spaces.QuerySpacesImpl - Adding QuerySpace : uid = &lt;gen:1&gt; -&gt; org.hibernate.loader.plan.build.internal.spaces.EntityQuerySpaceImpl@236134a1]
16:08:34.845 [main] DEBUG o.h.p.w.spi.MetamodelGraphWalker - Visiting attribute path : albumTitle
16:08:34.845 [main] DEBUG o.h.p.w.spi.MetamodelGraphWalker - Visiting attribute path : category
16:08:34.845 [main] DEBUG o.h.l.p.b.i.spaces.QuerySpacesImpl - Adding QuerySpace : uid = &lt;gen:2&gt; -&gt; org.hibernate.loader.plan.build.internal.spaces.EntityQuerySpaceImpl@42b21d99]
16:08:34.845 [main] DEBUG o.h.p.w.spi.MetamodelGraphWalker - Visiting attribute path : category.categoryName
16:08:34.845 [main] DEBUG o.h.p.w.spi.MetamodelGraphWalker - Visiting attribute path : info
16:08:34.845 [main] DEBUG o.h.l.p.b.i.spaces.QuerySpacesImpl - Adding QuerySpace : uid = &lt;gen:3&gt; -&gt; org.hibernate.loader.plan.build.internal.spaces.EntityQuerySpaceImpl@25b5c5e3]
16:08:34.845 [main] DEBUG o.h.p.w.spi.MetamodelGraphWalker - Visiting attribute path : info.artist
16:08:34.845 [main] DEBUG o.h.l.p.b.i.spaces.QuerySpacesImpl - Adding QuerySpace : uid = &lt;gen:4&gt; -&gt; org.hibernate.loader.plan.build.internal.spaces.CompositeQuerySpaceImpl@37b72ea]
16:08:34.845 [main] DEBUG o.h.p.w.spi.MetamodelGraphWalker - Visiting attribute path : info.artist.firstName
16:08:34.845 [main] DEBUG o.h.p.w.spi.MetamodelGraphWalker - Visiting attribute path : info.artist.lastName
16:08:34.845 [main] DEBUG o.h.p.w.spi.MetamodelGraphWalker - Visiting attribute path : info.review
16:08:34.845 [main] DEBUG o.h.l.p.b.i.spaces.QuerySpacesImpl - Adding QuerySpace : uid = &lt;gen:5&gt; -&gt; org.hibernate.loader.plan.build.internal.spaces.CompositeQuerySpaceImpl@7d37f1c]
16:08:34.845 [main] DEBUG o.h.p.w.spi.MetamodelGraphWalker - Visiting attribute path : info.review.description
16:08:34.845 [main] DEBUG o.h.p.w.spi.MetamodelGraphWalker - Visiting attribute path : info.review.rating
16:08:34.845 [main] DEBUG o.h.p.w.spi.MetamodelGraphWalker - Visiting attribute path : info.statusOfInformation
16:08:34.845 [main] DEBUG o.h.p.w.spi.MetamodelGraphWalker - Visiting attribute path : inventory
16:08:34.845 [main] DEBUG o.h.p.w.spi.MetamodelGraphWalker - Visiting attribute path : sales
16:08:34.845 [main] DEBUG o.h.p.w.spi.MetamodelGraphWalker - Visiting attribute path : tracks
16:08:34.845 [main] DEBUG o.h.l.p.b.i.spaces.QuerySpacesImpl - Adding QuerySpace : uid = &lt;gen:6&gt; -&gt; org.hibernate.loader.plan.build.internal.spaces.CollectionQuerySpaceImpl@3162743f]
16:08:34.845 [main] DEBUG o.h.l.p.b.i.spaces.QuerySpacesImpl - Adding QuerySpace : uid = &lt;gen:7&gt; -&gt; org.hibernate.loader.plan.build.internal.spaces.EntityQuerySpaceImpl@2c708440]
16:08:34.845 [main] DEBUG o.h.p.w.spi.MetamodelGraphWalker - Visiting attribute path : unitPrice
16:08:34.845 [main] DEBUG o.h.l.p.b.i.FetchStyleLoadPlanBuildingAssociationVisitationStrategy - Building LoadPlan...
16:08:34.846 [main] DEBUG o.h.l.p.e.i.LoadQueryJoinAndFetchProcessor - processing queryspace &lt;gen:0&gt;
16:08:34.847 [main] DEBUG o.h.l.p.b.spi.LoadPlanTreePrinter - LoadPlan(collection=com.startup.musicstore.domain.OrderItem.albums)
    - Returns
       - CollectionReturnImpl(collection=com.startup.musicstore.domain.OrderItem.albums, querySpaceUid=&lt;gen:0&gt;, path=[com.startup.musicstore.domain.OrderItem.albums])
          - (collection element) CollectionFetchableElementEntityGraph(entity=com.startup.musicstore.domain.Albums, querySpaceUid=&lt;gen:1&gt;, path=[com.startup.musicstore.domain.OrderItem.albums].&lt;elements&gt;)
             - EntityAttributeFetchImpl(entity=com.startup.musicstore.domain.AlbumCategory, querySpaceUid=&lt;gen:2&gt;, path=[com.startup.musicstore.domain.OrderItem.albums].&lt;elements&gt;.category)
             - EntityAttributeFetchImpl(entity=com.startup.musicstore.domain.MarketingInformation, querySpaceUid=&lt;gen:3&gt;, path=[com.startup.musicstore.domain.OrderItem.albums].&lt;elements&gt;.info)
                - CompositeAttributeFetchImpl(composite=com.startup.musicstore.domain.Artist, querySpaceUid=&lt;gen:4&gt;, path=[com.startup.musicstore.domain.OrderItem.albums].&lt;elements&gt;.info.artist)
                - CompositeAttributeFetchImpl(composite=com.startup.musicstore.domain.Review, querySpaceUid=&lt;gen:5&gt;, path=[com.startup.musicstore.domain.OrderItem.albums].&lt;elements&gt;.info.review)
             - CollectionAttributeFetchImpl(collection=com.startup.musicstore.domain.Albums.tracks, querySpaceUid=&lt;gen:6&gt;, path=[com.startup.musicstore.domain.OrderItem.albums].&lt;elements&gt;.tracks)
                - (collection element) CollectionFetchableElementEntityGraph(entity=com.startup.musicstore.domain.Track, querySpaceUid=&lt;gen:7&gt;, path=[com.startup.musicstore.domain.OrderItem.albums].&lt;elements&gt;.tracks.&lt;elements&gt;)
    - QuerySpaces
       - CollectionQuerySpaceImpl(uid=&lt;gen:0&gt;, collection=com.startup.musicstore.domain.OrderItem.albums)
          - SQL table alias mapping - albums0_
          - alias suffix - 0_
          - suffixed key columns - {tracks8_6_0_}
          - entity-element alias suffix - 1_
          - 1_entity-element suffixed key columns - id1_1_1_
          - JOIN (JoinDefinedByMetadata(elements)) : &lt;gen:0&gt; -&gt; &lt;gen:1&gt;
             - EntityQuerySpaceImpl(uid=&lt;gen:1&gt;, entity=com.startup.musicstore.domain.Albums)
                - SQL table alias mapping - albums0_
                - alias suffix - 1_
                - suffixed key columns - {id1_1_1_}
                - JOIN (JoinDefinedByMetadata(category)) : &lt;gen:1&gt; -&gt; &lt;gen:2&gt;
                   - EntityQuerySpaceImpl(uid=&lt;gen:2&gt;, entity=com.startup.musicstore.domain.AlbumCategory)
                      - SQL table alias mapping - albumcateg1_
                      - alias suffix - 2_
                      - suffixed key columns - {id1_0_2_}
                - JOIN (JoinDefinedByMetadata(info)) : &lt;gen:1&gt; -&gt; &lt;gen:3&gt;
                   - EntityQuerySpaceImpl(uid=&lt;gen:3&gt;, entity=com.startup.musicstore.domain.MarketingInformation)
                      - SQL table alias mapping - marketingi2_
                      - alias suffix - 3_
                      - suffixed key columns - {id1_4_3_}
                      - JOIN (JoinDefinedByMetadata(artist)) : &lt;gen:3&gt; -&gt; &lt;gen:4&gt;
                         - CompositeQuerySpaceImpl(uid=&lt;gen:4&gt;)
                            - SQL table alias mapping - marketingi2_
                      - JOIN (JoinDefinedByMetadata(review)) : &lt;gen:3&gt; -&gt; &lt;gen:5&gt;
                         - CompositeQuerySpaceImpl(uid=&lt;gen:5&gt;)
                            - SQL table alias mapping - marketingi2_

16:08:34.847 [main] DEBUG o.h.l.c.plan.CollectionLoader - Static select for collection com.startup.musicstore.domain.OrderItem.albums: select albums0_.tracks as tracks8_6_0_, albums0_.id as id1_1_0_, albums0_.id as id1_1_1_, albums0_.albumTitle as albumTit2_1_1_, albums0_.category as category6_1_1_, albums0_.marketing as marketin7_1_1_, albums0_.inventory as inventor3_1_1_, albums0_.sales as sales4_1_1_, albums0_.unitPrice as unitPric5_1_1_, albumcateg1_.id as id1_0_2_, albumcateg1_.categoryName as category2_0_2_, marketingi2_.id as id1_4_3_, marketingi2_.firstName as firstNam2_4_3_, marketingi2_.lastName as lastName3_4_3_, marketingi2_.description as descript4_4_3_, marketingi2_.rating as rating5_4_3_, marketingi2_.statusOfInformation as statusOf6_4_3_ from Albums albums0_ left outer join AlbumCategory albumcateg1_ on albums0_.category=albumcateg1_.id left outer join MarketingInformation marketingi2_ on albums0_.marketing=marketingi2_.id where albums0_.tracks=?
16:08:34.847 [main] DEBUG o.h.l.p.b.i.spaces.QuerySpacesImpl - Adding QuerySpace : uid = &lt;gen:0&gt; -&gt; org.hibernate.loader.plan.build.internal.spaces.CollectionQuerySpaceImpl@47547132]
16:08:34.847 [main] DEBUG o.h.l.p.b.i.spaces.QuerySpacesImpl - Adding QuerySpace : uid = &lt;gen:1&gt; -&gt; org.hibernate.loader.plan.build.internal.spaces.EntityQuerySpaceImpl@655523dd]
16:08:34.847 [main] DEBUG o.h.p.w.spi.MetamodelGraphWalker - Visiting attribute path : Q
16:08:34.847 [main] DEBUG o.h.p.w.spi.MetamodelGraphWalker - Visiting attribute path : date
16:08:34.847 [main] DEBUG o.h.p.w.spi.MetamodelGraphWalker - Visiting attribute path : invoice
16:08:34.847 [main] DEBUG o.h.l.p.b.i.spaces.QuerySpacesImpl - Adding QuerySpace : uid = &lt;gen:2&gt; -&gt; org.hibernate.loader.plan.build.internal.spaces.CompositeQuerySpaceImpl@5e1218b4]
16:08:34.847 [main] DEBUG o.h.p.w.spi.MetamodelGraphWalker - Visiting attribute path : invoice.invoiceStatus
16:08:34.847 [main] DEBUG o.h.p.w.spi.MetamodelGraphWalker - Visiting attribute path : invoice.invoicedate
16:08:34.847 [main] DEBUG o.h.p.w.spi.MetamodelGraphWalker - Visiting attribute path : invoice.orderAmount
16:08:34.847 [main] DEBUG o.h.p.w.spi.MetamodelGraphWalker - Visiting attribute path : items
16:08:34.847 [main] DEBUG o.h.l.p.b.i.spaces.QuerySpacesImpl - Adding QuerySpace : uid = &lt;gen:3&gt; -&gt; org.hibernate.loader.plan.build.internal.spaces.CollectionQuerySpaceImpl@c6e0f32]
16:08:34.847 [main] DEBUG o.h.l.p.b.i.spaces.QuerySpacesImpl - Adding QuerySpace : uid = &lt;gen:4&gt; -&gt; org.hibernate.loader.plan.build.internal.spaces.EntityQuerySpaceImpl@6f3f0fae]
16:08:34.847 [main] DEBUG o.h.l.p.b.i.FetchStyleLoadPlanBuildingAssociationVisitationStrategy - Building LoadPlan...
16:08:34.847 [main] DEBUG o.h.l.p.e.i.LoadQueryJoinAndFetchProcessor - processing queryspace &lt;gen:0&gt;
16:08:34.848 [main] DEBUG o.h.l.p.b.spi.LoadPlanTreePrinter - LoadPlan(collection=com.startup.musicstore.domain.Customer.orders)
    - Returns
       - CollectionReturnImpl(collection=com.startup.musicstore.domain.Customer.orders, querySpaceUid=&lt;gen:0&gt;, path=[com.startup.musicstore.domain.Customer.orders])
          - (collection element) CollectionFetchableElementEntityGraph(entity=com.startup.musicstore.domain.OrderData, querySpaceUid=&lt;gen:1&gt;, path=[com.startup.musicstore.domain.Customer.orders].&lt;elements&gt;)
             - CompositeAttributeFetchImpl(composite=com.startup.musicstore.domain.CustomerInvoice, querySpaceUid=&lt;gen:2&gt;, path=[com.startup.musicstore.domain.Customer.orders].&lt;elements&gt;.invoice)
             - CollectionAttributeFetchImpl(collection=com.startup.musicstore.domain.OrderData.items, querySpaceUid=&lt;gen:3&gt;, path=[com.startup.musicstore.domain.Customer.orders].&lt;elements&gt;.items)
                - (collection element) CollectionFetchableElementEntityGraph(entity=com.startup.musicstore.domain.OrderItem, querySpaceUid=&lt;gen:4&gt;, path=[com.startup.musicstore.domain.Customer.orders].&lt;elements&gt;.items.&lt;elements&gt;)
    - QuerySpaces
       - CollectionQuerySpaceImpl(uid=&lt;gen:0&gt;, collection=com.startup.musicstore.domain.Customer.orders)
          - SQL table alias mapping - orders0_
          - alias suffix - 0_
          - suffixed key columns - {Orders7_3_0_}
          - entity-element alias suffix - 1_
          - 1_entity-element suffixed key columns - id1_5_1_
          - JOIN (JoinDefinedByMetadata(elements)) : &lt;gen:0&gt; -&gt; &lt;gen:1&gt;
             - EntityQuerySpaceImpl(uid=&lt;gen:1&gt;, entity=com.startup.musicstore.domain.OrderData)
                - SQL table alias mapping - orders0_
                - alias suffix - 1_
                - suffixed key columns - {id1_5_1_}
                - JOIN (JoinDefinedByMetadata(invoice)) : &lt;gen:1&gt; -&gt; &lt;gen:2&gt;
                   - CompositeQuerySpaceImpl(uid=&lt;gen:2&gt;)
                      - SQL table alias mapping - orders0_

16:08:34.848 [main] DEBUG o.h.l.c.plan.CollectionLoader - Static select for collection com.startup.musicstore.domain.Customer.orders: select orders0_.Orders as Orders7_3_0_, orders0_.id as id1_5_0_, orders0_.id as id1_5_1_, orders0_.Q as Q2_5_1_, orders0_.date as date3_5_1_, orders0_.invoiceStatus as invoiceS4_5_1_, orders0_.invoicedate as invoiced5_5_1_, orders0_.orderAmount as orderAmo6_5_1_ from OrderData orders0_ where orders0_.Orders=?
16:08:34.849 [main] DEBUG o.h.l.p.b.i.spaces.QuerySpacesImpl - Adding QuerySpace : uid = &lt;gen:0&gt; -&gt; org.hibernate.loader.plan.build.internal.spaces.CollectionQuerySpaceImpl@21a66d45]
16:08:34.849 [main] DEBUG o.h.l.p.b.i.spaces.QuerySpacesImpl - Adding QuerySpace : uid = &lt;gen:1&gt; -&gt; org.hibernate.loader.plan.build.internal.spaces.EntityQuerySpaceImpl@1f966492]
16:08:34.849 [main] DEBUG o.h.p.w.spi.MetamodelGraphWalker - Visiting attribute path : sample
16:08:34.849 [main] DEBUG o.h.l.p.b.i.spaces.QuerySpacesImpl - Adding QuerySpace : uid = &lt;gen:2&gt; -&gt; org.hibernate.loader.plan.build.internal.spaces.CompositeQuerySpaceImpl@66f659e6]
16:08:34.849 [main] DEBUG o.h.p.w.spi.MetamodelGraphWalker - Visiting attribute path : sample.sampleURL
16:08:34.849 [main] DEBUG o.h.p.w.spi.MetamodelGraphWalker - Visiting attribute path : trackTitle
16:08:34.849 [main] DEBUG o.h.p.w.spi.MetamodelGraphWalker - Visiting attribute path : tracknumber
16:08:34.849 [main] DEBUG o.h.l.p.b.i.FetchStyleLoadPlanBuildingAssociationVisitationStrategy - Building LoadPlan...
16:08:34.849 [main] DEBUG o.h.l.p.e.i.LoadQueryJoinAndFetchProcessor - processing queryspace &lt;gen:0&gt;
16:08:34.849 [main] DEBUG o.h.l.p.b.spi.LoadPlanTreePrinter - LoadPlan(collection=com.startup.musicstore.domain.Albums.tracks)
    - Returns
       - CollectionReturnImpl(collection=com.startup.musicstore.domain.Albums.tracks, querySpaceUid=&lt;gen:0&gt;, path=[com.startup.musicstore.domain.Albums.tracks])
          - (collection element) CollectionFetchableElementEntityGraph(entity=com.startup.musicstore.domain.Track, querySpaceUid=&lt;gen:1&gt;, path=[com.startup.musicstore.domain.Albums.tracks].&lt;elements&gt;)
             - CompositeAttributeFetchImpl(composite=com.startup.musicstore.domain.SampleClip, querySpaceUid=&lt;gen:2&gt;, path=[com.startup.musicstore.domain.Albums.tracks].&lt;elements&gt;.sample)
    - QuerySpaces
       - CollectionQuerySpaceImpl(uid=&lt;gen:0&gt;, collection=com.startup.musicstore.domain.Albums.tracks)
          - SQL table alias mapping - tracks0_
          - alias suffix - 0_
          - suffixed key columns - {tracks5_1_0_}
          - entity-element alias suffix - 1_
          - 1_entity-element suffixed key columns - id1_7_1_
          - JOIN (JoinDefinedByMetadata(elements)) : &lt;gen:0&gt; -&gt; &lt;gen:1&gt;
             - EntityQuerySpaceImpl(uid=&lt;gen:1&gt;, entity=com.startup.musicstore.domain.Track)
                - SQL table alias mapping - tracks0_
                - alias suffix - 1_
                - suffixed key columns - {id1_7_1_}
                - JOIN (JoinDefinedByMetadata(sample)) : &lt;gen:1&gt; -&gt; &lt;gen:2&gt;
                   - CompositeQuerySpaceImpl(uid=&lt;gen:2&gt;)
                      - SQL table alias mapping - tracks0_

16:08:34.849 [main] DEBUG o.h.l.c.plan.CollectionLoader - Static select for collection com.startup.musicstore.domain.Albums.tracks: select tracks0_.tracks as tracks5_1_0_, tracks0_.id as id1_7_0_, tracks0_.id as id1_7_1_, tracks0_.sampleURL as sampleUR2_7_1_, tracks0_.trackTitle as trackTit3_7_1_, tracks0_.tracknumber as tracknum4_7_1_ from Track tracks0_ where tracks0_.tracks=?
16:08:34.849 [main] DEBUG o.h.l.p.b.i.spaces.QuerySpacesImpl - Adding QuerySpace : uid = &lt;gen:0&gt; -&gt; org.hibernate.loader.plan.build.internal.spaces.CollectionQuerySpaceImpl@46678e49]
16:08:34.849 [main] DEBUG o.h.l.p.b.i.spaces.QuerySpacesImpl - Adding QuerySpace : uid = &lt;gen:1&gt; -&gt; org.hibernate.loader.plan.build.internal.spaces.EntityQuerySpaceImpl@748e9b20]
16:08:34.849 [main] DEBUG o.h.p.w.spi.MetamodelGraphWalker - Visiting attribute path : balance
16:08:34.849 [main] DEBUG o.h.p.w.spi.MetamodelGraphWalker - Visiting attribute path : creditNumber
16:08:34.849 [main] DEBUG o.h.p.w.spi.MetamodelGraphWalker - Visiting attribute path : expiryDate
16:08:34.849 [main] DEBUG o.h.p.w.spi.MetamodelGraphWalker - Visiting attribute path : nameOnCreditCard
16:08:34.850 [main] DEBUG o.h.l.p.b.i.FetchStyleLoadPlanBuildingAssociationVisitationStrategy - Building LoadPlan...
16:08:34.850 [main] DEBUG o.h.l.p.e.i.LoadQueryJoinAndFetchProcessor - processing queryspace &lt;gen:0&gt;
16:08:34.850 [main] DEBUG o.h.l.p.b.spi.LoadPlanTreePrinter - LoadPlan(collection=com.startup.musicstore.domain.Customer.creditCards)
    - Returns
       - CollectionReturnImpl(collection=com.startup.musicstore.domain.Customer.creditCards, querySpaceUid=&lt;gen:0&gt;, path=[com.startup.musicstore.domain.Customer.creditCards])
          - (collection element) CollectionFetchableElementEntityGraph(entity=com.startup.musicstore.domain.CreditCard, querySpaceUid=&lt;gen:1&gt;, path=[com.startup.musicstore.domain.Customer.creditCards].&lt;elements&gt;)
    - QuerySpaces
       - CollectionQuerySpaceImpl(uid=&lt;gen:0&gt;, collection=com.startup.musicstore.domain.Customer.creditCards)
          - SQL table alias mapping - creditcard0_
          - alias suffix - 0_
          - suffixed key columns - {CreditCa6_3_0_}
          - entity-element alias suffix - 1_
          - 1_entity-element suffixed key columns - id1_2_1_
          - JOIN (JoinDefinedByMetadata(elements)) : &lt;gen:0&gt; -&gt; &lt;gen:1&gt;
             - EntityQuerySpaceImpl(uid=&lt;gen:1&gt;, entity=com.startup.musicstore.domain.CreditCard)
                - SQL table alias mapping - creditcard0_
                - alias suffix - 1_
                - suffixed key columns - {id1_2_1_}

16:08:34.850 [main] DEBUG o.h.l.c.plan.CollectionLoader - Static select for collection com.startup.musicstore.domain.Customer.creditCards: select creditcard0_.CreditCard as CreditCa6_3_0_, creditcard0_.id as id1_2_0_, creditcard0_.id as id1_2_1_, creditcard0_.balance as balance2_2_1_, creditcard0_.creditNumber as creditNu3_2_1_, creditcard0_.expiryDate as expiryDa4_2_1_, creditcard0_.nameOnCreditCard as nameOnCr5_2_1_ from CreditCard creditcard0_ where creditcard0_.CreditCard=?
16:08:34.850 [main] DEBUG o.h.l.p.b.i.spaces.QuerySpacesImpl - Adding QuerySpace : uid = &lt;gen:0&gt; -&gt; org.hibernate.loader.plan.build.internal.spaces.CollectionQuerySpaceImpl@50f40653]
16:08:34.850 [main] DEBUG o.h.l.p.b.i.spaces.QuerySpacesImpl - Adding QuerySpace : uid = &lt;gen:1&gt; -&gt; org.hibernate.loader.plan.build.internal.spaces.EntityQuerySpaceImpl@50a3d0f6]
16:08:34.850 [main] DEBUG o.h.p.w.spi.MetamodelGraphWalker - Visiting attribute path : albums
16:08:34.850 [main] DEBUG o.h.l.p.b.i.spaces.QuerySpacesImpl - Adding QuerySpace : uid = &lt;gen:2&gt; -&gt; org.hibernate.loader.plan.build.internal.spaces.CollectionQuerySpaceImpl@6a0ac48e]
16:08:34.850 [main] DEBUG o.h.l.p.b.i.spaces.QuerySpacesImpl - Adding QuerySpace : uid = &lt;gen:3&gt; -&gt; org.hibernate.loader.plan.build.internal.spaces.EntityQuerySpaceImpl@24e08d59]
16:08:34.850 [main] DEBUG o.h.p.w.spi.MetamodelGraphWalker - Visiting attribute path : quantity
16:08:34.850 [main] DEBUG o.h.l.p.b.i.FetchStyleLoadPlanBuildingAssociationVisitationStrategy - Building LoadPlan...
16:08:34.850 [main] DEBUG o.h.l.p.e.i.LoadQueryJoinAndFetchProcessor - processing queryspace &lt;gen:0&gt;
16:08:34.850 [main] DEBUG o.h.l.p.b.spi.LoadPlanTreePrinter - LoadPlan(collection=com.startup.musicstore.domain.OrderData.items)
    - Returns
       - CollectionReturnImpl(collection=com.startup.musicstore.domain.OrderData.items, querySpaceUid=&lt;gen:0&gt;, path=[com.startup.musicstore.domain.OrderData.items])
          - (collection element) CollectionFetchableElementEntityGraph(entity=com.startup.musicstore.domain.OrderItem, querySpaceUid=&lt;gen:1&gt;, path=[com.startup.musicstore.domain.OrderData.items].&lt;elements&gt;)
             - CollectionAttributeFetchImpl(collection=com.startup.musicstore.domain.OrderItem.albums, querySpaceUid=&lt;gen:2&gt;, path=[com.startup.musicstore.domain.OrderData.items].&lt;elements&gt;.albums)
                - (collection element) CollectionFetchableElementEntityGraph(entity=com.startup.musicstore.domain.Albums, querySpaceUid=&lt;gen:3&gt;, path=[com.startup.musicstore.domain.OrderData.items].&lt;elements&gt;.albums.&lt;elements&gt;)
    - QuerySpaces
       - CollectionQuerySpaceImpl(uid=&lt;gen:0&gt;, collection=com.startup.musicstore.domain.OrderData.items)
          - SQL table alias mapping - items0_
          - alias suffix - 0_
          - suffixed key columns - {items3_5_0_}
          - entity-element alias suffix - 1_
          - 1_entity-element suffixed key columns - id1_6_1_
          - JOIN (JoinDefinedByMetadata(elements)) : &lt;gen:0&gt; -&gt; &lt;gen:1&gt;
             - EntityQuerySpaceImpl(uid=&lt;gen:1&gt;, entity=com.startup.musicstore.domain.OrderItem)
                - SQL table alias mapping - items0_
                - alias suffix - 1_
                - suffixed key columns - {id1_6_1_}

16:08:34.851 [main] DEBUG o.h.l.c.plan.CollectionLoader - Static select for collection com.startup.musicstore.domain.OrderData.items: select items0_.items as items3_5_0_, items0_.id as id1_6_0_, items0_.id as id1_6_1_, items0_.quantity as quantity2_6_1_ from OrderItem items0_ where items0_.items=?
16:08:34.852 [main] DEBUG o.h.internal.SessionFactoryRegistry - Initializing SessionFactoryRegistry : org.hibernate.internal.SessionFactoryRegistry@3e4f80cb
16:08:34.852 [main] DEBUG o.h.internal.SessionFactoryRegistry - Registering SessionFactory: f98edc95-7638-4720-8443-3babcd03c9d1 (&lt;unnamed&gt;)
16:08:34.852 [main] DEBUG o.h.internal.SessionFactoryRegistry - Not binding SessionFactory to JNDI, no JNDI name configured
16:08:34.852 [main] DEBUG o.h.internal.SessionFactoryImpl - Instantiated session factory
16:08:34.856 [main] INFO  o.h.tool.hbm2ddl.SchemaUpdate - HHH000228: Running hbm2ddl schema update
16:08:34.856 [main] INFO  o.h.tool.hbm2ddl.SchemaUpdate - HHH000102: Fetching database metadata
16:08:34.858 [main] INFO  o.h.tool.hbm2ddl.SchemaUpdate - HHH000396: Updating schema
16:08:34.858 [main] DEBUG org.hibernate.cfg.Configuration - Processing hbm.xml files
16:08:34.858 [main] DEBUG org.hibernate.cfg.Configuration - Process annotated classes
16:08:34.858 [main] DEBUG org.hibernate.cfg.Configuration - Processing fk mappings (*ToOne and JoinedSubclass)
16:08:34.858 [main] DEBUG org.hibernate.cfg.Configuration - Processing extends queue
16:08:34.858 [main] DEBUG org.hibernate.cfg.Configuration - Processing extends queue
16:08:34.858 [main] DEBUG org.hibernate.cfg.Configuration - Processing collection mappings
16:08:34.858 [main] DEBUG org.hibernate.cfg.Configuration - Processing native query and ResultSetMapping mappings
16:08:34.858 [main] DEBUG org.hibernate.cfg.Configuration - Processing association property references
16:08:34.858 [main] DEBUG org.hibernate.cfg.Configuration - Creating tables&apos; unique integer identifiers
16:08:34.858 [main] DEBUG org.hibernate.cfg.Configuration - Processing foreign key constraints
16:08:34.858 [main] DEBUG org.hibernate.cfg.Configuration - Resolving reference to class: com.startup.musicstore.domain.AlbumCategory
16:08:34.858 [main] DEBUG org.hibernate.cfg.Configuration - Resolving reference to class: com.startup.musicstore.domain.MarketingInformation
16:08:34.858 [main] DEBUG org.hibernate.cfg.Configuration - Resolving reference to class: com.startup.musicstore.domain.OrderItem
16:08:34.858 [main] DEBUG org.hibernate.cfg.Configuration - Resolving reference to class: com.startup.musicstore.domain.Customer
16:08:34.858 [main] DEBUG org.hibernate.cfg.Configuration - Resolving reference to class: com.startup.musicstore.domain.Customer
16:08:34.858 [main] DEBUG org.hibernate.cfg.Configuration - Resolving reference to class: com.startup.musicstore.domain.OrderData
16:08:34.858 [main] DEBUG org.hibernate.cfg.Configuration - Resolving reference to class: com.startup.musicstore.domain.Albums
16:08:34.865 [main] INFO  o.h.tool.hbm2ddl.TableMetadata - HHH000261: Table found: .APP.ALBUMCATEGORY
16:08:34.865 [main] INFO  o.h.tool.hbm2ddl.TableMetadata - HHH000037: Columns: [categoryname, id]
16:08:34.865 [main] INFO  o.h.tool.hbm2ddl.TableMetadata - HHH000108: Foreign keys: []
16:08:34.865 [main] INFO  o.h.tool.hbm2ddl.TableMetadata - HHH000126: Indexes: [sql140802160711010]
16:08:34.872 [main] INFO  o.h.tool.hbm2ddl.TableMetadata - HHH000261: Table found: .APP.ALBUMS
16:08:34.872 [main] INFO  o.h.tool.hbm2ddl.TableMetadata - HHH000037: Columns: [marketing, albumtitle, id, inventory, category, unitprice, sales, tracks]
16:08:34.872 [main] INFO  o.h.tool.hbm2ddl.TableMetadata - HHH000108: Foreign keys: [fk_pnt0tl4wx7xcukqprj1e9ehsd, fk_bjv78mgqfgbv74ioj83f15814, fk_sa2xj93o5h428kdn20vnni0ll]
16:08:34.872 [main] INFO  o.h.tool.hbm2ddl.TableMetadata - HHH000126: Indexes: [sql140802160711120, sql140802160711110, sql140802160711121, sql140802160711020]
16:08:34.880 [main] INFO  o.h.tool.hbm2ddl.TableMetadata - HHH000261: Table found: .APP.CREDITCARD
16:08:34.881 [main] INFO  o.h.tool.hbm2ddl.TableMetadata - HHH000037: Columns: [expirydate, nameoncreditcard, balance, creditnumber, id, creditcard]
16:08:34.881 [main] INFO  o.h.tool.hbm2ddl.TableMetadata - HHH000108: Foreign keys: [fk_4bx5jum57p4g72703sl1kisvh]
16:08:34.881 [main] INFO  o.h.tool.hbm2ddl.TableMetadata - HHH000126: Indexes: [sql140802160711040, sql140802160711130]
16:08:34.884 [main] INFO  o.h.tool.hbm2ddl.TableMetadata - HHH000261: Table found: .APP.CUSTOMER
16:08:34.884 [main] INFO  o.h.tool.hbm2ddl.TableMetadata - HHH000037: Columns: [customernumber, dateofbirth, firstname, cellnumber, gender, race, phonenumber, postaladdress, streetaddress, id, lastname]
16:08:34.884 [main] INFO  o.h.tool.hbm2ddl.TableMetadata - HHH000108: Foreign keys: []
16:08:34.884 [main] INFO  o.h.tool.hbm2ddl.TableMetadata - HHH000126: Indexes: [sql140802160711050]
16:08:34.888 [main] INFO  o.h.tool.hbm2ddl.TableMetadata - HHH000261: Table found: .APP.MARKETINGINFORMATION
16:08:34.888 [main] INFO  o.h.tool.hbm2ddl.TableMetadata - HHH000037: Columns: [firstname, statusofinformation, rating, description, id, lastname]
16:08:34.888 [main] INFO  o.h.tool.hbm2ddl.TableMetadata - HHH000108: Foreign keys: []
16:08:34.888 [main] INFO  o.h.tool.hbm2ddl.TableMetadata - HHH000126: Indexes: [sql140802160711060]
16:08:34.892 [main] INFO  o.h.tool.hbm2ddl.TableMetadata - HHH000261: Table found: .APP.ORDERDATA
16:08:34.892 [main] INFO  o.h.tool.hbm2ddl.TableMetadata - HHH000037: Columns: [date, q, invoicestatus, orderamount, orders, id, invoicedate]
16:08:34.892 [main] INFO  o.h.tool.hbm2ddl.TableMetadata - HHH000108: Foreign keys: [fk_7f40jwj9c17fjg4sek16h4r3a]
16:08:34.892 [main] INFO  o.h.tool.hbm2ddl.TableMetadata - HHH000126: Indexes: [sql140802160711070, sql140802160711140]
16:08:34.897 [main] INFO  o.h.tool.hbm2ddl.TableMetadata - HHH000261: Table found: .APP.ORDERITEM
16:08:34.897 [main] INFO  o.h.tool.hbm2ddl.TableMetadata - HHH000037: Columns: [quantity, id, items]
16:08:34.897 [main] INFO  o.h.tool.hbm2ddl.TableMetadata - HHH000108: Foreign keys: [fk_k7d98jfbrlopqn3b3v5fdmwca]
16:08:34.897 [main] INFO  o.h.tool.hbm2ddl.TableMetadata - HHH000126: Indexes: [sql140802160711080, sql140802160711150]
16:08:34.904 [main] INFO  o.h.tool.hbm2ddl.TableMetadata - HHH000261: Table found: .APP.TRACK
16:08:34.904 [main] INFO  o.h.tool.hbm2ddl.TableMetadata - HHH000037: Columns: [sampleurl, id, tracktitle, tracks, tracknumber]
16:08:34.904 [main] INFO  o.h.tool.hbm2ddl.TableMetadata - HHH000108: Foreign keys: [fk_gt6yqqt0q1251hbngkwv73smb]
16:08:34.904 [main] INFO  o.h.tool.hbm2ddl.TableMetadata - HHH000126: Indexes: [sql140802160711090, sql140802160711160]
16:08:34.905 [main] DEBUG o.h.i.f.i.DefaultIdentifierGeneratorFactory - Setting dialect [org.hibernate.dialect.DerbyDialect]
16:08:34.905 [main] DEBUG o.h.i.f.i.DefaultIdentifierGeneratorFactory - Setting dialect [org.hibernate.dialect.DerbyDialect]
16:08:34.905 [main] DEBUG o.h.i.f.i.DefaultIdentifierGeneratorFactory - Setting dialect [org.hibernate.dialect.DerbyDialect]
16:08:34.905 [main] DEBUG o.h.i.f.i.DefaultIdentifierGeneratorFactory - Setting dialect [org.hibernate.dialect.DerbyDialect]
16:08:34.905 [main] DEBUG o.h.i.f.i.DefaultIdentifierGeneratorFactory - Setting dialect [org.hibernate.dialect.DerbyDialect]
16:08:34.905 [main] DEBUG o.h.i.f.i.DefaultIdentifierGeneratorFactory - Setting dialect [org.hibernate.dialect.DerbyDialect]
16:08:34.906 [main] DEBUG o.h.i.f.i.DefaultIdentifierGeneratorFactory - Setting dialect [org.hibernate.dialect.DerbyDialect]
16:08:34.906 [main] DEBUG o.h.i.f.i.DefaultIdentifierGeneratorFactory - Setting dialect [org.hibernate.dialect.DerbyDialect]
16:08:34.906 [main] INFO  o.h.tool.hbm2ddl.SchemaUpdate - HHH000232: Schema update complete
16:08:34.906 [main] DEBUG o.h.internal.NamedQueryRepository - Checking 0 named HQL queries
16:08:34.906 [main] DEBUG o.h.internal.NamedQueryRepository - Checking 0 named SQL queries
16:08:34.914 [main] DEBUG o.h.s.internal.StatisticsInitiator - Statistics initialized [enabled=false]
16:08:34.921 [main] DEBUG o.h.j.i.schemagen.JpaSchemaGenerator - No actions specified; doing nothing
16:08:34.950 [main] INFO  org.hibernate.tuple.PojoInstantiator - HHH000182: No default (no-argument) constructor for class: com.startup.musicstore.domain.CustomerInvoice (class must be instantiated by Interceptor)
16:08:34.950 [main] INFO  org.hibernate.tuple.PojoInstantiator - HHH000182: No default (no-argument) constructor for class: com.startup.musicstore.domain.CustomerInvoice (class must be instantiated by Interceptor)
16:08:34.950 [main] INFO  org.hibernate.tuple.PojoInstantiator - HHH000182: No default (no-argument) constructor for class: com.startup.musicstore.domain.CustomerInvoice (class must be instantiated by Interceptor)
16:08:34.958 [main] DEBUG o.h.j.i.EntityManagerFactoryRegistry - Initializing EntityManagerFactoryRegistry : org.hibernate.jpa.internal.EntityManagerFactoryRegistry@7c1c5936
16:08:34.958 [main] DEBUG o.h.j.i.EntityManagerFactoryRegistry - Registering EntityManagerFactory: default 
16:08:34.961 [main] DEBUG o.s.b.f.s.DefaultListableBeanFactory - Returning cached instance of singleton bean &apos;org.springframework.transaction.config.internalTransactionAdvisor&apos;
16:08:34.962 [main] DEBUG o.s.b.f.s.DefaultListableBeanFactory - Finished creating instance of bean &apos;entityManagerFactory&apos;
16:08:34.962 [main] DEBUG o.s.b.f.s.DefaultListableBeanFactory - Pre-instantiating singletons in org.springframework.beans.factory.support.DefaultListableBeanFactory@37918c79: defining beans [org.springframework.context.annotation.internalConfigurationAnnotationProcessor,org.springframework.context.annotation.internalAutowiredAnnotationProcessor,org.springframework.context.annotation.internalRequiredAnnotationProcessor,org.springframework.context.annotation.internalCommonAnnotationProcessor,org.springframework.context.annotation.internalPersistenceAnnotationProcessor,connectionConfigTest,org.springframework.context.annotation.ConfigurationClassPostProcessor.importAwareProcessor,org.springframework.context.annotation.ConfigurationClassPostProcessor.enhancedConfigurationProcessor,albumsServiceImpl,creditCardServiceImpl,genderListImpl,getCustDetailsImpl,getSalesCategoryListImpl,incrementSaleDecrementQuantityImpl,rateAlbumCorImpl,returnURLImpl,org.springframework.transaction.annotation.ProxyTransactionManagementConfiguration,org.springframework.transaction.config.internalTransactionAdvisor,transactionAttributeSource,transactionInterceptor,transactionManager,entityManagerFactory,dataSource,jpaVendorAdapter,org.springframework.aop.config.internalAutoProxyCreator,org.springframework.data.repository.core.support.RepositoryInterfaceAwareBeanPostProcessor#0,org.springframework.data.jpa.repository.support.EntityManagerBeanDefinitionRegistrarPostProcessor#0,jpaMapppingContext,orderRepository,orderItemsRepository,marketingInformationRepository,customerRepository,creditCardRepository,trackRepository,albumsCatergoryRepository,albumsRepository,org.springframework.orm.jpa.SharedEntityManagerCreator#0]; root of factory hierarchy
16:08:34.962 [main] DEBUG o.s.b.f.s.DefaultListableBeanFactory - Returning cached instance of singleton bean &apos;org.springframework.context.annotation.internalConfigurationAnnotationProcessor&apos;
16:08:34.962 [main] DEBUG o.s.b.f.s.DefaultListableBeanFactory - Returning cached instance of singleton bean &apos;org.springframework.context.annotation.internalAutowiredAnnotationProcessor&apos;
16:08:34.962 [main] DEBUG o.s.b.f.s.DefaultListableBeanFactory - Returning cached instance of singleton bean &apos;org.springframework.context.annotation.internalRequiredAnnotationProcessor&apos;
16:08:34.962 [main] DEBUG o.s.b.f.s.DefaultListableBeanFactory - Returning cached instance of singleton bean &apos;org.springframework.context.annotation.internalCommonAnnotationProcessor&apos;
16:08:34.962 [main] DEBUG o.s.b.f.s.DefaultListableBeanFactory - Returning cached instance of singleton bean &apos;org.springframework.context.annotation.internalPersistenceAnnotationProcessor&apos;
16:08:34.962 [main] DEBUG o.s.b.f.s.DefaultListableBeanFactory - Returning cached instance of singleton bean &apos;connectionConfigTest&apos;
16:08:34.962 [main] DEBUG o.s.b.f.s.DefaultListableBeanFactory - Returning cached instance of singleton bean &apos;org.springframework.context.annotation.ConfigurationClassPostProcessor.importAwareProcessor&apos;
16:08:34.962 [main] DEBUG o.s.b.f.s.DefaultListableBeanFactory - Returning cached instance of singleton bean &apos;org.springframework.context.annotation.ConfigurationClassPostProcessor.enhancedConfigurationProcessor&apos;
16:08:34.962 [main] DEBUG o.s.b.f.s.DefaultListableBeanFactory - Creating shared instance of singleton bean &apos;albumsServiceImpl&apos;
16:08:34.963 [main] DEBUG o.s.b.f.s.DefaultListableBeanFactory - Creating instance of bean &apos;albumsServiceImpl&apos;
16:08:34.964 [main] DEBUG o.s.b.f.annotation.InjectionMetadata - Registered injected element on class [com.startup.musicstore.services.Impl.AlbumsServiceImpl]: AutowiredFieldElement for private com.startup.musicstore.respository.AlbumsRepository com.startup.musicstore.services.Impl.AlbumsServiceImpl.albumRepo
16:08:34.964 [main] DEBUG o.s.b.f.s.DefaultListableBeanFactory - Eagerly caching bean &apos;albumsServiceImpl&apos; to allow for resolving potential circular references
16:08:34.965 [main] DEBUG o.s.b.f.annotation.InjectionMetadata - Processing injected method of bean &apos;albumsServiceImpl&apos;: AutowiredFieldElement for private com.startup.musicstore.respository.AlbumsRepository com.startup.musicstore.services.Impl.AlbumsServiceImpl.albumRepo
16:08:34.966 [main] DEBUG o.s.b.f.s.DefaultListableBeanFactory - Creating shared instance of singleton bean &apos;albumsRepository&apos;
16:08:34.966 [main] DEBUG o.s.b.f.s.DefaultListableBeanFactory - Creating instance of bean &apos;albumsRepository&apos;
16:08:34.976 [main] DEBUG o.s.b.f.annotation.InjectionMetadata - Registered injected element on class [org.springframework.data.jpa.repository.support.JpaRepositoryFactoryBean]: PersistenceElement for public void org.springframework.data.jpa.repository.support.JpaRepositoryFactoryBean.setEntityManager(javax.persistence.EntityManager)
16:08:34.976 [main] DEBUG o.s.b.f.s.DefaultListableBeanFactory - Eagerly caching bean &apos;albumsRepository&apos; to allow for resolving potential circular references
16:08:34.979 [main] DEBUG o.s.b.f.annotation.InjectionMetadata - Processing injected method of bean &apos;albumsRepository&apos;: PersistenceElement for public void org.springframework.data.jpa.repository.support.JpaRepositoryFactoryBean.setEntityManager(javax.persistence.EntityManager)
16:08:34.984 [main] DEBUG o.s.b.f.s.DefaultListableBeanFactory - Creating instance of bean &apos;(inner bean)#99407c2&apos;
16:08:34.984 [main] DEBUG o.s.b.f.s.DefaultListableBeanFactory - Creating instance of bean &apos;(inner bean)#226eba67&apos;
16:08:34.987 [main] DEBUG o.s.b.f.s.DefaultListableBeanFactory - Invoking afterPropertiesSet() on bean with name &apos;(inner bean)#226eba67&apos;
16:08:34.987 [main] DEBUG o.s.b.f.s.DefaultListableBeanFactory - Returning cached instance of singleton bean &apos;org.springframework.transaction.config.internalTransactionAdvisor&apos;
16:08:34.987 [main] DEBUG o.s.b.f.s.DefaultListableBeanFactory - Finished creating instance of bean &apos;(inner bean)#226eba67&apos;
16:08:34.987 [main] DEBUG o.s.b.f.s.DefaultListableBeanFactory - Returning cached instance of singleton bean &apos;org.springframework.transaction.config.internalTransactionAdvisor&apos;
16:08:34.993 [main] DEBUG o.s.b.f.s.DefaultListableBeanFactory - Returning cached instance of singleton bean &apos;org.springframework.transaction.config.internalTransactionAdvisor&apos;
16:08:34.994 [main] DEBUG o.s.b.f.s.DefaultListableBeanFactory - Finished creating instance of bean &apos;(inner bean)#99407c2&apos;
16:08:34.994 [main] DEBUG o.s.b.f.s.DefaultListableBeanFactory - Creating instance of bean &apos;(inner bean)#71f96dfb&apos;
16:08:34.994 [main] DEBUG o.s.b.f.s.DefaultListableBeanFactory - Returning cached instance of singleton bean &apos;entityManagerFactory&apos;
16:08:34.995 [main] DEBUG o.s.b.f.s.DefaultListableBeanFactory - Returning cached instance of singleton bean &apos;org.springframework.transaction.config.internalTransactionAdvisor&apos;
16:08:35.006 [main] DEBUG o.s.b.f.s.DefaultListableBeanFactory - Returning cached instance of singleton bean &apos;org.springframework.transaction.config.internalTransactionAdvisor&apos;
16:08:35.008 [main] DEBUG o.s.b.f.s.DefaultListableBeanFactory - Finished creating instance of bean &apos;(inner bean)#71f96dfb&apos;
16:08:35.008 [main] DEBUG o.s.b.f.s.DefaultListableBeanFactory - Creating shared instance of singleton bean &apos;jpaMapppingContext&apos;
16:08:35.008 [main] DEBUG o.s.b.f.s.DefaultListableBeanFactory - Creating instance of bean &apos;jpaMapppingContext&apos;
16:08:35.009 [main] DEBUG o.s.b.f.s.DefaultListableBeanFactory - Eagerly caching bean &apos;jpaMapppingContext&apos; to allow for resolving potential circular references
16:08:35.013 [main] DEBUG o.s.b.f.s.DefaultListableBeanFactory - Creating instance of bean &apos;(inner bean)#1976f537&apos;
16:08:35.013 [main] DEBUG o.s.b.f.s.DefaultListableBeanFactory - Returning cached instance of singleton bean &apos;entityManagerFactory&apos;
16:08:35.014 [main] DEBUG o.s.b.f.s.DefaultListableBeanFactory - Returning cached instance of singleton bean &apos;org.springframework.transaction.config.internalTransactionAdvisor&apos;
16:08:35.014 [main] DEBUG o.s.b.f.s.DefaultListableBeanFactory - Finished creating instance of bean &apos;(inner bean)#1976f537&apos;
16:08:35.014 [main] DEBUG o.s.b.f.s.DefaultListableBeanFactory - Invoking afterPropertiesSet() on bean with name &apos;jpaMapppingContext&apos;
16:08:35.058 [main] DEBUG o.s.b.f.s.DefaultListableBeanFactory - Returning cached instance of singleton bean &apos;org.springframework.transaction.config.internalTransactionAdvisor&apos;
16:08:35.058 [main] DEBUG o.s.b.f.s.DefaultListableBeanFactory - Finished creating instance of bean &apos;jpaMapppingContext&apos;
16:08:35.058 [main] DEBUG o.s.b.f.s.DefaultListableBeanFactory - Returning cached instance of singleton bean &apos;org.springframework.transaction.config.internalTransactionAdvisor&apos;
16:08:35.060 [main] DEBUG o.s.b.f.s.DefaultListableBeanFactory - Invoking afterPropertiesSet() on bean with name &apos;albumsRepository&apos;
16:08:35.066 [main] DEBUG o.s.o.j.SharedEntityManagerCreator$SharedEntityManagerInvocationHandler - Creating new EntityManager for shared EntityManager invocation
16:08:35.098 [main] DEBUG o.s.o.jpa.EntityManagerFactoryUtils - Closing JPA EntityManager
16:08:35.107 [main] DEBUG o.s.o.j.SharedEntityManagerCreator$SharedEntityManagerInvocationHandler - Creating new EntityManager for shared EntityManager invocation
16:08:35.108 [main] DEBUG o.s.o.jpa.EntityManagerFactoryUtils - Closing JPA EntityManager
16:08:35.110 [main] DEBUG o.s.aop.framework.JdkDynamicAopProxy - Creating JDK dynamic proxy: target source is org.springframework.data.jpa.repository.support.CrudMethodMetadataPostProcessor$ThreadBoundTargetSource@6e33fcae
16:08:35.119 [main] DEBUG o.s.aop.framework.JdkDynamicAopProxy - Creating JDK dynamic proxy: target source is SingletonTargetSource for target object [org.springframework.data.jpa.repository.support.SimpleJpaRepository@4d1f1ff5]
16:08:35.121 [main] DEBUG o.s.b.f.s.DefaultListableBeanFactory - Returning cached instance of singleton bean &apos;org.springframework.transaction.config.internalTransactionAdvisor&apos;
16:08:35.122 [main] DEBUG o.s.b.f.s.DefaultListableBeanFactory - Finished creating instance of bean &apos;albumsRepository&apos;
16:08:35.122 [main] DEBUG o.s.b.f.s.DefaultListableBeanFactory - Returning cached instance of singleton bean &apos;org.springframework.transaction.config.internalTransactionAdvisor&apos;
16:08:35.123 [main] DEBUG o.s.b.f.a.AutowiredAnnotationBeanPostProcessor - Autowiring by type from bean name &apos;albumsServiceImpl&apos; to bean named &apos;albumsRepository&apos;
16:08:35.123 [main] DEBUG o.s.b.f.s.DefaultListableBeanFactory - Returning cached instance of singleton bean &apos;org.springframework.transaction.config.internalTransactionAdvisor&apos;
16:08:35.124 [main] DEBUG o.s.b.f.s.DefaultListableBeanFactory - Finished creating instance of bean &apos;albumsServiceImpl&apos;
16:08:35.124 [main] DEBUG o.s.b.f.s.DefaultListableBeanFactory - Creating shared instance of singleton bean &apos;creditCardServiceImpl&apos;
16:08:35.124 [main] DEBUG o.s.b.f.s.DefaultListableBeanFactory - Creating instance of bean &apos;creditCardServiceImpl&apos;
16:08:35.124 [main] DEBUG o.s.b.f.annotation.InjectionMetadata - Registered injected element on class [com.startup.musicstore.services.Impl.CreditCardServiceImpl]: AutowiredFieldElement for private com.startup.musicstore.respository.CreditCardRepository com.startup.musicstore.services.Impl.CreditCardServiceImpl.creditCardRepository
16:08:35.124 [main] DEBUG o.s.b.f.s.DefaultListableBeanFactory - Eagerly caching bean &apos;creditCardServiceImpl&apos; to allow for resolving potential circular references
16:08:35.125 [main] DEBUG o.s.b.f.annotation.InjectionMetadata - Processing injected method of bean &apos;creditCardServiceImpl&apos;: AutowiredFieldElement for private com.startup.musicstore.respository.CreditCardRepository com.startup.musicstore.services.Impl.CreditCardServiceImpl.creditCardRepository
16:08:35.126 [main] DEBUG o.s.b.f.s.DefaultListableBeanFactory - Creating shared instance of singleton bean &apos;creditCardRepository&apos;
16:08:35.126 [main] DEBUG o.s.b.f.s.DefaultListableBeanFactory - Creating instance of bean &apos;creditCardRepository&apos;
16:08:35.126 [main] DEBUG o.s.b.f.annotation.InjectionMetadata - Registered injected element on class [org.springframework.data.jpa.repository.support.JpaRepositoryFactoryBean]: PersistenceElement for public void org.springframework.data.jpa.repository.support.JpaRepositoryFactoryBean.setEntityManager(javax.persistence.EntityManager)
16:08:35.126 [main] DEBUG o.s.b.f.s.DefaultListableBeanFactory - Eagerly caching bean &apos;creditCardRepository&apos; to allow for resolving potential circular references
16:08:35.126 [main] DEBUG o.s.b.f.annotation.InjectionMetadata - Processing injected method of bean &apos;creditCardRepository&apos;: PersistenceElement for public void org.springframework.data.jpa.repository.support.JpaRepositoryFactoryBean.setEntityManager(javax.persistence.EntityManager)
16:08:35.126 [main] DEBUG o.s.b.f.s.DefaultListableBeanFactory - Creating instance of bean &apos;(inner bean)#319c3a25&apos;
16:08:35.126 [main] DEBUG o.s.b.f.s.DefaultListableBeanFactory - Creating instance of bean &apos;(inner bean)#238bfd6c&apos;
16:08:35.127 [main] DEBUG o.s.b.f.s.DefaultListableBeanFactory - Invoking afterPropertiesSet() on bean with name &apos;(inner bean)#238bfd6c&apos;
16:08:35.127 [main] DEBUG o.s.b.f.s.DefaultListableBeanFactory - Returning cached instance of singleton bean &apos;org.springframework.transaction.config.internalTransactionAdvisor&apos;
16:08:35.127 [main] DEBUG o.s.b.f.s.DefaultListableBeanFactory - Finished creating instance of bean &apos;(inner bean)#238bfd6c&apos;
16:08:35.127 [main] DEBUG o.s.b.f.s.DefaultListableBeanFactory - Returning cached instance of singleton bean &apos;org.springframework.transaction.config.internalTransactionAdvisor&apos;
16:08:35.127 [main] DEBUG o.s.b.f.s.DefaultListableBeanFactory - Returning cached instance of singleton bean &apos;org.springframework.transaction.config.internalTransactionAdvisor&apos;
16:08:35.127 [main] DEBUG o.s.b.f.s.DefaultListableBeanFactory - Finished creating instance of bean &apos;(inner bean)#319c3a25&apos;
16:08:35.127 [main] DEBUG o.s.b.f.s.DefaultListableBeanFactory - Creating instance of bean &apos;(inner bean)#58860997&apos;
16:08:35.127 [main] DEBUG o.s.b.f.s.DefaultListableBeanFactory - Returning cached instance of singleton bean &apos;entityManagerFactory&apos;
16:08:35.128 [main] DEBUG o.s.b.f.s.DefaultListableBeanFactory - Returning cached instance of singleton bean &apos;org.springframework.transaction.config.internalTransactionAdvisor&apos;
16:08:35.128 [main] DEBUG o.s.b.f.s.DefaultListableBeanFactory - Finished creating instance of bean &apos;(inner bean)#58860997&apos;
16:08:35.128 [main] DEBUG o.s.b.f.s.DefaultListableBeanFactory - Returning cached instance of singleton bean &apos;jpaMapppingContext&apos;
16:08:35.128 [main] DEBUG o.s.b.f.s.DefaultListableBeanFactory - Invoking afterPropertiesSet() on bean with name &apos;creditCardRepository&apos;
16:08:35.128 [main] DEBUG o.s.o.j.SharedEntityManagerCreator$SharedEntityManagerInvocationHandler - Creating new EntityManager for shared EntityManager invocation
16:08:35.128 [main] DEBUG o.s.o.jpa.EntityManagerFactoryUtils - Closing JPA EntityManager
16:08:35.129 [main] DEBUG o.s.o.j.SharedEntityManagerCreator$SharedEntityManagerInvocationHandler - Creating new EntityManager for shared EntityManager invocation
16:08:35.129 [main] DEBUG o.s.o.jpa.EntityManagerFactoryUtils - Closing JPA EntityManager
16:08:35.129 [main] DEBUG o.s.aop.framework.JdkDynamicAopProxy - Creating JDK dynamic proxy: target source is org.springframework.data.jpa.repository.support.CrudMethodMetadataPostProcessor$ThreadBoundTargetSource@3e17a0a1
16:08:35.129 [main] DEBUG o.s.aop.framework.JdkDynamicAopProxy - Creating JDK dynamic proxy: target source is SingletonTargetSource for target object [org.springframework.data.jpa.repository.support.SimpleJpaRepository@790a251b]
16:08:35.131 [main] DEBUG o.s.b.f.s.DefaultListableBeanFactory - Returning cached instance of singleton bean &apos;org.springframework.transaction.config.internalTransactionAdvisor&apos;
16:08:35.131 [main] DEBUG o.s.b.f.s.DefaultListableBeanFactory - Finished creating instance of bean &apos;creditCardRepository&apos;
16:08:35.131 [main] DEBUG o.s.b.f.s.DefaultListableBeanFactory - Returning cached instance of singleton bean &apos;org.springframework.transaction.config.internalTransactionAdvisor&apos;
16:08:35.132 [main] DEBUG o.s.b.f.a.AutowiredAnnotationBeanPostProcessor - Autowiring by type from bean name &apos;creditCardServiceImpl&apos; to bean named &apos;creditCardRepository&apos;
16:08:35.132 [main] DEBUG o.s.b.f.s.DefaultListableBeanFactory - Returning cached instance of singleton bean &apos;org.springframework.transaction.config.internalTransactionAdvisor&apos;
16:08:35.132 [main] DEBUG o.s.b.f.s.DefaultListableBeanFactory - Finished creating instance of bean &apos;creditCardServiceImpl&apos;
16:08:35.132 [main] DEBUG o.s.b.f.s.DefaultListableBeanFactory - Creating shared instance of singleton bean &apos;genderListImpl&apos;
16:08:35.132 [main] DEBUG o.s.b.f.s.DefaultListableBeanFactory - Creating instance of bean &apos;genderListImpl&apos;
16:08:35.133 [main] DEBUG o.s.b.f.annotation.InjectionMetadata - Registered injected element on class [com.startup.musicstore.services.Impl.GenderListImpl]: AutowiredFieldElement for private com.startup.musicstore.respository.CustomerRepository com.startup.musicstore.services.Impl.GenderListImpl.cust
16:08:35.133 [main] DEBUG o.s.b.f.s.DefaultListableBeanFactory - Eagerly caching bean &apos;genderListImpl&apos; to allow for resolving potential circular references
16:08:35.134 [main] DEBUG o.s.b.f.annotation.InjectionMetadata - Processing injected method of bean &apos;genderListImpl&apos;: AutowiredFieldElement for private com.startup.musicstore.respository.CustomerRepository com.startup.musicstore.services.Impl.GenderListImpl.cust
16:08:35.134 [main] DEBUG o.s.b.f.s.DefaultListableBeanFactory - Creating shared instance of singleton bean &apos;customerRepository&apos;
16:08:35.134 [main] DEBUG o.s.b.f.s.DefaultListableBeanFactory - Creating instance of bean &apos;customerRepository&apos;
16:08:35.134 [main] DEBUG o.s.b.f.annotation.InjectionMetadata - Registered injected element on class [org.springframework.data.jpa.repository.support.JpaRepositoryFactoryBean]: PersistenceElement for public void org.springframework.data.jpa.repository.support.JpaRepositoryFactoryBean.setEntityManager(javax.persistence.EntityManager)
16:08:35.134 [main] DEBUG o.s.b.f.s.DefaultListableBeanFactory - Eagerly caching bean &apos;customerRepository&apos; to allow for resolving potential circular references
16:08:35.134 [main] DEBUG o.s.b.f.annotation.InjectionMetadata - Processing injected method of bean &apos;customerRepository&apos;: PersistenceElement for public void org.springframework.data.jpa.repository.support.JpaRepositoryFactoryBean.setEntityManager(javax.persistence.EntityManager)
16:08:35.134 [main] DEBUG o.s.b.f.s.DefaultListableBeanFactory - Creating instance of bean &apos;(inner bean)#bfc14b9&apos;
16:08:35.135 [main] DEBUG o.s.b.f.s.DefaultListableBeanFactory - Creating instance of bean &apos;(inner bean)#fb6097b&apos;
16:08:35.135 [main] DEBUG o.s.b.f.s.DefaultListableBeanFactory - Invoking afterPropertiesSet() on bean with name &apos;(inner bean)#fb6097b&apos;
16:08:35.135 [main] DEBUG o.s.b.f.s.DefaultListableBeanFactory - Returning cached instance of singleton bean &apos;org.springframework.transaction.config.internalTransactionAdvisor&apos;
16:08:35.135 [main] DEBUG o.s.b.f.s.DefaultListableBeanFactory - Finished creating instance of bean &apos;(inner bean)#fb6097b&apos;
16:08:35.135 [main] DEBUG o.s.b.f.s.DefaultListableBeanFactory - Returning cached instance of singleton bean &apos;org.springframework.transaction.config.internalTransactionAdvisor&apos;
16:08:35.135 [main] DEBUG o.s.b.f.s.DefaultListableBeanFactory - Returning cached instance of singleton bean &apos;org.springframework.transaction.config.internalTransactionAdvisor&apos;
16:08:35.135 [main] DEBUG o.s.b.f.s.DefaultListableBeanFactory - Finished creating instance of bean &apos;(inner bean)#bfc14b9&apos;
16:08:35.135 [main] DEBUG o.s.b.f.s.DefaultListableBeanFactory - Creating instance of bean &apos;(inner bean)#1290c49&apos;
16:08:35.135 [main] DEBUG o.s.b.f.s.DefaultListableBeanFactory - Returning cached instance of singleton bean &apos;entityManagerFactory&apos;
16:08:35.136 [main] DEBUG o.s.b.f.s.DefaultListableBeanFactory - Returning cached instance of singleton bean &apos;org.springframework.transaction.config.internalTransactionAdvisor&apos;
16:08:35.136 [main] DEBUG o.s.b.f.s.DefaultListableBeanFactory - Finished creating instance of bean &apos;(inner bean)#1290c49&apos;
16:08:35.136 [main] DEBUG o.s.b.f.s.DefaultListableBeanFactory - Returning cached instance of singleton bean &apos;jpaMapppingContext&apos;
16:08:35.137 [main] DEBUG o.s.b.f.s.DefaultListableBeanFactory - Invoking afterPropertiesSet() on bean with name &apos;customerRepository&apos;
16:08:35.137 [main] DEBUG o.s.o.j.SharedEntityManagerCreator$SharedEntityManagerInvocationHandler - Creating new EntityManager for shared EntityManager invocation
16:08:35.137 [main] DEBUG o.s.o.jpa.EntityManagerFactoryUtils - Closing JPA EntityManager
16:08:35.138 [main] DEBUG o.s.o.j.SharedEntityManagerCreator$SharedEntityManagerInvocationHandler - Creating new EntityManager for shared EntityManager invocation
16:08:35.138 [main] DEBUG o.s.o.jpa.EntityManagerFactoryUtils - Closing JPA EntityManager
16:08:35.138 [main] DEBUG o.s.aop.framework.JdkDynamicAopProxy - Creating JDK dynamic proxy: target source is org.springframework.data.jpa.repository.support.CrudMethodMetadataPostProcessor$ThreadBoundTargetSource@710d89e2
16:08:35.138 [main] DEBUG o.s.aop.framework.JdkDynamicAopProxy - Creating JDK dynamic proxy: target source is SingletonTargetSource for target object [org.springframework.data.jpa.repository.support.SimpleJpaRepository@1d75e7af]
16:08:35.140 [main] DEBUG o.s.b.f.s.DefaultListableBeanFactory - Returning cached instance of singleton bean &apos;org.springframework.transaction.config.internalTransactionAdvisor&apos;
16:08:35.141 [main] DEBUG o.s.b.f.s.DefaultListableBeanFactory - Finished creating instance of bean &apos;customerRepository&apos;
16:08:35.141 [main] DEBUG o.s.b.f.s.DefaultListableBeanFactory - Returning cached instance of singleton bean &apos;org.springframework.transaction.config.internalTransactionAdvisor&apos;
16:08:35.141 [main] DEBUG o.s.b.f.a.AutowiredAnnotationBeanPostProcessor - Autowiring by type from bean name &apos;genderListImpl&apos; to bean named &apos;customerRepository&apos;
16:08:35.141 [main] DEBUG o.s.b.f.s.DefaultListableBeanFactory - Returning cached instance of singleton bean &apos;org.springframework.transaction.config.internalTransactionAdvisor&apos;
16:08:35.142 [main] DEBUG o.s.b.f.s.DefaultListableBeanFactory - Finished creating instance of bean &apos;genderListImpl&apos;
16:08:35.142 [main] DEBUG o.s.b.f.s.DefaultListableBeanFactory - Creating shared instance of singleton bean &apos;getCustDetailsImpl&apos;
16:08:35.142 [main] DEBUG o.s.b.f.s.DefaultListableBeanFactory - Creating instance of bean &apos;getCustDetailsImpl&apos;
16:08:35.142 [main] DEBUG o.s.b.f.annotation.InjectionMetadata - Registered injected element on class [com.startup.musicstore.services.Impl.getCustDetailsImpl]: AutowiredFieldElement for private com.startup.musicstore.respository.CustomerRepository com.startup.musicstore.services.Impl.getCustDetailsImpl.custRepo
16:08:35.142 [main] DEBUG o.s.b.f.s.DefaultListableBeanFactory - Eagerly caching bean &apos;getCustDetailsImpl&apos; to allow for resolving potential circular references
16:08:35.143 [main] DEBUG o.s.b.f.annotation.InjectionMetadata - Processing injected method of bean &apos;getCustDetailsImpl&apos;: AutowiredFieldElement for private com.startup.musicstore.respository.CustomerRepository com.startup.musicstore.services.Impl.getCustDetailsImpl.custRepo
16:08:35.143 [main] DEBUG o.s.b.f.s.DefaultListableBeanFactory - Returning cached instance of singleton bean &apos;customerRepository&apos;
16:08:35.143 [main] DEBUG o.s.b.f.a.AutowiredAnnotationBeanPostProcessor - Autowiring by type from bean name &apos;getCustDetailsImpl&apos; to bean named &apos;customerRepository&apos;
16:08:35.143 [main] DEBUG o.s.b.f.s.DefaultListableBeanFactory - Returning cached instance of singleton bean &apos;org.springframework.transaction.config.internalTransactionAdvisor&apos;
16:08:35.144 [main] DEBUG o.s.b.f.s.DefaultListableBeanFactory - Finished creating instance of bean &apos;getCustDetailsImpl&apos;
16:08:35.144 [main] DEBUG o.s.b.f.s.DefaultListableBeanFactory - Creating shared instance of singleton bean &apos;getSalesCategoryListImpl&apos;
16:08:35.144 [main] DEBUG o.s.b.f.s.DefaultListableBeanFactory - Creating instance of bean &apos;getSalesCategoryListImpl&apos;
16:08:35.144 [main] DEBUG o.s.b.f.annotation.InjectionMetadata - Registered injected element on class [com.startup.musicstore.services.Impl.GetSalesCategoryListImpl]: AutowiredFieldElement for private com.startup.musicstore.respository.AlbumsRepository com.startup.musicstore.services.Impl.GetSalesCategoryListImpl.albumRepo
16:08:35.144 [main] DEBUG o.s.b.f.s.DefaultListableBeanFactory - Eagerly caching bean &apos;getSalesCategoryListImpl&apos; to allow for resolving potential circular references
16:08:35.145 [main] DEBUG o.s.b.f.annotation.InjectionMetadata - Processing injected method of bean &apos;getSalesCategoryListImpl&apos;: AutowiredFieldElement for private com.startup.musicstore.respository.AlbumsRepository com.startup.musicstore.services.Impl.GetSalesCategoryListImpl.albumRepo
16:08:35.145 [main] DEBUG o.s.b.f.s.DefaultListableBeanFactory - Returning cached instance of singleton bean &apos;albumsRepository&apos;
16:08:35.145 [main] DEBUG o.s.b.f.a.AutowiredAnnotationBeanPostProcessor - Autowiring by type from bean name &apos;getSalesCategoryListImpl&apos; to bean named &apos;albumsRepository&apos;
16:08:35.145 [main] DEBUG o.s.b.f.s.DefaultListableBeanFactory - Returning cached instance of singleton bean &apos;org.springframework.transaction.config.internalTransactionAdvisor&apos;
16:08:35.146 [main] DEBUG o.s.b.f.s.DefaultListableBeanFactory - Finished creating instance of bean &apos;getSalesCategoryListImpl&apos;
16:08:35.146 [main] DEBUG o.s.b.f.s.DefaultListableBeanFactory - Creating shared instance of singleton bean &apos;incrementSaleDecrementQuantityImpl&apos;
16:08:35.146 [main] DEBUG o.s.b.f.s.DefaultListableBeanFactory - Creating instance of bean &apos;incrementSaleDecrementQuantityImpl&apos;
16:08:35.146 [main] DEBUG o.s.b.f.annotation.InjectionMetadata - Registered injected element on class [com.startup.musicstore.services.Impl.IncrementSaleDecrementQuantityImpl]: AutowiredFieldElement for private com.startup.musicstore.respository.OrderRepository com.startup.musicstore.services.Impl.IncrementSaleDecrementQuantityImpl.repo
16:08:35.146 [main] DEBUG o.s.b.f.s.DefaultListableBeanFactory - Eagerly caching bean &apos;incrementSaleDecrementQuantityImpl&apos; to allow for resolving potential circular references
16:08:35.147 [main] DEBUG o.s.b.f.annotation.InjectionMetadata - Processing injected method of bean &apos;incrementSaleDecrementQuantityImpl&apos;: AutowiredFieldElement for private com.startup.musicstore.respository.OrderRepository com.startup.musicstore.services.Impl.IncrementSaleDecrementQuantityImpl.repo
16:08:35.147 [main] DEBUG o.s.b.f.s.DefaultListableBeanFactory - Creating shared instance of singleton bean &apos;orderRepository&apos;
16:08:35.147 [main] DEBUG o.s.b.f.s.DefaultListableBeanFactory - Creating instance of bean &apos;orderRepository&apos;
16:08:35.147 [main] DEBUG o.s.b.f.annotation.InjectionMetadata - Registered injected element on class [org.springframework.data.jpa.repository.support.JpaRepositoryFactoryBean]: PersistenceElement for public void org.springframework.data.jpa.repository.support.JpaRepositoryFactoryBean.setEntityManager(javax.persistence.EntityManager)
16:08:35.148 [main] DEBUG o.s.b.f.s.DefaultListableBeanFactory - Eagerly caching bean &apos;orderRepository&apos; to allow for resolving potential circular references
16:08:35.148 [main] DEBUG o.s.b.f.annotation.InjectionMetadata - Processing injected method of bean &apos;orderRepository&apos;: PersistenceElement for public void org.springframework.data.jpa.repository.support.JpaRepositoryFactoryBean.setEntityManager(javax.persistence.EntityManager)
16:08:35.148 [main] DEBUG o.s.b.f.s.DefaultListableBeanFactory - Creating instance of bean &apos;(inner bean)#6b8280e6&apos;
16:08:35.148 [main] DEBUG o.s.b.f.s.DefaultListableBeanFactory - Creating instance of bean &apos;(inner bean)#6f139fc9&apos;
16:08:35.148 [main] DEBUG o.s.b.f.s.DefaultListableBeanFactory - Invoking afterPropertiesSet() on bean with name &apos;(inner bean)#6f139fc9&apos;
16:08:35.148 [main] DEBUG o.s.b.f.s.DefaultListableBeanFactory - Returning cached instance of singleton bean &apos;org.springframework.transaction.config.internalTransactionAdvisor&apos;
16:08:35.148 [main] DEBUG o.s.b.f.s.DefaultListableBeanFactory - Finished creating instance of bean &apos;(inner bean)#6f139fc9&apos;
16:08:35.148 [main] DEBUG o.s.b.f.s.DefaultListableBeanFactory - Returning cached instance of singleton bean &apos;org.springframework.transaction.config.internalTransactionAdvisor&apos;
16:08:35.148 [main] DEBUG o.s.b.f.s.DefaultListableBeanFactory - Returning cached instance of singleton bean &apos;org.springframework.transaction.config.internalTransactionAdvisor&apos;
16:08:35.148 [main] DEBUG o.s.b.f.s.DefaultListableBeanFactory - Finished creating instance of bean &apos;(inner bean)#6b8280e6&apos;
16:08:35.149 [main] DEBUG o.s.b.f.s.DefaultListableBeanFactory - Creating instance of bean &apos;(inner bean)#19382338&apos;
16:08:35.149 [main] DEBUG o.s.b.f.s.DefaultListableBeanFactory - Returning cached instance of singleton bean &apos;entityManagerFactory&apos;
16:08:35.153 [main] DEBUG o.s.b.f.s.DefaultListableBeanFactory - Returning cached instance of singleton bean &apos;org.springframework.transaction.config.internalTransactionAdvisor&apos;
16:08:35.153 [main] DEBUG o.s.b.f.s.DefaultListableBeanFactory - Finished creating instance of bean &apos;(inner bean)#19382338&apos;
16:08:35.153 [main] DEBUG o.s.b.f.s.DefaultListableBeanFactory - Returning cached instance of singleton bean &apos;jpaMapppingContext&apos;
16:08:35.154 [main] DEBUG o.s.b.f.s.DefaultListableBeanFactory - Invoking afterPropertiesSet() on bean with name &apos;orderRepository&apos;
16:08:35.154 [main] DEBUG o.s.o.j.SharedEntityManagerCreator$SharedEntityManagerInvocationHandler - Creating new EntityManager for shared EntityManager invocation
16:08:35.154 [main] DEBUG o.s.o.jpa.EntityManagerFactoryUtils - Closing JPA EntityManager
16:08:35.155 [main] DEBUG o.s.o.j.SharedEntityManagerCreator$SharedEntityManagerInvocationHandler - Creating new EntityManager for shared EntityManager invocation
16:08:35.155 [main] DEBUG o.s.o.jpa.EntityManagerFactoryUtils - Closing JPA EntityManager
16:08:35.155 [main] DEBUG o.s.aop.framework.JdkDynamicAopProxy - Creating JDK dynamic proxy: target source is org.springframework.data.jpa.repository.support.CrudMethodMetadataPostProcessor$ThreadBoundTargetSource@718dbd79
16:08:35.155 [main] DEBUG o.s.aop.framework.JdkDynamicAopProxy - Creating JDK dynamic proxy: target source is SingletonTargetSource for target object [org.springframework.data.jpa.repository.support.SimpleJpaRepository@20134094]
16:08:35.157 [main] DEBUG o.s.b.f.s.DefaultListableBeanFactory - Returning cached instance of singleton bean &apos;org.springframework.transaction.config.internalTransactionAdvisor&apos;
16:08:35.158 [main] DEBUG o.s.b.f.s.DefaultListableBeanFactory - Finished creating instance of bean &apos;orderRepository&apos;
16:08:35.158 [main] DEBUG o.s.b.f.s.DefaultListableBeanFactory - Returning cached instance of singleton bean &apos;org.springframework.transaction.config.internalTransactionAdvisor&apos;
16:08:35.158 [main] DEBUG o.s.b.f.a.AutowiredAnnotationBeanPostProcessor - Autowiring by type from bean name &apos;incrementSaleDecrementQuantityImpl&apos; to bean named &apos;orderRepository&apos;
16:08:35.158 [main] DEBUG o.s.b.f.s.DefaultListableBeanFactory - Returning cached instance of singleton bean &apos;org.springframework.transaction.config.internalTransactionAdvisor&apos;
16:08:35.158 [main] DEBUG o.s.b.f.s.DefaultListableBeanFactory - Finished creating instance of bean &apos;incrementSaleDecrementQuantityImpl&apos;
16:08:35.158 [main] DEBUG o.s.b.f.s.DefaultListableBeanFactory - Creating shared instance of singleton bean &apos;rateAlbumCorImpl&apos;
16:08:35.158 [main] DEBUG o.s.b.f.s.DefaultListableBeanFactory - Creating instance of bean &apos;rateAlbumCorImpl&apos;
16:08:35.159 [main] DEBUG o.s.b.f.annotation.InjectionMetadata - Registered injected element on class [com.startup.musicstore.services.Impl.RateAlbumCorImpl]: AutowiredFieldElement for private com.startup.musicstore.respository.AlbumsRepository com.startup.musicstore.services.Impl.RateAlbumCorImpl.albumRepo
16:08:35.159 [main] DEBUG o.s.b.f.s.DefaultListableBeanFactory - Eagerly caching bean &apos;rateAlbumCorImpl&apos; to allow for resolving potential circular references
16:08:35.161 [main] DEBUG o.s.b.f.annotation.InjectionMetadata - Processing injected method of bean &apos;rateAlbumCorImpl&apos;: AutowiredFieldElement for private com.startup.musicstore.respository.AlbumsRepository com.startup.musicstore.services.Impl.RateAlbumCorImpl.albumRepo
16:08:35.161 [main] DEBUG o.s.b.f.s.DefaultListableBeanFactory - Returning cached instance of singleton bean &apos;albumsRepository&apos;
16:08:35.161 [main] DEBUG o.s.b.f.a.AutowiredAnnotationBeanPostProcessor - Autowiring by type from bean name &apos;rateAlbumCorImpl&apos; to bean named &apos;albumsRepository&apos;
16:08:35.161 [main] DEBUG o.s.b.f.s.DefaultListableBeanFactory - Returning cached instance of singleton bean &apos;org.springframework.transaction.config.internalTransactionAdvisor&apos;
16:08:35.162 [main] DEBUG o.s.b.f.s.DefaultListableBeanFactory - Finished creating instance of bean &apos;rateAlbumCorImpl&apos;
16:08:35.162 [main] DEBUG o.s.b.f.s.DefaultListableBeanFactory - Creating shared instance of singleton bean &apos;returnURLImpl&apos;
16:08:35.162 [main] DEBUG o.s.b.f.s.DefaultListableBeanFactory - Creating instance of bean &apos;returnURLImpl&apos;
16:08:35.162 [main] DEBUG o.s.b.f.annotation.InjectionMetadata - Registered injected element on class [com.startup.musicstore.services.Impl.ReturnURLImpl]: AutowiredFieldElement for private com.startup.musicstore.respository.AlbumsRepository com.startup.musicstore.services.Impl.ReturnURLImpl.albumRepo
16:08:35.162 [main] DEBUG o.s.b.f.s.DefaultListableBeanFactory - Eagerly caching bean &apos;returnURLImpl&apos; to allow for resolving potential circular references
16:08:35.163 [main] DEBUG o.s.b.f.annotation.InjectionMetadata - Processing injected method of bean &apos;returnURLImpl&apos;: AutowiredFieldElement for private com.startup.musicstore.respository.AlbumsRepository com.startup.musicstore.services.Impl.ReturnURLImpl.albumRepo
16:08:35.163 [main] DEBUG o.s.b.f.s.DefaultListableBeanFactory - Returning cached instance of singleton bean &apos;albumsRepository&apos;
16:08:35.163 [main] DEBUG o.s.b.f.a.AutowiredAnnotationBeanPostProcessor - Autowiring by type from bean name &apos;returnURLImpl&apos; to bean named &apos;albumsRepository&apos;
16:08:35.163 [main] DEBUG o.s.b.f.s.DefaultListableBeanFactory - Returning cached instance of singleton bean &apos;org.springframework.transaction.config.internalTransactionAdvisor&apos;
16:08:35.163 [main] DEBUG o.s.b.f.s.DefaultListableBeanFactory - Finished creating instance of bean &apos;returnURLImpl&apos;
16:08:35.163 [main] DEBUG o.s.b.f.s.DefaultListableBeanFactory - Returning cached instance of singleton bean &apos;org.springframework.transaction.annotation.ProxyTransactionManagementConfiguration&apos;
16:08:35.163 [main] DEBUG o.s.b.f.s.DefaultListableBeanFactory - Returning cached instance of singleton bean &apos;org.springframework.transaction.config.internalTransactionAdvisor&apos;
16:08:35.164 [main] DEBUG o.s.b.f.s.DefaultListableBeanFactory - Returning cached instance of singleton bean &apos;transactionAttributeSource&apos;
16:08:35.164 [main] DEBUG o.s.b.f.s.DefaultListableBeanFactory - Returning cached instance of singleton bean &apos;transactionInterceptor&apos;
16:08:35.164 [main] DEBUG o.s.b.f.s.DefaultListableBeanFactory - Creating shared instance of singleton bean &apos;transactionManager&apos;
16:08:35.164 [main] DEBUG o.s.b.f.s.DefaultListableBeanFactory - Creating instance of bean &apos;transactionManager&apos;
16:08:35.164 [main] DEBUG o.s.b.f.s.DefaultListableBeanFactory - Returning cached instance of singleton bean &apos;connectionConfigTest&apos;
16:08:35.168 [main] DEBUG o.s.b.f.s.DefaultListableBeanFactory - Eagerly caching bean &apos;transactionManager&apos; to allow for resolving potential circular references
16:08:35.170 [main] DEBUG o.s.b.f.s.DefaultListableBeanFactory - Returning cached instance of singleton bean &apos;entityManagerFactory&apos;
16:08:35.170 [main] DEBUG o.s.b.f.s.DefaultListableBeanFactory - Invoking afterPropertiesSet() on bean with name &apos;transactionManager&apos;
16:08:35.171 [main] DEBUG o.s.b.f.s.DefaultListableBeanFactory - Returning cached instance of singleton bean &apos;org.springframework.transaction.config.internalTransactionAdvisor&apos;
16:08:35.171 [main] DEBUG o.s.b.f.s.DefaultListableBeanFactory - Finished creating instance of bean &apos;transactionManager&apos;
16:08:35.171 [main] DEBUG o.s.b.f.s.DefaultListableBeanFactory - Returning cached instance of singleton bean &apos;entityManagerFactory&apos;
16:08:35.171 [main] DEBUG o.s.b.f.s.DefaultListableBeanFactory - Returning cached instance of singleton bean &apos;dataSource&apos;
16:08:35.171 [main] DEBUG o.s.b.f.s.DefaultListableBeanFactory - Returning cached instance of singleton bean &apos;jpaVendorAdapter&apos;
16:08:35.171 [main] DEBUG o.s.b.f.s.DefaultListableBeanFactory - Returning cached instance of singleton bean &apos;org.springframework.aop.config.internalAutoProxyCreator&apos;
16:08:35.171 [main] DEBUG o.s.b.f.s.DefaultListableBeanFactory - Returning cached instance of singleton bean &apos;org.springframework.data.repository.core.support.RepositoryInterfaceAwareBeanPostProcessor#0&apos;
16:08:35.171 [main] DEBUG o.s.b.f.s.DefaultListableBeanFactory - Returning cached instance of singleton bean &apos;org.springframework.data.jpa.repository.support.EntityManagerBeanDefinitionRegistrarPostProcessor#0&apos;
16:08:35.171 [main] DEBUG o.s.b.f.s.DefaultListableBeanFactory - Returning cached instance of singleton bean &apos;jpaMapppingContext&apos;
16:08:35.171 [main] DEBUG o.s.b.f.s.DefaultListableBeanFactory - Returning cached instance of singleton bean &apos;orderRepository&apos;
16:08:35.171 [main] DEBUG o.s.b.f.s.DefaultListableBeanFactory - Creating shared instance of singleton bean &apos;orderItemsRepository&apos;
16:08:35.171 [main] DEBUG o.s.b.f.s.DefaultListableBeanFactory - Creating instance of bean &apos;orderItemsRepository&apos;
16:08:35.172 [main] DEBUG o.s.b.f.annotation.InjectionMetadata - Registered injected element on class [org.springframework.data.jpa.repository.support.JpaRepositoryFactoryBean]: PersistenceElement for public void org.springframework.data.jpa.repository.support.JpaRepositoryFactoryBean.setEntityManager(javax.persistence.EntityManager)
16:08:35.172 [main] DEBUG o.s.b.f.s.DefaultListableBeanFactory - Eagerly caching bean &apos;orderItemsRepository&apos; to allow for resolving potential circular references
16:08:35.172 [main] DEBUG o.s.b.f.annotation.InjectionMetadata - Processing injected method of bean &apos;orderItemsRepository&apos;: PersistenceElement for public void org.springframework.data.jpa.repository.support.JpaRepositoryFactoryBean.setEntityManager(javax.persistence.EntityManager)
16:08:35.172 [main] DEBUG o.s.b.f.s.DefaultListableBeanFactory - Creating instance of bean &apos;(inner bean)#3b1ed14b&apos;
16:08:35.172 [main] DEBUG o.s.b.f.s.DefaultListableBeanFactory - Creating instance of bean &apos;(inner bean)#690bc15e&apos;
16:08:35.172 [main] DEBUG o.s.b.f.s.DefaultListableBeanFactory - Invoking afterPropertiesSet() on bean with name &apos;(inner bean)#690bc15e&apos;
16:08:35.172 [main] DEBUG o.s.b.f.s.DefaultListableBeanFactory - Returning cached instance of singleton bean &apos;org.springframework.transaction.config.internalTransactionAdvisor&apos;
16:08:35.172 [main] DEBUG o.s.b.f.s.DefaultListableBeanFactory - Finished creating instance of bean &apos;(inner bean)#690bc15e&apos;
16:08:35.172 [main] DEBUG o.s.b.f.s.DefaultListableBeanFactory - Returning cached instance of singleton bean &apos;org.springframework.transaction.config.internalTransactionAdvisor&apos;
16:08:35.173 [main] DEBUG o.s.b.f.s.DefaultListableBeanFactory - Returning cached instance of singleton bean &apos;org.springframework.transaction.config.internalTransactionAdvisor&apos;
16:08:35.173 [main] DEBUG o.s.b.f.s.DefaultListableBeanFactory - Finished creating instance of bean &apos;(inner bean)#3b1ed14b&apos;
16:08:35.173 [main] DEBUG o.s.b.f.s.DefaultListableBeanFactory - Creating instance of bean &apos;(inner bean)#475646d4&apos;
16:08:35.173 [main] DEBUG o.s.b.f.s.DefaultListableBeanFactory - Returning cached instance of singleton bean &apos;entityManagerFactory&apos;
16:08:35.173 [main] DEBUG o.s.b.f.s.DefaultListableBeanFactory - Returning cached instance of singleton bean &apos;org.springframework.transaction.config.internalTransactionAdvisor&apos;
16:08:35.173 [main] DEBUG o.s.b.f.s.DefaultListableBeanFactory - Finished creating instance of bean &apos;(inner bean)#475646d4&apos;
16:08:35.173 [main] DEBUG o.s.b.f.s.DefaultListableBeanFactory - Returning cached instance of singleton bean &apos;jpaMapppingContext&apos;
16:08:35.173 [main] DEBUG o.s.b.f.s.DefaultListableBeanFactory - Invoking afterPropertiesSet() on bean with name &apos;orderItemsRepository&apos;
16:08:35.173 [main] DEBUG o.s.o.j.SharedEntityManagerCreator$SharedEntityManagerInvocationHandler - Creating new EntityManager for shared EntityManager invocation
16:08:35.174 [main] DEBUG o.s.o.jpa.EntityManagerFactoryUtils - Closing JPA EntityManager
16:08:35.174 [main] DEBUG o.s.o.j.SharedEntityManagerCreator$SharedEntityManagerInvocationHandler - Creating new EntityManager for shared EntityManager invocation
16:08:35.175 [main] DEBUG o.s.o.jpa.EntityManagerFactoryUtils - Closing JPA EntityManager
16:08:35.175 [main] DEBUG o.s.aop.framework.JdkDynamicAopProxy - Creating JDK dynamic proxy: target source is org.springframework.data.jpa.repository.support.CrudMethodMetadataPostProcessor$ThreadBoundTargetSource@6ec7bce0
16:08:35.175 [main] DEBUG o.s.aop.framework.JdkDynamicAopProxy - Creating JDK dynamic proxy: target source is SingletonTargetSource for target object [org.springframework.data.jpa.repository.support.SimpleJpaRepository@2d272b0d]
16:08:35.177 [main] DEBUG o.s.b.f.s.DefaultListableBeanFactory - Returning cached instance of singleton bean &apos;org.springframework.transaction.config.internalTransactionAdvisor&apos;
16:08:35.177 [main] DEBUG o.s.b.f.s.DefaultListableBeanFactory - Finished creating instance of bean &apos;orderItemsRepository&apos;
16:08:35.177 [main] DEBUG o.s.b.f.s.DefaultListableBeanFactory - Creating shared instance of singleton bean &apos;marketingInformationRepository&apos;
16:08:35.177 [main] DEBUG o.s.b.f.s.DefaultListableBeanFactory - Creating instance of bean &apos;marketingInformationRepository&apos;
16:08:35.177 [main] DEBUG o.s.b.f.annotation.InjectionMetadata - Registered injected element on class [org.springframework.data.jpa.repository.support.JpaRepositoryFactoryBean]: PersistenceElement for public void org.springframework.data.jpa.repository.support.JpaRepositoryFactoryBean.setEntityManager(javax.persistence.EntityManager)
16:08:35.177 [main] DEBUG o.s.b.f.s.DefaultListableBeanFactory - Eagerly caching bean &apos;marketingInformationRepository&apos; to allow for resolving potential circular references
16:08:35.177 [main] DEBUG o.s.b.f.annotation.InjectionMetadata - Processing injected method of bean &apos;marketingInformationRepository&apos;: PersistenceElement for public void org.springframework.data.jpa.repository.support.JpaRepositoryFactoryBean.setEntityManager(javax.persistence.EntityManager)
16:08:35.177 [main] DEBUG o.s.b.f.s.DefaultListableBeanFactory - Creating instance of bean &apos;(inner bean)#5c448433&apos;
16:08:35.177 [main] DEBUG o.s.b.f.s.DefaultListableBeanFactory - Creating instance of bean &apos;(inner bean)#fb713e7&apos;
16:08:35.178 [main] DEBUG o.s.b.f.s.DefaultListableBeanFactory - Invoking afterPropertiesSet() on bean with name &apos;(inner bean)#fb713e7&apos;
16:08:35.178 [main] DEBUG o.s.b.f.s.DefaultListableBeanFactory - Returning cached instance of singleton bean &apos;org.springframework.transaction.config.internalTransactionAdvisor&apos;
16:08:35.178 [main] DEBUG o.s.b.f.s.DefaultListableBeanFactory - Finished creating instance of bean &apos;(inner bean)#fb713e7&apos;
16:08:35.178 [main] DEBUG o.s.b.f.s.DefaultListableBeanFactory - Returning cached instance of singleton bean &apos;org.springframework.transaction.config.internalTransactionAdvisor&apos;
16:08:35.178 [main] DEBUG o.s.b.f.s.DefaultListableBeanFactory - Returning cached instance of singleton bean &apos;org.springframework.transaction.config.internalTransactionAdvisor&apos;
16:08:35.178 [main] DEBUG o.s.b.f.s.DefaultListableBeanFactory - Finished creating instance of bean &apos;(inner bean)#5c448433&apos;
16:08:35.178 [main] DEBUG o.s.b.f.s.DefaultListableBeanFactory - Creating instance of bean &apos;(inner bean)#13741d5a&apos;
16:08:35.178 [main] DEBUG o.s.b.f.s.DefaultListableBeanFactory - Returning cached instance of singleton bean &apos;entityManagerFactory&apos;
16:08:35.179 [main] DEBUG o.s.b.f.s.DefaultListableBeanFactory - Returning cached instance of singleton bean &apos;org.springframework.transaction.config.internalTransactionAdvisor&apos;
16:08:35.179 [main] DEBUG o.s.b.f.s.DefaultListableBeanFactory - Finished creating instance of bean &apos;(inner bean)#13741d5a&apos;
16:08:35.179 [main] DEBUG o.s.b.f.s.DefaultListableBeanFactory - Returning cached instance of singleton bean &apos;jpaMapppingContext&apos;
16:08:35.179 [main] DEBUG o.s.b.f.s.DefaultListableBeanFactory - Invoking afterPropertiesSet() on bean with name &apos;marketingInformationRepository&apos;
16:08:35.179 [main] DEBUG o.s.o.j.SharedEntityManagerCreator$SharedEntityManagerInvocationHandler - Creating new EntityManager for shared EntityManager invocation
16:08:35.179 [main] DEBUG o.s.o.jpa.EntityManagerFactoryUtils - Closing JPA EntityManager
16:08:35.180 [main] DEBUG o.s.o.j.SharedEntityManagerCreator$SharedEntityManagerInvocationHandler - Creating new EntityManager for shared EntityManager invocation
16:08:35.180 [main] DEBUG o.s.o.jpa.EntityManagerFactoryUtils - Closing JPA EntityManager
16:08:35.180 [main] DEBUG o.s.aop.framework.JdkDynamicAopProxy - Creating JDK dynamic proxy: target source is org.springframework.data.jpa.repository.support.CrudMethodMetadataPostProcessor$ThreadBoundTargetSource@6c6333cd
16:08:35.180 [main] DEBUG o.s.aop.framework.JdkDynamicAopProxy - Creating JDK dynamic proxy: target source is SingletonTargetSource for target object [org.springframework.data.jpa.repository.support.SimpleJpaRepository@3e47a03]
16:08:35.182 [main] DEBUG o.s.b.f.s.DefaultListableBeanFactory - Returning cached instance of singleton bean &apos;org.springframework.transaction.config.internalTransactionAdvisor&apos;
16:08:35.182 [main] DEBUG o.s.b.f.s.DefaultListableBeanFactory - Finished creating instance of bean &apos;marketingInformationRepository&apos;
16:08:35.182 [main] DEBUG o.s.b.f.s.DefaultListableBeanFactory - Returning cached instance of singleton bean &apos;customerRepository&apos;
16:08:35.182 [main] DEBUG o.s.b.f.s.DefaultListableBeanFactory - Returning cached instance of singleton bean &apos;creditCardRepository&apos;
16:08:35.182 [main] DEBUG o.s.b.f.s.DefaultListableBeanFactory - Creating shared instance of singleton bean &apos;trackRepository&apos;
16:08:35.182 [main] DEBUG o.s.b.f.s.DefaultListableBeanFactory - Creating instance of bean &apos;trackRepository&apos;
16:08:35.182 [main] DEBUG o.s.b.f.annotation.InjectionMetadata - Registered injected element on class [org.springframework.data.jpa.repository.support.JpaRepositoryFactoryBean]: PersistenceElement for public void org.springframework.data.jpa.repository.support.JpaRepositoryFactoryBean.setEntityManager(javax.persistence.EntityManager)
16:08:35.182 [main] DEBUG o.s.b.f.s.DefaultListableBeanFactory - Eagerly caching bean &apos;trackRepository&apos; to allow for resolving potential circular references
16:08:35.182 [main] DEBUG o.s.b.f.annotation.InjectionMetadata - Processing injected method of bean &apos;trackRepository&apos;: PersistenceElement for public void org.springframework.data.jpa.repository.support.JpaRepositoryFactoryBean.setEntityManager(javax.persistence.EntityManager)
16:08:35.183 [main] DEBUG o.s.b.f.s.DefaultListableBeanFactory - Creating instance of bean &apos;(inner bean)#8deb645&apos;
16:08:35.183 [main] DEBUG o.s.b.f.s.DefaultListableBeanFactory - Creating instance of bean &apos;(inner bean)#7dd611c8&apos;
16:08:35.183 [main] DEBUG o.s.b.f.s.DefaultListableBeanFactory - Invoking afterPropertiesSet() on bean with name &apos;(inner bean)#7dd611c8&apos;
16:08:35.183 [main] DEBUG o.s.b.f.s.DefaultListableBeanFactory - Returning cached instance of singleton bean &apos;org.springframework.transaction.config.internalTransactionAdvisor&apos;
16:08:35.183 [main] DEBUG o.s.b.f.s.DefaultListableBeanFactory - Finished creating instance of bean &apos;(inner bean)#7dd611c8&apos;
16:08:35.183 [main] DEBUG o.s.b.f.s.DefaultListableBeanFactory - Returning cached instance of singleton bean &apos;org.springframework.transaction.config.internalTransactionAdvisor&apos;
16:08:35.184 [main] DEBUG o.s.b.f.s.DefaultListableBeanFactory - Returning cached instance of singleton bean &apos;org.springframework.transaction.config.internalTransactionAdvisor&apos;
16:08:35.184 [main] DEBUG o.s.b.f.s.DefaultListableBeanFactory - Finished creating instance of bean &apos;(inner bean)#8deb645&apos;
16:08:35.184 [main] DEBUG o.s.b.f.s.DefaultListableBeanFactory - Creating instance of bean &apos;(inner bean)#1702830d&apos;
16:08:35.184 [main] DEBUG o.s.b.f.s.DefaultListableBeanFactory - Returning cached instance of singleton bean &apos;entityManagerFactory&apos;
16:08:35.185 [main] DEBUG o.s.b.f.s.DefaultListableBeanFactory - Returning cached instance of singleton bean &apos;org.springframework.transaction.config.internalTransactionAdvisor&apos;
16:08:35.185 [main] DEBUG o.s.b.f.s.DefaultListableBeanFactory - Finished creating instance of bean &apos;(inner bean)#1702830d&apos;
16:08:35.185 [main] DEBUG o.s.b.f.s.DefaultListableBeanFactory - Returning cached instance of singleton bean &apos;jpaMapppingContext&apos;
16:08:35.185 [main] DEBUG o.s.b.f.s.DefaultListableBeanFactory - Invoking afterPropertiesSet() on bean with name &apos;trackRepository&apos;
16:08:35.185 [main] DEBUG o.s.o.j.SharedEntityManagerCreator$SharedEntityManagerInvocationHandler - Creating new EntityManager for shared EntityManager invocation
16:08:35.185 [main] DEBUG o.s.o.jpa.EntityManagerFactoryUtils - Closing JPA EntityManager
16:08:35.186 [main] DEBUG o.s.o.j.SharedEntityManagerCreator$SharedEntityManagerInvocationHandler - Creating new EntityManager for shared EntityManager invocation
16:08:35.186 [main] DEBUG o.s.o.jpa.EntityManagerFactoryUtils - Closing JPA EntityManager
16:08:35.186 [main] DEBUG o.s.aop.framework.JdkDynamicAopProxy - Creating JDK dynamic proxy: target source is org.springframework.data.jpa.repository.support.CrudMethodMetadataPostProcessor$ThreadBoundTargetSource@1000d54d
16:08:35.187 [main] DEBUG o.s.aop.framework.JdkDynamicAopProxy - Creating JDK dynamic proxy: target source is SingletonTargetSource for target object [org.springframework.data.jpa.repository.support.SimpleJpaRepository@3f4f5330]
16:08:35.189 [main] DEBUG o.s.b.f.s.DefaultListableBeanFactory - Returning cached instance of singleton bean &apos;org.springframework.transaction.config.internalTransactionAdvisor&apos;
16:08:35.189 [main] DEBUG o.s.b.f.s.DefaultListableBeanFactory - Finished creating instance of bean &apos;trackRepository&apos;
16:08:35.189 [main] DEBUG o.s.b.f.s.DefaultListableBeanFactory - Creating shared instance of singleton bean &apos;albumsCatergoryRepository&apos;
16:08:35.189 [main] DEBUG o.s.b.f.s.DefaultListableBeanFactory - Creating instance of bean &apos;albumsCatergoryRepository&apos;
16:08:35.189 [main] DEBUG o.s.b.f.annotation.InjectionMetadata - Registered injected element on class [org.springframework.data.jpa.repository.support.JpaRepositoryFactoryBean]: PersistenceElement for public void org.springframework.data.jpa.repository.support.JpaRepositoryFactoryBean.setEntityManager(javax.persistence.EntityManager)
16:08:35.189 [main] DEBUG o.s.b.f.s.DefaultListableBeanFactory - Eagerly caching bean &apos;albumsCatergoryRepository&apos; to allow for resolving potential circular references
16:08:35.189 [main] DEBUG o.s.b.f.annotation.InjectionMetadata - Processing injected method of bean &apos;albumsCatergoryRepository&apos;: PersistenceElement for public void org.springframework.data.jpa.repository.support.JpaRepositoryFactoryBean.setEntityManager(javax.persistence.EntityManager)
16:08:35.189 [main] DEBUG o.s.b.f.s.DefaultListableBeanFactory - Creating instance of bean &apos;(inner bean)#750ff7d3&apos;
16:08:35.189 [main] DEBUG o.s.b.f.s.DefaultListableBeanFactory - Creating instance of bean &apos;(inner bean)#63b3ee82&apos;
16:08:35.190 [main] DEBUG o.s.b.f.s.DefaultListableBeanFactory - Invoking afterPropertiesSet() on bean with name &apos;(inner bean)#63b3ee82&apos;
16:08:35.190 [main] DEBUG o.s.b.f.s.DefaultListableBeanFactory - Returning cached instance of singleton bean &apos;org.springframework.transaction.config.internalTransactionAdvisor&apos;
16:08:35.190 [main] DEBUG o.s.b.f.s.DefaultListableBeanFactory - Finished creating instance of bean &apos;(inner bean)#63b3ee82&apos;
16:08:35.190 [main] DEBUG o.s.b.f.s.DefaultListableBeanFactory - Returning cached instance of singleton bean &apos;org.springframework.transaction.config.internalTransactionAdvisor&apos;
16:08:35.190 [main] DEBUG o.s.b.f.s.DefaultListableBeanFactory - Returning cached instance of singleton bean &apos;org.springframework.transaction.config.internalTransactionAdvisor&apos;
16:08:35.190 [main] DEBUG o.s.b.f.s.DefaultListableBeanFactory - Finished creating instance of bean &apos;(inner bean)#750ff7d3&apos;
16:08:35.190 [main] DEBUG o.s.b.f.s.DefaultListableBeanFactory - Creating instance of bean &apos;(inner bean)#7c8d5312&apos;
16:08:35.190 [main] DEBUG o.s.b.f.s.DefaultListableBeanFactory - Returning cached instance of singleton bean &apos;entityManagerFactory&apos;
16:08:35.191 [main] DEBUG o.s.b.f.s.DefaultListableBeanFactory - Returning cached instance of singleton bean &apos;org.springframework.transaction.config.internalTransactionAdvisor&apos;
16:08:35.191 [main] DEBUG o.s.b.f.s.DefaultListableBeanFactory - Finished creating instance of bean &apos;(inner bean)#7c8d5312&apos;
16:08:35.191 [main] DEBUG o.s.b.f.s.DefaultListableBeanFactory - Returning cached instance of singleton bean &apos;jpaMapppingContext&apos;
16:08:35.191 [main] DEBUG o.s.b.f.s.DefaultListableBeanFactory - Invoking afterPropertiesSet() on bean with name &apos;albumsCatergoryRepository&apos;
16:08:35.191 [main] DEBUG o.s.o.j.SharedEntityManagerCreator$SharedEntityManagerInvocationHandler - Creating new EntityManager for shared EntityManager invocation
16:08:35.191 [main] DEBUG o.s.o.jpa.EntityManagerFactoryUtils - Closing JPA EntityManager
16:08:35.192 [main] DEBUG o.s.o.j.SharedEntityManagerCreator$SharedEntityManagerInvocationHandler - Creating new EntityManager for shared EntityManager invocation
16:08:35.193 [main] DEBUG o.s.o.jpa.EntityManagerFactoryUtils - Closing JPA EntityManager
16:08:35.193 [main] DEBUG o.s.aop.framework.JdkDynamicAopProxy - Creating JDK dynamic proxy: target source is org.springframework.data.jpa.repository.support.CrudMethodMetadataPostProcessor$ThreadBoundTargetSource@10823d72
16:08:35.193 [main] DEBUG o.s.aop.framework.JdkDynamicAopProxy - Creating JDK dynamic proxy: target source is SingletonTargetSource for target object [org.springframework.data.jpa.repository.support.SimpleJpaRepository@7cea0110]
16:08:35.195 [main] DEBUG o.s.b.f.s.DefaultListableBeanFactory - Returning cached instance of singleton bean &apos;org.springframework.transaction.config.internalTransactionAdvisor&apos;
16:08:35.195 [main] DEBUG o.s.b.f.s.DefaultListableBeanFactory - Finished creating instance of bean &apos;albumsCatergoryRepository&apos;
16:08:35.195 [main] DEBUG o.s.b.f.s.DefaultListableBeanFactory - Returning cached instance of singleton bean &apos;albumsRepository&apos;
16:08:35.195 [main] DEBUG o.s.b.f.s.DefaultListableBeanFactory - Creating shared instance of singleton bean &apos;org.springframework.orm.jpa.SharedEntityManagerCreator#0&apos;
16:08:35.195 [main] DEBUG o.s.b.f.s.DefaultListableBeanFactory - Creating instance of bean &apos;org.springframework.orm.jpa.SharedEntityManagerCreator#0&apos;
16:08:35.195 [main] DEBUG o.s.b.f.s.DefaultListableBeanFactory - Returning cached instance of singleton bean &apos;entityManagerFactory&apos;
16:08:35.196 [main] DEBUG o.s.b.f.s.DefaultListableBeanFactory - Eagerly caching bean &apos;org.springframework.orm.jpa.SharedEntityManagerCreator#0&apos; to allow for resolving potential circular references
16:08:35.196 [main] DEBUG o.s.b.f.s.DefaultListableBeanFactory - Returning cached instance of singleton bean &apos;org.springframework.transaction.config.internalTransactionAdvisor&apos;
16:08:35.196 [main] DEBUG o.s.b.f.s.DefaultListableBeanFactory - Finished creating instance of bean &apos;org.springframework.orm.jpa.SharedEntityManagerCreator#0&apos;
16:08:35.197 [main] DEBUG o.s.c.a.AnnotationConfigApplicationContext - Unable to locate LifecycleProcessor with name &apos;lifecycleProcessor&apos;: using default [org.springframework.context.support.DefaultLifecycleProcessor@1729ec00]
16:08:35.197 [main] DEBUG o.s.b.f.s.DefaultListableBeanFactory - Returning cached instance of singleton bean &apos;lifecycleProcessor&apos;
16:08:35.198 [main] DEBUG o.s.c.e.PropertySourcesPropertyResolver - Searching for key &apos;spring.liveBeansView.mbeanDomain&apos; in [systemProperties]
16:08:35.198 [main] DEBUG o.s.c.e.PropertySourcesPropertyResolver - Searching for key &apos;spring.liveBeansView.mbeanDomain&apos; in [systemEnvironment]
16:08:35.198 [main] DEBUG o.s.c.e.PropertySourcesPropertyResolver - Could not find key &apos;spring.liveBeansView.mbeanDomain&apos; in any property source. Returning [null]
16:08:35.200 [main] DEBUG o.s.b.f.s.DefaultListableBeanFactory - Returning cached instance of singleton bean &apos;albumsRepository&apos;
16:08:35.200 [main] DEBUG o.s.b.f.s.DefaultListableBeanFactory - Returning cached instance of singleton bean &apos;getSalesCategoryListImpl&apos;
16:08:35.200 [main] DEBUG o.s.b.f.s.DefaultListableBeanFactory - Returning cached instance of singleton bean &apos;albumsCatergoryRepository&apos;
16:08:35.200 [main] DEBUG o.s.b.f.s.DefaultListableBeanFactory - Returning cached instance of singleton bean &apos;org.springframework.transaction.config.internalTransactionAdvisor&apos;
16:08:35.206 [main] DEBUG o.s.d.r.c.s.TransactionalRepositoryProxyPostProcessor$CustomAnnotationTransactionAttributeSource - Adding transactional method &apos;save&apos; with attribute: PROPAGATION_REQUIRED,ISOLATION_DEFAULT; &apos;&apos;
16:08:35.206 [main] DEBUG o.s.b.f.s.DefaultListableBeanFactory - Returning cached instance of singleton bean &apos;transactionManager&apos;
16:08:35.207 [main] DEBUG o.s.orm.jpa.JpaTransactionManager - Creating new transaction with name [org.springframework.data.jpa.repository.support.SimpleJpaRepository.save]: PROPAGATION_REQUIRED,ISOLATION_DEFAULT; &apos;&apos;
16:08:35.207 [main] DEBUG o.s.orm.jpa.JpaTransactionManager - Opened new EntityManager [org.hibernate.jpa.internal.EntityManagerImpl@21c815e4] for JPA transaction
16:08:35.208 [main] DEBUG o.h.e.t.spi.AbstractTransactionImpl - begin
16:08:35.208 [main] DEBUG o.h.e.j.i.LogicalConnectionImpl - Obtaining JDBC connection
16:08:35.208 [main] DEBUG o.h.e.j.i.LogicalConnectionImpl - Obtained JDBC connection
16:08:35.208 [main] DEBUG o.h.e.t.i.jdbc.JdbcTransaction - initial autocommit status: true
16:08:35.208 [main] DEBUG o.h.e.t.i.jdbc.JdbcTransaction - disabling autocommit
16:08:35.210 [main] DEBUG o.s.orm.jpa.JpaTransactionManager - Exposing JPA transaction as JDBC transaction [org.springframework.orm.jpa.vendor.HibernateJpaDialect$HibernateConnectionHandle@79fd6f95]
16:08:35.217 [main] DEBUG org.hibernate.engine.spi.ActionQueue - Executing identity-insert immediately
16:08:35.224 [main] DEBUG org.hibernate.SQL - insert into AlbumCategory (id, categoryName) values (default, ?)
16:08:35.228 [main] DEBUG org.hibernate.SQL - values identity_val_local()
16:08:35.229 [main] DEBUG o.h.id.IdentifierGeneratorHelper - Natively generated identity: 3
16:08:35.231 [main] DEBUG o.s.orm.jpa.JpaTransactionManager - Initiating transaction commit
16:08:35.231 [main] DEBUG o.s.orm.jpa.JpaTransactionManager - Committing JPA transaction on EntityManager [org.hibernate.jpa.internal.EntityManagerImpl@21c815e4]
16:08:35.232 [main] DEBUG o.h.e.t.spi.AbstractTransactionImpl - committing
16:08:35.232 [main] DEBUG o.h.e.i.AbstractFlushingEventListener - Processing flush-time cascades
16:08:35.232 [main] DEBUG o.h.e.i.AbstractFlushingEventListener - Dirty checking collections
16:08:35.234 [main] DEBUG o.h.e.i.AbstractFlushingEventListener - Flushed: 0 insertions, 0 updates, 0 deletions to 1 objects
16:08:35.234 [main] DEBUG o.h.e.i.AbstractFlushingEventListener - Flushed: 0 (re)creations, 0 updates, 0 removals to 0 collections
16:08:35.234 [main] DEBUG o.h.internal.util.EntityPrinter - Listing entities:
16:08:35.234 [main] DEBUG o.h.internal.util.EntityPrinter - com.startup.musicstore.domain.AlbumCategory{id=3, categoryName=Rock}
16:08:35.236 [main] DEBUG o.h.e.t.i.jdbc.JdbcTransaction - committed JDBC Connection
16:08:35.236 [main] DEBUG o.h.e.t.i.jdbc.JdbcTransaction - re-enabling autocommit
16:08:35.236 [main] DEBUG o.s.orm.jpa.JpaTransactionManager - Closing JPA EntityManager [org.hibernate.jpa.internal.EntityManagerImpl@21c815e4] after transaction
16:08:35.236 [main] DEBUG o.s.o.jpa.EntityManagerFactoryUtils - Closing JPA EntityManager
16:08:35.237 [main] DEBUG o.h.e.j.i.LogicalConnectionImpl - Releasing JDBC connection
16:08:35.237 [main] DEBUG o.h.e.j.i.LogicalConnectionImpl - Released JDBC connection
16:08:35.237 [main] DEBUG o.s.d.r.c.s.TransactionalRepositoryProxyPostProcessor$CustomAnnotationTransactionAttributeSource - Adding transactional method &apos;save&apos; with attribute: PROPAGATION_REQUIRED,ISOLATION_DEFAULT; &apos;&apos;
16:08:35.237 [main] DEBUG o.s.b.f.s.DefaultListableBeanFactory - Returning cached instance of singleton bean &apos;transactionManager&apos;
16:08:35.237 [main] DEBUG o.s.orm.jpa.JpaTransactionManager - Creating new transaction with name [org.springframework.data.jpa.repository.support.SimpleJpaRepository.save]: PROPAGATION_REQUIRED,ISOLATION_DEFAULT; &apos;&apos;
16:08:35.237 [main] DEBUG o.s.orm.jpa.JpaTransactionManager - Opened new EntityManager [org.hibernate.jpa.internal.EntityManagerImpl@65bdd558] for JPA transaction
16:08:35.237 [main] DEBUG o.h.e.t.spi.AbstractTransactionImpl - begin
16:08:35.237 [main] DEBUG o.h.e.j.i.LogicalConnectionImpl - Obtaining JDBC connection
16:08:35.237 [main] DEBUG o.h.e.j.i.LogicalConnectionImpl - Obtained JDBC connection
16:08:35.237 [main] DEBUG o.h.e.t.i.jdbc.JdbcTransaction - initial autocommit status: true
16:08:35.237 [main] DEBUG o.h.e.t.i.jdbc.JdbcTransaction - disabling autocommit
16:08:35.237 [main] DEBUG o.s.orm.jpa.JpaTransactionManager - Exposing JPA transaction as JDBC transaction [org.springframework.orm.jpa.vendor.HibernateJpaDialect$HibernateConnectionHandle@1dba4e06]
16:08:35.239 [main] DEBUG org.hibernate.engine.spi.ActionQueue - Executing identity-insert immediately
16:08:35.239 [main] DEBUG org.hibernate.SQL - insert into Albums (id, albumTitle, category, marketing, inventory, sales, unitPrice) values (default, ?, ?, ?, ?, ?, ?)
16:08:35.241 [main] DEBUG org.hibernate.SQL - values identity_val_local()
16:08:35.241 [main] DEBUG o.h.id.IdentifierGeneratorHelper - Natively generated identity: 5
16:08:35.241 [main] DEBUG o.s.orm.jpa.JpaTransactionManager - Initiating transaction commit
16:08:35.241 [main] DEBUG o.s.orm.jpa.JpaTransactionManager - Committing JPA transaction on EntityManager [org.hibernate.jpa.internal.EntityManagerImpl@65bdd558]
16:08:35.241 [main] DEBUG o.h.e.t.spi.AbstractTransactionImpl - committing
16:08:35.241 [main] DEBUG o.h.e.i.AbstractFlushingEventListener - Processing flush-time cascades
16:08:35.241 [main] DEBUG o.h.e.i.AbstractFlushingEventListener - Dirty checking collections
16:08:35.242 [main] DEBUG o.h.e.i.AbstractFlushingEventListener - Flushed: 0 insertions, 0 updates, 0 deletions to 1 objects
16:08:35.242 [main] DEBUG o.h.e.i.AbstractFlushingEventListener - Flushed: 0 (re)creations, 0 updates, 0 removals to 0 collections
16:08:35.242 [main] DEBUG o.h.internal.util.EntityPrinter - Listing entities:
16:08:35.242 [main] DEBUG o.h.internal.util.EntityPrinter - com.startup.musicstore.domain.Albums{unitPrice=209, albumTitle=DGD, id=5, category=com.startup.musicstore.domain.AlbumCategory#3, inventory=78, sales=12, tracks=null, info=null}
16:08:35.242 [main] DEBUG o.h.e.t.i.jdbc.JdbcTransaction - committed JDBC Connection
16:08:35.242 [main] DEBUG o.h.e.t.i.jdbc.JdbcTransaction - re-enabling autocommit
16:08:35.242 [main] DEBUG o.s.orm.jpa.JpaTransactionManager - Closing JPA EntityManager [org.hibernate.jpa.internal.EntityManagerImpl@65bdd558] after transaction
16:08:35.242 [main] DEBUG o.s.o.jpa.EntityManagerFactoryUtils - Closing JPA EntityManager
16:08:35.242 [main] DEBUG o.h.e.j.i.LogicalConnectionImpl - Releasing JDBC connection
16:08:35.242 [main] DEBUG o.h.e.j.i.LogicalConnectionImpl - Released JDBC connection
16:08:35.243 [main] DEBUG o.s.d.r.c.s.TransactionalRepositoryProxyPostProcessor$CustomAnnotationTransactionAttributeSource - Adding transactional method &apos;findAll&apos; with attribute: PROPAGATION_REQUIRED,ISOLATION_DEFAULT,readOnly; &apos;&apos;
16:08:35.243 [main] DEBUG o.s.b.f.s.DefaultListableBeanFactory - Returning cached instance of singleton bean &apos;transactionManager&apos;
16:08:35.243 [main] DEBUG o.s.orm.jpa.JpaTransactionManager - Creating new transaction with name [org.springframework.data.jpa.repository.support.SimpleJpaRepository.findAll]: PROPAGATION_REQUIRED,ISOLATION_DEFAULT,readOnly; &apos;&apos;
16:08:35.243 [main] DEBUG o.s.orm.jpa.JpaTransactionManager - Opened new EntityManager [org.hibernate.jpa.internal.EntityManagerImpl@4ac86d6a] for JPA transaction
16:08:35.243 [main] DEBUG o.h.e.t.spi.AbstractTransactionImpl - begin
16:08:35.243 [main] DEBUG o.h.e.j.i.LogicalConnectionImpl - Obtaining JDBC connection
16:08:35.243 [main] DEBUG o.h.e.j.i.LogicalConnectionImpl - Obtained JDBC connection
16:08:35.243 [main] DEBUG o.h.e.t.i.jdbc.JdbcTransaction - initial autocommit status: true
16:08:35.243 [main] DEBUG o.h.e.t.i.jdbc.JdbcTransaction - disabling autocommit
16:08:35.243 [main] DEBUG o.s.orm.jpa.JpaTransactionManager - Exposing JPA transaction as JDBC transaction [org.springframework.orm.jpa.vendor.HibernateJpaDialect$HibernateConnectionHandle@3d904e9c]
16:08:35.251 [main] DEBUG o.h.jpa.criteria.CriteriaQueryImpl - Rendered criteria query -&gt; select generatedAlias0 from Albums as generatedAlias0
16:08:35.275 [main] DEBUG o.h.h.i.ast.QueryTranslatorImpl - parse() - HQL: select generatedAlias0 from com.startup.musicstore.domain.Albums as generatedAlias0
16:08:35.280 [main] DEBUG o.h.h.i.ast.QueryTranslatorImpl - --- HQL AST ---
 \-[QUERY] Node: &apos;query&apos;
    \-[SELECT_FROM] Node: &apos;SELECT_FROM&apos;
       +-[FROM] Node: &apos;from&apos;
       |  \-[RANGE] Node: &apos;RANGE&apos;
       |     +-[DOT] Node: &apos;.&apos;
       |     |  +-[DOT] Node: &apos;.&apos;
       |     |  |  +-[DOT] Node: &apos;.&apos;
       |     |  |  |  +-[DOT] Node: &apos;.&apos;
       |     |  |  |  |  +-[IDENT] Node: &apos;com&apos;
       |     |  |  |  |  \-[IDENT] Node: &apos;startup&apos;
       |     |  |  |  \-[IDENT] Node: &apos;musicstore&apos;
       |     |  |  \-[IDENT] Node: &apos;domain&apos;
       |     |  \-[IDENT] Node: &apos;Albums&apos;
       |     \-[ALIAS] Node: &apos;generatedAlias0&apos;
       \-[SELECT] Node: &apos;select&apos;
          \-[IDENT] Node: &apos;generatedAlias0&apos;

16:08:35.280 [main] DEBUG o.h.hql.internal.ast.ErrorCounter - throwQueryException() : no errors
16:08:35.292 [main] DEBUG o.h.h.i.antlr.HqlSqlBaseWalker - select &lt;&lt; begin [level=1, statement=select]
16:08:35.300 [main] DEBUG o.h.h.internal.ast.tree.FromElement - FromClause{level=1} : com.startup.musicstore.domain.Albums (generatedAlias0) -&gt; albums0_
16:08:35.301 [main] DEBUG o.h.h.i.ast.tree.FromReferenceNode - Resolved : generatedAlias0 -&gt; albums0_.id
16:08:35.302 [main] DEBUG o.h.h.i.antlr.HqlSqlBaseWalker - select : finishing up [level=1, statement=select]
16:08:35.302 [main] DEBUG o.h.hql.internal.ast.HqlSqlWalker - processQuery() :  ( SELECT ( {select clause} albums0_.id ) ( FromClause{level=1} Albums albums0_ ) )
16:08:35.305 [main] DEBUG o.h.h.i.ast.util.JoinProcessor - Using FROM fragment [Albums albums0_]
16:08:35.306 [main] DEBUG o.h.h.i.antlr.HqlSqlBaseWalker - select &gt;&gt; end [level=1, statement=select]
16:08:35.306 [main] DEBUG o.h.h.i.ast.QueryTranslatorImpl - --- SQL AST ---
 \-[SELECT] QueryNode: &apos;SELECT&apos;  querySpaces (Albums)
    +-[SELECT_CLAUSE] SelectClause: &apos;{select clause}&apos;
    |  +-[ALIAS_REF] IdentNode: &apos;albums0_.id as id1_1_&apos; {alias=generatedAlias0, className=com.startup.musicstore.domain.Albums, tableAlias=albums0_}
    |  \-[SQL_TOKEN] SqlFragment: &apos;albums0_.albumTitle as albumTit2_1_, albums0_.category as category6_1_, albums0_.marketing as marketin7_1_, albums0_.inventory as inventor3_1_, albums0_.sales as sales4_1_, albums0_.unitPrice as unitPric5_1_&apos;
    \-[FROM] FromClause: &apos;from&apos; FromClause{level=1, fromElementCounter=1, fromElements=1, fromElementByClassAlias=[generatedAlias0], fromElementByTableAlias=[albums0_], fromElementsByPath=[], collectionJoinFromElementsByPath=[], impliedElements=[]}
       \-[FROM_FRAGMENT] FromElement: &apos;Albums albums0_&apos; FromElement{explicit,not a collection join,not a fetch join,fetch non-lazy properties,classAlias=generatedAlias0,role=null,tableName=Albums,tableAlias=albums0_,origin=null,columns={,className=com.startup.musicstore.domain.Albums}}

16:08:35.306 [main] DEBUG o.h.hql.internal.ast.ErrorCounter - throwQueryException() : no errors
16:08:35.310 [main] DEBUG o.h.h.i.ast.QueryTranslatorImpl - HQL: select generatedAlias0 from com.startup.musicstore.domain.Albums as generatedAlias0
16:08:35.310 [main] DEBUG o.h.h.i.ast.QueryTranslatorImpl - SQL: select albums0_.id as id1_1_, albums0_.albumTitle as albumTit2_1_, albums0_.category as category6_1_, albums0_.marketing as marketin7_1_, albums0_.inventory as inventor3_1_, albums0_.sales as sales4_1_, albums0_.unitPrice as unitPric5_1_ from Albums albums0_
16:08:35.310 [main] DEBUG o.h.hql.internal.ast.ErrorCounter - throwQueryException() : no errors
16:08:35.317 [main] DEBUG o.s.d.j.r.s.CrudMethodMetadataPostProcessor$ThreadBoundTargetSource - Initializing lazy target object
16:08:35.320 [main] DEBUG org.hibernate.SQL - select albums0_.id as id1_1_, albums0_.albumTitle as albumTit2_1_, albums0_.category as category6_1_, albums0_.marketing as marketin7_1_, albums0_.inventory as inventor3_1_, albums0_.sales as sales4_1_, albums0_.unitPrice as unitPric5_1_ from Albums albums0_
16:08:35.320 [main] DEBUG org.hibernate.loader.Loader - Result set row: 0
16:08:35.321 [main] DEBUG org.hibernate.loader.Loader - Result row: EntityKey[com.startup.musicstore.domain.Albums#1]
16:08:35.323 [main] DEBUG org.hibernate.loader.Loader - Result set row: 1
16:08:35.323 [main] DEBUG org.hibernate.loader.Loader - Result row: EntityKey[com.startup.musicstore.domain.Albums#2]
16:08:35.323 [main] DEBUG org.hibernate.loader.Loader - Result set row: 2
16:08:35.323 [main] DEBUG org.hibernate.loader.Loader - Result row: EntityKey[com.startup.musicstore.domain.Albums#3]
16:08:35.323 [main] DEBUG org.hibernate.loader.Loader - Result set row: 3
16:08:35.323 [main] DEBUG org.hibernate.loader.Loader - Result row: EntityKey[com.startup.musicstore.domain.Albums#4]
16:08:35.323 [main] DEBUG org.hibernate.loader.Loader - Result set row: 4
16:08:35.324 [main] DEBUG org.hibernate.loader.Loader - Result row: EntityKey[com.startup.musicstore.domain.Albums#5]
16:08:35.324 [main] DEBUG o.h.engine.internal.TwoPhaseLoad - Resolving associations for [com.startup.musicstore.domain.Albums#1]
16:08:35.325 [main] DEBUG org.hibernate.SQL - select albumcateg0_.id as id1_0_0_, albumcateg0_.categoryName as category2_0_0_ from AlbumCategory albumcateg0_ where albumcateg0_.id=?
16:08:35.327 [main] DEBUG o.h.l.p.e.p.i.ResultSetProcessorImpl - Starting ResultSet row #0
16:08:35.327 [main] DEBUG o.h.l.p.e.p.i.EntityReferenceInitializerImpl - On call to EntityIdentifierReaderImpl#resolve, EntityKey was already known; should only happen on root returns with an optional identifier specified
16:08:35.328 [main] DEBUG o.h.engine.internal.TwoPhaseLoad - Resolving associations for [com.startup.musicstore.domain.AlbumCategory#1]
16:08:35.328 [main] DEBUG o.h.engine.internal.TwoPhaseLoad - Done materializing entity [com.startup.musicstore.domain.AlbumCategory#1]
16:08:35.328 [main] DEBUG o.h.l.e.p.AbstractLoadPlanBasedEntityLoader - Done entity load : com.startup.musicstore.domain.AlbumCategory#1
16:08:35.332 [main] DEBUG o.h.engine.internal.TwoPhaseLoad - Done materializing entity [com.startup.musicstore.domain.Albums#1]
16:08:35.332 [main] DEBUG o.h.engine.internal.TwoPhaseLoad - Resolving associations for [com.startup.musicstore.domain.Albums#2]
16:08:35.332 [main] DEBUG org.hibernate.SQL - select marketingi0_.id as id1_4_0_, marketingi0_.firstName as firstNam2_4_0_, marketingi0_.lastName as lastName3_4_0_, marketingi0_.description as descript4_4_0_, marketingi0_.rating as rating5_4_0_, marketingi0_.statusOfInformation as statusOf6_4_0_ from MarketingInformation marketingi0_ where marketingi0_.id=?
16:08:35.332 [main] DEBUG o.h.l.p.e.p.i.ResultSetProcessorImpl - Starting ResultSet row #0
16:08:35.332 [main] DEBUG o.h.l.p.e.p.i.EntityReferenceInitializerImpl - On call to EntityIdentifierReaderImpl#resolve, EntityKey was already known; should only happen on root returns with an optional identifier specified
16:08:35.332 [main] DEBUG o.h.engine.internal.TwoPhaseLoad - Resolving associations for [com.startup.musicstore.domain.MarketingInformation#1]
16:08:35.332 [main] DEBUG o.h.engine.internal.TwoPhaseLoad - Done materializing entity [com.startup.musicstore.domain.MarketingInformation#1]
16:08:35.332 [main] DEBUG o.h.l.e.p.AbstractLoadPlanBasedEntityLoader - Done entity load : com.startup.musicstore.domain.MarketingInformation#1
16:08:35.332 [main] DEBUG o.h.engine.internal.TwoPhaseLoad - Done materializing entity [com.startup.musicstore.domain.Albums#2]
16:08:35.333 [main] DEBUG o.h.engine.internal.TwoPhaseLoad - Resolving associations for [com.startup.musicstore.domain.Albums#3]
16:08:35.333 [main] DEBUG org.hibernate.SQL - select albumcateg0_.id as id1_0_0_, albumcateg0_.categoryName as category2_0_0_ from AlbumCategory albumcateg0_ where albumcateg0_.id=?
16:08:35.333 [main] DEBUG o.h.l.p.e.p.i.ResultSetProcessorImpl - Starting ResultSet row #0
16:08:35.333 [main] DEBUG o.h.l.p.e.p.i.EntityReferenceInitializerImpl - On call to EntityIdentifierReaderImpl#resolve, EntityKey was already known; should only happen on root returns with an optional identifier specified
16:08:35.333 [main] DEBUG o.h.engine.internal.TwoPhaseLoad - Resolving associations for [com.startup.musicstore.domain.AlbumCategory#2]
16:08:35.333 [main] DEBUG o.h.engine.internal.TwoPhaseLoad - Done materializing entity [com.startup.musicstore.domain.AlbumCategory#2]
16:08:35.333 [main] DEBUG o.h.l.e.p.AbstractLoadPlanBasedEntityLoader - Done entity load : com.startup.musicstore.domain.AlbumCategory#2
16:08:35.333 [main] DEBUG o.h.engine.internal.TwoPhaseLoad - Done materializing entity [com.startup.musicstore.domain.Albums#3]
16:08:35.333 [main] DEBUG o.h.engine.internal.TwoPhaseLoad - Resolving associations for [com.startup.musicstore.domain.Albums#4]
16:08:35.333 [main] DEBUG o.h.engine.internal.TwoPhaseLoad - Done materializing entity [com.startup.musicstore.domain.Albums#4]
16:08:35.333 [main] DEBUG o.h.engine.internal.TwoPhaseLoad - Resolving associations for [com.startup.musicstore.domain.Albums#5]
16:08:35.333 [main] DEBUG org.hibernate.SQL - select albumcateg0_.id as id1_0_0_, albumcateg0_.categoryName as category2_0_0_ from AlbumCategory albumcateg0_ where albumcateg0_.id=?
16:08:35.334 [main] DEBUG o.h.l.p.e.p.i.ResultSetProcessorImpl - Starting ResultSet row #0
16:08:35.334 [main] DEBUG o.h.l.p.e.p.i.EntityReferenceInitializerImpl - On call to EntityIdentifierReaderImpl#resolve, EntityKey was already known; should only happen on root returns with an optional identifier specified
16:08:35.334 [main] DEBUG o.h.engine.internal.TwoPhaseLoad - Resolving associations for [com.startup.musicstore.domain.AlbumCategory#3]
16:08:35.334 [main] DEBUG o.h.engine.internal.TwoPhaseLoad - Done materializing entity [com.startup.musicstore.domain.AlbumCategory#3]
16:08:35.334 [main] DEBUG o.h.l.e.p.AbstractLoadPlanBasedEntityLoader - Done entity load : com.startup.musicstore.domain.AlbumCategory#3
16:08:35.334 [main] DEBUG o.h.engine.internal.TwoPhaseLoad - Done materializing entity [com.startup.musicstore.domain.Albums#5]
16:08:35.334 [main] DEBUG o.h.l.c.p.AbstractLoadPlanBasedCollectionInitializer - Loading collection: [com.startup.musicstore.domain.Albums.tracks#5]
16:08:35.335 [main] DEBUG org.hibernate.SQL - select tracks0_.tracks as tracks5_1_0_, tracks0_.id as id1_7_0_, tracks0_.id as id1_7_1_, tracks0_.sampleURL as sampleUR2_7_1_, tracks0_.trackTitle as trackTit3_7_1_, tracks0_.tracknumber as tracknum4_7_1_ from Track tracks0_ where tracks0_.tracks=?
16:08:35.335 [main] DEBUG o.h.l.p.e.p.i.ResultSetProcessorImpl - Preparing collection intializer : [com.startup.musicstore.domain.Albums.tracks#5]
16:08:35.336 [main] DEBUG o.h.e.l.i.CollectionLoadContext - 1 collections were found in result set for role: com.startup.musicstore.domain.Albums.tracks
16:08:35.336 [main] DEBUG o.h.e.l.i.CollectionLoadContext - Collection fully initialized: [com.startup.musicstore.domain.Albums.tracks#5]
16:08:35.336 [main] DEBUG o.h.e.l.i.CollectionLoadContext - 1 collections initialized for role: com.startup.musicstore.domain.Albums.tracks
16:08:35.336 [main] DEBUG o.h.l.c.p.AbstractLoadPlanBasedCollectionInitializer - Done loading collection
16:08:35.337 [main] DEBUG o.h.l.c.p.AbstractLoadPlanBasedCollectionInitializer - Loading collection: [com.startup.musicstore.domain.Albums.tracks#4]
16:08:35.337 [main] DEBUG org.hibernate.SQL - select tracks0_.tracks as tracks5_1_0_, tracks0_.id as id1_7_0_, tracks0_.id as id1_7_1_, tracks0_.sampleURL as sampleUR2_7_1_, tracks0_.trackTitle as trackTit3_7_1_, tracks0_.tracknumber as tracknum4_7_1_ from Track tracks0_ where tracks0_.tracks=?
16:08:35.337 [main] DEBUG o.h.l.p.e.p.i.ResultSetProcessorImpl - Preparing collection intializer : [com.startup.musicstore.domain.Albums.tracks#4]
16:08:35.337 [main] DEBUG o.h.l.p.e.p.i.ResultSetProcessorImpl - Starting ResultSet row #0
16:08:35.337 [main] DEBUG o.h.l.p.e.p.i.CollectionReferenceInitializerImpl - Found row of collection: [com.startup.musicstore.domain.Albums.tracks#4]
16:08:35.337 [main] DEBUG o.h.l.p.e.p.i.ResultSetProcessorImpl - Starting ResultSet row #1
16:08:35.337 [main] DEBUG o.h.l.p.e.p.i.CollectionReferenceInitializerImpl - Found row of collection: [com.startup.musicstore.domain.Albums.tracks#4]
16:08:35.338 [main] DEBUG o.h.engine.internal.TwoPhaseLoad - Resolving associations for [com.startup.musicstore.domain.Track#1]
16:08:35.338 [main] DEBUG o.h.engine.internal.TwoPhaseLoad - Done materializing entity [com.startup.musicstore.domain.Track#1]
16:08:35.338 [main] DEBUG o.h.engine.internal.TwoPhaseLoad - Resolving associations for [com.startup.musicstore.domain.Track#2]
16:08:35.338 [main] DEBUG o.h.engine.internal.TwoPhaseLoad - Done materializing entity [com.startup.musicstore.domain.Track#2]
16:08:35.338 [main] DEBUG o.h.e.l.i.CollectionLoadContext - 1 collections were found in result set for role: com.startup.musicstore.domain.Albums.tracks
16:08:35.338 [main] DEBUG o.h.e.l.i.CollectionLoadContext - Collection fully initialized: [com.startup.musicstore.domain.Albums.tracks#4]
16:08:35.338 [main] DEBUG o.h.e.l.i.CollectionLoadContext - 1 collections initialized for role: com.startup.musicstore.domain.Albums.tracks
16:08:35.338 [main] DEBUG o.h.l.c.p.AbstractLoadPlanBasedCollectionInitializer - Done loading collection
16:08:35.338 [main] DEBUG o.h.l.c.p.AbstractLoadPlanBasedCollectionInitializer - Loading collection: [com.startup.musicstore.domain.Albums.tracks#3]
16:08:35.338 [main] DEBUG org.hibernate.SQL - select tracks0_.tracks as tracks5_1_0_, tracks0_.id as id1_7_0_, tracks0_.id as id1_7_1_, tracks0_.sampleURL as sampleUR2_7_1_, tracks0_.trackTitle as trackTit3_7_1_, tracks0_.tracknumber as tracknum4_7_1_ from Track tracks0_ where tracks0_.tracks=?
16:08:35.338 [main] DEBUG o.h.l.p.e.p.i.ResultSetProcessorImpl - Preparing collection intializer : [com.startup.musicstore.domain.Albums.tracks#3]
16:08:35.338 [main] DEBUG o.h.e.l.i.CollectionLoadContext - 1 collections were found in result set for role: com.startup.musicstore.domain.Albums.tracks
16:08:35.338 [main] DEBUG o.h.e.l.i.CollectionLoadContext - Collection fully initialized: [com.startup.musicstore.domain.Albums.tracks#3]
16:08:35.338 [main] DEBUG o.h.e.l.i.CollectionLoadContext - 1 collections initialized for role: com.startup.musicstore.domain.Albums.tracks
16:08:35.338 [main] DEBUG o.h.l.c.p.AbstractLoadPlanBasedCollectionInitializer - Done loading collection
16:08:35.339 [main] DEBUG o.h.l.c.p.AbstractLoadPlanBasedCollectionInitializer - Loading collection: [com.startup.musicstore.domain.Albums.tracks#2]
16:08:35.339 [main] DEBUG org.hibernate.SQL - select tracks0_.tracks as tracks5_1_0_, tracks0_.id as id1_7_0_, tracks0_.id as id1_7_1_, tracks0_.sampleURL as sampleUR2_7_1_, tracks0_.trackTitle as trackTit3_7_1_, tracks0_.tracknumber as tracknum4_7_1_ from Track tracks0_ where tracks0_.tracks=?
16:08:35.339 [main] DEBUG o.h.l.p.e.p.i.ResultSetProcessorImpl - Preparing collection intializer : [com.startup.musicstore.domain.Albums.tracks#2]
16:08:35.339 [main] DEBUG o.h.e.l.i.CollectionLoadContext - 1 collections were found in result set for role: com.startup.musicstore.domain.Albums.tracks
16:08:35.339 [main] DEBUG o.h.e.l.i.CollectionLoadContext - Collection fully initialized: [com.startup.musicstore.domain.Albums.tracks#2]
16:08:35.339 [main] DEBUG o.h.e.l.i.CollectionLoadContext - 1 collections initialized for role: com.startup.musicstore.domain.Albums.tracks
16:08:35.339 [main] DEBUG o.h.l.c.p.AbstractLoadPlanBasedCollectionInitializer - Done loading collection
16:08:35.339 [main] DEBUG o.h.l.c.p.AbstractLoadPlanBasedCollectionInitializer - Loading collection: [com.startup.musicstore.domain.Albums.tracks#1]
16:08:35.339 [main] DEBUG org.hibernate.SQL - select tracks0_.tracks as tracks5_1_0_, tracks0_.id as id1_7_0_, tracks0_.id as id1_7_1_, tracks0_.sampleURL as sampleUR2_7_1_, tracks0_.trackTitle as trackTit3_7_1_, tracks0_.tracknumber as tracknum4_7_1_ from Track tracks0_ where tracks0_.tracks=?
16:08:35.339 [main] DEBUG o.h.l.p.e.p.i.ResultSetProcessorImpl - Preparing collection intializer : [com.startup.musicstore.domain.Albums.tracks#1]
16:08:35.340 [main] DEBUG o.h.e.l.i.CollectionLoadContext - 1 collections were found in result set for role: com.startup.musicstore.domain.Albums.tracks
16:08:35.340 [main] DEBUG o.h.e.l.i.CollectionLoadContext - Collection fully initialized: [com.startup.musicstore.domain.Albums.tracks#1]
16:08:35.340 [main] DEBUG o.h.e.l.i.CollectionLoadContext - 1 collections initialized for role: com.startup.musicstore.domain.Albums.tracks
16:08:35.340 [main] DEBUG o.h.l.c.p.AbstractLoadPlanBasedCollectionInitializer - Done loading collection
16:08:35.340 [main] DEBUG o.s.orm.jpa.JpaTransactionManager - Initiating transaction commit
16:08:35.340 [main] DEBUG o.s.orm.jpa.JpaTransactionManager - Committing JPA transaction on EntityManager [org.hibernate.jpa.internal.EntityManagerImpl@4ac86d6a]
16:08:35.340 [main] DEBUG o.h.e.t.spi.AbstractTransactionImpl - committing
16:08:35.340 [main] DEBUG o.h.e.t.i.jdbc.JdbcTransaction - committed JDBC Connection
16:08:35.340 [main] DEBUG o.h.e.t.i.jdbc.JdbcTransaction - re-enabling autocommit
16:08:35.340 [main] DEBUG o.s.orm.jpa.JpaTransactionManager - Closing JPA EntityManager [org.hibernate.jpa.internal.EntityManagerImpl@4ac86d6a] after transaction
16:08:35.340 [main] DEBUG o.s.o.jpa.EntityManagerFactoryUtils - Closing JPA EntityManager
16:08:35.340 [main] DEBUG o.h.e.j.i.LogicalConnectionImpl - Releasing JDBC connection
16:08:35.341 [main] DEBUG o.h.e.j.i.LogicalConnectionImpl - Released JDBC connection
</system-out>
  </testcase>
</testsuite>