<?xml version="1.0" encoding="UTF-8"?>
<!-- Generated by org.testng.reporters.JUnitReportReporter -->
<testsuite hostname="Kurvin" name="com.startup.musicstore.test.services.IncrementSalesDecrementQuantityTest" tests="1" failures="0" timestamp="29 Sep 2014 19:13:59 GMT" time="0.000" errors="0">
  <testcase name="hello" time="0.000" classname="com.startup.musicstore.test.services.IncrementSalesDecrementQuantityTest"/>
</testsuite> <!-- com.startup.musicstore.test.services.IncrementSalesDecrementQuantityTest -->
